[0.005s] Invoking command in '/home/swapneel/rbe500/ghw1/groupassignment1/build/rrbot_gazebo': AMENT_PREFIX_PATH=/home/swapneel/rbe500/ghw1/groupassignment1/install/rrbot_description:${AMENT_PREFIX_PATH} CMAKE_PREFIX_PATH=/home/swapneel/rbe500/ghw1/groupassignment1/install/rrbot_description:/opt/ros/humble /usr/bin/cmake /home/swapneel/rbe500/ghw1/groupassignment1/src/rrbot_simulation_files/rrbot_gazebo -DAMENT_CMAKE_SYMLINK_INSTALL=1 -DCMAKE_INSTALL_PREFIX=/home/swapneel/rbe500/ghw1/groupassignment1/install/rrbot_gazebo
[0.099s] -- The C compiler identification is GNU 11.3.0
[0.143s] -- The CXX compiler identification is GNU 11.3.0
[0.149s] -- Detecting C compiler ABI info
[0.204s] -- Detecting C compiler ABI info - done
[0.211s] -- Check for working C compiler: /usr/bin/cc - skipped
[0.211s] -- Detecting C compile features
[0.211s] -- Detecting C compile features - done
[0.214s] -- Detecting CXX compiler ABI info
[0.306s] -- Detecting CXX compiler ABI info - done
[0.313s] -- Check for working CXX compiler: /usr/bin/c++ - skipped
[0.313s] -- Detecting CXX compile features
[0.314s] -- Detecting CXX compile features - done
[0.316s] -- Found ament_cmake: 1.3.3 (/opt/ros/humble/share/ament_cmake/cmake)
[0.454s] -- Found Python3: /usr/bin/python3.10 (found version "3.10.6") found components: Interpreter 
[0.506s] -- Override CMake install command with custom implementation using symlinks instead of copying resources
[0.590s] -- Found rclcpp: 16.0.2 (/opt/ros/humble/share/rclcpp/cmake)
[0.750s] -- Found rosidl_generator_c: 3.1.4 (/opt/ros/humble/share/rosidl_generator_c/cmake)
[0.754s] -- Found rosidl_adapter: 3.1.4 (/opt/ros/humble/share/rosidl_adapter/cmake)
[0.761s] -- Found rosidl_generator_cpp: 3.1.4 (/opt/ros/humble/share/rosidl_generator_cpp/cmake)
[0.773s] -- Using all available rosidl_typesupport_c: rosidl_typesupport_fastrtps_c;rosidl_typesupport_introspection_c
[0.790s] -- Using all available rosidl_typesupport_cpp: rosidl_typesupport_fastrtps_cpp;rosidl_typesupport_introspection_cpp
[1.091s] -- Found rmw_implementation_cmake: 6.1.1 (/opt/ros/humble/share/rmw_implementation_cmake/cmake)
[1.095s] -- Found rmw_fastrtps_cpp: 6.2.2 (/opt/ros/humble/share/rmw_fastrtps_cpp/cmake)
[1.870s] -- Found OpenSSL: /usr/lib/x86_64-linux-gnu/libcrypto.so (found version "3.0.2")  
[1.933s] -- Found FastRTPS: /opt/ros/humble/include  
[1.977s] -- Using RMW implementation 'rmw_fastrtps_cpp' as default
[2.130s] -- Looking for pthread.h
[2.377s] -- Looking for pthread.h - found
[2.377s] -- Performing Test CMAKE_HAVE_LIBC_PTHREAD
[2.523s] -- Performing Test CMAKE_HAVE_LIBC_PTHREAD - Success
[2.525s] -- Found Threads: TRUE  
[3.424s] -- Found controller_manager_msgs: 2.16.0 (/opt/ros/humble/share/controller_manager_msgs/cmake)
[3.842s] -- Configuring done
[3.900s] -- Generating done
[3.902s] -- Build files have been written to: /home/swapneel/rbe500/ghw1/groupassignment1/build/rrbot_gazebo
[3.911s] Invoked command in '/home/swapneel/rbe500/ghw1/groupassignment1/build/rrbot_gazebo' returned '0': AMENT_PREFIX_PATH=/home/swapneel/rbe500/ghw1/groupassignment1/install/rrbot_description:${AMENT_PREFIX_PATH} CMAKE_PREFIX_PATH=/home/swapneel/rbe500/ghw1/groupassignment1/install/rrbot_description:/opt/ros/humble /usr/bin/cmake /home/swapneel/rbe500/ghw1/groupassignment1/src/rrbot_simulation_files/rrbot_gazebo -DAMENT_CMAKE_SYMLINK_INSTALL=1 -DCMAKE_INSTALL_PREFIX=/home/swapneel/rbe500/ghw1/groupassignment1/install/rrbot_gazebo
[3.912s] Invoking command in '/home/swapneel/rbe500/ghw1/groupassignment1/build/rrbot_gazebo': AMENT_PREFIX_PATH=/home/swapneel/rbe500/ghw1/groupassignment1/install/rrbot_description:${AMENT_PREFIX_PATH} CMAKE_PREFIX_PATH=/home/swapneel/rbe500/ghw1/groupassignment1/install/rrbot_description:/opt/ros/humble /usr/bin/cmake --build /home/swapneel/rbe500/ghw1/groupassignment1/build/rrbot_gazebo -- -j8 -l8
[3.952s] [ 25%] [32mBuilding CXX object CMakeFiles/publisher.dir/src/position_publisher.cpp.o[0m
[3.957s] [ 50%] [32mBuilding CXX object CMakeFiles/switch.dir/src/controller_switch.cpp.o[0m
[8.335s] [ 75%] [32m[1mLinking CXX executable switch[0m
[8.855s] [ 75%] Built target switch
[8.896s] [100%] [32m[1mLinking CXX executable publisher[0m
[9.112s] [100%] Built target publisher
[9.120s] Invoked command in '/home/swapneel/rbe500/ghw1/groupassignment1/build/rrbot_gazebo' returned '0': AMENT_PREFIX_PATH=/home/swapneel/rbe500/ghw1/groupassignment1/install/rrbot_description:${AMENT_PREFIX_PATH} CMAKE_PREFIX_PATH=/home/swapneel/rbe500/ghw1/groupassignment1/install/rrbot_description:/opt/ros/humble /usr/bin/cmake --build /home/swapneel/rbe500/ghw1/groupassignment1/build/rrbot_gazebo -- -j8 -l8
[9.144s] Invoking command in '/home/swapneel/rbe500/ghw1/groupassignment1/build/rrbot_gazebo': AMENT_PREFIX_PATH=/home/swapneel/rbe500/ghw1/groupassignment1/install/rrbot_description:${AMENT_PREFIX_PATH} CMAKE_PREFIX_PATH=/home/swapneel/rbe500/ghw1/groupassignment1/install/rrbot_description:/opt/ros/humble /usr/bin/cmake --install /home/swapneel/rbe500/ghw1/groupassignment1/build/rrbot_gazebo
[9.152s] -- Install configuration: ""
[9.152s] -- Execute custom install script
[9.152s] -- Symlinking: /home/swapneel/rbe500/ghw1/groupassignment1/install/rrbot_gazebo/lib/rrbot_gazebo/publisher
[9.159s] -- Symlinking: /home/swapneel/rbe500/ghw1/groupassignment1/install/rrbot_gazebo/lib/rrbot_gazebo/switch
[9.276s] -- Symlinking: /home/swapneel/rbe500/ghw1/groupassignment1/install/rrbot_gazebo/share/rrbot_gazebo/launch/rrbot_world.launch.py
[9.309s] -- Symlinking: /home/swapneel/rbe500/ghw1/groupassignment1/install/rrbot_gazebo/share/rrbot_gazebo/worlds/rrbot.world
[9.339s] -- Symlinking: /home/swapneel/rbe500/ghw1/groupassignment1/install/rrbot_gazebo/share/rrbot_gazebo/config/controllers.yaml
[9.353s] -- Symlinking: /home/swapneel/rbe500/ghw1/groupassignment1/install/rrbot_gazebo/share/rrbot_gazebo/config/gazebo_controllers.yaml
[9.361s] -- Symlinking: /home/swapneel/rbe500/ghw1/groupassignment1/install/rrbot_gazebo/share/ament_index/resource_index/package_run_dependencies/rrbot_gazebo
[9.367s] -- Symlinking: /home/swapneel/rbe500/ghw1/groupassignment1/install/rrbot_gazebo/share/ament_index/resource_index/parent_prefix_path/rrbot_gazebo
[9.373s] -- Symlinking: /home/swapneel/rbe500/ghw1/groupassignment1/install/rrbot_gazebo/share/rrbot_gazebo/environment/ament_prefix_path.sh
[9.379s] -- Symlinking: /home/swapneel/rbe500/ghw1/groupassignment1/install/rrbot_gazebo/share/rrbot_gazebo/environment/ament_prefix_path.dsv
[9.385s] -- Symlinking: /home/swapneel/rbe500/ghw1/groupassignment1/install/rrbot_gazebo/share/rrbot_gazebo/environment/path.sh
[9.392s] -- Symlinking: /home/swapneel/rbe500/ghw1/groupassignment1/install/rrbot_gazebo/share/rrbot_gazebo/environment/path.dsv
[9.398s] -- Symlinking: /home/swapneel/rbe500/ghw1/groupassignment1/install/rrbot_gazebo/share/rrbot_gazebo/local_setup.bash
[9.404s] -- Symlinking: /home/swapneel/rbe500/ghw1/groupassignment1/install/rrbot_gazebo/share/rrbot_gazebo/local_setup.sh
[9.410s] -- Symlinking: /home/swapneel/rbe500/ghw1/groupassignment1/install/rrbot_gazebo/share/rrbot_gazebo/local_setup.zsh
[9.416s] -- Symlinking: /home/swapneel/rbe500/ghw1/groupassignment1/install/rrbot_gazebo/share/rrbot_gazebo/local_setup.dsv
[9.422s] -- Symlinking: /home/swapneel/rbe500/ghw1/groupassignment1/install/rrbot_gazebo/share/rrbot_gazebo/package.dsv
[9.428s] -- Symlinking: /home/swapneel/rbe500/ghw1/groupassignment1/install/rrbot_gazebo/share/ament_index/resource_index/packages/rrbot_gazebo
[9.435s] -- Symlinking: /home/swapneel/rbe500/ghw1/groupassignment1/install/rrbot_gazebo/share/rrbot_gazebo/cmake/rrbot_gazeboConfig.cmake
[9.441s] -- Symlinking: /home/swapneel/rbe500/ghw1/groupassignment1/install/rrbot_gazebo/share/rrbot_gazebo/cmake/rrbot_gazeboConfig-version.cmake
[9.447s] -- Symlinking: /home/swapneel/rbe500/ghw1/groupassignment1/install/rrbot_gazebo/share/rrbot_gazebo/package.xml
[9.457s] Invoked command in '/home/swapneel/rbe500/ghw1/groupassignment1/build/rrbot_gazebo' returned '0': AMENT_PREFIX_PATH=/home/swapneel/rbe500/ghw1/groupassignment1/install/rrbot_description:${AMENT_PREFIX_PATH} CMAKE_PREFIX_PATH=/home/swapneel/rbe500/ghw1/groupassignment1/install/rrbot_description:/opt/ros/humble /usr/bin/cmake --install /home/swapneel/rbe500/ghw1/groupassignment1/build/rrbot_gazebo
