[0.843s] Invoking command in '/home/swapneel/rbe500/ghw1/groupassignment1/build/proj2': LD_LIBRARY_PATH=/home/swapneel/rbe500/ghw1/groupassignment1/install/tutorial_interfaces/lib:/usr/lib/x86_64-linux-gnu/gazebo-11/plugins:/opt/ros/humble/opt/rviz_ogre_vendor/lib:/opt/ros/humble/lib/x86_64-linux-gnu:/opt/ros/humble/lib:/usr/share/gazebo/../../lib/x86_64-linux-gnu/gazebo-11/plugins PYTHONPATH=/home/swapneel/rbe500/ghw1/groupassignment1/build/proj2/prefix_override:/home/swapneel/rbe500/ghw1/groupassignment1/install/proj2/lib/python3.10/site-packages:${PYTHONPATH} /usr/bin/python3 setup.py develop --editable --build-directory /home/swapneel/rbe500/ghw1/groupassignment1/build/proj2/build --no-deps install_data
[1.084s] running develop
[1.084s] /usr/lib/python3/dist-packages/setuptools/command/easy_install.py:158: EasyInstallDeprecationWarning: easy_install command is deprecated. Use build and pip and other standards-based tools.
[1.084s]   warnings.warn(
[1.085s] /usr/lib/python3/dist-packages/setuptools/command/install.py:34: SetuptoolsDeprecationWarning: setup.py install is deprecated. Use build and pip and other standards-based tools.
[1.085s]   warnings.warn(
[1.138s] /usr/lib/python3/dist-packages/pkg_resources/__init__.py:116: PkgResourcesDeprecationWarning: 1.1build1 is an invalid version and will not be supported in a future release
[1.138s]   warnings.warn(
[1.138s] /usr/lib/python3/dist-packages/pkg_resources/__init__.py:116: PkgResourcesDeprecationWarning: 0.1.43ubuntu1 is an invalid version and will not be supported in a future release
[1.138s]   warnings.warn(
[1.231s] running egg_info
[1.232s] writing proj2.egg-info/PKG-INFO
[1.232s] writing dependency_links to proj2.egg-info/dependency_links.txt
[1.232s] writing entry points to proj2.egg-info/entry_points.txt
[1.232s] writing requirements to proj2.egg-info/requires.txt
[1.232s] writing top-level names to proj2.egg-info/top_level.txt
[1.234s] reading manifest file 'proj2.egg-info/SOURCES.txt'
[1.235s] writing manifest file 'proj2.egg-info/SOURCES.txt'
[1.236s] running build_ext
[1.236s] Creating /home/swapneel/rbe500/ghw1/groupassignment1/install/proj2/lib/python3.10/site-packages/proj2.egg-link (link to .)
[1.237s] Installing subscriber script to /home/swapneel/rbe500/ghw1/groupassignment1/install/proj2/lib/proj2
[1.237s] 
[1.238s] Installed /home/swapneel/rbe500/ghw1/groupassignment1/build/proj2
[1.238s] running install_data
[1.271s] Invoked command in '/home/swapneel/rbe500/ghw1/groupassignment1/build/proj2' returned '0': LD_LIBRARY_PATH=/home/swapneel/rbe500/ghw1/groupassignment1/install/tutorial_interfaces/lib:/usr/lib/x86_64-linux-gnu/gazebo-11/plugins:/opt/ros/humble/opt/rviz_ogre_vendor/lib:/opt/ros/humble/lib/x86_64-linux-gnu:/opt/ros/humble/lib:/usr/share/gazebo/../../lib/x86_64-linux-gnu/gazebo-11/plugins PYTHONPATH=/home/swapneel/rbe500/ghw1/groupassignment1/build/proj2/prefix_override:/home/swapneel/rbe500/ghw1/groupassignment1/install/proj2/lib/python3.10/site-packages:${PYTHONPATH} /usr/bin/python3 setup.py develop --editable --build-directory /home/swapneel/rbe500/ghw1/groupassignment1/build/proj2/build --no-deps install_data
