[0.285s] Invoking command in '/home/swapneel/rbe500/ghw1/groupassignment1/build/rrbot_description': CMAKE_PREFIX_PATH=/opt/ros/humble /usr/bin/cmake --build /home/swapneel/rbe500/ghw1/groupassignment1/build/rrbot_description -- -j8 -l8
[1.705s] Invoked command in '/home/swapneel/rbe500/ghw1/groupassignment1/build/rrbot_description' returned '0': CMAKE_PREFIX_PATH=/opt/ros/humble /usr/bin/cmake --build /home/swapneel/rbe500/ghw1/groupassignment1/build/rrbot_description -- -j8 -l8
[1.739s] Invoking command in '/home/swapneel/rbe500/ghw1/groupassignment1/build/rrbot_description': CMAKE_PREFIX_PATH=/opt/ros/humble /usr/bin/cmake --install /home/swapneel/rbe500/ghw1/groupassignment1/build/rrbot_description
[1.755s] -- Install configuration: ""
[1.803s] -- Execute custom install script
[1.893s] -- Up-to-date symlink: /home/swapneel/rbe500/ghw1/groupassignment1/install/rrbot_description/share/rrbot_description/config/rrbot.rviz
[1.911s] -- Up-to-date symlink: /home/swapneel/rbe500/ghw1/groupassignment1/install/rrbot_description/share/rrbot_description/gazebo/rrbot.gazebo.xacro
[1.914s] -- Up-to-date symlink: /home/swapneel/rbe500/ghw1/groupassignment1/install/rrbot_description/share/rrbot_description/gazebo/rrbot.materials.xacro
[1.921s] -- Up-to-date symlink: /home/swapneel/rbe500/ghw1/groupassignment1/install/rrbot_description/share/rrbot_description/meshes/hokuyo.dae
[1.922s] -- Up-to-date symlink: /home/swapneel/rbe500/ghw1/groupassignment1/install/rrbot_description/share/rrbot_description/launch/view_robot.launch.py
[1.942s] -- Up-to-date symlink: /home/swapneel/rbe500/ghw1/groupassignment1/install/rrbot_description/share/rrbot_description/ros2_control/rrbot.ros2_control.xacro
[1.989s] -- Up-to-date symlink: /home/swapneel/rbe500/ghw1/groupassignment1/install/rrbot_description/share/rrbot_description/urdf/rrbot.urdf.xacro
[1.990s] -- Up-to-date symlink: /home/swapneel/rbe500/ghw1/groupassignment1/install/rrbot_description/share/rrbot_description/urdf/rrbot_description.urdf.xacro
[1.990s] -- Up-to-date symlink: /home/swapneel/rbe500/ghw1/groupassignment1/install/rrbot_description/share/rrbot_description/environment/rrbot_description.dsv
[2.033s] -- Up-to-date symlink: /home/swapneel/rbe500/ghw1/groupassignment1/install/rrbot_description/share/ament_index/resource_index/package_run_dependencies/rrbot_description
[2.064s] -- Up-to-date symlink: /home/swapneel/rbe500/ghw1/groupassignment1/install/rrbot_description/share/ament_index/resource_index/parent_prefix_path/rrbot_description
[2.070s] -- Up-to-date symlink: /home/swapneel/rbe500/ghw1/groupassignment1/install/rrbot_description/share/rrbot_description/environment/ament_prefix_path.sh
[2.077s] -- Up-to-date symlink: /home/swapneel/rbe500/ghw1/groupassignment1/install/rrbot_description/share/rrbot_description/environment/ament_prefix_path.dsv
[2.077s] -- Up-to-date symlink: /home/swapneel/rbe500/ghw1/groupassignment1/install/rrbot_description/share/rrbot_description/environment/path.sh
[2.171s] -- Up-to-date symlink: /home/swapneel/rbe500/ghw1/groupassignment1/install/rrbot_description/share/rrbot_description/environment/path.dsv
[2.172s] -- Up-to-date symlink: /home/swapneel/rbe500/ghw1/groupassignment1/install/rrbot_description/share/rrbot_description/local_setup.bash
[2.185s] -- Up-to-date symlink: /home/swapneel/rbe500/ghw1/groupassignment1/install/rrbot_description/share/rrbot_description/local_setup.sh
[2.197s] -- Up-to-date symlink: /home/swapneel/rbe500/ghw1/groupassignment1/install/rrbot_description/share/rrbot_description/local_setup.zsh
[2.217s] -- Up-to-date symlink: /home/swapneel/rbe500/ghw1/groupassignment1/install/rrbot_description/share/rrbot_description/local_setup.dsv
[2.217s] -- Symlinking: /home/swapneel/rbe500/ghw1/groupassignment1/install/rrbot_description/share/rrbot_description/package.dsv
[2.248s] -- Up-to-date symlink: /home/swapneel/rbe500/ghw1/groupassignment1/install/rrbot_description/share/ament_index/resource_index/packages/rrbot_description
[2.248s] -- Up-to-date symlink: /home/swapneel/rbe500/ghw1/groupassignment1/install/rrbot_description/share/rrbot_description/cmake/rrbot_descriptionConfig.cmake
[2.252s] -- Up-to-date symlink: /home/swapneel/rbe500/ghw1/groupassignment1/install/rrbot_description/share/rrbot_description/cmake/rrbot_descriptionConfig-version.cmake
[2.259s] -- Up-to-date symlink: /home/swapneel/rbe500/ghw1/groupassignment1/install/rrbot_description/share/rrbot_description/package.xml
[2.261s] Invoked command in '/home/swapneel/rbe500/ghw1/groupassignment1/build/rrbot_description' returned '0': CMAKE_PREFIX_PATH=/opt/ros/humble /usr/bin/cmake --install /home/swapneel/rbe500/ghw1/groupassignment1/build/rrbot_description
