[0.526s] Invoking command in '/home/swapneel/rbe500/ghw1/groupassignment1/build/inverse_kinematics': AMENT_PREFIX_PATH=/home/swapneel/rbe500/ghw1/groupassignment1/install/tutorial_interfaces:${AMENT_PREFIX_PATH} CMAKE_PREFIX_PATH=/home/swapneel/rbe500/ghw1/groupassignment1/install/tutorial_interfaces LD_LIBRARY_PATH=/home/swapneel/rbe500/ghw1/groupassignment1/install/tutorial_interfaces/lib:/usr/lib/x86_64-linux-gnu/gazebo-11/plugins:/opt/ros/humble/opt/rviz_ogre_vendor/lib:/opt/ros/humble/lib/x86_64-linux-gnu:/opt/ros/humble/lib:/usr/share/gazebo/../../lib/x86_64-linux-gnu/gazebo-11/plugins PYTHONPATH=/home/swapneel/rbe500/ghw1/groupassignment1/build/inverse_kinematics/prefix_override:/home/swapneel/rbe500/ghw1/groupassignment1/install/inverse_kinematics/lib/python3.10/site-packages:/home/swapneel/rbe500/ghw1/groupassignment1/install/tutorial_interfaces/local/lib/python3.10/dist-packages:${PYTHONPATH} /usr/bin/python3 setup.py develop --editable --build-directory /home/swapneel/rbe500/ghw1/groupassignment1/build/inverse_kinematics/build --no-deps install_data
[0.739s] running develop
[0.739s] /usr/lib/python3/dist-packages/setuptools/command/easy_install.py:158: EasyInstallDeprecationWarning: easy_install command is deprecated. Use build and pip and other standards-based tools.
[0.739s]   warnings.warn(
[0.740s] /usr/lib/python3/dist-packages/setuptools/command/install.py:34: SetuptoolsDeprecationWarning: setup.py install is deprecated. Use build and pip and other standards-based tools.
[0.740s]   warnings.warn(
[0.786s] /usr/lib/python3/dist-packages/pkg_resources/__init__.py:116: PkgResourcesDeprecationWarning: 1.1build1 is an invalid version and will not be supported in a future release
[0.786s]   warnings.warn(
[0.786s] /usr/lib/python3/dist-packages/pkg_resources/__init__.py:116: PkgResourcesDeprecationWarning: 0.1.43ubuntu1 is an invalid version and will not be supported in a future release
[0.786s]   warnings.warn(
[0.870s] running egg_info
[0.870s] writing inverse_kinematics.egg-info/PKG-INFO
[0.870s] writing dependency_links to inverse_kinematics.egg-info/dependency_links.txt
[0.870s] writing entry points to inverse_kinematics.egg-info/entry_points.txt
[0.870s] writing requirements to inverse_kinematics.egg-info/requires.txt
[0.870s] writing top-level names to inverse_kinematics.egg-info/top_level.txt
[0.871s] reading manifest file 'inverse_kinematics.egg-info/SOURCES.txt'
[0.872s] writing manifest file 'inverse_kinematics.egg-info/SOURCES.txt'
[0.873s] running build_ext
[0.873s] Creating /home/swapneel/rbe500/ghw1/groupassignment1/install/inverse_kinematics/lib/python3.10/site-packages/inverse-kinematics.egg-link (link to .)
[0.874s] Installing ikService script to /home/swapneel/rbe500/ghw1/groupassignment1/install/inverse_kinematics/lib/inverse_kinematics
[0.874s] 
[0.874s] Installed /home/swapneel/rbe500/ghw1/groupassignment1/build/inverse_kinematics
[0.874s] running install_data
[0.899s] Invoked command in '/home/swapneel/rbe500/ghw1/groupassignment1/build/inverse_kinematics' returned '0': AMENT_PREFIX_PATH=/home/swapneel/rbe500/ghw1/groupassignment1/install/tutorial_interfaces:${AMENT_PREFIX_PATH} CMAKE_PREFIX_PATH=/home/swapneel/rbe500/ghw1/groupassignment1/install/tutorial_interfaces LD_LIBRARY_PATH=/home/swapneel/rbe500/ghw1/groupassignment1/install/tutorial_interfaces/lib:/usr/lib/x86_64-linux-gnu/gazebo-11/plugins:/opt/ros/humble/opt/rviz_ogre_vendor/lib:/opt/ros/humble/lib/x86_64-linux-gnu:/opt/ros/humble/lib:/usr/share/gazebo/../../lib/x86_64-linux-gnu/gazebo-11/plugins PYTHONPATH=/home/swapneel/rbe500/ghw1/groupassignment1/build/inverse_kinematics/prefix_override:/home/swapneel/rbe500/ghw1/groupassignment1/install/inverse_kinematics/lib/python3.10/site-packages:/home/swapneel/rbe500/ghw1/groupassignment1/install/tutorial_interfaces/local/lib/python3.10/dist-packages:${PYTHONPATH} /usr/bin/python3 setup.py develop --editable --build-directory /home/swapneel/rbe500/ghw1/groupassignment1/build/inverse_kinematics/build --no-deps install_data
