[1.497s] Invoking command in '/home/swapneel/rbe500/ghw1/groupassignment1/build/proj1': PYTHONPATH=/home/swapneel/rbe500/ghw1/groupassignment1/build/proj1/prefix_override:/home/swapneel/rbe500/ghw1/groupassignment1/install/proj1/lib/python3.10/site-packages:${PYTHONPATH} /usr/bin/python3 setup.py develop --editable --build-directory /home/swapneel/rbe500/ghw1/groupassignment1/build/proj1/build --no-deps install_data
[1.793s] running develop
[1.794s] /usr/lib/python3/dist-packages/setuptools/command/easy_install.py:158: EasyInstallDeprecationWarning: easy_install command is deprecated. Use build and pip and other standards-based tools.
[1.794s]   warnings.warn(
[1.795s] /usr/lib/python3/dist-packages/setuptools/command/install.py:34: SetuptoolsDeprecationWarning: setup.py install is deprecated. Use build and pip and other standards-based tools.
[1.795s]   warnings.warn(
[2.046s] /usr/lib/python3/dist-packages/pkg_resources/__init__.py:116: PkgResourcesDeprecationWarning: 1.1build1 is an invalid version and will not be supported in a future release
[2.046s]   warnings.warn(
[2.046s] /usr/lib/python3/dist-packages/pkg_resources/__init__.py:116: PkgResourcesDeprecationWarning: 0.1.43ubuntu1 is an invalid version and will not be supported in a future release
[2.046s]   warnings.warn(
[2.137s] running egg_info
[2.265s] writing proj1.egg-info/PKG-INFO
[2.265s] writing dependency_links to proj1.egg-info/dependency_links.txt
[2.265s] writing entry points to proj1.egg-info/entry_points.txt
[2.265s] writing requirements to proj1.egg-info/requires.txt
[2.266s] writing top-level names to proj1.egg-info/top_level.txt
[2.390s] reading manifest file 'proj1.egg-info/SOURCES.txt'
[2.391s] writing manifest file 'proj1.egg-info/SOURCES.txt'
[2.392s] running build_ext
[2.392s] Creating /home/swapneel/rbe500/ghw1/groupassignment1/install/proj1/lib/python3.10/site-packages/proj1.egg-link (link to .)
[2.393s] Installing subscriber script to /home/swapneel/rbe500/ghw1/groupassignment1/install/proj1/lib/proj1
[2.481s] 
[2.481s] Installed /home/swapneel/rbe500/ghw1/groupassignment1/build/proj1
[2.481s] running install_data
[2.518s] Invoked command in '/home/swapneel/rbe500/ghw1/groupassignment1/build/proj1' returned '0': PYTHONPATH=/home/swapneel/rbe500/ghw1/groupassignment1/build/proj1/prefix_override:/home/swapneel/rbe500/ghw1/groupassignment1/install/proj1/lib/python3.10/site-packages:${PYTHONPATH} /usr/bin/python3 setup.py develop --editable --build-directory /home/swapneel/rbe500/ghw1/groupassignment1/build/proj1/build --no-deps install_data
