[0.268s] DEBUG:colcon:Command line arguments: ['/usr/bin/colcon', 'build', '--symlink-install']
[0.269s] DEBUG:colcon:Parsed command line arguments: Namespace(log_base=None, log_level=None, verb_name='build', build_base='build', install_base='install', merge_install=False, symlink_install=True, test_result_base=None, continue_on_error=False, executor='parallel', parallel_workers=8, event_handlers=None, ignore_user_meta=False, metas=['./colcon.meta'], base_paths=['.'], packages_ignore=None, packages_ignore_regex=None, paths=None, packages_up_to=None, packages_up_to_regex=None, packages_above=None, packages_above_and_dependencies=None, packages_above_depth=None, packages_select_by_dep=None, packages_skip_by_dep=None, packages_skip_up_to=None, packages_select_build_failed=False, packages_skip_build_finished=False, packages_select_test_failures=False, packages_skip_test_passed=False, packages_select=None, packages_skip=None, packages_select_regex=None, packages_skip_regex=None, packages_start=None, packages_end=None, allow_overriding=[], cmake_args=None, cmake_target=None, cmake_target_skip_unavailable=False, cmake_clean_cache=False, cmake_clean_first=False, cmake_force_configure=False, ament_cmake_args=None, catkin_cmake_args=None, catkin_skip_building_tests=False, verb_parser=<colcon_defaults.argument_parser.defaults.DefaultArgumentsDecorator object at 0x7f282b6aa620>, verb_extension=<colcon_core.verb.build.BuildVerb object at 0x7f282c1ac4c0>, main=<bound method BuildVerb.main of <colcon_core.verb.build.BuildVerb object at 0x7f282c1ac4c0>>)
[0.288s] Level 1:colcon.colcon_core.package_discovery:discover_packages(colcon_meta) check parameters
[0.288s] Level 1:colcon.colcon_core.package_discovery:discover_packages(recursive) check parameters
[0.288s] Level 1:colcon.colcon_core.package_discovery:discover_packages(ignore) check parameters
[0.288s] Level 1:colcon.colcon_core.package_discovery:discover_packages(path) check parameters
[0.288s] Level 1:colcon.colcon_core.package_discovery:discover_packages(colcon_meta) discover
[0.288s] Level 1:colcon.colcon_core.package_discovery:discover_packages(recursive) discover
[0.288s] INFO:colcon.colcon_core.package_discovery:Crawling recursively for packages in '/home/swapneel/rbe500/ghw1/groupassignment1'
[0.288s] Level 1:colcon.colcon_core.package_identification:_identify(.) by extensions ['ignore', 'ignore_ament_install']
[0.289s] Level 1:colcon.colcon_core.package_identification:_identify(.) by extension 'ignore'
[0.289s] Level 1:colcon.colcon_core.package_identification:_identify(.) by extension 'ignore_ament_install'
[0.289s] Level 1:colcon.colcon_core.package_identification:_identify(.) by extensions ['colcon_pkg']
[0.289s] Level 1:colcon.colcon_core.package_identification:_identify(.) by extension 'colcon_pkg'
[0.289s] Level 1:colcon.colcon_core.package_identification:_identify(.) by extensions ['colcon_meta']
[0.289s] Level 1:colcon.colcon_core.package_identification:_identify(.) by extension 'colcon_meta'
[0.289s] Level 1:colcon.colcon_core.package_identification:_identify(.) by extensions ['ros']
[0.289s] Level 1:colcon.colcon_core.package_identification:_identify(.) by extension 'ros'
[0.306s] Level 1:colcon.colcon_core.package_identification:_identify(.) by extensions ['cmake', 'python']
[0.307s] Level 1:colcon.colcon_core.package_identification:_identify(.) by extension 'cmake'
[0.307s] Level 1:colcon.colcon_core.package_identification:_identify(.) by extension 'python'
[0.307s] Level 1:colcon.colcon_core.package_identification:_identify(.) by extensions ['python_setup_py']
[0.307s] Level 1:colcon.colcon_core.package_identification:_identify(.) by extension 'python_setup_py'
[0.307s] Level 1:colcon.colcon_core.package_identification:_identify(build) by extensions ['ignore', 'ignore_ament_install']
[0.307s] Level 1:colcon.colcon_core.package_identification:_identify(build) by extension 'ignore'
[0.307s] Level 1:colcon.colcon_core.package_identification:_identify(build) ignored
[0.307s] Level 1:colcon.colcon_core.package_identification:_identify(install) by extensions ['ignore', 'ignore_ament_install']
[0.307s] Level 1:colcon.colcon_core.package_identification:_identify(install) by extension 'ignore'
[0.307s] Level 1:colcon.colcon_core.package_identification:_identify(install) ignored
[0.307s] Level 1:colcon.colcon_core.package_identification:_identify(log) by extensions ['ignore', 'ignore_ament_install']
[0.307s] Level 1:colcon.colcon_core.package_identification:_identify(log) by extension 'ignore'
[0.307s] Level 1:colcon.colcon_core.package_identification:_identify(log) ignored
[0.307s] Level 1:colcon.colcon_core.package_identification:_identify(src) by extensions ['ignore', 'ignore_ament_install']
[0.308s] Level 1:colcon.colcon_core.package_identification:_identify(src) by extension 'ignore'
[0.308s] Level 1:colcon.colcon_core.package_identification:_identify(src) by extension 'ignore_ament_install'
[0.308s] Level 1:colcon.colcon_core.package_identification:_identify(src) by extensions ['colcon_pkg']
[0.308s] Level 1:colcon.colcon_core.package_identification:_identify(src) by extension 'colcon_pkg'
[0.308s] Level 1:colcon.colcon_core.package_identification:_identify(src) by extensions ['colcon_meta']
[0.308s] Level 1:colcon.colcon_core.package_identification:_identify(src) by extension 'colcon_meta'
[0.308s] Level 1:colcon.colcon_core.package_identification:_identify(src) by extensions ['ros']
[0.308s] Level 1:colcon.colcon_core.package_identification:_identify(src) by extension 'ros'
[0.308s] Level 1:colcon.colcon_core.package_identification:_identify(src) by extensions ['cmake', 'python']
[0.308s] Level 1:colcon.colcon_core.package_identification:_identify(src) by extension 'cmake'
[0.308s] Level 1:colcon.colcon_core.package_identification:_identify(src) by extension 'python'
[0.308s] Level 1:colcon.colcon_core.package_identification:_identify(src) by extensions ['python_setup_py']
[0.308s] Level 1:colcon.colcon_core.package_identification:_identify(src) by extension 'python_setup_py'
[0.308s] Level 1:colcon.colcon_core.package_identification:_identify(src/inverse_kinematics) by extensions ['ignore', 'ignore_ament_install']
[0.308s] Level 1:colcon.colcon_core.package_identification:_identify(src/inverse_kinematics) by extension 'ignore'
[0.308s] Level 1:colcon.colcon_core.package_identification:_identify(src/inverse_kinematics) by extension 'ignore_ament_install'
[0.308s] Level 1:colcon.colcon_core.package_identification:_identify(src/inverse_kinematics) by extensions ['colcon_pkg']
[0.308s] Level 1:colcon.colcon_core.package_identification:_identify(src/inverse_kinematics) by extension 'colcon_pkg'
[0.308s] Level 1:colcon.colcon_core.package_identification:_identify(src/inverse_kinematics) by extensions ['colcon_meta']
[0.308s] Level 1:colcon.colcon_core.package_identification:_identify(src/inverse_kinematics) by extension 'colcon_meta'
[0.308s] Level 1:colcon.colcon_core.package_identification:_identify(src/inverse_kinematics) by extensions ['ros']
[0.308s] Level 1:colcon.colcon_core.package_identification:_identify(src/inverse_kinematics) by extension 'ros'
[0.310s] DEBUG:colcon.colcon_core.package_identification:Package 'src/inverse_kinematics' with type 'ros.ament_python' and name 'inverse_kinematics'
[0.311s] Level 1:colcon.colcon_core.package_identification:_identify(src/proj1) by extensions ['ignore', 'ignore_ament_install']
[0.311s] Level 1:colcon.colcon_core.package_identification:_identify(src/proj1) by extension 'ignore'
[0.311s] Level 1:colcon.colcon_core.package_identification:_identify(src/proj1) by extension 'ignore_ament_install'
[0.311s] Level 1:colcon.colcon_core.package_identification:_identify(src/proj1) by extensions ['colcon_pkg']
[0.311s] Level 1:colcon.colcon_core.package_identification:_identify(src/proj1) by extension 'colcon_pkg'
[0.311s] Level 1:colcon.colcon_core.package_identification:_identify(src/proj1) by extensions ['colcon_meta']
[0.311s] Level 1:colcon.colcon_core.package_identification:_identify(src/proj1) by extension 'colcon_meta'
[0.311s] Level 1:colcon.colcon_core.package_identification:_identify(src/proj1) by extensions ['ros']
[0.311s] Level 1:colcon.colcon_core.package_identification:_identify(src/proj1) by extension 'ros'
[0.312s] DEBUG:colcon.colcon_core.package_identification:Package 'src/proj1' with type 'ros.ament_python' and name 'proj1'
[0.312s] Level 1:colcon.colcon_core.package_identification:_identify(src/proj2) by extensions ['ignore', 'ignore_ament_install']
[0.312s] Level 1:colcon.colcon_core.package_identification:_identify(src/proj2) by extension 'ignore'
[0.312s] Level 1:colcon.colcon_core.package_identification:_identify(src/proj2) by extension 'ignore_ament_install'
[0.312s] Level 1:colcon.colcon_core.package_identification:_identify(src/proj2) by extensions ['colcon_pkg']
[0.312s] Level 1:colcon.colcon_core.package_identification:_identify(src/proj2) by extension 'colcon_pkg'
[0.312s] Level 1:colcon.colcon_core.package_identification:_identify(src/proj2) by extensions ['colcon_meta']
[0.312s] Level 1:colcon.colcon_core.package_identification:_identify(src/proj2) by extension 'colcon_meta'
[0.312s] Level 1:colcon.colcon_core.package_identification:_identify(src/proj2) by extensions ['ros']
[0.312s] Level 1:colcon.colcon_core.package_identification:_identify(src/proj2) by extension 'ros'
[0.313s] DEBUG:colcon.colcon_core.package_identification:Package 'src/proj2' with type 'ros.ament_python' and name 'proj2'
[0.313s] Level 1:colcon.colcon_core.package_identification:_identify(src/rrbot_simulation_files) by extensions ['ignore', 'ignore_ament_install']
[0.313s] Level 1:colcon.colcon_core.package_identification:_identify(src/rrbot_simulation_files) by extension 'ignore'
[0.313s] Level 1:colcon.colcon_core.package_identification:_identify(src/rrbot_simulation_files) by extension 'ignore_ament_install'
[0.313s] Level 1:colcon.colcon_core.package_identification:_identify(src/rrbot_simulation_files) by extensions ['colcon_pkg']
[0.313s] Level 1:colcon.colcon_core.package_identification:_identify(src/rrbot_simulation_files) by extension 'colcon_pkg'
[0.313s] Level 1:colcon.colcon_core.package_identification:_identify(src/rrbot_simulation_files) by extensions ['colcon_meta']
[0.313s] Level 1:colcon.colcon_core.package_identification:_identify(src/rrbot_simulation_files) by extension 'colcon_meta'
[0.313s] Level 1:colcon.colcon_core.package_identification:_identify(src/rrbot_simulation_files) by extensions ['ros']
[0.313s] Level 1:colcon.colcon_core.package_identification:_identify(src/rrbot_simulation_files) by extension 'ros'
[0.313s] Level 1:colcon.colcon_core.package_identification:_identify(src/rrbot_simulation_files) by extensions ['cmake', 'python']
[0.313s] Level 1:colcon.colcon_core.package_identification:_identify(src/rrbot_simulation_files) by extension 'cmake'
[0.314s] Level 1:colcon.colcon_core.package_identification:_identify(src/rrbot_simulation_files) by extension 'python'
[0.314s] Level 1:colcon.colcon_core.package_identification:_identify(src/rrbot_simulation_files) by extensions ['python_setup_py']
[0.314s] Level 1:colcon.colcon_core.package_identification:_identify(src/rrbot_simulation_files) by extension 'python_setup_py'
[0.314s] Level 1:colcon.colcon_core.package_identification:_identify(src/rrbot_simulation_files/rrbot_description) by extensions ['ignore', 'ignore_ament_install']
[0.314s] Level 1:colcon.colcon_core.package_identification:_identify(src/rrbot_simulation_files/rrbot_description) by extension 'ignore'
[0.314s] Level 1:colcon.colcon_core.package_identification:_identify(src/rrbot_simulation_files/rrbot_description) by extension 'ignore_ament_install'
[0.314s] Level 1:colcon.colcon_core.package_identification:_identify(src/rrbot_simulation_files/rrbot_description) by extensions ['colcon_pkg']
[0.314s] Level 1:colcon.colcon_core.package_identification:_identify(src/rrbot_simulation_files/rrbot_description) by extension 'colcon_pkg'
[0.314s] Level 1:colcon.colcon_core.package_identification:_identify(src/rrbot_simulation_files/rrbot_description) by extensions ['colcon_meta']
[0.314s] Level 1:colcon.colcon_core.package_identification:_identify(src/rrbot_simulation_files/rrbot_description) by extension 'colcon_meta'
[0.314s] Level 1:colcon.colcon_core.package_identification:_identify(src/rrbot_simulation_files/rrbot_description) by extensions ['ros']
[0.314s] Level 1:colcon.colcon_core.package_identification:_identify(src/rrbot_simulation_files/rrbot_description) by extension 'ros'
[0.314s] DEBUG:colcon.colcon_core.package_identification:Package 'src/rrbot_simulation_files/rrbot_description' with type 'ros.ament_cmake' and name 'rrbot_description'
[0.314s] Level 1:colcon.colcon_core.package_identification:_identify(src/rrbot_simulation_files/rrbot_gazebo) by extensions ['ignore', 'ignore_ament_install']
[0.315s] Level 1:colcon.colcon_core.package_identification:_identify(src/rrbot_simulation_files/rrbot_gazebo) by extension 'ignore'
[0.315s] Level 1:colcon.colcon_core.package_identification:_identify(src/rrbot_simulation_files/rrbot_gazebo) by extension 'ignore_ament_install'
[0.315s] Level 1:colcon.colcon_core.package_identification:_identify(src/rrbot_simulation_files/rrbot_gazebo) by extensions ['colcon_pkg']
[0.315s] Level 1:colcon.colcon_core.package_identification:_identify(src/rrbot_simulation_files/rrbot_gazebo) by extension 'colcon_pkg'
[0.315s] Level 1:colcon.colcon_core.package_identification:_identify(src/rrbot_simulation_files/rrbot_gazebo) by extensions ['colcon_meta']
[0.315s] Level 1:colcon.colcon_core.package_identification:_identify(src/rrbot_simulation_files/rrbot_gazebo) by extension 'colcon_meta'
[0.315s] Level 1:colcon.colcon_core.package_identification:_identify(src/rrbot_simulation_files/rrbot_gazebo) by extensions ['ros']
[0.315s] Level 1:colcon.colcon_core.package_identification:_identify(src/rrbot_simulation_files/rrbot_gazebo) by extension 'ros'
[0.315s] DEBUG:colcon.colcon_core.package_identification:Package 'src/rrbot_simulation_files/rrbot_gazebo' with type 'ros.ament_cmake' and name 'rrbot_gazebo'
[0.316s] Level 1:colcon.colcon_core.package_identification:_identify(src/tutorial_interfaces) by extensions ['ignore', 'ignore_ament_install']
[0.316s] Level 1:colcon.colcon_core.package_identification:_identify(src/tutorial_interfaces) by extension 'ignore'
[0.316s] Level 1:colcon.colcon_core.package_identification:_identify(src/tutorial_interfaces) by extension 'ignore_ament_install'
[0.316s] Level 1:colcon.colcon_core.package_identification:_identify(src/tutorial_interfaces) by extensions ['colcon_pkg']
[0.316s] Level 1:colcon.colcon_core.package_identification:_identify(src/tutorial_interfaces) by extension 'colcon_pkg'
[0.316s] Level 1:colcon.colcon_core.package_identification:_identify(src/tutorial_interfaces) by extensions ['colcon_meta']
[0.316s] Level 1:colcon.colcon_core.package_identification:_identify(src/tutorial_interfaces) by extension 'colcon_meta'
[0.316s] Level 1:colcon.colcon_core.package_identification:_identify(src/tutorial_interfaces) by extensions ['ros']
[0.316s] Level 1:colcon.colcon_core.package_identification:_identify(src/tutorial_interfaces) by extension 'ros'
[0.316s] DEBUG:colcon.colcon_core.package_identification:Package 'src/tutorial_interfaces' with type 'ros.ament_cmake' and name 'tutorial_interfaces'
[0.316s] Level 1:colcon.colcon_core.package_discovery:discover_packages(recursive) using defaults
[0.316s] Level 1:colcon.colcon_core.package_discovery:discover_packages(ignore) discover
[0.316s] Level 1:colcon.colcon_core.package_discovery:discover_packages(ignore) using defaults
[0.316s] Level 1:colcon.colcon_core.package_discovery:discover_packages(path) discover
[0.316s] Level 1:colcon.colcon_core.package_discovery:discover_packages(path) using defaults
[0.339s] Level 1:colcon.colcon_core.package_discovery:discover_packages(prefix_path) check parameters
[0.339s] Level 1:colcon.colcon_core.package_discovery:discover_packages(prefix_path) discover
[0.342s] DEBUG:colcon.colcon_installed_package_information.package_discovery:Found 6 installed packages in /home/swapneel/rbe500/ghw1/groupassignment1/install
[0.343s] DEBUG:colcon.colcon_installed_package_information.package_discovery:Found 305 installed packages in /opt/ros/humble
[0.345s] Level 1:colcon.colcon_core.package_discovery:discover_packages(prefix_path) using defaults
[0.401s] Level 5:colcon.colcon_core.verb:set package 'proj1' build argument 'cmake_args' from command line to 'None'
[0.401s] Level 5:colcon.colcon_core.verb:set package 'proj1' build argument 'cmake_target' from command line to 'None'
[0.401s] Level 5:colcon.colcon_core.verb:set package 'proj1' build argument 'cmake_target_skip_unavailable' from command line to 'False'
[0.401s] Level 5:colcon.colcon_core.verb:set package 'proj1' build argument 'cmake_clean_cache' from command line to 'False'
[0.401s] Level 5:colcon.colcon_core.verb:set package 'proj1' build argument 'cmake_clean_first' from command line to 'False'
[0.401s] Level 5:colcon.colcon_core.verb:set package 'proj1' build argument 'cmake_force_configure' from command line to 'False'
[0.401s] Level 5:colcon.colcon_core.verb:set package 'proj1' build argument 'ament_cmake_args' from command line to 'None'
[0.401s] Level 5:colcon.colcon_core.verb:set package 'proj1' build argument 'catkin_cmake_args' from command line to 'None'
[0.401s] Level 5:colcon.colcon_core.verb:set package 'proj1' build argument 'catkin_skip_building_tests' from command line to 'False'
[0.401s] DEBUG:colcon.colcon_core.verb:Building package 'proj1' with the following arguments: {'ament_cmake_args': None, 'build_base': '/home/swapneel/rbe500/ghw1/groupassignment1/build/proj1', 'catkin_cmake_args': None, 'catkin_skip_building_tests': False, 'cmake_args': None, 'cmake_clean_cache': False, 'cmake_clean_first': False, 'cmake_force_configure': False, 'cmake_target': None, 'cmake_target_skip_unavailable': False, 'install_base': '/home/swapneel/rbe500/ghw1/groupassignment1/install/proj1', 'merge_install': False, 'path': '/home/swapneel/rbe500/ghw1/groupassignment1/src/proj1', 'symlink_install': True, 'test_result_base': None}
[0.402s] Level 5:colcon.colcon_core.verb:set package 'rrbot_description' build argument 'cmake_args' from command line to 'None'
[0.402s] Level 5:colcon.colcon_core.verb:set package 'rrbot_description' build argument 'cmake_target' from command line to 'None'
[0.402s] Level 5:colcon.colcon_core.verb:set package 'rrbot_description' build argument 'cmake_target_skip_unavailable' from command line to 'False'
[0.402s] Level 5:colcon.colcon_core.verb:set package 'rrbot_description' build argument 'cmake_clean_cache' from command line to 'False'
[0.402s] Level 5:colcon.colcon_core.verb:set package 'rrbot_description' build argument 'cmake_clean_first' from command line to 'False'
[0.402s] Level 5:colcon.colcon_core.verb:set package 'rrbot_description' build argument 'cmake_force_configure' from command line to 'False'
[0.402s] Level 5:colcon.colcon_core.verb:set package 'rrbot_description' build argument 'ament_cmake_args' from command line to 'None'
[0.402s] Level 5:colcon.colcon_core.verb:set package 'rrbot_description' build argument 'catkin_cmake_args' from command line to 'None'
[0.402s] Level 5:colcon.colcon_core.verb:set package 'rrbot_description' build argument 'catkin_skip_building_tests' from command line to 'False'
[0.402s] DEBUG:colcon.colcon_core.verb:Building package 'rrbot_description' with the following arguments: {'ament_cmake_args': None, 'build_base': '/home/swapneel/rbe500/ghw1/groupassignment1/build/rrbot_description', 'catkin_cmake_args': None, 'catkin_skip_building_tests': False, 'cmake_args': None, 'cmake_clean_cache': False, 'cmake_clean_first': False, 'cmake_force_configure': False, 'cmake_target': None, 'cmake_target_skip_unavailable': False, 'install_base': '/home/swapneel/rbe500/ghw1/groupassignment1/install/rrbot_description', 'merge_install': False, 'path': '/home/swapneel/rbe500/ghw1/groupassignment1/src/rrbot_simulation_files/rrbot_description', 'symlink_install': True, 'test_result_base': None}
[0.403s] Level 5:colcon.colcon_core.verb:set package 'tutorial_interfaces' build argument 'cmake_args' from command line to 'None'
[0.403s] Level 5:colcon.colcon_core.verb:set package 'tutorial_interfaces' build argument 'cmake_target' from command line to 'None'
[0.403s] Level 5:colcon.colcon_core.verb:set package 'tutorial_interfaces' build argument 'cmake_target_skip_unavailable' from command line to 'False'
[0.403s] Level 5:colcon.colcon_core.verb:set package 'tutorial_interfaces' build argument 'cmake_clean_cache' from command line to 'False'
[0.403s] Level 5:colcon.colcon_core.verb:set package 'tutorial_interfaces' build argument 'cmake_clean_first' from command line to 'False'
[0.403s] Level 5:colcon.colcon_core.verb:set package 'tutorial_interfaces' build argument 'cmake_force_configure' from command line to 'False'
[0.403s] Level 5:colcon.colcon_core.verb:set package 'tutorial_interfaces' build argument 'ament_cmake_args' from command line to 'None'
[0.403s] Level 5:colcon.colcon_core.verb:set package 'tutorial_interfaces' build argument 'catkin_cmake_args' from command line to 'None'
[0.403s] Level 5:colcon.colcon_core.verb:set package 'tutorial_interfaces' build argument 'catkin_skip_building_tests' from command line to 'False'
[0.403s] DEBUG:colcon.colcon_core.verb:Building package 'tutorial_interfaces' with the following arguments: {'ament_cmake_args': None, 'build_base': '/home/swapneel/rbe500/ghw1/groupassignment1/build/tutorial_interfaces', 'catkin_cmake_args': None, 'catkin_skip_building_tests': False, 'cmake_args': None, 'cmake_clean_cache': False, 'cmake_clean_first': False, 'cmake_force_configure': False, 'cmake_target': None, 'cmake_target_skip_unavailable': False, 'install_base': '/home/swapneel/rbe500/ghw1/groupassignment1/install/tutorial_interfaces', 'merge_install': False, 'path': '/home/swapneel/rbe500/ghw1/groupassignment1/src/tutorial_interfaces', 'symlink_install': True, 'test_result_base': None}
[0.404s] Level 5:colcon.colcon_core.verb:set package 'inverse_kinematics' build argument 'cmake_args' from command line to 'None'
[0.404s] Level 5:colcon.colcon_core.verb:set package 'inverse_kinematics' build argument 'cmake_target' from command line to 'None'
[0.404s] Level 5:colcon.colcon_core.verb:set package 'inverse_kinematics' build argument 'cmake_target_skip_unavailable' from command line to 'False'
[0.404s] Level 5:colcon.colcon_core.verb:set package 'inverse_kinematics' build argument 'cmake_clean_cache' from command line to 'False'
[0.404s] Level 5:colcon.colcon_core.verb:set package 'inverse_kinematics' build argument 'cmake_clean_first' from command line to 'False'
[0.404s] Level 5:colcon.colcon_core.verb:set package 'inverse_kinematics' build argument 'cmake_force_configure' from command line to 'False'
[0.404s] Level 5:colcon.colcon_core.verb:set package 'inverse_kinematics' build argument 'ament_cmake_args' from command line to 'None'
[0.404s] Level 5:colcon.colcon_core.verb:set package 'inverse_kinematics' build argument 'catkin_cmake_args' from command line to 'None'
[0.404s] Level 5:colcon.colcon_core.verb:set package 'inverse_kinematics' build argument 'catkin_skip_building_tests' from command line to 'False'
[0.404s] DEBUG:colcon.colcon_core.verb:Building package 'inverse_kinematics' with the following arguments: {'ament_cmake_args': None, 'build_base': '/home/swapneel/rbe500/ghw1/groupassignment1/build/inverse_kinematics', 'catkin_cmake_args': None, 'catkin_skip_building_tests': False, 'cmake_args': None, 'cmake_clean_cache': False, 'cmake_clean_first': False, 'cmake_force_configure': False, 'cmake_target': None, 'cmake_target_skip_unavailable': False, 'install_base': '/home/swapneel/rbe500/ghw1/groupassignment1/install/inverse_kinematics', 'merge_install': False, 'path': '/home/swapneel/rbe500/ghw1/groupassignment1/src/inverse_kinematics', 'symlink_install': True, 'test_result_base': None}
[0.405s] Level 5:colcon.colcon_core.verb:set package 'proj2' build argument 'cmake_args' from command line to 'None'
[0.405s] Level 5:colcon.colcon_core.verb:set package 'proj2' build argument 'cmake_target' from command line to 'None'
[0.405s] Level 5:colcon.colcon_core.verb:set package 'proj2' build argument 'cmake_target_skip_unavailable' from command line to 'False'
[0.405s] Level 5:colcon.colcon_core.verb:set package 'proj2' build argument 'cmake_clean_cache' from command line to 'False'
[0.405s] Level 5:colcon.colcon_core.verb:set package 'proj2' build argument 'cmake_clean_first' from command line to 'False'
[0.405s] Level 5:colcon.colcon_core.verb:set package 'proj2' build argument 'cmake_force_configure' from command line to 'False'
[0.405s] Level 5:colcon.colcon_core.verb:set package 'proj2' build argument 'ament_cmake_args' from command line to 'None'
[0.405s] Level 5:colcon.colcon_core.verb:set package 'proj2' build argument 'catkin_cmake_args' from command line to 'None'
[0.405s] Level 5:colcon.colcon_core.verb:set package 'proj2' build argument 'catkin_skip_building_tests' from command line to 'False'
[0.405s] DEBUG:colcon.colcon_core.verb:Building package 'proj2' with the following arguments: {'ament_cmake_args': None, 'build_base': '/home/swapneel/rbe500/ghw1/groupassignment1/build/proj2', 'catkin_cmake_args': None, 'catkin_skip_building_tests': False, 'cmake_args': None, 'cmake_clean_cache': False, 'cmake_clean_first': False, 'cmake_force_configure': False, 'cmake_target': None, 'cmake_target_skip_unavailable': False, 'install_base': '/home/swapneel/rbe500/ghw1/groupassignment1/install/proj2', 'merge_install': False, 'path': '/home/swapneel/rbe500/ghw1/groupassignment1/src/proj2', 'symlink_install': True, 'test_result_base': None}
[0.406s] Level 5:colcon.colcon_core.verb:set package 'rrbot_gazebo' build argument 'cmake_args' from command line to 'None'
[0.406s] Level 5:colcon.colcon_core.verb:set package 'rrbot_gazebo' build argument 'cmake_target' from command line to 'None'
[0.406s] Level 5:colcon.colcon_core.verb:set package 'rrbot_gazebo' build argument 'cmake_target_skip_unavailable' from command line to 'False'
[0.406s] Level 5:colcon.colcon_core.verb:set package 'rrbot_gazebo' build argument 'cmake_clean_cache' from command line to 'False'
[0.406s] Level 5:colcon.colcon_core.verb:set package 'rrbot_gazebo' build argument 'cmake_clean_first' from command line to 'False'
[0.406s] Level 5:colcon.colcon_core.verb:set package 'rrbot_gazebo' build argument 'cmake_force_configure' from command line to 'False'
[0.406s] Level 5:colcon.colcon_core.verb:set package 'rrbot_gazebo' build argument 'ament_cmake_args' from command line to 'None'
[0.406s] Level 5:colcon.colcon_core.verb:set package 'rrbot_gazebo' build argument 'catkin_cmake_args' from command line to 'None'
[0.406s] Level 5:colcon.colcon_core.verb:set package 'rrbot_gazebo' build argument 'catkin_skip_building_tests' from command line to 'False'
[0.406s] DEBUG:colcon.colcon_core.verb:Building package 'rrbot_gazebo' with the following arguments: {'ament_cmake_args': None, 'build_base': '/home/swapneel/rbe500/ghw1/groupassignment1/build/rrbot_gazebo', 'catkin_cmake_args': None, 'catkin_skip_building_tests': False, 'cmake_args': None, 'cmake_clean_cache': False, 'cmake_clean_first': False, 'cmake_force_configure': False, 'cmake_target': None, 'cmake_target_skip_unavailable': False, 'install_base': '/home/swapneel/rbe500/ghw1/groupassignment1/install/rrbot_gazebo', 'merge_install': False, 'path': '/home/swapneel/rbe500/ghw1/groupassignment1/src/rrbot_simulation_files/rrbot_gazebo', 'symlink_install': True, 'test_result_base': None}
[0.407s] INFO:colcon.colcon_core.executor:Executing jobs using 'parallel' executor
[0.411s] DEBUG:colcon.colcon_parallel_executor.executor.parallel:run_until_complete
[0.411s] INFO:colcon.colcon_ros.task.ament_cmake.build:Building ROS package in '/home/swapneel/rbe500/ghw1/groupassignment1/src/tutorial_interfaces' with build type 'ament_cmake'
[0.411s] INFO:colcon.colcon_cmake.task.cmake.build:Building CMake package in '/home/swapneel/rbe500/ghw1/groupassignment1/src/tutorial_interfaces'
[0.415s] INFO:colcon.colcon_core.plugin_system:Skipping extension 'colcon_core.shell.bat': Not used on non-Windows systems
[0.415s] INFO:colcon.colcon_core.shell:Skip shell extension 'powershell' for command environment: Not usable outside of PowerShell
[0.415s] DEBUG:colcon.colcon_core.shell:Skip shell extension 'dsv' for command environment
[0.419s] INFO:colcon.colcon_ros.task.ament_cmake.build:Building ROS package in '/home/swapneel/rbe500/ghw1/groupassignment1/src/rrbot_simulation_files/rrbot_description' with build type 'ament_cmake'
[0.420s] INFO:colcon.colcon_cmake.task.cmake.build:Building CMake package in '/home/swapneel/rbe500/ghw1/groupassignment1/src/rrbot_simulation_files/rrbot_description'
[0.421s] INFO:colcon.colcon_core.shell:Skip shell extension 'powershell' for command environment: Not usable outside of PowerShell
[0.421s] DEBUG:colcon.colcon_core.shell:Skip shell extension 'dsv' for command environment
[0.425s] INFO:colcon.colcon_ros.task.ament_python.build:Building ROS package in '/home/swapneel/rbe500/ghw1/groupassignment1/src/proj1' with build type 'ament_python'
[0.425s] Level 1:colcon.colcon_core.shell:create_environment_hook('proj1', 'ament_prefix_path')
[0.426s] INFO:colcon.colcon_core.shell:Creating environment hook '/home/swapneel/rbe500/ghw1/groupassignment1/install/proj1/share/proj1/hook/ament_prefix_path.ps1'
[0.427s] INFO:colcon.colcon_core.shell:Creating environment descriptor '/home/swapneel/rbe500/ghw1/groupassignment1/install/proj1/share/proj1/hook/ament_prefix_path.dsv'
[0.428s] INFO:colcon.colcon_core.shell:Creating environment hook '/home/swapneel/rbe500/ghw1/groupassignment1/install/proj1/share/proj1/hook/ament_prefix_path.sh'
[0.429s] INFO:colcon.colcon_core.shell:Skip shell extension 'powershell' for command environment: Not usable outside of PowerShell
[0.429s] DEBUG:colcon.colcon_core.shell:Skip shell extension 'dsv' for command environment
[0.439s] DEBUG:colcon.colcon_core.event_handler.log_command:Invoking command in '/home/swapneel/rbe500/ghw1/groupassignment1/build/tutorial_interfaces': CMAKE_PREFIX_PATH=${CMAKE_PREFIX_PATH}:/home/swapneel/rbe500/ghw1/groupassignment1/install/proj2:/home/swapneel/rbe500/ghw1/groupassignment1/install/inverse_kinematics:/home/swapneel/rbe500/ghw1/groupassignment1/install/proj1:/opt/ros/humble /usr/bin/cmake --build /home/swapneel/rbe500/ghw1/groupassignment1/build/tutorial_interfaces -- -j8 -l8
[0.442s] DEBUG:colcon.colcon_core.event_handler.log_command:Invoking command in '/home/swapneel/rbe500/ghw1/groupassignment1/build/rrbot_description': CMAKE_PREFIX_PATH=${CMAKE_PREFIX_PATH}:/home/swapneel/rbe500/ghw1/groupassignment1/install/proj2:/home/swapneel/rbe500/ghw1/groupassignment1/install/inverse_kinematics:/home/swapneel/rbe500/ghw1/groupassignment1/install/proj1:/opt/ros/humble /usr/bin/cmake --build /home/swapneel/rbe500/ghw1/groupassignment1/build/rrbot_description -- -j8 -l8
[0.723s] INFO:colcon.colcon_core.task.python.build:Building Python package in '/home/swapneel/rbe500/ghw1/groupassignment1/src/proj1'
[0.724s] INFO:colcon.colcon_core.shell:Skip shell extension 'powershell' for command environment: Not usable outside of PowerShell
[0.724s] DEBUG:colcon.colcon_core.shell:Skip shell extension 'dsv' for command environment
[0.730s] DEBUG:colcon.colcon_core.event_handler.log_command:Invoked command in '/home/swapneel/rbe500/ghw1/groupassignment1/build/rrbot_description' returned '0': CMAKE_PREFIX_PATH=${CMAKE_PREFIX_PATH}:/home/swapneel/rbe500/ghw1/groupassignment1/install/proj2:/home/swapneel/rbe500/ghw1/groupassignment1/install/inverse_kinematics:/home/swapneel/rbe500/ghw1/groupassignment1/install/proj1:/opt/ros/humble /usr/bin/cmake --build /home/swapneel/rbe500/ghw1/groupassignment1/build/rrbot_description -- -j8 -l8
[0.757s] DEBUG:colcon.colcon_core.event_handler.log_command:Invoking command in '/home/swapneel/rbe500/ghw1/groupassignment1/build/rrbot_description': CMAKE_PREFIX_PATH=${CMAKE_PREFIX_PATH}:/home/swapneel/rbe500/ghw1/groupassignment1/install/proj2:/home/swapneel/rbe500/ghw1/groupassignment1/install/inverse_kinematics:/home/swapneel/rbe500/ghw1/groupassignment1/install/proj1:/opt/ros/humble /usr/bin/cmake --install /home/swapneel/rbe500/ghw1/groupassignment1/build/rrbot_description
[0.778s] Level 1:colcon.colcon_core.environment:create_environment_scripts_only(rrbot_description)
[0.779s] DEBUG:colcon.colcon_core.event_handler.log_command:Invoked command in '/home/swapneel/rbe500/ghw1/groupassignment1/build/rrbot_description' returned '0': CMAKE_PREFIX_PATH=${CMAKE_PREFIX_PATH}:/home/swapneel/rbe500/ghw1/groupassignment1/install/proj2:/home/swapneel/rbe500/ghw1/groupassignment1/install/inverse_kinematics:/home/swapneel/rbe500/ghw1/groupassignment1/install/proj1:/opt/ros/humble /usr/bin/cmake --install /home/swapneel/rbe500/ghw1/groupassignment1/build/rrbot_description
[0.784s] Level 1:colcon.colcon_core.environment:checking '/home/swapneel/rbe500/ghw1/groupassignment1/install/rrbot_description' for CMake module files
[0.785s] Level 1:colcon.colcon_core.environment:checking '/home/swapneel/rbe500/ghw1/groupassignment1/install/rrbot_description' for CMake config files
[0.785s] Level 1:colcon.colcon_core.shell:create_environment_hook('rrbot_description', 'cmake_prefix_path')
[0.786s] INFO:colcon.colcon_core.shell:Creating environment hook '/home/swapneel/rbe500/ghw1/groupassignment1/install/rrbot_description/share/rrbot_description/hook/cmake_prefix_path.ps1'
[0.787s] INFO:colcon.colcon_core.shell:Creating environment descriptor '/home/swapneel/rbe500/ghw1/groupassignment1/install/rrbot_description/share/rrbot_description/hook/cmake_prefix_path.dsv'
[0.787s] INFO:colcon.colcon_core.shell:Creating environment hook '/home/swapneel/rbe500/ghw1/groupassignment1/install/rrbot_description/share/rrbot_description/hook/cmake_prefix_path.sh'
[0.788s] Level 1:colcon.colcon_core.environment:checking '/home/swapneel/rbe500/ghw1/groupassignment1/install/rrbot_description/bin'
[0.788s] Level 1:colcon.colcon_core.environment:checking '/home/swapneel/rbe500/ghw1/groupassignment1/install/rrbot_description/lib/pkgconfig/rrbot_description.pc'
[0.788s] Level 1:colcon.colcon_core.environment:checking '/home/swapneel/rbe500/ghw1/groupassignment1/install/rrbot_description/lib/python3.10/site-packages'
[0.788s] Level 1:colcon.colcon_core.environment:checking '/home/swapneel/rbe500/ghw1/groupassignment1/install/rrbot_description/bin'
[0.790s] INFO:colcon.colcon_core.shell:Creating package script '/home/swapneel/rbe500/ghw1/groupassignment1/install/rrbot_description/share/rrbot_description/package.ps1'
[0.790s] INFO:colcon.colcon_core.shell:Creating package descriptor '/home/swapneel/rbe500/ghw1/groupassignment1/install/rrbot_description/share/rrbot_description/package.dsv'
[0.791s] INFO:colcon.colcon_core.shell:Creating package script '/home/swapneel/rbe500/ghw1/groupassignment1/install/rrbot_description/share/rrbot_description/package.sh'
[0.792s] INFO:colcon.colcon_core.shell:Creating package script '/home/swapneel/rbe500/ghw1/groupassignment1/install/rrbot_description/share/rrbot_description/package.bash'
[0.793s] INFO:colcon.colcon_core.shell:Creating package script '/home/swapneel/rbe500/ghw1/groupassignment1/install/rrbot_description/share/rrbot_description/package.zsh'
[0.793s] Level 1:colcon.colcon_core.environment:create_file_with_runtime_dependencies(/home/swapneel/rbe500/ghw1/groupassignment1/install/rrbot_description/share/colcon-core/packages/rrbot_description)
[0.807s] DEBUG:colcon.colcon_core.event_handler.log_command:Invoked command in '/home/swapneel/rbe500/ghw1/groupassignment1/build/tutorial_interfaces' returned '0': CMAKE_PREFIX_PATH=${CMAKE_PREFIX_PATH}:/home/swapneel/rbe500/ghw1/groupassignment1/install/proj2:/home/swapneel/rbe500/ghw1/groupassignment1/install/inverse_kinematics:/home/swapneel/rbe500/ghw1/groupassignment1/install/proj1:/opt/ros/humble /usr/bin/cmake --build /home/swapneel/rbe500/ghw1/groupassignment1/build/tutorial_interfaces -- -j8 -l8
[0.813s] Level 1:colcon.colcon_core.environment:create_environment_scripts_only(rrbot_description)
[0.815s] Level 1:colcon.colcon_core.environment:checking '/home/swapneel/rbe500/ghw1/groupassignment1/install/rrbot_description' for CMake module files
[0.815s] Level 1:colcon.colcon_core.environment:checking '/home/swapneel/rbe500/ghw1/groupassignment1/install/rrbot_description' for CMake config files
[0.815s] Level 1:colcon.colcon_core.shell:create_environment_hook('rrbot_description', 'cmake_prefix_path')
[0.817s] INFO:colcon.colcon_core.shell:Creating environment hook '/home/swapneel/rbe500/ghw1/groupassignment1/install/rrbot_description/share/rrbot_description/hook/cmake_prefix_path.ps1'
[0.817s] INFO:colcon.colcon_core.shell:Creating environment descriptor '/home/swapneel/rbe500/ghw1/groupassignment1/install/rrbot_description/share/rrbot_description/hook/cmake_prefix_path.dsv'
[0.818s] INFO:colcon.colcon_core.shell:Creating environment hook '/home/swapneel/rbe500/ghw1/groupassignment1/install/rrbot_description/share/rrbot_description/hook/cmake_prefix_path.sh'
[0.818s] Level 1:colcon.colcon_core.environment:checking '/home/swapneel/rbe500/ghw1/groupassignment1/install/rrbot_description/bin'
[0.818s] Level 1:colcon.colcon_core.environment:checking '/home/swapneel/rbe500/ghw1/groupassignment1/install/rrbot_description/lib/pkgconfig/rrbot_description.pc'
[0.818s] Level 1:colcon.colcon_core.environment:checking '/home/swapneel/rbe500/ghw1/groupassignment1/install/rrbot_description/lib/python3.10/site-packages'
[0.819s] Level 1:colcon.colcon_core.environment:checking '/home/swapneel/rbe500/ghw1/groupassignment1/install/rrbot_description/bin'
[0.820s] INFO:colcon.colcon_core.shell:Creating package script '/home/swapneel/rbe500/ghw1/groupassignment1/install/rrbot_description/share/rrbot_description/package.ps1'
[0.820s] INFO:colcon.colcon_core.shell:Creating package descriptor '/home/swapneel/rbe500/ghw1/groupassignment1/install/rrbot_description/share/rrbot_description/package.dsv'
[0.821s] INFO:colcon.colcon_core.shell:Creating package script '/home/swapneel/rbe500/ghw1/groupassignment1/install/rrbot_description/share/rrbot_description/package.sh'
[0.821s] INFO:colcon.colcon_core.shell:Creating package script '/home/swapneel/rbe500/ghw1/groupassignment1/install/rrbot_description/share/rrbot_description/package.bash'
[0.822s] INFO:colcon.colcon_core.shell:Creating package script '/home/swapneel/rbe500/ghw1/groupassignment1/install/rrbot_description/share/rrbot_description/package.zsh'
[0.822s] Level 1:colcon.colcon_core.environment:create_file_with_runtime_dependencies(/home/swapneel/rbe500/ghw1/groupassignment1/install/rrbot_description/share/colcon-core/packages/rrbot_description)
[0.822s] INFO:colcon.colcon_ros.task.ament_cmake.build:Building ROS package in '/home/swapneel/rbe500/ghw1/groupassignment1/src/rrbot_simulation_files/rrbot_gazebo' with build type 'ament_cmake'
[0.822s] INFO:colcon.colcon_cmake.task.cmake.build:Building CMake package in '/home/swapneel/rbe500/ghw1/groupassignment1/src/rrbot_simulation_files/rrbot_gazebo'
[0.824s] INFO:colcon.colcon_core.shell:Skip shell extension 'powershell' for command environment: Not usable outside of PowerShell
[0.824s] DEBUG:colcon.colcon_core.shell:Skip shell extension 'dsv' for command environment
[0.834s] DEBUG:colcon.colcon_core.event_handler.log_command:Invoking command in '/home/swapneel/rbe500/ghw1/groupassignment1/build/rrbot_gazebo': CMAKE_PREFIX_PATH=/home/swapneel/rbe500/ghw1/groupassignment1/install/rrbot_description:/home/swapneel/rbe500/ghw1/groupassignment1/install/tutorial_interfaces:/home/swapneel/rbe500/ghw1/groupassignment1/install/rrbot_gazebo:/home/swapneel/rbe500/ghw1/groupassignment1/install/proj2:/home/swapneel/rbe500/ghw1/groupassignment1/install/inverse_kinematics:/home/swapneel/rbe500/ghw1/groupassignment1/install/proj1:/opt/ros/humble /usr/bin/cmake --build /home/swapneel/rbe500/ghw1/groupassignment1/build/rrbot_gazebo -- -j8 -l8
[0.858s] DEBUG:colcon.colcon_core.event_handler.log_command:Invoking command in '/home/swapneel/rbe500/ghw1/groupassignment1/build/tutorial_interfaces': CMAKE_PREFIX_PATH=${CMAKE_PREFIX_PATH}:/home/swapneel/rbe500/ghw1/groupassignment1/install/proj2:/home/swapneel/rbe500/ghw1/groupassignment1/install/inverse_kinematics:/home/swapneel/rbe500/ghw1/groupassignment1/install/proj1:/opt/ros/humble /usr/bin/cmake --install /home/swapneel/rbe500/ghw1/groupassignment1/build/tutorial_interfaces
[0.897s] DEBUG:colcon.colcon_core.event_handler.log_command:Invoked command in '/home/swapneel/rbe500/ghw1/groupassignment1/build/rrbot_gazebo' returned '0': CMAKE_PREFIX_PATH=/home/swapneel/rbe500/ghw1/groupassignment1/install/rrbot_description:/home/swapneel/rbe500/ghw1/groupassignment1/install/tutorial_interfaces:/home/swapneel/rbe500/ghw1/groupassignment1/install/rrbot_gazebo:/home/swapneel/rbe500/ghw1/groupassignment1/install/proj2:/home/swapneel/rbe500/ghw1/groupassignment1/install/inverse_kinematics:/home/swapneel/rbe500/ghw1/groupassignment1/install/proj1:/opt/ros/humble /usr/bin/cmake --build /home/swapneel/rbe500/ghw1/groupassignment1/build/rrbot_gazebo -- -j8 -l8
[0.925s] DEBUG:colcon.colcon_core.event_handler.log_command:Invoking command in '/home/swapneel/rbe500/ghw1/groupassignment1/build/rrbot_gazebo': CMAKE_PREFIX_PATH=/home/swapneel/rbe500/ghw1/groupassignment1/install/rrbot_description:/home/swapneel/rbe500/ghw1/groupassignment1/install/tutorial_interfaces:/home/swapneel/rbe500/ghw1/groupassignment1/install/rrbot_gazebo:/home/swapneel/rbe500/ghw1/groupassignment1/install/proj2:/home/swapneel/rbe500/ghw1/groupassignment1/install/inverse_kinematics:/home/swapneel/rbe500/ghw1/groupassignment1/install/proj1:/opt/ros/humble /usr/bin/cmake --install /home/swapneel/rbe500/ghw1/groupassignment1/build/rrbot_gazebo
[0.935s] Level 1:colcon.colcon_core.environment:create_environment_scripts_only(tutorial_interfaces)
[0.937s] Level 1:colcon.colcon_core.environment:checking '/home/swapneel/rbe500/ghw1/groupassignment1/install/tutorial_interfaces' for CMake module files
[0.938s] DEBUG:colcon.colcon_core.event_handler.log_command:Invoked command in '/home/swapneel/rbe500/ghw1/groupassignment1/build/tutorial_interfaces' returned '0': CMAKE_PREFIX_PATH=${CMAKE_PREFIX_PATH}:/home/swapneel/rbe500/ghw1/groupassignment1/install/proj2:/home/swapneel/rbe500/ghw1/groupassignment1/install/inverse_kinematics:/home/swapneel/rbe500/ghw1/groupassignment1/install/proj1:/opt/ros/humble /usr/bin/cmake --install /home/swapneel/rbe500/ghw1/groupassignment1/build/tutorial_interfaces
[0.939s] Level 1:colcon.colcon_core.environment:checking '/home/swapneel/rbe500/ghw1/groupassignment1/install/tutorial_interfaces' for CMake config files
[0.940s] Level 1:colcon.colcon_core.shell:create_environment_hook('tutorial_interfaces', 'cmake_prefix_path')
[0.941s] INFO:colcon.colcon_core.shell:Creating environment hook '/home/swapneel/rbe500/ghw1/groupassignment1/install/tutorial_interfaces/share/tutorial_interfaces/hook/cmake_prefix_path.ps1'
[0.942s] INFO:colcon.colcon_core.shell:Creating environment descriptor '/home/swapneel/rbe500/ghw1/groupassignment1/install/tutorial_interfaces/share/tutorial_interfaces/hook/cmake_prefix_path.dsv'
[0.942s] INFO:colcon.colcon_core.shell:Creating environment hook '/home/swapneel/rbe500/ghw1/groupassignment1/install/tutorial_interfaces/share/tutorial_interfaces/hook/cmake_prefix_path.sh'
[0.942s] Level 1:colcon.colcon_core.environment:checking '/home/swapneel/rbe500/ghw1/groupassignment1/install/tutorial_interfaces/lib'
[0.943s] Level 1:colcon.colcon_core.shell:create_environment_hook('tutorial_interfaces', 'ld_library_path_lib')
[0.944s] INFO:colcon.colcon_core.shell:Creating environment hook '/home/swapneel/rbe500/ghw1/groupassignment1/install/tutorial_interfaces/share/tutorial_interfaces/hook/ld_library_path_lib.ps1'
[0.945s] INFO:colcon.colcon_core.shell:Creating environment descriptor '/home/swapneel/rbe500/ghw1/groupassignment1/install/tutorial_interfaces/share/tutorial_interfaces/hook/ld_library_path_lib.dsv'
[0.946s] INFO:colcon.colcon_core.shell:Creating environment hook '/home/swapneel/rbe500/ghw1/groupassignment1/install/tutorial_interfaces/share/tutorial_interfaces/hook/ld_library_path_lib.sh'
[0.946s] Level 1:colcon.colcon_core.environment:checking '/home/swapneel/rbe500/ghw1/groupassignment1/install/tutorial_interfaces/bin'
[0.946s] Level 1:colcon.colcon_core.environment:checking '/home/swapneel/rbe500/ghw1/groupassignment1/install/tutorial_interfaces/lib/pkgconfig/tutorial_interfaces.pc'
[0.946s] Level 1:colcon.colcon_core.environment:checking '/home/swapneel/rbe500/ghw1/groupassignment1/install/tutorial_interfaces/lib/python3.10/site-packages'
[0.947s] Level 1:colcon.colcon_core.environment:checking '/home/swapneel/rbe500/ghw1/groupassignment1/install/tutorial_interfaces/bin'
[0.948s] INFO:colcon.colcon_core.shell:Creating package script '/home/swapneel/rbe500/ghw1/groupassignment1/install/tutorial_interfaces/share/tutorial_interfaces/package.ps1'
[0.949s] INFO:colcon.colcon_core.shell:Creating package descriptor '/home/swapneel/rbe500/ghw1/groupassignment1/install/tutorial_interfaces/share/tutorial_interfaces/package.dsv'
[0.949s] INFO:colcon.colcon_core.shell:Creating package script '/home/swapneel/rbe500/ghw1/groupassignment1/install/tutorial_interfaces/share/tutorial_interfaces/package.sh'
[0.949s] INFO:colcon.colcon_core.shell:Creating package script '/home/swapneel/rbe500/ghw1/groupassignment1/install/tutorial_interfaces/share/tutorial_interfaces/package.bash'
[0.950s] INFO:colcon.colcon_core.shell:Creating package script '/home/swapneel/rbe500/ghw1/groupassignment1/install/tutorial_interfaces/share/tutorial_interfaces/package.zsh'
[0.950s] Level 1:colcon.colcon_core.environment:create_file_with_runtime_dependencies(/home/swapneel/rbe500/ghw1/groupassignment1/install/tutorial_interfaces/share/colcon-core/packages/tutorial_interfaces)
[0.951s] Level 1:colcon.colcon_core.environment:create_environment_scripts_only(rrbot_gazebo)
[0.953s] Level 1:colcon.colcon_core.environment:checking '/home/swapneel/rbe500/ghw1/groupassignment1/install/rrbot_gazebo' for CMake module files
[0.954s] DEBUG:colcon.colcon_core.event_handler.log_command:Invoked command in '/home/swapneel/rbe500/ghw1/groupassignment1/build/rrbot_gazebo' returned '0': CMAKE_PREFIX_PATH=/home/swapneel/rbe500/ghw1/groupassignment1/install/rrbot_description:/home/swapneel/rbe500/ghw1/groupassignment1/install/tutorial_interfaces:/home/swapneel/rbe500/ghw1/groupassignment1/install/rrbot_gazebo:/home/swapneel/rbe500/ghw1/groupassignment1/install/proj2:/home/swapneel/rbe500/ghw1/groupassignment1/install/inverse_kinematics:/home/swapneel/rbe500/ghw1/groupassignment1/install/proj1:/opt/ros/humble /usr/bin/cmake --install /home/swapneel/rbe500/ghw1/groupassignment1/build/rrbot_gazebo
[0.954s] Level 1:colcon.colcon_core.environment:checking '/home/swapneel/rbe500/ghw1/groupassignment1/install/rrbot_gazebo' for CMake config files
[0.955s] Level 1:colcon.colcon_core.shell:create_environment_hook('rrbot_gazebo', 'cmake_prefix_path')
[0.956s] INFO:colcon.colcon_core.shell:Creating environment hook '/home/swapneel/rbe500/ghw1/groupassignment1/install/rrbot_gazebo/share/rrbot_gazebo/hook/cmake_prefix_path.ps1'
[0.956s] INFO:colcon.colcon_core.shell:Creating environment descriptor '/home/swapneel/rbe500/ghw1/groupassignment1/install/rrbot_gazebo/share/rrbot_gazebo/hook/cmake_prefix_path.dsv'
[0.957s] INFO:colcon.colcon_core.shell:Creating environment hook '/home/swapneel/rbe500/ghw1/groupassignment1/install/rrbot_gazebo/share/rrbot_gazebo/hook/cmake_prefix_path.sh'
[0.957s] Level 1:colcon.colcon_core.environment:checking '/home/swapneel/rbe500/ghw1/groupassignment1/install/rrbot_gazebo/lib'
[0.957s] Level 1:colcon.colcon_core.environment:checking '/home/swapneel/rbe500/ghw1/groupassignment1/install/rrbot_gazebo/bin'
[0.957s] Level 1:colcon.colcon_core.environment:checking '/home/swapneel/rbe500/ghw1/groupassignment1/install/rrbot_gazebo/lib/pkgconfig/rrbot_gazebo.pc'
[0.958s] Level 1:colcon.colcon_core.environment:checking '/home/swapneel/rbe500/ghw1/groupassignment1/install/rrbot_gazebo/lib/python3.10/site-packages'
[0.958s] Level 1:colcon.colcon_core.environment:checking '/home/swapneel/rbe500/ghw1/groupassignment1/install/rrbot_gazebo/bin'
[0.959s] INFO:colcon.colcon_core.shell:Creating package script '/home/swapneel/rbe500/ghw1/groupassignment1/install/rrbot_gazebo/share/rrbot_gazebo/package.ps1'
[0.960s] INFO:colcon.colcon_core.shell:Creating package descriptor '/home/swapneel/rbe500/ghw1/groupassignment1/install/rrbot_gazebo/share/rrbot_gazebo/package.dsv'
[0.960s] INFO:colcon.colcon_core.shell:Creating package script '/home/swapneel/rbe500/ghw1/groupassignment1/install/rrbot_gazebo/share/rrbot_gazebo/package.sh'
[0.961s] INFO:colcon.colcon_core.shell:Creating package script '/home/swapneel/rbe500/ghw1/groupassignment1/install/rrbot_gazebo/share/rrbot_gazebo/package.bash'
[0.961s] INFO:colcon.colcon_core.shell:Creating package script '/home/swapneel/rbe500/ghw1/groupassignment1/install/rrbot_gazebo/share/rrbot_gazebo/package.zsh'
[0.961s] Level 1:colcon.colcon_core.environment:create_file_with_runtime_dependencies(/home/swapneel/rbe500/ghw1/groupassignment1/install/rrbot_gazebo/share/colcon-core/packages/rrbot_gazebo)
[0.987s] Level 1:colcon.colcon_core.environment:create_environment_scripts_only(rrbot_gazebo)
[0.989s] Level 1:colcon.colcon_core.environment:checking '/home/swapneel/rbe500/ghw1/groupassignment1/install/rrbot_gazebo' for CMake module files
[0.990s] Level 1:colcon.colcon_core.environment:checking '/home/swapneel/rbe500/ghw1/groupassignment1/install/rrbot_gazebo' for CMake config files
[0.990s] Level 1:colcon.colcon_core.shell:create_environment_hook('rrbot_gazebo', 'cmake_prefix_path')
[0.991s] INFO:colcon.colcon_core.shell:Creating environment hook '/home/swapneel/rbe500/ghw1/groupassignment1/install/rrbot_gazebo/share/rrbot_gazebo/hook/cmake_prefix_path.ps1'
[0.992s] INFO:colcon.colcon_core.shell:Creating environment descriptor '/home/swapneel/rbe500/ghw1/groupassignment1/install/rrbot_gazebo/share/rrbot_gazebo/hook/cmake_prefix_path.dsv'
[0.993s] INFO:colcon.colcon_core.shell:Creating environment hook '/home/swapneel/rbe500/ghw1/groupassignment1/install/rrbot_gazebo/share/rrbot_gazebo/hook/cmake_prefix_path.sh'
[0.993s] Level 1:colcon.colcon_core.environment:checking '/home/swapneel/rbe500/ghw1/groupassignment1/install/rrbot_gazebo/lib'
[0.993s] Level 1:colcon.colcon_core.environment:checking '/home/swapneel/rbe500/ghw1/groupassignment1/install/rrbot_gazebo/bin'
[0.993s] Level 1:colcon.colcon_core.environment:checking '/home/swapneel/rbe500/ghw1/groupassignment1/install/rrbot_gazebo/lib/pkgconfig/rrbot_gazebo.pc'
[0.993s] Level 1:colcon.colcon_core.environment:checking '/home/swapneel/rbe500/ghw1/groupassignment1/install/rrbot_gazebo/lib/python3.10/site-packages'
[0.994s] Level 1:colcon.colcon_core.environment:checking '/home/swapneel/rbe500/ghw1/groupassignment1/install/rrbot_gazebo/bin'
[0.995s] INFO:colcon.colcon_core.shell:Creating package script '/home/swapneel/rbe500/ghw1/groupassignment1/install/rrbot_gazebo/share/rrbot_gazebo/package.ps1'
[0.996s] INFO:colcon.colcon_core.shell:Creating package descriptor '/home/swapneel/rbe500/ghw1/groupassignment1/install/rrbot_gazebo/share/rrbot_gazebo/package.dsv'
[0.996s] INFO:colcon.colcon_core.shell:Creating package script '/home/swapneel/rbe500/ghw1/groupassignment1/install/rrbot_gazebo/share/rrbot_gazebo/package.sh'
[0.997s] INFO:colcon.colcon_core.shell:Creating package script '/home/swapneel/rbe500/ghw1/groupassignment1/install/rrbot_gazebo/share/rrbot_gazebo/package.bash'
[0.997s] INFO:colcon.colcon_core.shell:Creating package script '/home/swapneel/rbe500/ghw1/groupassignment1/install/rrbot_gazebo/share/rrbot_gazebo/package.zsh'
[0.998s] Level 1:colcon.colcon_core.environment:create_file_with_runtime_dependencies(/home/swapneel/rbe500/ghw1/groupassignment1/install/rrbot_gazebo/share/colcon-core/packages/rrbot_gazebo)
[1.006s] Level 1:colcon.colcon_core.environment:create_environment_scripts_only(tutorial_interfaces)
[1.007s] Level 1:colcon.colcon_core.environment:checking '/home/swapneel/rbe500/ghw1/groupassignment1/install/tutorial_interfaces' for CMake module files
[1.008s] Level 1:colcon.colcon_core.environment:checking '/home/swapneel/rbe500/ghw1/groupassignment1/install/tutorial_interfaces' for CMake config files
[1.009s] Level 1:colcon.colcon_core.shell:create_environment_hook('tutorial_interfaces', 'cmake_prefix_path')
[1.010s] INFO:colcon.colcon_core.shell:Creating environment hook '/home/swapneel/rbe500/ghw1/groupassignment1/install/tutorial_interfaces/share/tutorial_interfaces/hook/cmake_prefix_path.ps1'
[1.011s] INFO:colcon.colcon_core.shell:Creating environment descriptor '/home/swapneel/rbe500/ghw1/groupassignment1/install/tutorial_interfaces/share/tutorial_interfaces/hook/cmake_prefix_path.dsv'
[1.011s] INFO:colcon.colcon_core.shell:Creating environment hook '/home/swapneel/rbe500/ghw1/groupassignment1/install/tutorial_interfaces/share/tutorial_interfaces/hook/cmake_prefix_path.sh'
[1.012s] Level 1:colcon.colcon_core.environment:checking '/home/swapneel/rbe500/ghw1/groupassignment1/install/tutorial_interfaces/lib'
[1.012s] Level 1:colcon.colcon_core.shell:create_environment_hook('tutorial_interfaces', 'ld_library_path_lib')
[1.013s] INFO:colcon.colcon_core.shell:Creating environment hook '/home/swapneel/rbe500/ghw1/groupassignment1/install/tutorial_interfaces/share/tutorial_interfaces/hook/ld_library_path_lib.ps1'
[1.013s] INFO:colcon.colcon_core.shell:Creating environment descriptor '/home/swapneel/rbe500/ghw1/groupassignment1/install/tutorial_interfaces/share/tutorial_interfaces/hook/ld_library_path_lib.dsv'
[1.014s] INFO:colcon.colcon_core.shell:Creating environment hook '/home/swapneel/rbe500/ghw1/groupassignment1/install/tutorial_interfaces/share/tutorial_interfaces/hook/ld_library_path_lib.sh'
[1.014s] Level 1:colcon.colcon_core.environment:checking '/home/swapneel/rbe500/ghw1/groupassignment1/install/tutorial_interfaces/bin'
[1.014s] Level 1:colcon.colcon_core.environment:checking '/home/swapneel/rbe500/ghw1/groupassignment1/install/tutorial_interfaces/lib/pkgconfig/tutorial_interfaces.pc'
[1.014s] Level 1:colcon.colcon_core.environment:checking '/home/swapneel/rbe500/ghw1/groupassignment1/install/tutorial_interfaces/lib/python3.10/site-packages'
[1.014s] Level 1:colcon.colcon_core.environment:checking '/home/swapneel/rbe500/ghw1/groupassignment1/install/tutorial_interfaces/bin'
[1.016s] INFO:colcon.colcon_core.shell:Creating package script '/home/swapneel/rbe500/ghw1/groupassignment1/install/tutorial_interfaces/share/tutorial_interfaces/package.ps1'
[1.016s] INFO:colcon.colcon_core.shell:Creating package descriptor '/home/swapneel/rbe500/ghw1/groupassignment1/install/tutorial_interfaces/share/tutorial_interfaces/package.dsv'
[1.017s] INFO:colcon.colcon_core.shell:Creating package script '/home/swapneel/rbe500/ghw1/groupassignment1/install/tutorial_interfaces/share/tutorial_interfaces/package.sh'
[1.017s] INFO:colcon.colcon_core.shell:Creating package script '/home/swapneel/rbe500/ghw1/groupassignment1/install/tutorial_interfaces/share/tutorial_interfaces/package.bash'
[1.018s] INFO:colcon.colcon_core.shell:Creating package script '/home/swapneel/rbe500/ghw1/groupassignment1/install/tutorial_interfaces/share/tutorial_interfaces/package.zsh'
[1.018s] Level 1:colcon.colcon_core.environment:create_file_with_runtime_dependencies(/home/swapneel/rbe500/ghw1/groupassignment1/install/tutorial_interfaces/share/colcon-core/packages/tutorial_interfaces)
[1.018s] INFO:colcon.colcon_ros.task.ament_python.build:Building ROS package in '/home/swapneel/rbe500/ghw1/groupassignment1/src/inverse_kinematics' with build type 'ament_python'
[1.018s] Level 1:colcon.colcon_core.shell:create_environment_hook('inverse_kinematics', 'ament_prefix_path')
[1.020s] INFO:colcon.colcon_core.shell:Creating environment hook '/home/swapneel/rbe500/ghw1/groupassignment1/install/inverse_kinematics/share/inverse_kinematics/hook/ament_prefix_path.ps1'
[1.020s] INFO:colcon.colcon_core.shell:Creating environment descriptor '/home/swapneel/rbe500/ghw1/groupassignment1/install/inverse_kinematics/share/inverse_kinematics/hook/ament_prefix_path.dsv'
[1.021s] INFO:colcon.colcon_core.shell:Creating environment hook '/home/swapneel/rbe500/ghw1/groupassignment1/install/inverse_kinematics/share/inverse_kinematics/hook/ament_prefix_path.sh'
[1.022s] INFO:colcon.colcon_core.shell:Skip shell extension 'powershell' for command environment: Not usable outside of PowerShell
[1.022s] DEBUG:colcon.colcon_core.shell:Skip shell extension 'dsv' for command environment
[1.027s] INFO:colcon.colcon_ros.task.ament_python.build:Building ROS package in '/home/swapneel/rbe500/ghw1/groupassignment1/src/proj2' with build type 'ament_python'
[1.028s] Level 1:colcon.colcon_core.shell:create_environment_hook('proj2', 'ament_prefix_path')
[1.029s] INFO:colcon.colcon_core.shell:Creating environment hook '/home/swapneel/rbe500/ghw1/groupassignment1/install/proj2/share/proj2/hook/ament_prefix_path.ps1'
[1.030s] INFO:colcon.colcon_core.shell:Creating environment descriptor '/home/swapneel/rbe500/ghw1/groupassignment1/install/proj2/share/proj2/hook/ament_prefix_path.dsv'
[1.030s] INFO:colcon.colcon_core.shell:Creating environment hook '/home/swapneel/rbe500/ghw1/groupassignment1/install/proj2/share/proj2/hook/ament_prefix_path.sh'
[1.032s] INFO:colcon.colcon_core.shell:Skip shell extension 'powershell' for command environment: Not usable outside of PowerShell
[1.032s] DEBUG:colcon.colcon_core.shell:Skip shell extension 'dsv' for command environment
[1.285s] INFO:colcon.colcon_core.task.python.build:Building Python package in '/home/swapneel/rbe500/ghw1/groupassignment1/src/inverse_kinematics'
[1.286s] INFO:colcon.colcon_core.shell:Skip shell extension 'powershell' for command environment: Not usable outside of PowerShell
[1.286s] DEBUG:colcon.colcon_core.shell:Skip shell extension 'dsv' for command environment
[1.527s] INFO:colcon.colcon_core.task.python.build:Building Python package in '/home/swapneel/rbe500/ghw1/groupassignment1/src/proj2'
[1.529s] INFO:colcon.colcon_core.shell:Skip shell extension 'powershell' for command environment: Not usable outside of PowerShell
[1.529s] DEBUG:colcon.colcon_core.shell:Skip shell extension 'dsv' for command environment
[1.535s] DEBUG:colcon.colcon_core.event_handler.log_command:Invoking command in '/home/swapneel/rbe500/ghw1/groupassignment1/build/proj1': PYTHONPATH=/home/swapneel/rbe500/ghw1/groupassignment1/build/proj1/prefix_override:/home/swapneel/rbe500/ghw1/groupassignment1/install/proj1/lib/python3.10/site-packages:${PYTHONPATH} /usr/bin/python3 setup.py develop --editable --build-directory /home/swapneel/rbe500/ghw1/groupassignment1/build/proj1/build --no-deps install_data
[1.881s] DEBUG:colcon.colcon_core.event_handler.log_command:Invoking command in '/home/swapneel/rbe500/ghw1/groupassignment1/build/inverse_kinematics': LD_LIBRARY_PATH=/home/swapneel/rbe500/ghw1/groupassignment1/install/tutorial_interfaces/lib:/usr/lib/x86_64-linux-gnu/gazebo-11/plugins:/opt/ros/humble/opt/rviz_ogre_vendor/lib:/opt/ros/humble/lib/x86_64-linux-gnu:/opt/ros/humble/lib:/usr/share/gazebo/../../lib/x86_64-linux-gnu/gazebo-11/plugins PYTHONPATH=/home/swapneel/rbe500/ghw1/groupassignment1/build/inverse_kinematics/prefix_override:/home/swapneel/rbe500/ghw1/groupassignment1/install/inverse_kinematics/lib/python3.10/site-packages:${PYTHONPATH} /usr/bin/python3 setup.py develop --editable --build-directory /home/swapneel/rbe500/ghw1/groupassignment1/build/inverse_kinematics/build --no-deps install_data
[1.882s] DEBUG:colcon.colcon_core.event_handler.log_command:Invoking command in '/home/swapneel/rbe500/ghw1/groupassignment1/build/proj2': LD_LIBRARY_PATH=/home/swapneel/rbe500/ghw1/groupassignment1/install/tutorial_interfaces/lib:/usr/lib/x86_64-linux-gnu/gazebo-11/plugins:/opt/ros/humble/opt/rviz_ogre_vendor/lib:/opt/ros/humble/lib/x86_64-linux-gnu:/opt/ros/humble/lib:/usr/share/gazebo/../../lib/x86_64-linux-gnu/gazebo-11/plugins PYTHONPATH=/home/swapneel/rbe500/ghw1/groupassignment1/build/proj2/prefix_override:/home/swapneel/rbe500/ghw1/groupassignment1/install/proj2/lib/python3.10/site-packages:${PYTHONPATH} /usr/bin/python3 setup.py develop --editable --build-directory /home/swapneel/rbe500/ghw1/groupassignment1/build/proj2/build --no-deps install_data
[2.009s] Level 1:colcon.colcon_core.shell:create_environment_hook('proj1', 'pythonpath_develop')
[2.010s] INFO:colcon.colcon_core.shell:Creating environment hook '/home/swapneel/rbe500/ghw1/groupassignment1/build/proj1/share/proj1/hook/pythonpath_develop.ps1'
[2.010s] DEBUG:colcon.colcon_core.event_handler.log_command:Invoked command in '/home/swapneel/rbe500/ghw1/groupassignment1/build/proj1' returned '0': PYTHONPATH=/home/swapneel/rbe500/ghw1/groupassignment1/build/proj1/prefix_override:/home/swapneel/rbe500/ghw1/groupassignment1/install/proj1/lib/python3.10/site-packages:${PYTHONPATH} /usr/bin/python3 setup.py develop --editable --build-directory /home/swapneel/rbe500/ghw1/groupassignment1/build/proj1/build --no-deps install_data
[2.011s] INFO:colcon.colcon_core.shell:Creating environment descriptor '/home/swapneel/rbe500/ghw1/groupassignment1/build/proj1/share/proj1/hook/pythonpath_develop.dsv'
[2.011s] INFO:colcon.colcon_core.shell:Creating environment hook '/home/swapneel/rbe500/ghw1/groupassignment1/build/proj1/share/proj1/hook/pythonpath_develop.sh'
[2.014s] Level 1:colcon.colcon_core.environment:checking '/home/swapneel/rbe500/ghw1/groupassignment1/install/proj1' for CMake module files
[2.014s] Level 1:colcon.colcon_core.environment:checking '/home/swapneel/rbe500/ghw1/groupassignment1/install/proj1' for CMake config files
[2.015s] Level 1:colcon.colcon_core.environment:checking '/home/swapneel/rbe500/ghw1/groupassignment1/install/proj1/lib'
[2.015s] Level 1:colcon.colcon_core.environment:checking '/home/swapneel/rbe500/ghw1/groupassignment1/install/proj1/bin'
[2.015s] Level 1:colcon.colcon_core.environment:checking '/home/swapneel/rbe500/ghw1/groupassignment1/install/proj1/lib/pkgconfig/proj1.pc'
[2.015s] Level 1:colcon.colcon_core.environment:checking '/home/swapneel/rbe500/ghw1/groupassignment1/install/proj1/lib/python3.10/site-packages'
[2.015s] Level 1:colcon.colcon_core.shell:create_environment_hook('proj1', 'pythonpath')
[2.016s] INFO:colcon.colcon_core.shell:Creating environment hook '/home/swapneel/rbe500/ghw1/groupassignment1/install/proj1/share/proj1/hook/pythonpath.ps1'
[2.017s] INFO:colcon.colcon_core.shell:Creating environment descriptor '/home/swapneel/rbe500/ghw1/groupassignment1/install/proj1/share/proj1/hook/pythonpath.dsv'
[2.017s] INFO:colcon.colcon_core.shell:Creating environment hook '/home/swapneel/rbe500/ghw1/groupassignment1/install/proj1/share/proj1/hook/pythonpath.sh'
[2.018s] Level 1:colcon.colcon_core.environment:checking '/home/swapneel/rbe500/ghw1/groupassignment1/install/proj1/bin'
[2.018s] Level 1:colcon.colcon_core.environment:create_environment_scripts_only(proj1)
[2.019s] INFO:colcon.colcon_core.shell:Creating package script '/home/swapneel/rbe500/ghw1/groupassignment1/install/proj1/share/proj1/package.ps1'
[2.020s] INFO:colcon.colcon_core.shell:Creating package descriptor '/home/swapneel/rbe500/ghw1/groupassignment1/install/proj1/share/proj1/package.dsv'
[2.020s] INFO:colcon.colcon_core.shell:Creating package script '/home/swapneel/rbe500/ghw1/groupassignment1/install/proj1/share/proj1/package.sh'
[2.021s] INFO:colcon.colcon_core.shell:Creating package script '/home/swapneel/rbe500/ghw1/groupassignment1/install/proj1/share/proj1/package.bash'
[2.021s] INFO:colcon.colcon_core.shell:Creating package script '/home/swapneel/rbe500/ghw1/groupassignment1/install/proj1/share/proj1/package.zsh'
[2.022s] Level 1:colcon.colcon_core.environment:create_file_with_runtime_dependencies(/home/swapneel/rbe500/ghw1/groupassignment1/install/proj1/share/colcon-core/packages/proj1)
[2.347s] Level 1:colcon.colcon_core.shell:create_environment_hook('proj2', 'pythonpath_develop')
[2.349s] INFO:colcon.colcon_core.shell:Creating environment hook '/home/swapneel/rbe500/ghw1/groupassignment1/build/proj2/share/proj2/hook/pythonpath_develop.ps1'
[2.349s] DEBUG:colcon.colcon_core.event_handler.log_command:Invoked command in '/home/swapneel/rbe500/ghw1/groupassignment1/build/proj2' returned '0': LD_LIBRARY_PATH=/home/swapneel/rbe500/ghw1/groupassignment1/install/tutorial_interfaces/lib:/usr/lib/x86_64-linux-gnu/gazebo-11/plugins:/opt/ros/humble/opt/rviz_ogre_vendor/lib:/opt/ros/humble/lib/x86_64-linux-gnu:/opt/ros/humble/lib:/usr/share/gazebo/../../lib/x86_64-linux-gnu/gazebo-11/plugins PYTHONPATH=/home/swapneel/rbe500/ghw1/groupassignment1/build/proj2/prefix_override:/home/swapneel/rbe500/ghw1/groupassignment1/install/proj2/lib/python3.10/site-packages:${PYTHONPATH} /usr/bin/python3 setup.py develop --editable --build-directory /home/swapneel/rbe500/ghw1/groupassignment1/build/proj2/build --no-deps install_data
[2.349s] INFO:colcon.colcon_core.shell:Creating environment descriptor '/home/swapneel/rbe500/ghw1/groupassignment1/build/proj2/share/proj2/hook/pythonpath_develop.dsv'
[2.349s] INFO:colcon.colcon_core.shell:Creating environment hook '/home/swapneel/rbe500/ghw1/groupassignment1/build/proj2/share/proj2/hook/pythonpath_develop.sh'
[2.351s] Level 1:colcon.colcon_core.environment:checking '/home/swapneel/rbe500/ghw1/groupassignment1/install/proj2' for CMake module files
[2.352s] Level 1:colcon.colcon_core.environment:checking '/home/swapneel/rbe500/ghw1/groupassignment1/install/proj2' for CMake config files
[2.352s] Level 1:colcon.colcon_core.environment:checking '/home/swapneel/rbe500/ghw1/groupassignment1/install/proj2/lib'
[2.352s] Level 1:colcon.colcon_core.environment:checking '/home/swapneel/rbe500/ghw1/groupassignment1/install/proj2/bin'
[2.352s] Level 1:colcon.colcon_core.environment:checking '/home/swapneel/rbe500/ghw1/groupassignment1/install/proj2/lib/pkgconfig/proj2.pc'
[2.352s] Level 1:colcon.colcon_core.environment:checking '/home/swapneel/rbe500/ghw1/groupassignment1/install/proj2/lib/python3.10/site-packages'
[2.352s] Level 1:colcon.colcon_core.shell:create_environment_hook('proj2', 'pythonpath')
[2.353s] INFO:colcon.colcon_core.shell:Creating environment hook '/home/swapneel/rbe500/ghw1/groupassignment1/install/proj2/share/proj2/hook/pythonpath.ps1'
[2.354s] INFO:colcon.colcon_core.shell:Creating environment descriptor '/home/swapneel/rbe500/ghw1/groupassignment1/install/proj2/share/proj2/hook/pythonpath.dsv'
[2.354s] INFO:colcon.colcon_core.shell:Creating environment hook '/home/swapneel/rbe500/ghw1/groupassignment1/install/proj2/share/proj2/hook/pythonpath.sh'
[2.354s] Level 1:colcon.colcon_core.environment:checking '/home/swapneel/rbe500/ghw1/groupassignment1/install/proj2/bin'
[2.354s] Level 1:colcon.colcon_core.environment:create_environment_scripts_only(proj2)
[2.355s] INFO:colcon.colcon_core.shell:Creating package script '/home/swapneel/rbe500/ghw1/groupassignment1/install/proj2/share/proj2/package.ps1'
[2.356s] INFO:colcon.colcon_core.shell:Creating package descriptor '/home/swapneel/rbe500/ghw1/groupassignment1/install/proj2/share/proj2/package.dsv'
[2.356s] INFO:colcon.colcon_core.shell:Creating package script '/home/swapneel/rbe500/ghw1/groupassignment1/install/proj2/share/proj2/package.sh'
[2.357s] INFO:colcon.colcon_core.shell:Creating package script '/home/swapneel/rbe500/ghw1/groupassignment1/install/proj2/share/proj2/package.bash'
[2.357s] INFO:colcon.colcon_core.shell:Creating package script '/home/swapneel/rbe500/ghw1/groupassignment1/install/proj2/share/proj2/package.zsh'
[2.357s] Level 1:colcon.colcon_core.environment:create_file_with_runtime_dependencies(/home/swapneel/rbe500/ghw1/groupassignment1/install/proj2/share/colcon-core/packages/proj2)
[2.357s] Level 1:colcon.colcon_core.shell:create_environment_hook('inverse_kinematics', 'pythonpath_develop')
[2.358s] INFO:colcon.colcon_core.shell:Creating environment hook '/home/swapneel/rbe500/ghw1/groupassignment1/build/inverse_kinematics/share/inverse_kinematics/hook/pythonpath_develop.ps1'
[2.359s] INFO:colcon.colcon_core.shell:Creating environment descriptor '/home/swapneel/rbe500/ghw1/groupassignment1/build/inverse_kinematics/share/inverse_kinematics/hook/pythonpath_develop.dsv'
[2.359s] DEBUG:colcon.colcon_core.event_handler.log_command:Invoked command in '/home/swapneel/rbe500/ghw1/groupassignment1/build/inverse_kinematics' returned '0': LD_LIBRARY_PATH=/home/swapneel/rbe500/ghw1/groupassignment1/install/tutorial_interfaces/lib:/usr/lib/x86_64-linux-gnu/gazebo-11/plugins:/opt/ros/humble/opt/rviz_ogre_vendor/lib:/opt/ros/humble/lib/x86_64-linux-gnu:/opt/ros/humble/lib:/usr/share/gazebo/../../lib/x86_64-linux-gnu/gazebo-11/plugins PYTHONPATH=/home/swapneel/rbe500/ghw1/groupassignment1/build/inverse_kinematics/prefix_override:/home/swapneel/rbe500/ghw1/groupassignment1/install/inverse_kinematics/lib/python3.10/site-packages:${PYTHONPATH} /usr/bin/python3 setup.py develop --editable --build-directory /home/swapneel/rbe500/ghw1/groupassignment1/build/inverse_kinematics/build --no-deps install_data
[2.359s] INFO:colcon.colcon_core.shell:Creating environment hook '/home/swapneel/rbe500/ghw1/groupassignment1/build/inverse_kinematics/share/inverse_kinematics/hook/pythonpath_develop.sh'
[2.361s] Level 1:colcon.colcon_core.environment:checking '/home/swapneel/rbe500/ghw1/groupassignment1/install/inverse_kinematics' for CMake module files
[2.362s] Level 1:colcon.colcon_core.environment:checking '/home/swapneel/rbe500/ghw1/groupassignment1/install/inverse_kinematics' for CMake config files
[2.362s] Level 1:colcon.colcon_core.environment:checking '/home/swapneel/rbe500/ghw1/groupassignment1/install/inverse_kinematics/lib'
[2.362s] Level 1:colcon.colcon_core.environment:checking '/home/swapneel/rbe500/ghw1/groupassignment1/install/inverse_kinematics/bin'
[2.362s] Level 1:colcon.colcon_core.environment:checking '/home/swapneel/rbe500/ghw1/groupassignment1/install/inverse_kinematics/lib/pkgconfig/inverse_kinematics.pc'
[2.362s] Level 1:colcon.colcon_core.environment:checking '/home/swapneel/rbe500/ghw1/groupassignment1/install/inverse_kinematics/lib/python3.10/site-packages'
[2.362s] Level 1:colcon.colcon_core.shell:create_environment_hook('inverse_kinematics', 'pythonpath')
[2.364s] INFO:colcon.colcon_core.shell:Creating environment hook '/home/swapneel/rbe500/ghw1/groupassignment1/install/inverse_kinematics/share/inverse_kinematics/hook/pythonpath.ps1'
[2.364s] INFO:colcon.colcon_core.shell:Creating environment descriptor '/home/swapneel/rbe500/ghw1/groupassignment1/install/inverse_kinematics/share/inverse_kinematics/hook/pythonpath.dsv'
[2.364s] INFO:colcon.colcon_core.shell:Creating environment hook '/home/swapneel/rbe500/ghw1/groupassignment1/install/inverse_kinematics/share/inverse_kinematics/hook/pythonpath.sh'
[2.365s] Level 1:colcon.colcon_core.environment:checking '/home/swapneel/rbe500/ghw1/groupassignment1/install/inverse_kinematics/bin'
[2.365s] Level 1:colcon.colcon_core.environment:create_environment_scripts_only(inverse_kinematics)
[2.366s] INFO:colcon.colcon_core.shell:Creating package script '/home/swapneel/rbe500/ghw1/groupassignment1/install/inverse_kinematics/share/inverse_kinematics/package.ps1'
[2.366s] INFO:colcon.colcon_core.shell:Creating package descriptor '/home/swapneel/rbe500/ghw1/groupassignment1/install/inverse_kinematics/share/inverse_kinematics/package.dsv'
[2.367s] INFO:colcon.colcon_core.shell:Creating package script '/home/swapneel/rbe500/ghw1/groupassignment1/install/inverse_kinematics/share/inverse_kinematics/package.sh'
[2.367s] INFO:colcon.colcon_core.shell:Creating package script '/home/swapneel/rbe500/ghw1/groupassignment1/install/inverse_kinematics/share/inverse_kinematics/package.bash'
[2.367s] INFO:colcon.colcon_core.shell:Creating package script '/home/swapneel/rbe500/ghw1/groupassignment1/install/inverse_kinematics/share/inverse_kinematics/package.zsh'
[2.368s] Level 1:colcon.colcon_core.environment:create_file_with_runtime_dependencies(/home/swapneel/rbe500/ghw1/groupassignment1/install/inverse_kinematics/share/colcon-core/packages/inverse_kinematics)
[2.368s] DEBUG:colcon.colcon_parallel_executor.executor.parallel:closing loop
[2.368s] DEBUG:colcon.colcon_parallel_executor.executor.parallel:loop closed
[2.368s] DEBUG:colcon.colcon_parallel_executor.executor.parallel:run_until_complete finished with '0'
[2.368s] DEBUG:colcon.colcon_core.event_reactor:joining thread
[2.375s] INFO:colcon.colcon_core.plugin_system:Skipping extension 'colcon_notification.desktop_notification.terminal_notifier': Not used on non-Darwin systems
[2.375s] INFO:colcon.colcon_core.plugin_system:Skipping extension 'colcon_notification.desktop_notification.win32': Not used on non-Windows systems
[2.375s] INFO:colcon.colcon_notification.desktop_notification:Sending desktop notification using 'notify2'
[2.385s] DEBUG:colcon.colcon_core.event_reactor:joined thread
[2.386s] INFO:colcon.colcon_core.shell:Creating prefix script '/home/swapneel/rbe500/ghw1/groupassignment1/install/local_setup.ps1'
[2.387s] INFO:colcon.colcon_core.shell:Creating prefix util module '/home/swapneel/rbe500/ghw1/groupassignment1/install/_local_setup_util_ps1.py'
[2.388s] INFO:colcon.colcon_core.shell:Creating prefix chain script '/home/swapneel/rbe500/ghw1/groupassignment1/install/setup.ps1'
[2.390s] INFO:colcon.colcon_core.shell:Creating prefix script '/home/swapneel/rbe500/ghw1/groupassignment1/install/local_setup.sh'
[2.390s] INFO:colcon.colcon_core.shell:Creating prefix util module '/home/swapneel/rbe500/ghw1/groupassignment1/install/_local_setup_util_sh.py'
[2.391s] INFO:colcon.colcon_core.shell:Creating prefix chain script '/home/swapneel/rbe500/ghw1/groupassignment1/install/setup.sh'
[2.393s] INFO:colcon.colcon_core.shell:Creating prefix script '/home/swapneel/rbe500/ghw1/groupassignment1/install/local_setup.bash'
[2.393s] INFO:colcon.colcon_core.shell:Creating prefix chain script '/home/swapneel/rbe500/ghw1/groupassignment1/install/setup.bash'
[2.394s] INFO:colcon.colcon_core.shell:Creating prefix script '/home/swapneel/rbe500/ghw1/groupassignment1/install/local_setup.zsh'
[2.395s] INFO:colcon.colcon_core.shell:Creating prefix chain script '/home/swapneel/rbe500/ghw1/groupassignment1/install/setup.zsh'
