[3.138s] Invoking command in '/home/swapneel/rbe500/ghw1/groupassignment1/build/proj1': PYTHONPATH=/home/swapneel/rbe500/ghw1/groupassignment1/build/proj1/prefix_override:/home/swapneel/rbe500/ghw1/groupassignment1/install/proj1/lib/python3.10/site-packages:${PYTHONPATH} /usr/bin/python3 setup.py develop --editable --build-directory /home/swapneel/rbe500/ghw1/groupassignment1/build/proj1/build --no-deps install_data
[3.345s] running develop
[3.390s] /usr/lib/python3/dist-packages/setuptools/command/easy_install.py:158: EasyInstallDeprecationWarning: easy_install command is deprecated. Use build and pip and other standards-based tools.
[3.391s]   warnings.warn(
[3.415s] /usr/lib/python3/dist-packages/setuptools/command/install.py:34: SetuptoolsDeprecationWarning: setup.py install is deprecated. Use build and pip and other standards-based tools.
[3.415s]   warnings.warn(
[3.632s] /usr/lib/python3/dist-packages/pkg_resources/__init__.py:116: PkgResourcesDeprecationWarning: 1.1build1 is an invalid version and will not be supported in a future release
[3.632s]   warnings.warn(
[3.633s] /usr/lib/python3/dist-packages/pkg_resources/__init__.py:116: PkgResourcesDeprecationWarning: 0.1.43ubuntu1 is an invalid version and will not be supported in a future release
[3.633s]   warnings.warn(
[3.727s] running egg_info
[3.727s] writing proj1.egg-info/PKG-INFO
[3.728s] writing dependency_links to proj1.egg-info/dependency_links.txt
[3.728s] writing entry points to proj1.egg-info/entry_points.txt
[3.728s] writing requirements to proj1.egg-info/requires.txt
[3.728s] writing top-level names to proj1.egg-info/top_level.txt
[3.730s] reading manifest file 'proj1.egg-info/SOURCES.txt'
[3.734s] writing manifest file 'proj1.egg-info/SOURCES.txt'
[3.735s] running build_ext
[3.735s] Creating /home/swapneel/rbe500/ghw1/groupassignment1/install/proj1/lib/python3.10/site-packages/proj1.egg-link (link to .)
[3.736s] Installing subscriber script to /home/swapneel/rbe500/ghw1/groupassignment1/install/proj1/lib/proj1
[3.736s] 
[3.736s] Installed /home/swapneel/rbe500/ghw1/groupassignment1/build/proj1
[3.736s] running install_data
[3.853s] Invoked command in '/home/swapneel/rbe500/ghw1/groupassignment1/build/proj1' returned '0': PYTHONPATH=/home/swapneel/rbe500/ghw1/groupassignment1/build/proj1/prefix_override:/home/swapneel/rbe500/ghw1/groupassignment1/install/proj1/lib/python3.10/site-packages:${PYTHONPATH} /usr/bin/python3 setup.py develop --editable --build-directory /home/swapneel/rbe500/ghw1/groupassignment1/build/proj1/build --no-deps install_data
