[0.025s] Invoking command in '/home/swapneel/rbe500/ghw1/groupassignment1/build/tutorial_interfaces': CMAKE_PREFIX_PATH=${CMAKE_PREFIX_PATH}:/home/swapneel/rbe500/ghw1/groupassignment1/install/proj2:/home/swapneel/rbe500/ghw1/groupassignment1/install/inverse_kinematics:/home/swapneel/rbe500/ghw1/groupassignment1/install/proj1:/opt/ros/humble /usr/bin/cmake --build /home/swapneel/rbe500/ghw1/groupassignment1/build/tutorial_interfaces -- -j8 -l8
[0.064s] [  3%] Built target tutorial_interfaces__cpp
[0.067s] [ 12%] Built target tutorial_interfaces__rosidl_generator_c
[0.077s] [ 12%] Built target ament_cmake_python_symlink_tutorial_interfaces
[0.085s] [ 22%] Built target tutorial_interfaces__rosidl_typesupport_cpp
[0.090s] [ 32%] Built target tutorial_interfaces__rosidl_typesupport_introspection_cpp
[0.091s] [ 41%] Built target tutorial_interfaces__rosidl_typesupport_introspection_c
[0.093s] [ 51%] Built target tutorial_interfaces__rosidl_typesupport_fastrtps_cpp
[0.094s] [ 61%] Built target tutorial_interfaces__rosidl_typesupport_fastrtps_c
[0.097s] [ 70%] Built target tutorial_interfaces__rosidl_typesupport_c
[0.116s] [ 70%] Built target tutorial_interfaces
[0.133s] [ 74%] Built target tutorial_interfaces__py
[0.152s] [ 80%] Built target tutorial_interfaces__rosidl_generator_py
[0.171s] [ 87%] Built target tutorial_interfaces__rosidl_typesupport_c__pyext
[0.171s] [ 93%] Built target tutorial_interfaces__rosidl_typesupport_introspection_c__pyext
[0.178s] [100%] Built target tutorial_interfaces__rosidl_typesupport_fastrtps_c__pyext
[0.321s] running egg_info
[0.322s] writing tutorial_interfaces.egg-info/PKG-INFO
[0.322s] writing dependency_links to tutorial_interfaces.egg-info/dependency_links.txt
[0.323s] writing top-level names to tutorial_interfaces.egg-info/top_level.txt
[0.326s] reading manifest file 'tutorial_interfaces.egg-info/SOURCES.txt'
[0.326s] writing manifest file 'tutorial_interfaces.egg-info/SOURCES.txt'
[0.355s] [100%] Built target ament_cmake_python_build_tutorial_interfaces_egg
[0.373s] Invoked command in '/home/swapneel/rbe500/ghw1/groupassignment1/build/tutorial_interfaces' returned '0': CMAKE_PREFIX_PATH=${CMAKE_PREFIX_PATH}:/home/swapneel/rbe500/ghw1/groupassignment1/install/proj2:/home/swapneel/rbe500/ghw1/groupassignment1/install/inverse_kinematics:/home/swapneel/rbe500/ghw1/groupassignment1/install/proj1:/opt/ros/humble /usr/bin/cmake --build /home/swapneel/rbe500/ghw1/groupassignment1/build/tutorial_interfaces -- -j8 -l8
[0.421s] Invoking command in '/home/swapneel/rbe500/ghw1/groupassignment1/build/tutorial_interfaces': CMAKE_PREFIX_PATH=${CMAKE_PREFIX_PATH}:/home/swapneel/rbe500/ghw1/groupassignment1/install/proj2:/home/swapneel/rbe500/ghw1/groupassignment1/install/inverse_kinematics:/home/swapneel/rbe500/ghw1/groupassignment1/install/proj1:/opt/ros/humble /usr/bin/cmake --install /home/swapneel/rbe500/ghw1/groupassignment1/build/tutorial_interfaces
[0.429s] -- Install configuration: ""
[0.429s] -- Execute custom install script
[0.430s] -- Up-to-date symlink: /home/swapneel/rbe500/ghw1/groupassignment1/install/tutorial_interfaces/share/ament_index/resource_index/rosidl_interfaces/tutorial_interfaces
[0.430s] -- Up-to-date symlink: /home/swapneel/rbe500/ghw1/groupassignment1/install/tutorial_interfaces/include/tutorial_interfaces/tutorial_interfaces/msg/rosidl_generator_c__visibility_control.h
[0.430s] -- Up-to-date symlink: /home/swapneel/rbe500/ghw1/groupassignment1/install/tutorial_interfaces/include/tutorial_interfaces/tutorial_interfaces/srv/detail/first_service__functions.h
[0.430s] -- Up-to-date symlink: /home/swapneel/rbe500/ghw1/groupassignment1/install/tutorial_interfaces/include/tutorial_interfaces/tutorial_interfaces/srv/detail/first_service__struct.h
[0.430s] -- Up-to-date symlink: /home/swapneel/rbe500/ghw1/groupassignment1/install/tutorial_interfaces/include/tutorial_interfaces/tutorial_interfaces/srv/detail/first_service__type_support.h
[0.431s] -- Up-to-date symlink: /home/swapneel/rbe500/ghw1/groupassignment1/install/tutorial_interfaces/include/tutorial_interfaces/tutorial_interfaces/srv/first_service.h
[0.431s] -- Up-to-date symlink: /home/swapneel/rbe500/ghw1/groupassignment1/install/tutorial_interfaces/share/tutorial_interfaces/environment/library_path.sh
[0.431s] -- Up-to-date symlink: /home/swapneel/rbe500/ghw1/groupassignment1/install/tutorial_interfaces/share/tutorial_interfaces/environment/library_path.dsv
[0.432s] -- Up-to-date symlink: /home/swapneel/rbe500/ghw1/groupassignment1/install/tutorial_interfaces/include/tutorial_interfaces/tutorial_interfaces/msg/rosidl_typesupport_fastrtps_c__visibility_control.h
[0.432s] -- Up-to-date symlink: /home/swapneel/rbe500/ghw1/groupassignment1/install/tutorial_interfaces/include/tutorial_interfaces/tutorial_interfaces/srv/detail/first_service__rosidl_typesupport_fastrtps_c.h
[0.432s] -- Up-to-date symlink: /home/swapneel/rbe500/ghw1/groupassignment1/install/tutorial_interfaces/include/tutorial_interfaces/tutorial_interfaces/msg/rosidl_typesupport_introspection_c__visibility_control.h
[0.432s] -- Up-to-date symlink: /home/swapneel/rbe500/ghw1/groupassignment1/install/tutorial_interfaces/include/tutorial_interfaces/tutorial_interfaces/srv/detail/first_service__rosidl_typesupport_introspection_c.h
[0.433s] -- Up-to-date symlink: /home/swapneel/rbe500/ghw1/groupassignment1/install/tutorial_interfaces/include/tutorial_interfaces/tutorial_interfaces/srv/detail/first_service__builder.hpp
[0.433s] -- Up-to-date symlink: /home/swapneel/rbe500/ghw1/groupassignment1/install/tutorial_interfaces/include/tutorial_interfaces/tutorial_interfaces/srv/detail/first_service__struct.hpp
[0.433s] -- Up-to-date symlink: /home/swapneel/rbe500/ghw1/groupassignment1/install/tutorial_interfaces/include/tutorial_interfaces/tutorial_interfaces/srv/detail/first_service__traits.hpp
[0.433s] -- Up-to-date symlink: /home/swapneel/rbe500/ghw1/groupassignment1/install/tutorial_interfaces/include/tutorial_interfaces/tutorial_interfaces/srv/first_service.hpp
[0.433s] -- Up-to-date symlink: /home/swapneel/rbe500/ghw1/groupassignment1/install/tutorial_interfaces/include/tutorial_interfaces/tutorial_interfaces/msg/rosidl_typesupport_fastrtps_cpp__visibility_control.h
[0.433s] -- Up-to-date symlink: /home/swapneel/rbe500/ghw1/groupassignment1/install/tutorial_interfaces/include/tutorial_interfaces/tutorial_interfaces/srv/detail/first_service__rosidl_typesupport_fastrtps_cpp.hpp
[0.434s] -- Up-to-date symlink: /home/swapneel/rbe500/ghw1/groupassignment1/install/tutorial_interfaces/include/tutorial_interfaces/tutorial_interfaces/srv/detail/first_service__rosidl_typesupport_introspection_cpp.hpp
[0.434s] -- Up-to-date symlink: /home/swapneel/rbe500/ghw1/groupassignment1/install/tutorial_interfaces/share/tutorial_interfaces/environment/pythonpath.sh
[0.434s] -- Up-to-date symlink: /home/swapneel/rbe500/ghw1/groupassignment1/install/tutorial_interfaces/share/tutorial_interfaces/environment/pythonpath.dsv
[0.435s] -- Up-to-date symlink: /home/swapneel/rbe500/ghw1/groupassignment1/install/tutorial_interfaces/local/lib/python3.10/dist-packages/tutorial_interfaces-0.0.0-py3.10.egg-info/PKG-INFO
[0.435s] -- Up-to-date symlink: /home/swapneel/rbe500/ghw1/groupassignment1/install/tutorial_interfaces/local/lib/python3.10/dist-packages/tutorial_interfaces-0.0.0-py3.10.egg-info/SOURCES.txt
[0.435s] -- Up-to-date symlink: /home/swapneel/rbe500/ghw1/groupassignment1/install/tutorial_interfaces/local/lib/python3.10/dist-packages/tutorial_interfaces-0.0.0-py3.10.egg-info/dependency_links.txt
[0.435s] -- Up-to-date symlink: /home/swapneel/rbe500/ghw1/groupassignment1/install/tutorial_interfaces/local/lib/python3.10/dist-packages/tutorial_interfaces-0.0.0-py3.10.egg-info/top_level.txt
[0.435s] -- Up-to-date symlink: /home/swapneel/rbe500/ghw1/groupassignment1/install/tutorial_interfaces/local/lib/python3.10/dist-packages/tutorial_interfaces/__init__.py
[0.435s] -- Up-to-date symlink: /home/swapneel/rbe500/ghw1/groupassignment1/install/tutorial_interfaces/local/lib/python3.10/dist-packages/tutorial_interfaces/_tutorial_interfaces_s.ep.rosidl_typesupport_c.c
[0.435s] -- Up-to-date symlink: /home/swapneel/rbe500/ghw1/groupassignment1/install/tutorial_interfaces/local/lib/python3.10/dist-packages/tutorial_interfaces/_tutorial_interfaces_s.ep.rosidl_typesupport_fastrtps_c.c
[0.435s] -- Up-to-date symlink: /home/swapneel/rbe500/ghw1/groupassignment1/install/tutorial_interfaces/local/lib/python3.10/dist-packages/tutorial_interfaces/_tutorial_interfaces_s.ep.rosidl_typesupport_introspection_c.c
[0.435s] -- Up-to-date symlink: /home/swapneel/rbe500/ghw1/groupassignment1/install/tutorial_interfaces/local/lib/python3.10/dist-packages/tutorial_interfaces/libtutorial_interfaces__rosidl_generator_py.so
[0.435s] -- Up-to-date symlink: /home/swapneel/rbe500/ghw1/groupassignment1/install/tutorial_interfaces/local/lib/python3.10/dist-packages/tutorial_interfaces/srv/__init__.py
[0.436s] -- Up-to-date symlink: /home/swapneel/rbe500/ghw1/groupassignment1/install/tutorial_interfaces/local/lib/python3.10/dist-packages/tutorial_interfaces/srv/_first_service.py
[0.436s] -- Up-to-date symlink: /home/swapneel/rbe500/ghw1/groupassignment1/install/tutorial_interfaces/local/lib/python3.10/dist-packages/tutorial_interfaces/srv/_first_service_s.c
[0.436s] -- Up-to-date symlink: /home/swapneel/rbe500/ghw1/groupassignment1/install/tutorial_interfaces/local/lib/python3.10/dist-packages/tutorial_interfaces/tutorial_interfaces_s__rosidl_typesupport_c.cpython-310-x86_64-linux-gnu.so
[0.436s] -- Up-to-date symlink: /home/swapneel/rbe500/ghw1/groupassignment1/install/tutorial_interfaces/local/lib/python3.10/dist-packages/tutorial_interfaces/tutorial_interfaces_s__rosidl_typesupport_fastrtps_c.cpython-310-x86_64-linux-gnu.so
[0.436s] -- Up-to-date symlink: /home/swapneel/rbe500/ghw1/groupassignment1/install/tutorial_interfaces/local/lib/python3.10/dist-packages/tutorial_interfaces/tutorial_interfaces_s__rosidl_typesupport_introspection_c.cpython-310-x86_64-linux-gnu.so
[0.436s] -- Up-to-date symlink: /home/swapneel/rbe500/ghw1/groupassignment1/install/tutorial_interfaces/local/lib/python3.10/dist-packages/tutorial_interfaces/tutorial_interfaces_s__rosidl_typesupport_fastrtps_c.cpython-310-x86_64-linux-gnu.so
[0.436s] -- Up-to-date symlink: /home/swapneel/rbe500/ghw1/groupassignment1/install/tutorial_interfaces/local/lib/python3.10/dist-packages/tutorial_interfaces/tutorial_interfaces_s__rosidl_typesupport_introspection_c.cpython-310-x86_64-linux-gnu.so
[0.436s] -- Up-to-date symlink: /home/swapneel/rbe500/ghw1/groupassignment1/install/tutorial_interfaces/local/lib/python3.10/dist-packages/tutorial_interfaces/tutorial_interfaces_s__rosidl_typesupport_c.cpython-310-x86_64-linux-gnu.so
[0.437s] -- Up-to-date symlink: /home/swapneel/rbe500/ghw1/groupassignment1/install/tutorial_interfaces/share/tutorial_interfaces/srv/FirstService.idl
[0.437s] -- Up-to-date symlink: /home/swapneel/rbe500/ghw1/groupassignment1/install/tutorial_interfaces/share/tutorial_interfaces/srv/FirstService.srv
[0.437s] -- Up-to-date symlink: /home/swapneel/rbe500/ghw1/groupassignment1/install/tutorial_interfaces/share/tutorial_interfaces/srv/FirstService_Request.msg
[0.438s] -- Up-to-date symlink: /home/swapneel/rbe500/ghw1/groupassignment1/install/tutorial_interfaces/share/tutorial_interfaces/srv/FirstService_Response.msg
[0.438s] -- Up-to-date symlink: /home/swapneel/rbe500/ghw1/groupassignment1/install/tutorial_interfaces/share/ament_index/resource_index/package_run_dependencies/tutorial_interfaces
[0.438s] -- Up-to-date symlink: /home/swapneel/rbe500/ghw1/groupassignment1/install/tutorial_interfaces/share/ament_index/resource_index/parent_prefix_path/tutorial_interfaces
[0.438s] -- Up-to-date symlink: /home/swapneel/rbe500/ghw1/groupassignment1/install/tutorial_interfaces/share/tutorial_interfaces/environment/ament_prefix_path.sh
[0.438s] -- Up-to-date symlink: /home/swapneel/rbe500/ghw1/groupassignment1/install/tutorial_interfaces/share/tutorial_interfaces/environment/ament_prefix_path.dsv
[0.438s] -- Up-to-date symlink: /home/swapneel/rbe500/ghw1/groupassignment1/install/tutorial_interfaces/share/tutorial_interfaces/environment/path.sh
[0.438s] -- Up-to-date symlink: /home/swapneel/rbe500/ghw1/groupassignment1/install/tutorial_interfaces/share/tutorial_interfaces/environment/path.dsv
[0.438s] -- Up-to-date symlink: /home/swapneel/rbe500/ghw1/groupassignment1/install/tutorial_interfaces/share/tutorial_interfaces/local_setup.bash
[0.438s] -- Up-to-date symlink: /home/swapneel/rbe500/ghw1/groupassignment1/install/tutorial_interfaces/share/tutorial_interfaces/local_setup.sh
[0.438s] -- Up-to-date symlink: /home/swapneel/rbe500/ghw1/groupassignment1/install/tutorial_interfaces/share/tutorial_interfaces/local_setup.zsh
[0.438s] -- Up-to-date symlink: /home/swapneel/rbe500/ghw1/groupassignment1/install/tutorial_interfaces/share/tutorial_interfaces/local_setup.dsv
[0.438s] -- Symlinking: /home/swapneel/rbe500/ghw1/groupassignment1/install/tutorial_interfaces/share/tutorial_interfaces/package.dsv
[0.446s] -- Up-to-date symlink: /home/swapneel/rbe500/ghw1/groupassignment1/install/tutorial_interfaces/share/ament_index/resource_index/packages/tutorial_interfaces
[0.446s] -- Up-to-date symlink: /home/swapneel/rbe500/ghw1/groupassignment1/install/tutorial_interfaces/share/tutorial_interfaces/cmake/rosidl_cmake-extras.cmake
[0.446s] -- Up-to-date symlink: /home/swapneel/rbe500/ghw1/groupassignment1/install/tutorial_interfaces/share/tutorial_interfaces/cmake/ament_cmake_export_include_directories-extras.cmake
[0.446s] -- Up-to-date symlink: /home/swapneel/rbe500/ghw1/groupassignment1/install/tutorial_interfaces/share/tutorial_interfaces/cmake/ament_cmake_export_libraries-extras.cmake
[0.446s] -- Up-to-date symlink: /home/swapneel/rbe500/ghw1/groupassignment1/install/tutorial_interfaces/share/tutorial_interfaces/cmake/ament_cmake_export_targets-extras.cmake
[0.446s] -- Up-to-date symlink: /home/swapneel/rbe500/ghw1/groupassignment1/install/tutorial_interfaces/share/tutorial_interfaces/cmake/rosidl_cmake_export_typesupport_targets-extras.cmake
[0.447s] -- Up-to-date symlink: /home/swapneel/rbe500/ghw1/groupassignment1/install/tutorial_interfaces/share/tutorial_interfaces/cmake/ament_cmake_export_dependencies-extras.cmake
[0.447s] -- Up-to-date symlink: /home/swapneel/rbe500/ghw1/groupassignment1/install/tutorial_interfaces/share/tutorial_interfaces/cmake/rosidl_cmake_export_typesupport_libraries-extras.cmake
[0.447s] -- Up-to-date symlink: /home/swapneel/rbe500/ghw1/groupassignment1/install/tutorial_interfaces/share/tutorial_interfaces/cmake/tutorial_interfacesConfig.cmake
[0.447s] -- Up-to-date symlink: /home/swapneel/rbe500/ghw1/groupassignment1/install/tutorial_interfaces/share/tutorial_interfaces/cmake/tutorial_interfacesConfig-version.cmake
[0.447s] -- Up-to-date symlink: /home/swapneel/rbe500/ghw1/groupassignment1/install/tutorial_interfaces/share/tutorial_interfaces/package.xml
[0.447s] -- Up-to-date: /home/swapneel/rbe500/ghw1/groupassignment1/install/tutorial_interfaces/lib/libtutorial_interfaces__rosidl_generator_c.so
[0.447s] -- Up-to-date: /home/swapneel/rbe500/ghw1/groupassignment1/install/tutorial_interfaces/lib/libtutorial_interfaces__rosidl_typesupport_fastrtps_c.so
[0.447s] -- Up-to-date: /home/swapneel/rbe500/ghw1/groupassignment1/install/tutorial_interfaces/lib/libtutorial_interfaces__rosidl_typesupport_introspection_c.so
[0.448s] -- Up-to-date: /home/swapneel/rbe500/ghw1/groupassignment1/install/tutorial_interfaces/lib/libtutorial_interfaces__rosidl_typesupport_c.so
[0.448s] -- Up-to-date: /home/swapneel/rbe500/ghw1/groupassignment1/install/tutorial_interfaces/lib/libtutorial_interfaces__rosidl_typesupport_fastrtps_cpp.so
[0.448s] -- Up-to-date: /home/swapneel/rbe500/ghw1/groupassignment1/install/tutorial_interfaces/lib/libtutorial_interfaces__rosidl_typesupport_introspection_cpp.so
[0.448s] -- Up-to-date: /home/swapneel/rbe500/ghw1/groupassignment1/install/tutorial_interfaces/lib/libtutorial_interfaces__rosidl_typesupport_cpp.so
[0.483s] Listing '/home/swapneel/rbe500/ghw1/groupassignment1/install/tutorial_interfaces/local/lib/python3.10/dist-packages/tutorial_interfaces'...
[0.483s] Listing '/home/swapneel/rbe500/ghw1/groupassignment1/install/tutorial_interfaces/local/lib/python3.10/dist-packages/tutorial_interfaces/srv'...
[0.487s] -- Up-to-date: /home/swapneel/rbe500/ghw1/groupassignment1/install/tutorial_interfaces/lib/libtutorial_interfaces__rosidl_generator_py.so
[0.487s] -- Up-to-date: /home/swapneel/rbe500/ghw1/groupassignment1/install/tutorial_interfaces/share/tutorial_interfaces/cmake/export_tutorial_interfaces__rosidl_generator_cExport.cmake
[0.487s] -- Up-to-date: /home/swapneel/rbe500/ghw1/groupassignment1/install/tutorial_interfaces/share/tutorial_interfaces/cmake/export_tutorial_interfaces__rosidl_generator_cExport-noconfig.cmake
[0.487s] -- Up-to-date: /home/swapneel/rbe500/ghw1/groupassignment1/install/tutorial_interfaces/share/tutorial_interfaces/cmake/export_tutorial_interfaces__rosidl_typesupport_fastrtps_cExport.cmake
[0.487s] -- Up-to-date: /home/swapneel/rbe500/ghw1/groupassignment1/install/tutorial_interfaces/share/tutorial_interfaces/cmake/export_tutorial_interfaces__rosidl_typesupport_fastrtps_cExport-noconfig.cmake
[0.487s] -- Up-to-date: /home/swapneel/rbe500/ghw1/groupassignment1/install/tutorial_interfaces/share/tutorial_interfaces/cmake/tutorial_interfaces__rosidl_typesupport_introspection_cExport.cmake
[0.488s] -- Up-to-date: /home/swapneel/rbe500/ghw1/groupassignment1/install/tutorial_interfaces/share/tutorial_interfaces/cmake/tutorial_interfaces__rosidl_typesupport_introspection_cExport-noconfig.cmake
[0.488s] -- Up-to-date: /home/swapneel/rbe500/ghw1/groupassignment1/install/tutorial_interfaces/share/tutorial_interfaces/cmake/tutorial_interfaces__rosidl_typesupport_cExport.cmake
[0.488s] -- Up-to-date: /home/swapneel/rbe500/ghw1/groupassignment1/install/tutorial_interfaces/share/tutorial_interfaces/cmake/tutorial_interfaces__rosidl_typesupport_cExport-noconfig.cmake
[0.488s] -- Up-to-date: /home/swapneel/rbe500/ghw1/groupassignment1/install/tutorial_interfaces/share/tutorial_interfaces/cmake/export_tutorial_interfaces__rosidl_generator_cppExport.cmake
[0.488s] -- Up-to-date: /home/swapneel/rbe500/ghw1/groupassignment1/install/tutorial_interfaces/share/tutorial_interfaces/cmake/export_tutorial_interfaces__rosidl_typesupport_fastrtps_cppExport.cmake
[0.488s] -- Up-to-date: /home/swapneel/rbe500/ghw1/groupassignment1/install/tutorial_interfaces/share/tutorial_interfaces/cmake/export_tutorial_interfaces__rosidl_typesupport_fastrtps_cppExport-noconfig.cmake
[0.488s] -- Up-to-date: /home/swapneel/rbe500/ghw1/groupassignment1/install/tutorial_interfaces/share/tutorial_interfaces/cmake/tutorial_interfaces__rosidl_typesupport_introspection_cppExport.cmake
[0.488s] -- Up-to-date: /home/swapneel/rbe500/ghw1/groupassignment1/install/tutorial_interfaces/share/tutorial_interfaces/cmake/tutorial_interfaces__rosidl_typesupport_introspection_cppExport-noconfig.cmake
[0.488s] -- Up-to-date: /home/swapneel/rbe500/ghw1/groupassignment1/install/tutorial_interfaces/share/tutorial_interfaces/cmake/tutorial_interfaces__rosidl_typesupport_cppExport.cmake
[0.489s] -- Up-to-date: /home/swapneel/rbe500/ghw1/groupassignment1/install/tutorial_interfaces/share/tutorial_interfaces/cmake/tutorial_interfaces__rosidl_typesupport_cppExport-noconfig.cmake
[0.489s] -- Up-to-date: /home/swapneel/rbe500/ghw1/groupassignment1/install/tutorial_interfaces/share/tutorial_interfaces/cmake/export_tutorial_interfaces__rosidl_generator_pyExport.cmake
[0.489s] -- Up-to-date: /home/swapneel/rbe500/ghw1/groupassignment1/install/tutorial_interfaces/share/tutorial_interfaces/cmake/export_tutorial_interfaces__rosidl_generator_pyExport-noconfig.cmake
[0.497s] Invoked command in '/home/swapneel/rbe500/ghw1/groupassignment1/build/tutorial_interfaces' returned '0': CMAKE_PREFIX_PATH=${CMAKE_PREFIX_PATH}:/home/swapneel/rbe500/ghw1/groupassignment1/install/proj2:/home/swapneel/rbe500/ghw1/groupassignment1/install/inverse_kinematics:/home/swapneel/rbe500/ghw1/groupassignment1/install/proj1:/opt/ros/humble /usr/bin/cmake --install /home/swapneel/rbe500/ghw1/groupassignment1/build/tutorial_interfaces
