[0.034s] Invoking command in '/home/swapneel/rbe500/ghw1/groupassignment1/build/tutorial_interfaces': CMAKE_PREFIX_PATH=${CMAKE_PREFIX_PATH}:/home/swapneel/rbe500/ghw1/groupassignment1/install/proj2:/home/swapneel/rbe500/ghw1/groupassignment1/install/inverse_kinematics:/home/swapneel/rbe500/ghw1/groupassignment1/install/proj1:/opt/ros/humble /usr/bin/cmake --build /home/swapneel/rbe500/ghw1/groupassignment1/build/tutorial_interfaces -- -j8 -l8
[0.075s] [  9%] Built target tutorial_interfaces__rosidl_generator_c
[0.079s] [ 12%] Built target tutorial_interfaces__cpp
[0.085s] [ 12%] Built target ament_cmake_python_symlink_tutorial_interfaces
[0.103s] [ 32%] Built target tutorial_interfaces__rosidl_typesupport_c
[0.103s] [ 32%] Built target tutorial_interfaces__rosidl_typesupport_introspection_c
[0.105s] [ 41%] Built target tutorial_interfaces__rosidl_typesupport_fastrtps_c
[0.108s] [ 51%] Built target tutorial_interfaces__rosidl_typesupport_cpp
[0.109s] [ 61%] Built target tutorial_interfaces__rosidl_typesupport_fastrtps_cpp
[0.115s] [ 70%] Built target tutorial_interfaces__rosidl_typesupport_introspection_cpp
[0.136s] [ 70%] Built target tutorial_interfaces
[0.156s] [ 74%] Built target tutorial_interfaces__py
[0.177s] [ 80%] Built target tutorial_interfaces__rosidl_generator_py
[0.198s] [ 87%] Built target tutorial_interfaces__rosidl_typesupport_introspection_c__pyext
[0.199s] [ 93%] Built target tutorial_interfaces__rosidl_typesupport_c__pyext
[0.205s] [100%] Built target tutorial_interfaces__rosidl_typesupport_fastrtps_c__pyext
[0.365s] running egg_info
[0.366s] writing tutorial_interfaces.egg-info/PKG-INFO
[0.367s] writing dependency_links to tutorial_interfaces.egg-info/dependency_links.txt
[0.367s] writing top-level names to tutorial_interfaces.egg-info/top_level.txt
[0.369s] reading manifest file 'tutorial_interfaces.egg-info/SOURCES.txt'
[0.370s] writing manifest file 'tutorial_interfaces.egg-info/SOURCES.txt'
[0.403s] [100%] Built target ament_cmake_python_build_tutorial_interfaces_egg
[0.413s] Invoked command in '/home/swapneel/rbe500/ghw1/groupassignment1/build/tutorial_interfaces' returned '0': CMAKE_PREFIX_PATH=${CMAKE_PREFIX_PATH}:/home/swapneel/rbe500/ghw1/groupassignment1/install/proj2:/home/swapneel/rbe500/ghw1/groupassignment1/install/inverse_kinematics:/home/swapneel/rbe500/ghw1/groupassignment1/install/proj1:/opt/ros/humble /usr/bin/cmake --build /home/swapneel/rbe500/ghw1/groupassignment1/build/tutorial_interfaces -- -j8 -l8
[0.467s] Invoking command in '/home/swapneel/rbe500/ghw1/groupassignment1/build/tutorial_interfaces': CMAKE_PREFIX_PATH=${CMAKE_PREFIX_PATH}:/home/swapneel/rbe500/ghw1/groupassignment1/install/proj2:/home/swapneel/rbe500/ghw1/groupassignment1/install/inverse_kinematics:/home/swapneel/rbe500/ghw1/groupassignment1/install/proj1:/opt/ros/humble /usr/bin/cmake --install /home/swapneel/rbe500/ghw1/groupassignment1/build/tutorial_interfaces
[0.475s] -- Install configuration: ""
[0.475s] -- Execute custom install script
[0.475s] -- Up-to-date symlink: /home/swapneel/rbe500/ghw1/groupassignment1/install/tutorial_interfaces/share/ament_index/resource_index/rosidl_interfaces/tutorial_interfaces
[0.476s] -- Up-to-date symlink: /home/swapneel/rbe500/ghw1/groupassignment1/install/tutorial_interfaces/include/tutorial_interfaces/tutorial_interfaces/msg/rosidl_generator_c__visibility_control.h
[0.476s] -- Up-to-date symlink: /home/swapneel/rbe500/ghw1/groupassignment1/install/tutorial_interfaces/include/tutorial_interfaces/tutorial_interfaces/srv/detail/first_service__functions.h
[0.476s] -- Up-to-date symlink: /home/swapneel/rbe500/ghw1/groupassignment1/install/tutorial_interfaces/include/tutorial_interfaces/tutorial_interfaces/srv/detail/first_service__struct.h
[0.476s] -- Up-to-date symlink: /home/swapneel/rbe500/ghw1/groupassignment1/install/tutorial_interfaces/include/tutorial_interfaces/tutorial_interfaces/srv/detail/first_service__type_support.h
[0.476s] -- Up-to-date symlink: /home/swapneel/rbe500/ghw1/groupassignment1/install/tutorial_interfaces/include/tutorial_interfaces/tutorial_interfaces/srv/first_service.h
[0.476s] -- Up-to-date symlink: /home/swapneel/rbe500/ghw1/groupassignment1/install/tutorial_interfaces/share/tutorial_interfaces/environment/library_path.sh
[0.477s] -- Up-to-date symlink: /home/swapneel/rbe500/ghw1/groupassignment1/install/tutorial_interfaces/share/tutorial_interfaces/environment/library_path.dsv
[0.477s] -- Up-to-date symlink: /home/swapneel/rbe500/ghw1/groupassignment1/install/tutorial_interfaces/include/tutorial_interfaces/tutorial_interfaces/msg/rosidl_typesupport_fastrtps_c__visibility_control.h
[0.477s] -- Up-to-date symlink: /home/swapneel/rbe500/ghw1/groupassignment1/install/tutorial_interfaces/include/tutorial_interfaces/tutorial_interfaces/srv/detail/first_service__rosidl_typesupport_fastrtps_c.h
[0.477s] -- Up-to-date symlink: /home/swapneel/rbe500/ghw1/groupassignment1/install/tutorial_interfaces/include/tutorial_interfaces/tutorial_interfaces/msg/rosidl_typesupport_introspection_c__visibility_control.h
[0.477s] -- Up-to-date symlink: /home/swapneel/rbe500/ghw1/groupassignment1/install/tutorial_interfaces/include/tutorial_interfaces/tutorial_interfaces/srv/detail/first_service__rosidl_typesupport_introspection_c.h
[0.478s] -- Up-to-date symlink: /home/swapneel/rbe500/ghw1/groupassignment1/install/tutorial_interfaces/include/tutorial_interfaces/tutorial_interfaces/srv/detail/first_service__builder.hpp
[0.478s] -- Up-to-date symlink: /home/swapneel/rbe500/ghw1/groupassignment1/install/tutorial_interfaces/include/tutorial_interfaces/tutorial_interfaces/srv/detail/first_service__struct.hpp
[0.478s] -- Up-to-date symlink: /home/swapneel/rbe500/ghw1/groupassignment1/install/tutorial_interfaces/include/tutorial_interfaces/tutorial_interfaces/srv/detail/first_service__traits.hpp
[0.478s] -- Up-to-date symlink: /home/swapneel/rbe500/ghw1/groupassignment1/install/tutorial_interfaces/include/tutorial_interfaces/tutorial_interfaces/srv/first_service.hpp
[0.479s] -- Up-to-date symlink: /home/swapneel/rbe500/ghw1/groupassignment1/install/tutorial_interfaces/include/tutorial_interfaces/tutorial_interfaces/msg/rosidl_typesupport_fastrtps_cpp__visibility_control.h
[0.479s] -- Up-to-date symlink: /home/swapneel/rbe500/ghw1/groupassignment1/install/tutorial_interfaces/include/tutorial_interfaces/tutorial_interfaces/srv/detail/first_service__rosidl_typesupport_fastrtps_cpp.hpp
[0.479s] -- Up-to-date symlink: /home/swapneel/rbe500/ghw1/groupassignment1/install/tutorial_interfaces/include/tutorial_interfaces/tutorial_interfaces/srv/detail/first_service__rosidl_typesupport_introspection_cpp.hpp
[0.479s] -- Up-to-date symlink: /home/swapneel/rbe500/ghw1/groupassignment1/install/tutorial_interfaces/share/tutorial_interfaces/environment/pythonpath.sh
[0.479s] -- Up-to-date symlink: /home/swapneel/rbe500/ghw1/groupassignment1/install/tutorial_interfaces/share/tutorial_interfaces/environment/pythonpath.dsv
[0.480s] -- Up-to-date symlink: /home/swapneel/rbe500/ghw1/groupassignment1/install/tutorial_interfaces/local/lib/python3.10/dist-packages/tutorial_interfaces-0.0.0-py3.10.egg-info/PKG-INFO
[0.480s] -- Up-to-date symlink: /home/swapneel/rbe500/ghw1/groupassignment1/install/tutorial_interfaces/local/lib/python3.10/dist-packages/tutorial_interfaces-0.0.0-py3.10.egg-info/SOURCES.txt
[0.480s] -- Up-to-date symlink: /home/swapneel/rbe500/ghw1/groupassignment1/install/tutorial_interfaces/local/lib/python3.10/dist-packages/tutorial_interfaces-0.0.0-py3.10.egg-info/dependency_links.txt
[0.480s] -- Up-to-date symlink: /home/swapneel/rbe500/ghw1/groupassignment1/install/tutorial_interfaces/local/lib/python3.10/dist-packages/tutorial_interfaces-0.0.0-py3.10.egg-info/top_level.txt
[0.481s] -- Up-to-date symlink: /home/swapneel/rbe500/ghw1/groupassignment1/install/tutorial_interfaces/local/lib/python3.10/dist-packages/tutorial_interfaces/__init__.py
[0.481s] -- Up-to-date symlink: /home/swapneel/rbe500/ghw1/groupassignment1/install/tutorial_interfaces/local/lib/python3.10/dist-packages/tutorial_interfaces/_tutorial_interfaces_s.ep.rosidl_typesupport_c.c
[0.481s] -- Up-to-date symlink: /home/swapneel/rbe500/ghw1/groupassignment1/install/tutorial_interfaces/local/lib/python3.10/dist-packages/tutorial_interfaces/_tutorial_interfaces_s.ep.rosidl_typesupport_fastrtps_c.c
[0.481s] -- Up-to-date symlink: /home/swapneel/rbe500/ghw1/groupassignment1/install/tutorial_interfaces/local/lib/python3.10/dist-packages/tutorial_interfaces/_tutorial_interfaces_s.ep.rosidl_typesupport_introspection_c.c
[0.481s] -- Up-to-date symlink: /home/swapneel/rbe500/ghw1/groupassignment1/install/tutorial_interfaces/local/lib/python3.10/dist-packages/tutorial_interfaces/libtutorial_interfaces__rosidl_generator_py.so
[0.481s] -- Up-to-date symlink: /home/swapneel/rbe500/ghw1/groupassignment1/install/tutorial_interfaces/local/lib/python3.10/dist-packages/tutorial_interfaces/srv/__init__.py
[0.482s] -- Up-to-date symlink: /home/swapneel/rbe500/ghw1/groupassignment1/install/tutorial_interfaces/local/lib/python3.10/dist-packages/tutorial_interfaces/srv/_first_service.py
[0.482s] -- Up-to-date symlink: /home/swapneel/rbe500/ghw1/groupassignment1/install/tutorial_interfaces/local/lib/python3.10/dist-packages/tutorial_interfaces/srv/_first_service_s.c
[0.482s] -- Up-to-date symlink: /home/swapneel/rbe500/ghw1/groupassignment1/install/tutorial_interfaces/local/lib/python3.10/dist-packages/tutorial_interfaces/tutorial_interfaces_s__rosidl_typesupport_c.cpython-310-x86_64-linux-gnu.so
[0.482s] -- Up-to-date symlink: /home/swapneel/rbe500/ghw1/groupassignment1/install/tutorial_interfaces/local/lib/python3.10/dist-packages/tutorial_interfaces/tutorial_interfaces_s__rosidl_typesupport_fastrtps_c.cpython-310-x86_64-linux-gnu.so
[0.482s] -- Up-to-date symlink: /home/swapneel/rbe500/ghw1/groupassignment1/install/tutorial_interfaces/local/lib/python3.10/dist-packages/tutorial_interfaces/tutorial_interfaces_s__rosidl_typesupport_introspection_c.cpython-310-x86_64-linux-gnu.so
[0.482s] -- Up-to-date symlink: /home/swapneel/rbe500/ghw1/groupassignment1/install/tutorial_interfaces/local/lib/python3.10/dist-packages/tutorial_interfaces/tutorial_interfaces_s__rosidl_typesupport_fastrtps_c.cpython-310-x86_64-linux-gnu.so
[0.482s] -- Up-to-date symlink: /home/swapneel/rbe500/ghw1/groupassignment1/install/tutorial_interfaces/local/lib/python3.10/dist-packages/tutorial_interfaces/tutorial_interfaces_s__rosidl_typesupport_introspection_c.cpython-310-x86_64-linux-gnu.so
[0.483s] -- Up-to-date symlink: /home/swapneel/rbe500/ghw1/groupassignment1/install/tutorial_interfaces/local/lib/python3.10/dist-packages/tutorial_interfaces/tutorial_interfaces_s__rosidl_typesupport_c.cpython-310-x86_64-linux-gnu.so
[0.483s] -- Up-to-date symlink: /home/swapneel/rbe500/ghw1/groupassignment1/install/tutorial_interfaces/share/tutorial_interfaces/srv/FirstService.idl
[0.483s] -- Up-to-date symlink: /home/swapneel/rbe500/ghw1/groupassignment1/install/tutorial_interfaces/share/tutorial_interfaces/srv/FirstService.srv
[0.483s] -- Up-to-date symlink: /home/swapneel/rbe500/ghw1/groupassignment1/install/tutorial_interfaces/share/tutorial_interfaces/srv/FirstService_Request.msg
[0.483s] -- Up-to-date symlink: /home/swapneel/rbe500/ghw1/groupassignment1/install/tutorial_interfaces/share/tutorial_interfaces/srv/FirstService_Response.msg
[0.484s] -- Up-to-date symlink: /home/swapneel/rbe500/ghw1/groupassignment1/install/tutorial_interfaces/share/ament_index/resource_index/package_run_dependencies/tutorial_interfaces
[0.484s] -- Up-to-date symlink: /home/swapneel/rbe500/ghw1/groupassignment1/install/tutorial_interfaces/share/ament_index/resource_index/parent_prefix_path/tutorial_interfaces
[0.484s] -- Up-to-date symlink: /home/swapneel/rbe500/ghw1/groupassignment1/install/tutorial_interfaces/share/tutorial_interfaces/environment/ament_prefix_path.sh
[0.484s] -- Up-to-date symlink: /home/swapneel/rbe500/ghw1/groupassignment1/install/tutorial_interfaces/share/tutorial_interfaces/environment/ament_prefix_path.dsv
[0.484s] -- Up-to-date symlink: /home/swapneel/rbe500/ghw1/groupassignment1/install/tutorial_interfaces/share/tutorial_interfaces/environment/path.sh
[0.484s] -- Up-to-date symlink: /home/swapneel/rbe500/ghw1/groupassignment1/install/tutorial_interfaces/share/tutorial_interfaces/environment/path.dsv
[0.485s] -- Up-to-date symlink: /home/swapneel/rbe500/ghw1/groupassignment1/install/tutorial_interfaces/share/tutorial_interfaces/local_setup.bash
[0.485s] -- Up-to-date symlink: /home/swapneel/rbe500/ghw1/groupassignment1/install/tutorial_interfaces/share/tutorial_interfaces/local_setup.sh
[0.485s] -- Up-to-date symlink: /home/swapneel/rbe500/ghw1/groupassignment1/install/tutorial_interfaces/share/tutorial_interfaces/local_setup.zsh
[0.485s] -- Up-to-date symlink: /home/swapneel/rbe500/ghw1/groupassignment1/install/tutorial_interfaces/share/tutorial_interfaces/local_setup.dsv
[0.485s] -- Symlinking: /home/swapneel/rbe500/ghw1/groupassignment1/install/tutorial_interfaces/share/tutorial_interfaces/package.dsv
[0.494s] -- Up-to-date symlink: /home/swapneel/rbe500/ghw1/groupassignment1/install/tutorial_interfaces/share/ament_index/resource_index/packages/tutorial_interfaces
[0.494s] -- Up-to-date symlink: /home/swapneel/rbe500/ghw1/groupassignment1/install/tutorial_interfaces/share/tutorial_interfaces/cmake/rosidl_cmake-extras.cmake
[0.494s] -- Up-to-date symlink: /home/swapneel/rbe500/ghw1/groupassignment1/install/tutorial_interfaces/share/tutorial_interfaces/cmake/ament_cmake_export_include_directories-extras.cmake
[0.494s] -- Up-to-date symlink: /home/swapneel/rbe500/ghw1/groupassignment1/install/tutorial_interfaces/share/tutorial_interfaces/cmake/ament_cmake_export_libraries-extras.cmake
[0.495s] -- Up-to-date symlink: /home/swapneel/rbe500/ghw1/groupassignment1/install/tutorial_interfaces/share/tutorial_interfaces/cmake/ament_cmake_export_targets-extras.cmake
[0.495s] -- Up-to-date symlink: /home/swapneel/rbe500/ghw1/groupassignment1/install/tutorial_interfaces/share/tutorial_interfaces/cmake/rosidl_cmake_export_typesupport_targets-extras.cmake
[0.495s] -- Up-to-date symlink: /home/swapneel/rbe500/ghw1/groupassignment1/install/tutorial_interfaces/share/tutorial_interfaces/cmake/ament_cmake_export_dependencies-extras.cmake
[0.495s] -- Up-to-date symlink: /home/swapneel/rbe500/ghw1/groupassignment1/install/tutorial_interfaces/share/tutorial_interfaces/cmake/rosidl_cmake_export_typesupport_libraries-extras.cmake
[0.495s] -- Up-to-date symlink: /home/swapneel/rbe500/ghw1/groupassignment1/install/tutorial_interfaces/share/tutorial_interfaces/cmake/tutorial_interfacesConfig.cmake
[0.495s] -- Up-to-date symlink: /home/swapneel/rbe500/ghw1/groupassignment1/install/tutorial_interfaces/share/tutorial_interfaces/cmake/tutorial_interfacesConfig-version.cmake
[0.496s] -- Up-to-date symlink: /home/swapneel/rbe500/ghw1/groupassignment1/install/tutorial_interfaces/share/tutorial_interfaces/package.xml
[0.496s] -- Up-to-date: /home/swapneel/rbe500/ghw1/groupassignment1/install/tutorial_interfaces/lib/libtutorial_interfaces__rosidl_generator_c.so
[0.496s] -- Up-to-date: /home/swapneel/rbe500/ghw1/groupassignment1/install/tutorial_interfaces/lib/libtutorial_interfaces__rosidl_typesupport_fastrtps_c.so
[0.496s] -- Up-to-date: /home/swapneel/rbe500/ghw1/groupassignment1/install/tutorial_interfaces/lib/libtutorial_interfaces__rosidl_typesupport_introspection_c.so
[0.496s] -- Up-to-date: /home/swapneel/rbe500/ghw1/groupassignment1/install/tutorial_interfaces/lib/libtutorial_interfaces__rosidl_typesupport_c.so
[0.497s] -- Up-to-date: /home/swapneel/rbe500/ghw1/groupassignment1/install/tutorial_interfaces/lib/libtutorial_interfaces__rosidl_typesupport_fastrtps_cpp.so
[0.497s] -- Up-to-date: /home/swapneel/rbe500/ghw1/groupassignment1/install/tutorial_interfaces/lib/libtutorial_interfaces__rosidl_typesupport_introspection_cpp.so
[0.497s] -- Up-to-date: /home/swapneel/rbe500/ghw1/groupassignment1/install/tutorial_interfaces/lib/libtutorial_interfaces__rosidl_typesupport_cpp.so
[0.538s] Listing '/home/swapneel/rbe500/ghw1/groupassignment1/install/tutorial_interfaces/local/lib/python3.10/dist-packages/tutorial_interfaces'...
[0.538s] Listing '/home/swapneel/rbe500/ghw1/groupassignment1/install/tutorial_interfaces/local/lib/python3.10/dist-packages/tutorial_interfaces/srv'...
[0.543s] -- Up-to-date: /home/swapneel/rbe500/ghw1/groupassignment1/install/tutorial_interfaces/lib/libtutorial_interfaces__rosidl_generator_py.so
[0.543s] -- Up-to-date: /home/swapneel/rbe500/ghw1/groupassignment1/install/tutorial_interfaces/share/tutorial_interfaces/cmake/export_tutorial_interfaces__rosidl_generator_cExport.cmake
[0.543s] -- Up-to-date: /home/swapneel/rbe500/ghw1/groupassignment1/install/tutorial_interfaces/share/tutorial_interfaces/cmake/export_tutorial_interfaces__rosidl_generator_cExport-noconfig.cmake
[0.544s] -- Up-to-date: /home/swapneel/rbe500/ghw1/groupassignment1/install/tutorial_interfaces/share/tutorial_interfaces/cmake/export_tutorial_interfaces__rosidl_typesupport_fastrtps_cExport.cmake
[0.544s] -- Up-to-date: /home/swapneel/rbe500/ghw1/groupassignment1/install/tutorial_interfaces/share/tutorial_interfaces/cmake/export_tutorial_interfaces__rosidl_typesupport_fastrtps_cExport-noconfig.cmake
[0.544s] -- Up-to-date: /home/swapneel/rbe500/ghw1/groupassignment1/install/tutorial_interfaces/share/tutorial_interfaces/cmake/tutorial_interfaces__rosidl_typesupport_introspection_cExport.cmake
[0.544s] -- Up-to-date: /home/swapneel/rbe500/ghw1/groupassignment1/install/tutorial_interfaces/share/tutorial_interfaces/cmake/tutorial_interfaces__rosidl_typesupport_introspection_cExport-noconfig.cmake
[0.544s] -- Up-to-date: /home/swapneel/rbe500/ghw1/groupassignment1/install/tutorial_interfaces/share/tutorial_interfaces/cmake/tutorial_interfaces__rosidl_typesupport_cExport.cmake
[0.544s] -- Up-to-date: /home/swapneel/rbe500/ghw1/groupassignment1/install/tutorial_interfaces/share/tutorial_interfaces/cmake/tutorial_interfaces__rosidl_typesupport_cExport-noconfig.cmake
[0.545s] -- Up-to-date: /home/swapneel/rbe500/ghw1/groupassignment1/install/tutorial_interfaces/share/tutorial_interfaces/cmake/export_tutorial_interfaces__rosidl_generator_cppExport.cmake
[0.545s] -- Up-to-date: /home/swapneel/rbe500/ghw1/groupassignment1/install/tutorial_interfaces/share/tutorial_interfaces/cmake/export_tutorial_interfaces__rosidl_typesupport_fastrtps_cppExport.cmake
[0.545s] -- Up-to-date: /home/swapneel/rbe500/ghw1/groupassignment1/install/tutorial_interfaces/share/tutorial_interfaces/cmake/export_tutorial_interfaces__rosidl_typesupport_fastrtps_cppExport-noconfig.cmake
[0.545s] -- Up-to-date: /home/swapneel/rbe500/ghw1/groupassignment1/install/tutorial_interfaces/share/tutorial_interfaces/cmake/tutorial_interfaces__rosidl_typesupport_introspection_cppExport.cmake
[0.545s] -- Up-to-date: /home/swapneel/rbe500/ghw1/groupassignment1/install/tutorial_interfaces/share/tutorial_interfaces/cmake/tutorial_interfaces__rosidl_typesupport_introspection_cppExport-noconfig.cmake
[0.546s] -- Up-to-date: /home/swapneel/rbe500/ghw1/groupassignment1/install/tutorial_interfaces/share/tutorial_interfaces/cmake/tutorial_interfaces__rosidl_typesupport_cppExport.cmake
[0.546s] -- Up-to-date: /home/swapneel/rbe500/ghw1/groupassignment1/install/tutorial_interfaces/share/tutorial_interfaces/cmake/tutorial_interfaces__rosidl_typesupport_cppExport-noconfig.cmake
[0.546s] -- Up-to-date: /home/swapneel/rbe500/ghw1/groupassignment1/install/tutorial_interfaces/share/tutorial_interfaces/cmake/export_tutorial_interfaces__rosidl_generator_pyExport.cmake
[0.549s] -- Up-to-date: /home/swapneel/rbe500/ghw1/groupassignment1/install/tutorial_interfaces/share/tutorial_interfaces/cmake/export_tutorial_interfaces__rosidl_generator_pyExport-noconfig.cmake
[0.550s] Invoked command in '/home/swapneel/rbe500/ghw1/groupassignment1/build/tutorial_interfaces' returned '0': CMAKE_PREFIX_PATH=${CMAKE_PREFIX_PATH}:/home/swapneel/rbe500/ghw1/groupassignment1/install/proj2:/home/swapneel/rbe500/ghw1/groupassignment1/install/inverse_kinematics:/home/swapneel/rbe500/ghw1/groupassignment1/install/proj1:/opt/ros/humble /usr/bin/cmake --install /home/swapneel/rbe500/ghw1/groupassignment1/build/tutorial_interfaces
