[  9%] Built target tutorial_interfaces__rosidl_generator_c
[ 12%] Built target tutorial_interfaces__cpp
[ 12%] Built target ament_cmake_python_symlink_tutorial_interfaces
[ 22%] Built target tutorial_interfaces__rosidl_typesupport_introspection_c
[ 41%] Built target tutorial_interfaces__rosidl_typesupport_c
[ 41%] Built target tutorial_interfaces__rosidl_typesupport_fastrtps_c
[ 51%] Built target tutorial_interfaces__rosidl_typesupport_cpp
[ 61%] Built target tutorial_interfaces__rosidl_typesupport_fastrtps_cpp
[ 70%] Built target tutorial_interfaces__rosidl_typesupport_introspection_cpp
[ 70%] Built target tutorial_interfaces
[ 74%] Built target tutorial_interfaces__py
[ 80%] Built target tutorial_interfaces__rosidl_generator_py
[ 93%] Built target tutorial_interfaces__rosidl_typesupport_introspection_c__pyext
[ 93%] Built target tutorial_interfaces__rosidl_typesupport_c__pyext
[100%] Built target tutorial_interfaces__rosidl_typesupport_fastrtps_c__pyext
running egg_info
writing tutorial_interfaces.egg-info/PKG-INFO
writing dependency_links to tutorial_interfaces.egg-info/dependency_links.txt
writing top-level names to tutorial_interfaces.egg-info/top_level.txt
reading manifest file 'tutorial_interfaces.egg-info/SOURCES.txt'
writing manifest file 'tutorial_interfaces.egg-info/SOURCES.txt'
[100%] Built target ament_cmake_python_build_tutorial_interfaces_egg
-- Install configuration: ""
-- Execute custom install script
-- Up-to-date symlink: /home/swapneel/rbe500/ghw1/groupassignment1/install/tutorial_interfaces/share/ament_index/resource_index/rosidl_interfaces/tutorial_interfaces
-- Up-to-date symlink: /home/swapneel/rbe500/ghw1/groupassignment1/install/tutorial_interfaces/include/tutorial_interfaces/tutorial_interfaces/msg/rosidl_generator_c__visibility_control.h
-- Up-to-date symlink: /home/swapneel/rbe500/ghw1/groupassignment1/install/tutorial_interfaces/include/tutorial_interfaces/tutorial_interfaces/srv/detail/first_service__functions.h
-- Up-to-date symlink: /home/swapneel/rbe500/ghw1/groupassignment1/install/tutorial_interfaces/include/tutorial_interfaces/tutorial_interfaces/srv/detail/first_service__struct.h
-- Up-to-date symlink: /home/swapneel/rbe500/ghw1/groupassignment1/install/tutorial_interfaces/include/tutorial_interfaces/tutorial_interfaces/srv/detail/first_service__type_support.h
-- Up-to-date symlink: /home/swapneel/rbe500/ghw1/groupassignment1/install/tutorial_interfaces/include/tutorial_interfaces/tutorial_interfaces/srv/first_service.h
-- Up-to-date symlink: /home/swapneel/rbe500/ghw1/groupassignment1/install/tutorial_interfaces/share/tutorial_interfaces/environment/library_path.sh
-- Up-to-date symlink: /home/swapneel/rbe500/ghw1/groupassignment1/install/tutorial_interfaces/share/tutorial_interfaces/environment/library_path.dsv
-- Up-to-date symlink: /home/swapneel/rbe500/ghw1/groupassignment1/install/tutorial_interfaces/include/tutorial_interfaces/tutorial_interfaces/msg/rosidl_typesupport_fastrtps_c__visibility_control.h
-- Up-to-date symlink: /home/swapneel/rbe500/ghw1/groupassignment1/install/tutorial_interfaces/include/tutorial_interfaces/tutorial_interfaces/srv/detail/first_service__rosidl_typesupport_fastrtps_c.h
-- Up-to-date symlink: /home/swapneel/rbe500/ghw1/groupassignment1/install/tutorial_interfaces/include/tutorial_interfaces/tutorial_interfaces/msg/rosidl_typesupport_introspection_c__visibility_control.h
-- Up-to-date symlink: /home/swapneel/rbe500/ghw1/groupassignment1/install/tutorial_interfaces/include/tutorial_interfaces/tutorial_interfaces/srv/detail/first_service__rosidl_typesupport_introspection_c.h
-- Up-to-date symlink: /home/swapneel/rbe500/ghw1/groupassignment1/install/tutorial_interfaces/include/tutorial_interfaces/tutorial_interfaces/srv/detail/first_service__builder.hpp
-- Up-to-date symlink: /home/swapneel/rbe500/ghw1/groupassignment1/install/tutorial_interfaces/include/tutorial_interfaces/tutorial_interfaces/srv/detail/first_service__struct.hpp
-- Up-to-date symlink: /home/swapneel/rbe500/ghw1/groupassignment1/install/tutorial_interfaces/include/tutorial_interfaces/tutorial_interfaces/srv/detail/first_service__traits.hpp
-- Up-to-date symlink: /home/swapneel/rbe500/ghw1/groupassignment1/install/tutorial_interfaces/include/tutorial_interfaces/tutorial_interfaces/srv/first_service.hpp
-- Up-to-date symlink: /home/swapneel/rbe500/ghw1/groupassignment1/install/tutorial_interfaces/include/tutorial_interfaces/tutorial_interfaces/msg/rosidl_typesupport_fastrtps_cpp__visibility_control.h
-- Up-to-date symlink: /home/swapneel/rbe500/ghw1/groupassignment1/install/tutorial_interfaces/include/tutorial_interfaces/tutorial_interfaces/srv/detail/first_service__rosidl_typesupport_fastrtps_cpp.hpp
-- Up-to-date symlink: /home/swapneel/rbe500/ghw1/groupassignment1/install/tutorial_interfaces/include/tutorial_interfaces/tutorial_interfaces/srv/detail/first_service__rosidl_typesupport_introspection_cpp.hpp
-- Up-to-date symlink: /home/swapneel/rbe500/ghw1/groupassignment1/install/tutorial_interfaces/share/tutorial_interfaces/environment/pythonpath.sh
-- Up-to-date symlink: /home/swapneel/rbe500/ghw1/groupassignment1/install/tutorial_interfaces/share/tutorial_interfaces/environment/pythonpath.dsv
-- Up-to-date symlink: /home/swapneel/rbe500/ghw1/groupassignment1/install/tutorial_interfaces/local/lib/python3.10/dist-packages/tutorial_interfaces-0.0.0-py3.10.egg-info/PKG-INFO
-- Up-to-date symlink: /home/swapneel/rbe500/ghw1/groupassignment1/install/tutorial_interfaces/local/lib/python3.10/dist-packages/tutorial_interfaces-0.0.0-py3.10.egg-info/SOURCES.txt
-- Up-to-date symlink: /home/swapneel/rbe500/ghw1/groupassignment1/install/tutorial_interfaces/local/lib/python3.10/dist-packages/tutorial_interfaces-0.0.0-py3.10.egg-info/dependency_links.txt
-- Up-to-date symlink: /home/swapneel/rbe500/ghw1/groupassignment1/install/tutorial_interfaces/local/lib/python3.10/dist-packages/tutorial_interfaces-0.0.0-py3.10.egg-info/top_level.txt
-- Up-to-date symlink: /home/swapneel/rbe500/ghw1/groupassignment1/install/tutorial_interfaces/local/lib/python3.10/dist-packages/tutorial_interfaces/__init__.py
-- Up-to-date symlink: /home/swapneel/rbe500/ghw1/groupassignment1/install/tutorial_interfaces/local/lib/python3.10/dist-packages/tutorial_interfaces/_tutorial_interfaces_s.ep.rosidl_typesupport_c.c
-- Up-to-date symlink: /home/swapneel/rbe500/ghw1/groupassignment1/install/tutorial_interfaces/local/lib/python3.10/dist-packages/tutorial_interfaces/_tutorial_interfaces_s.ep.rosidl_typesupport_fastrtps_c.c
-- Up-to-date symlink: /home/swapneel/rbe500/ghw1/groupassignment1/install/tutorial_interfaces/local/lib/python3.10/dist-packages/tutorial_interfaces/_tutorial_interfaces_s.ep.rosidl_typesupport_introspection_c.c
-- Up-to-date symlink: /home/swapneel/rbe500/ghw1/groupassignment1/install/tutorial_interfaces/local/lib/python3.10/dist-packages/tutorial_interfaces/libtutorial_interfaces__rosidl_generator_py.so
-- Up-to-date symlink: /home/swapneel/rbe500/ghw1/groupassignment1/install/tutorial_interfaces/local/lib/python3.10/dist-packages/tutorial_interfaces/srv/__init__.py
-- Up-to-date symlink: /home/swapneel/rbe500/ghw1/groupassignment1/install/tutorial_interfaces/local/lib/python3.10/dist-packages/tutorial_interfaces/srv/_first_service.py
-- Up-to-date symlink: /home/swapneel/rbe500/ghw1/groupassignment1/install/tutorial_interfaces/local/lib/python3.10/dist-packages/tutorial_interfaces/srv/_first_service_s.c
-- Up-to-date symlink: /home/swapneel/rbe500/ghw1/groupassignment1/install/tutorial_interfaces/local/lib/python3.10/dist-packages/tutorial_interfaces/tutorial_interfaces_s__rosidl_typesupport_c.cpython-310-x86_64-linux-gnu.so
-- Up-to-date symlink: /home/swapneel/rbe500/ghw1/groupassignment1/install/tutorial_interfaces/local/lib/python3.10/dist-packages/tutorial_interfaces/tutorial_interfaces_s__rosidl_typesupport_fastrtps_c.cpython-310-x86_64-linux-gnu.so
-- Up-to-date symlink: /home/swapneel/rbe500/ghw1/groupassignment1/install/tutorial_interfaces/local/lib/python3.10/dist-packages/tutorial_interfaces/tutorial_interfaces_s__rosidl_typesupport_introspection_c.cpython-310-x86_64-linux-gnu.so
-- Up-to-date symlink: /home/swapneel/rbe500/ghw1/groupassignment1/install/tutorial_interfaces/local/lib/python3.10/dist-packages/tutorial_interfaces/tutorial_interfaces_s__rosidl_typesupport_fastrtps_c.cpython-310-x86_64-linux-gnu.so
-- Up-to-date symlink: /home/swapneel/rbe500/ghw1/groupassignment1/install/tutorial_interfaces/local/lib/python3.10/dist-packages/tutorial_interfaces/tutorial_interfaces_s__rosidl_typesupport_introspection_c.cpython-310-x86_64-linux-gnu.so
-- Up-to-date symlink: /home/swapneel/rbe500/ghw1/groupassignment1/install/tutorial_interfaces/local/lib/python3.10/dist-packages/tutorial_interfaces/tutorial_interfaces_s__rosidl_typesupport_c.cpython-310-x86_64-linux-gnu.so
-- Up-to-date symlink: /home/swapneel/rbe500/ghw1/groupassignment1/install/tutorial_interfaces/share/tutorial_interfaces/srv/FirstService.idl
-- Up-to-date symlink: /home/swapneel/rbe500/ghw1/groupassignment1/install/tutorial_interfaces/share/tutorial_interfaces/srv/FirstService.srv
-- Up-to-date symlink: /home/swapneel/rbe500/ghw1/groupassignment1/install/tutorial_interfaces/share/tutorial_interfaces/srv/FirstService_Request.msg
-- Up-to-date symlink: /home/swapneel/rbe500/ghw1/groupassignment1/install/tutorial_interfaces/share/tutorial_interfaces/srv/FirstService_Response.msg
-- Up-to-date symlink: /home/swapneel/rbe500/ghw1/groupassignment1/install/tutorial_interfaces/share/ament_index/resource_index/package_run_dependencies/tutorial_interfaces
-- Up-to-date symlink: /home/swapneel/rbe500/ghw1/groupassignment1/install/tutorial_interfaces/share/ament_index/resource_index/parent_prefix_path/tutorial_interfaces
-- Up-to-date symlink: /home/swapneel/rbe500/ghw1/groupassignment1/install/tutorial_interfaces/share/tutorial_interfaces/environment/ament_prefix_path.sh
-- Up-to-date symlink: /home/swapneel/rbe500/ghw1/groupassignment1/install/tutorial_interfaces/share/tutorial_interfaces/environment/ament_prefix_path.dsv
-- Up-to-date symlink: /home/swapneel/rbe500/ghw1/groupassignment1/install/tutorial_interfaces/share/tutorial_interfaces/environment/path.sh
-- Up-to-date symlink: /home/swapneel/rbe500/ghw1/groupassignment1/install/tutorial_interfaces/share/tutorial_interfaces/environment/path.dsv
-- Up-to-date symlink: /home/swapneel/rbe500/ghw1/groupassignment1/install/tutorial_interfaces/share/tutorial_interfaces/local_setup.bash
-- Up-to-date symlink: /home/swapneel/rbe500/ghw1/groupassignment1/install/tutorial_interfaces/share/tutorial_interfaces/local_setup.sh
-- Up-to-date symlink: /home/swapneel/rbe500/ghw1/groupassignment1/install/tutorial_interfaces/share/tutorial_interfaces/local_setup.zsh
-- Up-to-date symlink: /home/swapneel/rbe500/ghw1/groupassignment1/install/tutorial_interfaces/share/tutorial_interfaces/local_setup.dsv
-- Symlinking: /home/swapneel/rbe500/ghw1/groupassignment1/install/tutorial_interfaces/share/tutorial_interfaces/package.dsv
-- Up-to-date symlink: /home/swapneel/rbe500/ghw1/groupassignment1/install/tutorial_interfaces/share/ament_index/resource_index/packages/tutorial_interfaces
-- Up-to-date symlink: /home/swapneel/rbe500/ghw1/groupassignment1/install/tutorial_interfaces/share/tutorial_interfaces/cmake/rosidl_cmake-extras.cmake
-- Up-to-date symlink: /home/swapneel/rbe500/ghw1/groupassignment1/install/tutorial_interfaces/share/tutorial_interfaces/cmake/ament_cmake_export_include_directories-extras.cmake
-- Up-to-date symlink: /home/swapneel/rbe500/ghw1/groupassignment1/install/tutorial_interfaces/share/tutorial_interfaces/cmake/ament_cmake_export_libraries-extras.cmake
-- Up-to-date symlink: /home/swapneel/rbe500/ghw1/groupassignment1/install/tutorial_interfaces/share/tutorial_interfaces/cmake/ament_cmake_export_targets-extras.cmake
-- Up-to-date symlink: /home/swapneel/rbe500/ghw1/groupassignment1/install/tutorial_interfaces/share/tutorial_interfaces/cmake/rosidl_cmake_export_typesupport_targets-extras.cmake
-- Up-to-date symlink: /home/swapneel/rbe500/ghw1/groupassignment1/install/tutorial_interfaces/share/tutorial_interfaces/cmake/ament_cmake_export_dependencies-extras.cmake
-- Up-to-date symlink: /home/swapneel/rbe500/ghw1/groupassignment1/install/tutorial_interfaces/share/tutorial_interfaces/cmake/rosidl_cmake_export_typesupport_libraries-extras.cmake
-- Up-to-date symlink: /home/swapneel/rbe500/ghw1/groupassignment1/install/tutorial_interfaces/share/tutorial_interfaces/cmake/tutorial_interfacesConfig.cmake
-- Up-to-date symlink: /home/swapneel/rbe500/ghw1/groupassignment1/install/tutorial_interfaces/share/tutorial_interfaces/cmake/tutorial_interfacesConfig-version.cmake
-- Up-to-date symlink: /home/swapneel/rbe500/ghw1/groupassignment1/install/tutorial_interfaces/share/tutorial_interfaces/package.xml
-- Up-to-date: /home/swapneel/rbe500/ghw1/groupassignment1/install/tutorial_interfaces/lib/libtutorial_interfaces__rosidl_generator_c.so
-- Up-to-date: /home/swapneel/rbe500/ghw1/groupassignment1/install/tutorial_interfaces/lib/libtutorial_interfaces__rosidl_typesupport_fastrtps_c.so
-- Up-to-date: /home/swapneel/rbe500/ghw1/groupassignment1/install/tutorial_interfaces/lib/libtutorial_interfaces__rosidl_typesupport_introspection_c.so
-- Up-to-date: /home/swapneel/rbe500/ghw1/groupassignment1/install/tutorial_interfaces/lib/libtutorial_interfaces__rosidl_typesupport_c.so
-- Up-to-date: /home/swapneel/rbe500/ghw1/groupassignment1/install/tutorial_interfaces/lib/libtutorial_interfaces__rosidl_typesupport_fastrtps_cpp.so
-- Up-to-date: /home/swapneel/rbe500/ghw1/groupassignment1/install/tutorial_interfaces/lib/libtutorial_interfaces__rosidl_typesupport_introspection_cpp.so
-- Up-to-date: /home/swapneel/rbe500/ghw1/groupassignment1/install/tutorial_interfaces/lib/libtutorial_interfaces__rosidl_typesupport_cpp.so
Listing '/home/swapneel/rbe500/ghw1/groupassignment1/install/tutorial_interfaces/local/lib/python3.10/dist-packages/tutorial_interfaces'...
Listing '/home/swapneel/rbe500/ghw1/groupassignment1/install/tutorial_interfaces/local/lib/python3.10/dist-packages/tutorial_interfaces/srv'...
-- Up-to-date: /home/swapneel/rbe500/ghw1/groupassignment1/install/tutorial_interfaces/lib/libtutorial_interfaces__rosidl_generator_py.so
-- Up-to-date: /home/swapneel/rbe500/ghw1/groupassignment1/install/tutorial_interfaces/share/tutorial_interfaces/cmake/export_tutorial_interfaces__rosidl_generator_cExport.cmake
-- Up-to-date: /home/swapneel/rbe500/ghw1/groupassignment1/install/tutorial_interfaces/share/tutorial_interfaces/cmake/export_tutorial_interfaces__rosidl_generator_cExport-noconfig.cmake
-- Up-to-date: /home/swapneel/rbe500/ghw1/groupassignment1/install/tutorial_interfaces/share/tutorial_interfaces/cmake/export_tutorial_interfaces__rosidl_typesupport_fastrtps_cExport.cmake
-- Up-to-date: /home/swapneel/rbe500/ghw1/groupassignment1/install/tutorial_interfaces/share/tutorial_interfaces/cmake/export_tutorial_interfaces__rosidl_typesupport_fastrtps_cExport-noconfig.cmake
-- Up-to-date: /home/swapneel/rbe500/ghw1/groupassignment1/install/tutorial_interfaces/share/tutorial_interfaces/cmake/tutorial_interfaces__rosidl_typesupport_introspection_cExport.cmake
-- Up-to-date: /home/swapneel/rbe500/ghw1/groupassignment1/install/tutorial_interfaces/share/tutorial_interfaces/cmake/tutorial_interfaces__rosidl_typesupport_introspection_cExport-noconfig.cmake
-- Up-to-date: /home/swapneel/rbe500/ghw1/groupassignment1/install/tutorial_interfaces/share/tutorial_interfaces/cmake/tutorial_interfaces__rosidl_typesupport_cExport.cmake
-- Up-to-date: /home/swapneel/rbe500/ghw1/groupassignment1/install/tutorial_interfaces/share/tutorial_interfaces/cmake/tutorial_interfaces__rosidl_typesupport_cExport-noconfig.cmake
-- Up-to-date: /home/swapneel/rbe500/ghw1/groupassignment1/install/tutorial_interfaces/share/tutorial_interfaces/cmake/export_tutorial_interfaces__rosidl_generator_cppExport.cmake
-- Up-to-date: /home/swapneel/rbe500/ghw1/groupassignment1/install/tutorial_interfaces/share/tutorial_interfaces/cmake/export_tutorial_interfaces__rosidl_typesupport_fastrtps_cppExport.cmake
-- Up-to-date: /home/swapneel/rbe500/ghw1/groupassignment1/install/tutorial_interfaces/share/tutorial_interfaces/cmake/export_tutorial_interfaces__rosidl_typesupport_fastrtps_cppExport-noconfig.cmake
-- Up-to-date: /home/swapneel/rbe500/ghw1/groupassignment1/install/tutorial_interfaces/share/tutorial_interfaces/cmake/tutorial_interfaces__rosidl_typesupport_introspection_cppExport.cmake
-- Up-to-date: /home/swapneel/rbe500/ghw1/groupassignment1/install/tutorial_interfaces/share/tutorial_interfaces/cmake/tutorial_interfaces__rosidl_typesupport_introspection_cppExport-noconfig.cmake
-- Up-to-date: /home/swapneel/rbe500/ghw1/groupassignment1/install/tutorial_interfaces/share/tutorial_interfaces/cmake/tutorial_interfaces__rosidl_typesupport_cppExport.cmake
-- Up-to-date: /home/swapneel/rbe500/ghw1/groupassignment1/install/tutorial_interfaces/share/tutorial_interfaces/cmake/tutorial_interfaces__rosidl_typesupport_cppExport-noconfig.cmake
-- Up-to-date: /home/swapneel/rbe500/ghw1/groupassignment1/install/tutorial_interfaces/share/tutorial_interfaces/cmake/export_tutorial_interfaces__rosidl_generator_pyExport.cmake
-- Up-to-date: /home/swapneel/rbe500/ghw1/groupassignment1/install/tutorial_interfaces/share/tutorial_interfaces/cmake/export_tutorial_interfaces__rosidl_generator_pyExport-noconfig.cmake
