[0.244s] DEBUG:colcon:Command line arguments: ['/usr/bin/colcon', 'build', '--symlink-install']
[0.244s] DEBUG:colcon:Parsed command line arguments: Namespace(log_base=None, log_level=None, verb_name='build', build_base='build', install_base='install', merge_install=False, symlink_install=True, test_result_base=None, continue_on_error=False, executor='parallel', parallel_workers=8, event_handlers=None, ignore_user_meta=False, metas=['./colcon.meta'], base_paths=['.'], packages_ignore=None, packages_ignore_regex=None, paths=None, packages_up_to=None, packages_up_to_regex=None, packages_above=None, packages_above_and_dependencies=None, packages_above_depth=None, packages_select_by_dep=None, packages_skip_by_dep=None, packages_skip_up_to=None, packages_select_build_failed=False, packages_skip_build_finished=False, packages_select_test_failures=False, packages_skip_test_passed=False, packages_select=None, packages_skip=None, packages_select_regex=None, packages_skip_regex=None, packages_start=None, packages_end=None, allow_overriding=[], cmake_args=None, cmake_target=None, cmake_target_skip_unavailable=False, cmake_clean_cache=False, cmake_clean_first=False, cmake_force_configure=False, ament_cmake_args=None, catkin_cmake_args=None, catkin_skip_building_tests=False, verb_parser=<colcon_defaults.argument_parser.defaults.DefaultArgumentsDecorator object at 0x7f89be7425c0>, verb_extension=<colcon_core.verb.build.BuildVerb object at 0x7f89bf24b850>, main=<bound method BuildVerb.main of <colcon_core.verb.build.BuildVerb object at 0x7f89bf24b850>>)
[0.262s] Level 1:colcon.colcon_core.package_discovery:discover_packages(colcon_meta) check parameters
[0.262s] Level 1:colcon.colcon_core.package_discovery:discover_packages(recursive) check parameters
[0.262s] Level 1:colcon.colcon_core.package_discovery:discover_packages(ignore) check parameters
[0.262s] Level 1:colcon.colcon_core.package_discovery:discover_packages(path) check parameters
[0.262s] Level 1:colcon.colcon_core.package_discovery:discover_packages(colcon_meta) discover
[0.262s] Level 1:colcon.colcon_core.package_discovery:discover_packages(recursive) discover
[0.262s] INFO:colcon.colcon_core.package_discovery:Crawling recursively for packages in '/home/swapneel/rbe500/ghw1/groupassignment1'
[0.262s] Level 1:colcon.colcon_core.package_identification:_identify(.) by extensions ['ignore', 'ignore_ament_install']
[0.262s] Level 1:colcon.colcon_core.package_identification:_identify(.) by extension 'ignore'
[0.262s] Level 1:colcon.colcon_core.package_identification:_identify(.) by extension 'ignore_ament_install'
[0.263s] Level 1:colcon.colcon_core.package_identification:_identify(.) by extensions ['colcon_pkg']
[0.263s] Level 1:colcon.colcon_core.package_identification:_identify(.) by extension 'colcon_pkg'
[0.263s] Level 1:colcon.colcon_core.package_identification:_identify(.) by extensions ['colcon_meta']
[0.263s] Level 1:colcon.colcon_core.package_identification:_identify(.) by extension 'colcon_meta'
[0.263s] Level 1:colcon.colcon_core.package_identification:_identify(.) by extensions ['ros']
[0.263s] Level 1:colcon.colcon_core.package_identification:_identify(.) by extension 'ros'
[0.279s] Level 1:colcon.colcon_core.package_identification:_identify(.) by extensions ['cmake', 'python']
[0.279s] Level 1:colcon.colcon_core.package_identification:_identify(.) by extension 'cmake'
[0.279s] Level 1:colcon.colcon_core.package_identification:_identify(.) by extension 'python'
[0.280s] Level 1:colcon.colcon_core.package_identification:_identify(.) by extensions ['python_setup_py']
[0.280s] Level 1:colcon.colcon_core.package_identification:_identify(.) by extension 'python_setup_py'
[0.280s] Level 1:colcon.colcon_core.package_identification:_identify(build) by extensions ['ignore', 'ignore_ament_install']
[0.280s] Level 1:colcon.colcon_core.package_identification:_identify(build) by extension 'ignore'
[0.280s] Level 1:colcon.colcon_core.package_identification:_identify(build) ignored
[0.280s] Level 1:colcon.colcon_core.package_identification:_identify(install) by extensions ['ignore', 'ignore_ament_install']
[0.280s] Level 1:colcon.colcon_core.package_identification:_identify(install) by extension 'ignore'
[0.280s] Level 1:colcon.colcon_core.package_identification:_identify(install) ignored
[0.280s] Level 1:colcon.colcon_core.package_identification:_identify(log) by extensions ['ignore', 'ignore_ament_install']
[0.280s] Level 1:colcon.colcon_core.package_identification:_identify(log) by extension 'ignore'
[0.280s] Level 1:colcon.colcon_core.package_identification:_identify(log) ignored
[0.280s] Level 1:colcon.colcon_core.package_identification:_identify(src) by extensions ['ignore', 'ignore_ament_install']
[0.280s] Level 1:colcon.colcon_core.package_identification:_identify(src) by extension 'ignore'
[0.280s] Level 1:colcon.colcon_core.package_identification:_identify(src) by extension 'ignore_ament_install'
[0.280s] Level 1:colcon.colcon_core.package_identification:_identify(src) by extensions ['colcon_pkg']
[0.280s] Level 1:colcon.colcon_core.package_identification:_identify(src) by extension 'colcon_pkg'
[0.280s] Level 1:colcon.colcon_core.package_identification:_identify(src) by extensions ['colcon_meta']
[0.280s] Level 1:colcon.colcon_core.package_identification:_identify(src) by extension 'colcon_meta'
[0.280s] Level 1:colcon.colcon_core.package_identification:_identify(src) by extensions ['ros']
[0.281s] Level 1:colcon.colcon_core.package_identification:_identify(src) by extension 'ros'
[0.281s] Level 1:colcon.colcon_core.package_identification:_identify(src) by extensions ['cmake', 'python']
[0.281s] Level 1:colcon.colcon_core.package_identification:_identify(src) by extension 'cmake'
[0.281s] Level 1:colcon.colcon_core.package_identification:_identify(src) by extension 'python'
[0.281s] Level 1:colcon.colcon_core.package_identification:_identify(src) by extensions ['python_setup_py']
[0.281s] Level 1:colcon.colcon_core.package_identification:_identify(src) by extension 'python_setup_py'
[0.281s] Level 1:colcon.colcon_core.package_identification:_identify(src/inverse_kinematics) by extensions ['ignore', 'ignore_ament_install']
[0.281s] Level 1:colcon.colcon_core.package_identification:_identify(src/inverse_kinematics) by extension 'ignore'
[0.281s] Level 1:colcon.colcon_core.package_identification:_identify(src/inverse_kinematics) by extension 'ignore_ament_install'
[0.281s] Level 1:colcon.colcon_core.package_identification:_identify(src/inverse_kinematics) by extensions ['colcon_pkg']
[0.281s] Level 1:colcon.colcon_core.package_identification:_identify(src/inverse_kinematics) by extension 'colcon_pkg'
[0.281s] Level 1:colcon.colcon_core.package_identification:_identify(src/inverse_kinematics) by extensions ['colcon_meta']
[0.281s] Level 1:colcon.colcon_core.package_identification:_identify(src/inverse_kinematics) by extension 'colcon_meta'
[0.281s] Level 1:colcon.colcon_core.package_identification:_identify(src/inverse_kinematics) by extensions ['ros']
[0.281s] Level 1:colcon.colcon_core.package_identification:_identify(src/inverse_kinematics) by extension 'ros'
[0.283s] DEBUG:colcon.colcon_core.package_identification:Package 'src/inverse_kinematics' with type 'ros.ament_python' and name 'inverse_kinematics'
[0.283s] Level 1:colcon.colcon_core.package_identification:_identify(src/proj1) by extensions ['ignore', 'ignore_ament_install']
[0.283s] Level 1:colcon.colcon_core.package_identification:_identify(src/proj1) by extension 'ignore'
[0.283s] Level 1:colcon.colcon_core.package_identification:_identify(src/proj1) by extension 'ignore_ament_install'
[0.283s] Level 1:colcon.colcon_core.package_identification:_identify(src/proj1) by extensions ['colcon_pkg']
[0.283s] Level 1:colcon.colcon_core.package_identification:_identify(src/proj1) by extension 'colcon_pkg'
[0.283s] Level 1:colcon.colcon_core.package_identification:_identify(src/proj1) by extensions ['colcon_meta']
[0.284s] Level 1:colcon.colcon_core.package_identification:_identify(src/proj1) by extension 'colcon_meta'
[0.284s] Level 1:colcon.colcon_core.package_identification:_identify(src/proj1) by extensions ['ros']
[0.284s] Level 1:colcon.colcon_core.package_identification:_identify(src/proj1) by extension 'ros'
[0.284s] DEBUG:colcon.colcon_core.package_identification:Package 'src/proj1' with type 'ros.ament_python' and name 'proj1'
[0.284s] Level 1:colcon.colcon_core.package_identification:_identify(src/proj2) by extensions ['ignore', 'ignore_ament_install']
[0.284s] Level 1:colcon.colcon_core.package_identification:_identify(src/proj2) by extension 'ignore'
[0.285s] Level 1:colcon.colcon_core.package_identification:_identify(src/proj2) by extension 'ignore_ament_install'
[0.285s] Level 1:colcon.colcon_core.package_identification:_identify(src/proj2) by extensions ['colcon_pkg']
[0.285s] Level 1:colcon.colcon_core.package_identification:_identify(src/proj2) by extension 'colcon_pkg'
[0.285s] Level 1:colcon.colcon_core.package_identification:_identify(src/proj2) by extensions ['colcon_meta']
[0.285s] Level 1:colcon.colcon_core.package_identification:_identify(src/proj2) by extension 'colcon_meta'
[0.285s] Level 1:colcon.colcon_core.package_identification:_identify(src/proj2) by extensions ['ros']
[0.285s] Level 1:colcon.colcon_core.package_identification:_identify(src/proj2) by extension 'ros'
[0.286s] DEBUG:colcon.colcon_core.package_identification:Package 'src/proj2' with type 'ros.ament_python' and name 'proj2'
[0.286s] Level 1:colcon.colcon_core.package_identification:_identify(src/rrbot_simulation_files) by extensions ['ignore', 'ignore_ament_install']
[0.286s] Level 1:colcon.colcon_core.package_identification:_identify(src/rrbot_simulation_files) by extension 'ignore'
[0.286s] Level 1:colcon.colcon_core.package_identification:_identify(src/rrbot_simulation_files) by extension 'ignore_ament_install'
[0.286s] Level 1:colcon.colcon_core.package_identification:_identify(src/rrbot_simulation_files) by extensions ['colcon_pkg']
[0.286s] Level 1:colcon.colcon_core.package_identification:_identify(src/rrbot_simulation_files) by extension 'colcon_pkg'
[0.286s] Level 1:colcon.colcon_core.package_identification:_identify(src/rrbot_simulation_files) by extensions ['colcon_meta']
[0.286s] Level 1:colcon.colcon_core.package_identification:_identify(src/rrbot_simulation_files) by extension 'colcon_meta'
[0.286s] Level 1:colcon.colcon_core.package_identification:_identify(src/rrbot_simulation_files) by extensions ['ros']
[0.286s] Level 1:colcon.colcon_core.package_identification:_identify(src/rrbot_simulation_files) by extension 'ros'
[0.286s] Level 1:colcon.colcon_core.package_identification:_identify(src/rrbot_simulation_files) by extensions ['cmake', 'python']
[0.286s] Level 1:colcon.colcon_core.package_identification:_identify(src/rrbot_simulation_files) by extension 'cmake'
[0.286s] Level 1:colcon.colcon_core.package_identification:_identify(src/rrbot_simulation_files) by extension 'python'
[0.286s] Level 1:colcon.colcon_core.package_identification:_identify(src/rrbot_simulation_files) by extensions ['python_setup_py']
[0.286s] Level 1:colcon.colcon_core.package_identification:_identify(src/rrbot_simulation_files) by extension 'python_setup_py'
[0.286s] Level 1:colcon.colcon_core.package_identification:_identify(src/rrbot_simulation_files/rrbot_description) by extensions ['ignore', 'ignore_ament_install']
[0.286s] Level 1:colcon.colcon_core.package_identification:_identify(src/rrbot_simulation_files/rrbot_description) by extension 'ignore'
[0.286s] Level 1:colcon.colcon_core.package_identification:_identify(src/rrbot_simulation_files/rrbot_description) by extension 'ignore_ament_install'
[0.286s] Level 1:colcon.colcon_core.package_identification:_identify(src/rrbot_simulation_files/rrbot_description) by extensions ['colcon_pkg']
[0.286s] Level 1:colcon.colcon_core.package_identification:_identify(src/rrbot_simulation_files/rrbot_description) by extension 'colcon_pkg'
[0.286s] Level 1:colcon.colcon_core.package_identification:_identify(src/rrbot_simulation_files/rrbot_description) by extensions ['colcon_meta']
[0.286s] Level 1:colcon.colcon_core.package_identification:_identify(src/rrbot_simulation_files/rrbot_description) by extension 'colcon_meta'
[0.286s] Level 1:colcon.colcon_core.package_identification:_identify(src/rrbot_simulation_files/rrbot_description) by extensions ['ros']
[0.286s] Level 1:colcon.colcon_core.package_identification:_identify(src/rrbot_simulation_files/rrbot_description) by extension 'ros'
[0.287s] DEBUG:colcon.colcon_core.package_identification:Package 'src/rrbot_simulation_files/rrbot_description' with type 'ros.ament_cmake' and name 'rrbot_description'
[0.287s] Level 1:colcon.colcon_core.package_identification:_identify(src/rrbot_simulation_files/rrbot_gazebo) by extensions ['ignore', 'ignore_ament_install']
[0.287s] Level 1:colcon.colcon_core.package_identification:_identify(src/rrbot_simulation_files/rrbot_gazebo) by extension 'ignore'
[0.287s] Level 1:colcon.colcon_core.package_identification:_identify(src/rrbot_simulation_files/rrbot_gazebo) by extension 'ignore_ament_install'
[0.287s] Level 1:colcon.colcon_core.package_identification:_identify(src/rrbot_simulation_files/rrbot_gazebo) by extensions ['colcon_pkg']
[0.287s] Level 1:colcon.colcon_core.package_identification:_identify(src/rrbot_simulation_files/rrbot_gazebo) by extension 'colcon_pkg'
[0.287s] Level 1:colcon.colcon_core.package_identification:_identify(src/rrbot_simulation_files/rrbot_gazebo) by extensions ['colcon_meta']
[0.287s] Level 1:colcon.colcon_core.package_identification:_identify(src/rrbot_simulation_files/rrbot_gazebo) by extension 'colcon_meta'
[0.287s] Level 1:colcon.colcon_core.package_identification:_identify(src/rrbot_simulation_files/rrbot_gazebo) by extensions ['ros']
[0.287s] Level 1:colcon.colcon_core.package_identification:_identify(src/rrbot_simulation_files/rrbot_gazebo) by extension 'ros'
[0.288s] DEBUG:colcon.colcon_core.package_identification:Package 'src/rrbot_simulation_files/rrbot_gazebo' with type 'ros.ament_cmake' and name 'rrbot_gazebo'
[0.288s] Level 1:colcon.colcon_core.package_identification:_identify(src/tutorial_interfaces) by extensions ['ignore', 'ignore_ament_install']
[0.288s] Level 1:colcon.colcon_core.package_identification:_identify(src/tutorial_interfaces) by extension 'ignore'
[0.288s] Level 1:colcon.colcon_core.package_identification:_identify(src/tutorial_interfaces) by extension 'ignore_ament_install'
[0.288s] Level 1:colcon.colcon_core.package_identification:_identify(src/tutorial_interfaces) by extensions ['colcon_pkg']
[0.288s] Level 1:colcon.colcon_core.package_identification:_identify(src/tutorial_interfaces) by extension 'colcon_pkg'
[0.288s] Level 1:colcon.colcon_core.package_identification:_identify(src/tutorial_interfaces) by extensions ['colcon_meta']
[0.288s] Level 1:colcon.colcon_core.package_identification:_identify(src/tutorial_interfaces) by extension 'colcon_meta'
[0.288s] Level 1:colcon.colcon_core.package_identification:_identify(src/tutorial_interfaces) by extensions ['ros']
[0.288s] Level 1:colcon.colcon_core.package_identification:_identify(src/tutorial_interfaces) by extension 'ros'
[0.289s] DEBUG:colcon.colcon_core.package_identification:Package 'src/tutorial_interfaces' with type 'ros.ament_cmake' and name 'tutorial_interfaces'
[0.289s] Level 1:colcon.colcon_core.package_discovery:discover_packages(recursive) using defaults
[0.289s] Level 1:colcon.colcon_core.package_discovery:discover_packages(ignore) discover
[0.289s] Level 1:colcon.colcon_core.package_discovery:discover_packages(ignore) using defaults
[0.289s] Level 1:colcon.colcon_core.package_discovery:discover_packages(path) discover
[0.289s] Level 1:colcon.colcon_core.package_discovery:discover_packages(path) using defaults
[0.309s] Level 1:colcon.colcon_core.package_discovery:discover_packages(prefix_path) check parameters
[0.309s] Level 1:colcon.colcon_core.package_discovery:discover_packages(prefix_path) discover
[0.312s] DEBUG:colcon.colcon_installed_package_information.package_discovery:Found 6 installed packages in /home/swapneel/rbe500/ghw1/groupassignment1/install
[0.313s] DEBUG:colcon.colcon_installed_package_information.package_discovery:Found 305 installed packages in /opt/ros/humble
[0.314s] Level 1:colcon.colcon_core.package_discovery:discover_packages(prefix_path) using defaults
[0.364s] Level 5:colcon.colcon_core.verb:set package 'proj1' build argument 'cmake_args' from command line to 'None'
[0.364s] Level 5:colcon.colcon_core.verb:set package 'proj1' build argument 'cmake_target' from command line to 'None'
[0.364s] Level 5:colcon.colcon_core.verb:set package 'proj1' build argument 'cmake_target_skip_unavailable' from command line to 'False'
[0.364s] Level 5:colcon.colcon_core.verb:set package 'proj1' build argument 'cmake_clean_cache' from command line to 'False'
[0.364s] Level 5:colcon.colcon_core.verb:set package 'proj1' build argument 'cmake_clean_first' from command line to 'False'
[0.364s] Level 5:colcon.colcon_core.verb:set package 'proj1' build argument 'cmake_force_configure' from command line to 'False'
[0.364s] Level 5:colcon.colcon_core.verb:set package 'proj1' build argument 'ament_cmake_args' from command line to 'None'
[0.365s] Level 5:colcon.colcon_core.verb:set package 'proj1' build argument 'catkin_cmake_args' from command line to 'None'
[0.365s] Level 5:colcon.colcon_core.verb:set package 'proj1' build argument 'catkin_skip_building_tests' from command line to 'False'
[0.365s] DEBUG:colcon.colcon_core.verb:Building package 'proj1' with the following arguments: {'ament_cmake_args': None, 'build_base': '/home/swapneel/rbe500/ghw1/groupassignment1/build/proj1', 'catkin_cmake_args': None, 'catkin_skip_building_tests': False, 'cmake_args': None, 'cmake_clean_cache': False, 'cmake_clean_first': False, 'cmake_force_configure': False, 'cmake_target': None, 'cmake_target_skip_unavailable': False, 'install_base': '/home/swapneel/rbe500/ghw1/groupassignment1/install/proj1', 'merge_install': False, 'path': '/home/swapneel/rbe500/ghw1/groupassignment1/src/proj1', 'symlink_install': True, 'test_result_base': None}
[0.365s] Level 5:colcon.colcon_core.verb:set package 'rrbot_description' build argument 'cmake_args' from command line to 'None'
[0.365s] Level 5:colcon.colcon_core.verb:set package 'rrbot_description' build argument 'cmake_target' from command line to 'None'
[0.365s] Level 5:colcon.colcon_core.verb:set package 'rrbot_description' build argument 'cmake_target_skip_unavailable' from command line to 'False'
[0.365s] Level 5:colcon.colcon_core.verb:set package 'rrbot_description' build argument 'cmake_clean_cache' from command line to 'False'
[0.365s] Level 5:colcon.colcon_core.verb:set package 'rrbot_description' build argument 'cmake_clean_first' from command line to 'False'
[0.365s] Level 5:colcon.colcon_core.verb:set package 'rrbot_description' build argument 'cmake_force_configure' from command line to 'False'
[0.366s] Level 5:colcon.colcon_core.verb:set package 'rrbot_description' build argument 'ament_cmake_args' from command line to 'None'
[0.366s] Level 5:colcon.colcon_core.verb:set package 'rrbot_description' build argument 'catkin_cmake_args' from command line to 'None'
[0.366s] Level 5:colcon.colcon_core.verb:set package 'rrbot_description' build argument 'catkin_skip_building_tests' from command line to 'False'
[0.366s] DEBUG:colcon.colcon_core.verb:Building package 'rrbot_description' with the following arguments: {'ament_cmake_args': None, 'build_base': '/home/swapneel/rbe500/ghw1/groupassignment1/build/rrbot_description', 'catkin_cmake_args': None, 'catkin_skip_building_tests': False, 'cmake_args': None, 'cmake_clean_cache': False, 'cmake_clean_first': False, 'cmake_force_configure': False, 'cmake_target': None, 'cmake_target_skip_unavailable': False, 'install_base': '/home/swapneel/rbe500/ghw1/groupassignment1/install/rrbot_description', 'merge_install': False, 'path': '/home/swapneel/rbe500/ghw1/groupassignment1/src/rrbot_simulation_files/rrbot_description', 'symlink_install': True, 'test_result_base': None}
[0.366s] Level 5:colcon.colcon_core.verb:set package 'tutorial_interfaces' build argument 'cmake_args' from command line to 'None'
[0.366s] Level 5:colcon.colcon_core.verb:set package 'tutorial_interfaces' build argument 'cmake_target' from command line to 'None'
[0.366s] Level 5:colcon.colcon_core.verb:set package 'tutorial_interfaces' build argument 'cmake_target_skip_unavailable' from command line to 'False'
[0.366s] Level 5:colcon.colcon_core.verb:set package 'tutorial_interfaces' build argument 'cmake_clean_cache' from command line to 'False'
[0.366s] Level 5:colcon.colcon_core.verb:set package 'tutorial_interfaces' build argument 'cmake_clean_first' from command line to 'False'
[0.366s] Level 5:colcon.colcon_core.verb:set package 'tutorial_interfaces' build argument 'cmake_force_configure' from command line to 'False'
[0.366s] Level 5:colcon.colcon_core.verb:set package 'tutorial_interfaces' build argument 'ament_cmake_args' from command line to 'None'
[0.366s] Level 5:colcon.colcon_core.verb:set package 'tutorial_interfaces' build argument 'catkin_cmake_args' from command line to 'None'
[0.366s] Level 5:colcon.colcon_core.verb:set package 'tutorial_interfaces' build argument 'catkin_skip_building_tests' from command line to 'False'
[0.367s] DEBUG:colcon.colcon_core.verb:Building package 'tutorial_interfaces' with the following arguments: {'ament_cmake_args': None, 'build_base': '/home/swapneel/rbe500/ghw1/groupassignment1/build/tutorial_interfaces', 'catkin_cmake_args': None, 'catkin_skip_building_tests': False, 'cmake_args': None, 'cmake_clean_cache': False, 'cmake_clean_first': False, 'cmake_force_configure': False, 'cmake_target': None, 'cmake_target_skip_unavailable': False, 'install_base': '/home/swapneel/rbe500/ghw1/groupassignment1/install/tutorial_interfaces', 'merge_install': False, 'path': '/home/swapneel/rbe500/ghw1/groupassignment1/src/tutorial_interfaces', 'symlink_install': True, 'test_result_base': None}
[0.367s] Level 5:colcon.colcon_core.verb:set package 'inverse_kinematics' build argument 'cmake_args' from command line to 'None'
[0.367s] Level 5:colcon.colcon_core.verb:set package 'inverse_kinematics' build argument 'cmake_target' from command line to 'None'
[0.367s] Level 5:colcon.colcon_core.verb:set package 'inverse_kinematics' build argument 'cmake_target_skip_unavailable' from command line to 'False'
[0.367s] Level 5:colcon.colcon_core.verb:set package 'inverse_kinematics' build argument 'cmake_clean_cache' from command line to 'False'
[0.367s] Level 5:colcon.colcon_core.verb:set package 'inverse_kinematics' build argument 'cmake_clean_first' from command line to 'False'
[0.367s] Level 5:colcon.colcon_core.verb:set package 'inverse_kinematics' build argument 'cmake_force_configure' from command line to 'False'
[0.367s] Level 5:colcon.colcon_core.verb:set package 'inverse_kinematics' build argument 'ament_cmake_args' from command line to 'None'
[0.367s] Level 5:colcon.colcon_core.verb:set package 'inverse_kinematics' build argument 'catkin_cmake_args' from command line to 'None'
[0.367s] Level 5:colcon.colcon_core.verb:set package 'inverse_kinematics' build argument 'catkin_skip_building_tests' from command line to 'False'
[0.367s] DEBUG:colcon.colcon_core.verb:Building package 'inverse_kinematics' with the following arguments: {'ament_cmake_args': None, 'build_base': '/home/swapneel/rbe500/ghw1/groupassignment1/build/inverse_kinematics', 'catkin_cmake_args': None, 'catkin_skip_building_tests': False, 'cmake_args': None, 'cmake_clean_cache': False, 'cmake_clean_first': False, 'cmake_force_configure': False, 'cmake_target': None, 'cmake_target_skip_unavailable': False, 'install_base': '/home/swapneel/rbe500/ghw1/groupassignment1/install/inverse_kinematics', 'merge_install': False, 'path': '/home/swapneel/rbe500/ghw1/groupassignment1/src/inverse_kinematics', 'symlink_install': True, 'test_result_base': None}
[0.368s] Level 5:colcon.colcon_core.verb:set package 'proj2' build argument 'cmake_args' from command line to 'None'
[0.368s] Level 5:colcon.colcon_core.verb:set package 'proj2' build argument 'cmake_target' from command line to 'None'
[0.368s] Level 5:colcon.colcon_core.verb:set package 'proj2' build argument 'cmake_target_skip_unavailable' from command line to 'False'
[0.368s] Level 5:colcon.colcon_core.verb:set package 'proj2' build argument 'cmake_clean_cache' from command line to 'False'
[0.368s] Level 5:colcon.colcon_core.verb:set package 'proj2' build argument 'cmake_clean_first' from command line to 'False'
[0.368s] Level 5:colcon.colcon_core.verb:set package 'proj2' build argument 'cmake_force_configure' from command line to 'False'
[0.368s] Level 5:colcon.colcon_core.verb:set package 'proj2' build argument 'ament_cmake_args' from command line to 'None'
[0.368s] Level 5:colcon.colcon_core.verb:set package 'proj2' build argument 'catkin_cmake_args' from command line to 'None'
[0.368s] Level 5:colcon.colcon_core.verb:set package 'proj2' build argument 'catkin_skip_building_tests' from command line to 'False'
[0.368s] DEBUG:colcon.colcon_core.verb:Building package 'proj2' with the following arguments: {'ament_cmake_args': None, 'build_base': '/home/swapneel/rbe500/ghw1/groupassignment1/build/proj2', 'catkin_cmake_args': None, 'catkin_skip_building_tests': False, 'cmake_args': None, 'cmake_clean_cache': False, 'cmake_clean_first': False, 'cmake_force_configure': False, 'cmake_target': None, 'cmake_target_skip_unavailable': False, 'install_base': '/home/swapneel/rbe500/ghw1/groupassignment1/install/proj2', 'merge_install': False, 'path': '/home/swapneel/rbe500/ghw1/groupassignment1/src/proj2', 'symlink_install': True, 'test_result_base': None}
[0.369s] Level 5:colcon.colcon_core.verb:set package 'rrbot_gazebo' build argument 'cmake_args' from command line to 'None'
[0.369s] Level 5:colcon.colcon_core.verb:set package 'rrbot_gazebo' build argument 'cmake_target' from command line to 'None'
[0.369s] Level 5:colcon.colcon_core.verb:set package 'rrbot_gazebo' build argument 'cmake_target_skip_unavailable' from command line to 'False'
[0.369s] Level 5:colcon.colcon_core.verb:set package 'rrbot_gazebo' build argument 'cmake_clean_cache' from command line to 'False'
[0.369s] Level 5:colcon.colcon_core.verb:set package 'rrbot_gazebo' build argument 'cmake_clean_first' from command line to 'False'
[0.369s] Level 5:colcon.colcon_core.verb:set package 'rrbot_gazebo' build argument 'cmake_force_configure' from command line to 'False'
[0.369s] Level 5:colcon.colcon_core.verb:set package 'rrbot_gazebo' build argument 'ament_cmake_args' from command line to 'None'
[0.369s] Level 5:colcon.colcon_core.verb:set package 'rrbot_gazebo' build argument 'catkin_cmake_args' from command line to 'None'
[0.369s] Level 5:colcon.colcon_core.verb:set package 'rrbot_gazebo' build argument 'catkin_skip_building_tests' from command line to 'False'
[0.369s] DEBUG:colcon.colcon_core.verb:Building package 'rrbot_gazebo' with the following arguments: {'ament_cmake_args': None, 'build_base': '/home/swapneel/rbe500/ghw1/groupassignment1/build/rrbot_gazebo', 'catkin_cmake_args': None, 'catkin_skip_building_tests': False, 'cmake_args': None, 'cmake_clean_cache': False, 'cmake_clean_first': False, 'cmake_force_configure': False, 'cmake_target': None, 'cmake_target_skip_unavailable': False, 'install_base': '/home/swapneel/rbe500/ghw1/groupassignment1/install/rrbot_gazebo', 'merge_install': False, 'path': '/home/swapneel/rbe500/ghw1/groupassignment1/src/rrbot_simulation_files/rrbot_gazebo', 'symlink_install': True, 'test_result_base': None}
[0.370s] INFO:colcon.colcon_core.executor:Executing jobs using 'parallel' executor
[0.373s] DEBUG:colcon.colcon_parallel_executor.executor.parallel:run_until_complete
[0.373s] INFO:colcon.colcon_ros.task.ament_cmake.build:Building ROS package in '/home/swapneel/rbe500/ghw1/groupassignment1/src/tutorial_interfaces' with build type 'ament_cmake'
[0.373s] INFO:colcon.colcon_cmake.task.cmake.build:Building CMake package in '/home/swapneel/rbe500/ghw1/groupassignment1/src/tutorial_interfaces'
[0.377s] INFO:colcon.colcon_core.plugin_system:Skipping extension 'colcon_core.shell.bat': Not used on non-Windows systems
[0.377s] INFO:colcon.colcon_core.shell:Skip shell extension 'powershell' for command environment: Not usable outside of PowerShell
[0.377s] DEBUG:colcon.colcon_core.shell:Skip shell extension 'dsv' for command environment
[0.381s] INFO:colcon.colcon_ros.task.ament_cmake.build:Building ROS package in '/home/swapneel/rbe500/ghw1/groupassignment1/src/rrbot_simulation_files/rrbot_description' with build type 'ament_cmake'
[0.381s] INFO:colcon.colcon_cmake.task.cmake.build:Building CMake package in '/home/swapneel/rbe500/ghw1/groupassignment1/src/rrbot_simulation_files/rrbot_description'
[0.382s] INFO:colcon.colcon_core.shell:Skip shell extension 'powershell' for command environment: Not usable outside of PowerShell
[0.382s] DEBUG:colcon.colcon_core.shell:Skip shell extension 'dsv' for command environment
[0.386s] INFO:colcon.colcon_ros.task.ament_python.build:Building ROS package in '/home/swapneel/rbe500/ghw1/groupassignment1/src/proj1' with build type 'ament_python'
[0.386s] Level 1:colcon.colcon_core.shell:create_environment_hook('proj1', 'ament_prefix_path')
[0.387s] INFO:colcon.colcon_core.shell:Creating environment hook '/home/swapneel/rbe500/ghw1/groupassignment1/install/proj1/share/proj1/hook/ament_prefix_path.ps1'
[0.388s] INFO:colcon.colcon_core.shell:Creating environment descriptor '/home/swapneel/rbe500/ghw1/groupassignment1/install/proj1/share/proj1/hook/ament_prefix_path.dsv'
[0.388s] INFO:colcon.colcon_core.shell:Creating environment hook '/home/swapneel/rbe500/ghw1/groupassignment1/install/proj1/share/proj1/hook/ament_prefix_path.sh'
[0.390s] INFO:colcon.colcon_core.shell:Skip shell extension 'powershell' for command environment: Not usable outside of PowerShell
[0.390s] DEBUG:colcon.colcon_core.shell:Skip shell extension 'dsv' for command environment
[0.399s] DEBUG:colcon.colcon_core.event_handler.log_command:Invoking command in '/home/swapneel/rbe500/ghw1/groupassignment1/build/tutorial_interfaces': CMAKE_PREFIX_PATH=${CMAKE_PREFIX_PATH}:/home/swapneel/rbe500/ghw1/groupassignment1/install/proj2:/home/swapneel/rbe500/ghw1/groupassignment1/install/inverse_kinematics:/home/swapneel/rbe500/ghw1/groupassignment1/install/proj1:/opt/ros/humble /usr/bin/cmake --build /home/swapneel/rbe500/ghw1/groupassignment1/build/tutorial_interfaces -- -j8 -l8
[0.402s] DEBUG:colcon.colcon_core.event_handler.log_command:Invoking command in '/home/swapneel/rbe500/ghw1/groupassignment1/build/rrbot_description': CMAKE_PREFIX_PATH=${CMAKE_PREFIX_PATH}:/home/swapneel/rbe500/ghw1/groupassignment1/install/proj2:/home/swapneel/rbe500/ghw1/groupassignment1/install/inverse_kinematics:/home/swapneel/rbe500/ghw1/groupassignment1/install/proj1:/opt/ros/humble /usr/bin/cmake --build /home/swapneel/rbe500/ghw1/groupassignment1/build/rrbot_description -- -j8 -l8
[0.642s] INFO:colcon.colcon_core.task.python.build:Building Python package in '/home/swapneel/rbe500/ghw1/groupassignment1/src/proj1'
[0.643s] INFO:colcon.colcon_core.shell:Skip shell extension 'powershell' for command environment: Not usable outside of PowerShell
[0.643s] DEBUG:colcon.colcon_core.shell:Skip shell extension 'dsv' for command environment
[0.647s] DEBUG:colcon.colcon_core.event_handler.log_command:Invoked command in '/home/swapneel/rbe500/ghw1/groupassignment1/build/rrbot_description' returned '0': CMAKE_PREFIX_PATH=${CMAKE_PREFIX_PATH}:/home/swapneel/rbe500/ghw1/groupassignment1/install/proj2:/home/swapneel/rbe500/ghw1/groupassignment1/install/inverse_kinematics:/home/swapneel/rbe500/ghw1/groupassignment1/install/proj1:/opt/ros/humble /usr/bin/cmake --build /home/swapneel/rbe500/ghw1/groupassignment1/build/rrbot_description -- -j8 -l8
[0.672s] DEBUG:colcon.colcon_core.event_handler.log_command:Invoking command in '/home/swapneel/rbe500/ghw1/groupassignment1/build/rrbot_description': CMAKE_PREFIX_PATH=${CMAKE_PREFIX_PATH}:/home/swapneel/rbe500/ghw1/groupassignment1/install/proj2:/home/swapneel/rbe500/ghw1/groupassignment1/install/inverse_kinematics:/home/swapneel/rbe500/ghw1/groupassignment1/install/proj1:/opt/ros/humble /usr/bin/cmake --install /home/swapneel/rbe500/ghw1/groupassignment1/build/rrbot_description
[0.692s] Level 1:colcon.colcon_core.environment:create_environment_scripts_only(rrbot_description)
[0.693s] DEBUG:colcon.colcon_core.event_handler.log_command:Invoked command in '/home/swapneel/rbe500/ghw1/groupassignment1/build/rrbot_description' returned '0': CMAKE_PREFIX_PATH=${CMAKE_PREFIX_PATH}:/home/swapneel/rbe500/ghw1/groupassignment1/install/proj2:/home/swapneel/rbe500/ghw1/groupassignment1/install/inverse_kinematics:/home/swapneel/rbe500/ghw1/groupassignment1/install/proj1:/opt/ros/humble /usr/bin/cmake --install /home/swapneel/rbe500/ghw1/groupassignment1/build/rrbot_description
[0.697s] Level 1:colcon.colcon_core.environment:checking '/home/swapneel/rbe500/ghw1/groupassignment1/install/rrbot_description' for CMake module files
[0.698s] Level 1:colcon.colcon_core.environment:checking '/home/swapneel/rbe500/ghw1/groupassignment1/install/rrbot_description' for CMake config files
[0.698s] Level 1:colcon.colcon_core.shell:create_environment_hook('rrbot_description', 'cmake_prefix_path')
[0.699s] INFO:colcon.colcon_core.shell:Creating environment hook '/home/swapneel/rbe500/ghw1/groupassignment1/install/rrbot_description/share/rrbot_description/hook/cmake_prefix_path.ps1'
[0.700s] INFO:colcon.colcon_core.shell:Creating environment descriptor '/home/swapneel/rbe500/ghw1/groupassignment1/install/rrbot_description/share/rrbot_description/hook/cmake_prefix_path.dsv'
[0.700s] INFO:colcon.colcon_core.shell:Creating environment hook '/home/swapneel/rbe500/ghw1/groupassignment1/install/rrbot_description/share/rrbot_description/hook/cmake_prefix_path.sh'
[0.701s] Level 1:colcon.colcon_core.environment:checking '/home/swapneel/rbe500/ghw1/groupassignment1/install/rrbot_description/bin'
[0.701s] Level 1:colcon.colcon_core.environment:checking '/home/swapneel/rbe500/ghw1/groupassignment1/install/rrbot_description/lib/pkgconfig/rrbot_description.pc'
[0.701s] Level 1:colcon.colcon_core.environment:checking '/home/swapneel/rbe500/ghw1/groupassignment1/install/rrbot_description/lib/python3.10/site-packages'
[0.702s] Level 1:colcon.colcon_core.environment:checking '/home/swapneel/rbe500/ghw1/groupassignment1/install/rrbot_description/bin'
[0.703s] INFO:colcon.colcon_core.shell:Creating package script '/home/swapneel/rbe500/ghw1/groupassignment1/install/rrbot_description/share/rrbot_description/package.ps1'
[0.704s] INFO:colcon.colcon_core.shell:Creating package descriptor '/home/swapneel/rbe500/ghw1/groupassignment1/install/rrbot_description/share/rrbot_description/package.dsv'
[0.704s] INFO:colcon.colcon_core.shell:Creating package script '/home/swapneel/rbe500/ghw1/groupassignment1/install/rrbot_description/share/rrbot_description/package.sh'
[0.705s] INFO:colcon.colcon_core.shell:Creating package script '/home/swapneel/rbe500/ghw1/groupassignment1/install/rrbot_description/share/rrbot_description/package.bash'
[0.706s] INFO:colcon.colcon_core.shell:Creating package script '/home/swapneel/rbe500/ghw1/groupassignment1/install/rrbot_description/share/rrbot_description/package.zsh'
[0.706s] Level 1:colcon.colcon_core.environment:create_file_with_runtime_dependencies(/home/swapneel/rbe500/ghw1/groupassignment1/install/rrbot_description/share/colcon-core/packages/rrbot_description)
[0.724s] Level 1:colcon.colcon_core.environment:create_environment_scripts_only(rrbot_description)
[0.725s] Level 1:colcon.colcon_core.environment:checking '/home/swapneel/rbe500/ghw1/groupassignment1/install/rrbot_description' for CMake module files
[0.726s] Level 1:colcon.colcon_core.environment:checking '/home/swapneel/rbe500/ghw1/groupassignment1/install/rrbot_description' for CMake config files
[0.726s] Level 1:colcon.colcon_core.shell:create_environment_hook('rrbot_description', 'cmake_prefix_path')
[0.727s] INFO:colcon.colcon_core.shell:Creating environment hook '/home/swapneel/rbe500/ghw1/groupassignment1/install/rrbot_description/share/rrbot_description/hook/cmake_prefix_path.ps1'
[0.728s] INFO:colcon.colcon_core.shell:Creating environment descriptor '/home/swapneel/rbe500/ghw1/groupassignment1/install/rrbot_description/share/rrbot_description/hook/cmake_prefix_path.dsv'
[0.728s] INFO:colcon.colcon_core.shell:Creating environment hook '/home/swapneel/rbe500/ghw1/groupassignment1/install/rrbot_description/share/rrbot_description/hook/cmake_prefix_path.sh'
[0.728s] Level 1:colcon.colcon_core.environment:checking '/home/swapneel/rbe500/ghw1/groupassignment1/install/rrbot_description/bin'
[0.728s] Level 1:colcon.colcon_core.environment:checking '/home/swapneel/rbe500/ghw1/groupassignment1/install/rrbot_description/lib/pkgconfig/rrbot_description.pc'
[0.729s] Level 1:colcon.colcon_core.environment:checking '/home/swapneel/rbe500/ghw1/groupassignment1/install/rrbot_description/lib/python3.10/site-packages'
[0.729s] Level 1:colcon.colcon_core.environment:checking '/home/swapneel/rbe500/ghw1/groupassignment1/install/rrbot_description/bin'
[0.730s] INFO:colcon.colcon_core.shell:Creating package script '/home/swapneel/rbe500/ghw1/groupassignment1/install/rrbot_description/share/rrbot_description/package.ps1'
[0.730s] INFO:colcon.colcon_core.shell:Creating package descriptor '/home/swapneel/rbe500/ghw1/groupassignment1/install/rrbot_description/share/rrbot_description/package.dsv'
[0.731s] INFO:colcon.colcon_core.shell:Creating package script '/home/swapneel/rbe500/ghw1/groupassignment1/install/rrbot_description/share/rrbot_description/package.sh'
[0.731s] INFO:colcon.colcon_core.shell:Creating package script '/home/swapneel/rbe500/ghw1/groupassignment1/install/rrbot_description/share/rrbot_description/package.bash'
[0.731s] INFO:colcon.colcon_core.shell:Creating package script '/home/swapneel/rbe500/ghw1/groupassignment1/install/rrbot_description/share/rrbot_description/package.zsh'
[0.731s] Level 1:colcon.colcon_core.environment:create_file_with_runtime_dependencies(/home/swapneel/rbe500/ghw1/groupassignment1/install/rrbot_description/share/colcon-core/packages/rrbot_description)
[0.732s] INFO:colcon.colcon_ros.task.ament_cmake.build:Building ROS package in '/home/swapneel/rbe500/ghw1/groupassignment1/src/rrbot_simulation_files/rrbot_gazebo' with build type 'ament_cmake'
[0.732s] INFO:colcon.colcon_cmake.task.cmake.build:Building CMake package in '/home/swapneel/rbe500/ghw1/groupassignment1/src/rrbot_simulation_files/rrbot_gazebo'
[0.733s] INFO:colcon.colcon_core.shell:Skip shell extension 'powershell' for command environment: Not usable outside of PowerShell
[0.733s] DEBUG:colcon.colcon_core.shell:Skip shell extension 'dsv' for command environment
[0.738s] DEBUG:colcon.colcon_core.event_handler.log_command:Invoked command in '/home/swapneel/rbe500/ghw1/groupassignment1/build/tutorial_interfaces' returned '0': CMAKE_PREFIX_PATH=${CMAKE_PREFIX_PATH}:/home/swapneel/rbe500/ghw1/groupassignment1/install/proj2:/home/swapneel/rbe500/ghw1/groupassignment1/install/inverse_kinematics:/home/swapneel/rbe500/ghw1/groupassignment1/install/proj1:/opt/ros/humble /usr/bin/cmake --build /home/swapneel/rbe500/ghw1/groupassignment1/build/tutorial_interfaces -- -j8 -l8
[0.742s] DEBUG:colcon.colcon_core.event_handler.log_command:Invoking command in '/home/swapneel/rbe500/ghw1/groupassignment1/build/rrbot_gazebo': CMAKE_PREFIX_PATH=/home/swapneel/rbe500/ghw1/groupassignment1/install/rrbot_description:/home/swapneel/rbe500/ghw1/groupassignment1/install/tutorial_interfaces:/home/swapneel/rbe500/ghw1/groupassignment1/install/rrbot_gazebo:/home/swapneel/rbe500/ghw1/groupassignment1/install/proj2:/home/swapneel/rbe500/ghw1/groupassignment1/install/inverse_kinematics:/home/swapneel/rbe500/ghw1/groupassignment1/install/proj1:/opt/ros/humble /usr/bin/cmake --build /home/swapneel/rbe500/ghw1/groupassignment1/build/rrbot_gazebo -- -j8 -l8
[0.787s] DEBUG:colcon.colcon_core.event_handler.log_command:Invoking command in '/home/swapneel/rbe500/ghw1/groupassignment1/build/tutorial_interfaces': CMAKE_PREFIX_PATH=${CMAKE_PREFIX_PATH}:/home/swapneel/rbe500/ghw1/groupassignment1/install/proj2:/home/swapneel/rbe500/ghw1/groupassignment1/install/inverse_kinematics:/home/swapneel/rbe500/ghw1/groupassignment1/install/proj1:/opt/ros/humble /usr/bin/cmake --install /home/swapneel/rbe500/ghw1/groupassignment1/build/tutorial_interfaces
[0.802s] DEBUG:colcon.colcon_core.event_handler.log_command:Invoked command in '/home/swapneel/rbe500/ghw1/groupassignment1/build/rrbot_gazebo' returned '0': CMAKE_PREFIX_PATH=/home/swapneel/rbe500/ghw1/groupassignment1/install/rrbot_description:/home/swapneel/rbe500/ghw1/groupassignment1/install/tutorial_interfaces:/home/swapneel/rbe500/ghw1/groupassignment1/install/rrbot_gazebo:/home/swapneel/rbe500/ghw1/groupassignment1/install/proj2:/home/swapneel/rbe500/ghw1/groupassignment1/install/inverse_kinematics:/home/swapneel/rbe500/ghw1/groupassignment1/install/proj1:/opt/ros/humble /usr/bin/cmake --build /home/swapneel/rbe500/ghw1/groupassignment1/build/rrbot_gazebo -- -j8 -l8
[0.826s] DEBUG:colcon.colcon_core.event_handler.log_command:Invoking command in '/home/swapneel/rbe500/ghw1/groupassignment1/build/rrbot_gazebo': CMAKE_PREFIX_PATH=/home/swapneel/rbe500/ghw1/groupassignment1/install/rrbot_description:/home/swapneel/rbe500/ghw1/groupassignment1/install/tutorial_interfaces:/home/swapneel/rbe500/ghw1/groupassignment1/install/rrbot_gazebo:/home/swapneel/rbe500/ghw1/groupassignment1/install/proj2:/home/swapneel/rbe500/ghw1/groupassignment1/install/inverse_kinematics:/home/swapneel/rbe500/ghw1/groupassignment1/install/proj1:/opt/ros/humble /usr/bin/cmake --install /home/swapneel/rbe500/ghw1/groupassignment1/build/rrbot_gazebo
[0.845s] Level 1:colcon.colcon_core.environment:create_environment_scripts_only(rrbot_gazebo)
[0.847s] Level 1:colcon.colcon_core.environment:checking '/home/swapneel/rbe500/ghw1/groupassignment1/install/rrbot_gazebo' for CMake module files
[0.847s] DEBUG:colcon.colcon_core.event_handler.log_command:Invoked command in '/home/swapneel/rbe500/ghw1/groupassignment1/build/rrbot_gazebo' returned '0': CMAKE_PREFIX_PATH=/home/swapneel/rbe500/ghw1/groupassignment1/install/rrbot_description:/home/swapneel/rbe500/ghw1/groupassignment1/install/tutorial_interfaces:/home/swapneel/rbe500/ghw1/groupassignment1/install/rrbot_gazebo:/home/swapneel/rbe500/ghw1/groupassignment1/install/proj2:/home/swapneel/rbe500/ghw1/groupassignment1/install/inverse_kinematics:/home/swapneel/rbe500/ghw1/groupassignment1/install/proj1:/opt/ros/humble /usr/bin/cmake --install /home/swapneel/rbe500/ghw1/groupassignment1/build/rrbot_gazebo
[0.848s] Level 1:colcon.colcon_core.environment:checking '/home/swapneel/rbe500/ghw1/groupassignment1/install/rrbot_gazebo' for CMake config files
[0.849s] Level 1:colcon.colcon_core.shell:create_environment_hook('rrbot_gazebo', 'cmake_prefix_path')
[0.850s] INFO:colcon.colcon_core.shell:Creating environment hook '/home/swapneel/rbe500/ghw1/groupassignment1/install/rrbot_gazebo/share/rrbot_gazebo/hook/cmake_prefix_path.ps1'
[0.850s] INFO:colcon.colcon_core.shell:Creating environment descriptor '/home/swapneel/rbe500/ghw1/groupassignment1/install/rrbot_gazebo/share/rrbot_gazebo/hook/cmake_prefix_path.dsv'
[0.851s] INFO:colcon.colcon_core.shell:Creating environment hook '/home/swapneel/rbe500/ghw1/groupassignment1/install/rrbot_gazebo/share/rrbot_gazebo/hook/cmake_prefix_path.sh'
[0.852s] Level 1:colcon.colcon_core.environment:checking '/home/swapneel/rbe500/ghw1/groupassignment1/install/rrbot_gazebo/lib'
[0.852s] Level 1:colcon.colcon_core.environment:checking '/home/swapneel/rbe500/ghw1/groupassignment1/install/rrbot_gazebo/bin'
[0.852s] Level 1:colcon.colcon_core.environment:checking '/home/swapneel/rbe500/ghw1/groupassignment1/install/rrbot_gazebo/lib/pkgconfig/rrbot_gazebo.pc'
[0.852s] Level 1:colcon.colcon_core.environment:checking '/home/swapneel/rbe500/ghw1/groupassignment1/install/rrbot_gazebo/lib/python3.10/site-packages'
[0.852s] Level 1:colcon.colcon_core.environment:checking '/home/swapneel/rbe500/ghw1/groupassignment1/install/rrbot_gazebo/bin'
[0.854s] INFO:colcon.colcon_core.shell:Creating package script '/home/swapneel/rbe500/ghw1/groupassignment1/install/rrbot_gazebo/share/rrbot_gazebo/package.ps1'
[0.855s] INFO:colcon.colcon_core.shell:Creating package descriptor '/home/swapneel/rbe500/ghw1/groupassignment1/install/rrbot_gazebo/share/rrbot_gazebo/package.dsv'
[0.856s] INFO:colcon.colcon_core.shell:Creating package script '/home/swapneel/rbe500/ghw1/groupassignment1/install/rrbot_gazebo/share/rrbot_gazebo/package.sh'
[0.856s] INFO:colcon.colcon_core.shell:Creating package script '/home/swapneel/rbe500/ghw1/groupassignment1/install/rrbot_gazebo/share/rrbot_gazebo/package.bash'
[0.857s] INFO:colcon.colcon_core.shell:Creating package script '/home/swapneel/rbe500/ghw1/groupassignment1/install/rrbot_gazebo/share/rrbot_gazebo/package.zsh'
[0.857s] Level 1:colcon.colcon_core.environment:create_file_with_runtime_dependencies(/home/swapneel/rbe500/ghw1/groupassignment1/install/rrbot_gazebo/share/colcon-core/packages/rrbot_gazebo)
[0.858s] Level 1:colcon.colcon_core.environment:create_environment_scripts_only(tutorial_interfaces)
[0.860s] Level 1:colcon.colcon_core.environment:checking '/home/swapneel/rbe500/ghw1/groupassignment1/install/tutorial_interfaces' for CMake module files
[0.860s] DEBUG:colcon.colcon_core.event_handler.log_command:Invoked command in '/home/swapneel/rbe500/ghw1/groupassignment1/build/tutorial_interfaces' returned '0': CMAKE_PREFIX_PATH=${CMAKE_PREFIX_PATH}:/home/swapneel/rbe500/ghw1/groupassignment1/install/proj2:/home/swapneel/rbe500/ghw1/groupassignment1/install/inverse_kinematics:/home/swapneel/rbe500/ghw1/groupassignment1/install/proj1:/opt/ros/humble /usr/bin/cmake --install /home/swapneel/rbe500/ghw1/groupassignment1/build/tutorial_interfaces
[0.861s] Level 1:colcon.colcon_core.environment:checking '/home/swapneel/rbe500/ghw1/groupassignment1/install/tutorial_interfaces' for CMake config files
[0.861s] Level 1:colcon.colcon_core.shell:create_environment_hook('tutorial_interfaces', 'cmake_prefix_path')
[0.863s] INFO:colcon.colcon_core.shell:Creating environment hook '/home/swapneel/rbe500/ghw1/groupassignment1/install/tutorial_interfaces/share/tutorial_interfaces/hook/cmake_prefix_path.ps1'
[0.863s] INFO:colcon.colcon_core.shell:Creating environment descriptor '/home/swapneel/rbe500/ghw1/groupassignment1/install/tutorial_interfaces/share/tutorial_interfaces/hook/cmake_prefix_path.dsv'
[0.863s] INFO:colcon.colcon_core.shell:Creating environment hook '/home/swapneel/rbe500/ghw1/groupassignment1/install/tutorial_interfaces/share/tutorial_interfaces/hook/cmake_prefix_path.sh'
[0.864s] Level 1:colcon.colcon_core.environment:checking '/home/swapneel/rbe500/ghw1/groupassignment1/install/tutorial_interfaces/lib'
[0.864s] Level 1:colcon.colcon_core.shell:create_environment_hook('tutorial_interfaces', 'ld_library_path_lib')
[0.865s] INFO:colcon.colcon_core.shell:Creating environment hook '/home/swapneel/rbe500/ghw1/groupassignment1/install/tutorial_interfaces/share/tutorial_interfaces/hook/ld_library_path_lib.ps1'
[0.865s] INFO:colcon.colcon_core.shell:Creating environment descriptor '/home/swapneel/rbe500/ghw1/groupassignment1/install/tutorial_interfaces/share/tutorial_interfaces/hook/ld_library_path_lib.dsv'
[0.866s] INFO:colcon.colcon_core.shell:Creating environment hook '/home/swapneel/rbe500/ghw1/groupassignment1/install/tutorial_interfaces/share/tutorial_interfaces/hook/ld_library_path_lib.sh'
[0.866s] Level 1:colcon.colcon_core.environment:checking '/home/swapneel/rbe500/ghw1/groupassignment1/install/tutorial_interfaces/bin'
[0.866s] Level 1:colcon.colcon_core.environment:checking '/home/swapneel/rbe500/ghw1/groupassignment1/install/tutorial_interfaces/lib/pkgconfig/tutorial_interfaces.pc'
[0.866s] Level 1:colcon.colcon_core.environment:checking '/home/swapneel/rbe500/ghw1/groupassignment1/install/tutorial_interfaces/lib/python3.10/site-packages'
[0.866s] Level 1:colcon.colcon_core.environment:checking '/home/swapneel/rbe500/ghw1/groupassignment1/install/tutorial_interfaces/bin'
[0.868s] INFO:colcon.colcon_core.shell:Creating package script '/home/swapneel/rbe500/ghw1/groupassignment1/install/tutorial_interfaces/share/tutorial_interfaces/package.ps1'
[0.868s] INFO:colcon.colcon_core.shell:Creating package descriptor '/home/swapneel/rbe500/ghw1/groupassignment1/install/tutorial_interfaces/share/tutorial_interfaces/package.dsv'
[0.868s] INFO:colcon.colcon_core.shell:Creating package script '/home/swapneel/rbe500/ghw1/groupassignment1/install/tutorial_interfaces/share/tutorial_interfaces/package.sh'
[0.869s] INFO:colcon.colcon_core.shell:Creating package script '/home/swapneel/rbe500/ghw1/groupassignment1/install/tutorial_interfaces/share/tutorial_interfaces/package.bash'
[0.869s] INFO:colcon.colcon_core.shell:Creating package script '/home/swapneel/rbe500/ghw1/groupassignment1/install/tutorial_interfaces/share/tutorial_interfaces/package.zsh'
[0.869s] Level 1:colcon.colcon_core.environment:create_file_with_runtime_dependencies(/home/swapneel/rbe500/ghw1/groupassignment1/install/tutorial_interfaces/share/colcon-core/packages/tutorial_interfaces)
[0.879s] Level 1:colcon.colcon_core.environment:create_environment_scripts_only(rrbot_gazebo)
[0.881s] Level 1:colcon.colcon_core.environment:checking '/home/swapneel/rbe500/ghw1/groupassignment1/install/rrbot_gazebo' for CMake module files
[0.881s] Level 1:colcon.colcon_core.environment:checking '/home/swapneel/rbe500/ghw1/groupassignment1/install/rrbot_gazebo' for CMake config files
[0.882s] Level 1:colcon.colcon_core.shell:create_environment_hook('rrbot_gazebo', 'cmake_prefix_path')
[0.883s] INFO:colcon.colcon_core.shell:Creating environment hook '/home/swapneel/rbe500/ghw1/groupassignment1/install/rrbot_gazebo/share/rrbot_gazebo/hook/cmake_prefix_path.ps1'
[0.883s] INFO:colcon.colcon_core.shell:Creating environment descriptor '/home/swapneel/rbe500/ghw1/groupassignment1/install/rrbot_gazebo/share/rrbot_gazebo/hook/cmake_prefix_path.dsv'
[0.884s] INFO:colcon.colcon_core.shell:Creating environment hook '/home/swapneel/rbe500/ghw1/groupassignment1/install/rrbot_gazebo/share/rrbot_gazebo/hook/cmake_prefix_path.sh'
[0.884s] Level 1:colcon.colcon_core.environment:checking '/home/swapneel/rbe500/ghw1/groupassignment1/install/rrbot_gazebo/lib'
[0.884s] Level 1:colcon.colcon_core.environment:checking '/home/swapneel/rbe500/ghw1/groupassignment1/install/rrbot_gazebo/bin'
[0.884s] Level 1:colcon.colcon_core.environment:checking '/home/swapneel/rbe500/ghw1/groupassignment1/install/rrbot_gazebo/lib/pkgconfig/rrbot_gazebo.pc'
[0.884s] Level 1:colcon.colcon_core.environment:checking '/home/swapneel/rbe500/ghw1/groupassignment1/install/rrbot_gazebo/lib/python3.10/site-packages'
[0.885s] Level 1:colcon.colcon_core.environment:checking '/home/swapneel/rbe500/ghw1/groupassignment1/install/rrbot_gazebo/bin'
[0.886s] INFO:colcon.colcon_core.shell:Creating package script '/home/swapneel/rbe500/ghw1/groupassignment1/install/rrbot_gazebo/share/rrbot_gazebo/package.ps1'
[0.886s] INFO:colcon.colcon_core.shell:Creating package descriptor '/home/swapneel/rbe500/ghw1/groupassignment1/install/rrbot_gazebo/share/rrbot_gazebo/package.dsv'
[0.887s] INFO:colcon.colcon_core.shell:Creating package script '/home/swapneel/rbe500/ghw1/groupassignment1/install/rrbot_gazebo/share/rrbot_gazebo/package.sh'
[0.887s] INFO:colcon.colcon_core.shell:Creating package script '/home/swapneel/rbe500/ghw1/groupassignment1/install/rrbot_gazebo/share/rrbot_gazebo/package.bash'
[0.887s] INFO:colcon.colcon_core.shell:Creating package script '/home/swapneel/rbe500/ghw1/groupassignment1/install/rrbot_gazebo/share/rrbot_gazebo/package.zsh'
[0.888s] Level 1:colcon.colcon_core.environment:create_file_with_runtime_dependencies(/home/swapneel/rbe500/ghw1/groupassignment1/install/rrbot_gazebo/share/colcon-core/packages/rrbot_gazebo)
[0.915s] Level 1:colcon.colcon_core.environment:create_environment_scripts_only(tutorial_interfaces)
[0.918s] Level 1:colcon.colcon_core.environment:checking '/home/swapneel/rbe500/ghw1/groupassignment1/install/tutorial_interfaces' for CMake module files
[0.918s] Level 1:colcon.colcon_core.environment:checking '/home/swapneel/rbe500/ghw1/groupassignment1/install/tutorial_interfaces' for CMake config files
[0.919s] Level 1:colcon.colcon_core.shell:create_environment_hook('tutorial_interfaces', 'cmake_prefix_path')
[0.920s] INFO:colcon.colcon_core.shell:Creating environment hook '/home/swapneel/rbe500/ghw1/groupassignment1/install/tutorial_interfaces/share/tutorial_interfaces/hook/cmake_prefix_path.ps1'
[0.921s] INFO:colcon.colcon_core.shell:Creating environment descriptor '/home/swapneel/rbe500/ghw1/groupassignment1/install/tutorial_interfaces/share/tutorial_interfaces/hook/cmake_prefix_path.dsv'
[0.921s] INFO:colcon.colcon_core.shell:Creating environment hook '/home/swapneel/rbe500/ghw1/groupassignment1/install/tutorial_interfaces/share/tutorial_interfaces/hook/cmake_prefix_path.sh'
[0.921s] Level 1:colcon.colcon_core.environment:checking '/home/swapneel/rbe500/ghw1/groupassignment1/install/tutorial_interfaces/lib'
[0.922s] Level 1:colcon.colcon_core.shell:create_environment_hook('tutorial_interfaces', 'ld_library_path_lib')
[0.923s] INFO:colcon.colcon_core.shell:Creating environment hook '/home/swapneel/rbe500/ghw1/groupassignment1/install/tutorial_interfaces/share/tutorial_interfaces/hook/ld_library_path_lib.ps1'
[0.923s] INFO:colcon.colcon_core.shell:Creating environment descriptor '/home/swapneel/rbe500/ghw1/groupassignment1/install/tutorial_interfaces/share/tutorial_interfaces/hook/ld_library_path_lib.dsv'
[0.923s] INFO:colcon.colcon_core.shell:Creating environment hook '/home/swapneel/rbe500/ghw1/groupassignment1/install/tutorial_interfaces/share/tutorial_interfaces/hook/ld_library_path_lib.sh'
[0.924s] Level 1:colcon.colcon_core.environment:checking '/home/swapneel/rbe500/ghw1/groupassignment1/install/tutorial_interfaces/bin'
[0.924s] Level 1:colcon.colcon_core.environment:checking '/home/swapneel/rbe500/ghw1/groupassignment1/install/tutorial_interfaces/lib/pkgconfig/tutorial_interfaces.pc'
[0.924s] Level 1:colcon.colcon_core.environment:checking '/home/swapneel/rbe500/ghw1/groupassignment1/install/tutorial_interfaces/lib/python3.10/site-packages'
[0.924s] Level 1:colcon.colcon_core.environment:checking '/home/swapneel/rbe500/ghw1/groupassignment1/install/tutorial_interfaces/bin'
[0.925s] INFO:colcon.colcon_core.shell:Creating package script '/home/swapneel/rbe500/ghw1/groupassignment1/install/tutorial_interfaces/share/tutorial_interfaces/package.ps1'
[0.926s] INFO:colcon.colcon_core.shell:Creating package descriptor '/home/swapneel/rbe500/ghw1/groupassignment1/install/tutorial_interfaces/share/tutorial_interfaces/package.dsv'
[0.926s] INFO:colcon.colcon_core.shell:Creating package script '/home/swapneel/rbe500/ghw1/groupassignment1/install/tutorial_interfaces/share/tutorial_interfaces/package.sh'
[0.927s] INFO:colcon.colcon_core.shell:Creating package script '/home/swapneel/rbe500/ghw1/groupassignment1/install/tutorial_interfaces/share/tutorial_interfaces/package.bash'
[0.927s] INFO:colcon.colcon_core.shell:Creating package script '/home/swapneel/rbe500/ghw1/groupassignment1/install/tutorial_interfaces/share/tutorial_interfaces/package.zsh'
[0.927s] Level 1:colcon.colcon_core.environment:create_file_with_runtime_dependencies(/home/swapneel/rbe500/ghw1/groupassignment1/install/tutorial_interfaces/share/colcon-core/packages/tutorial_interfaces)
[0.928s] INFO:colcon.colcon_ros.task.ament_python.build:Building ROS package in '/home/swapneel/rbe500/ghw1/groupassignment1/src/inverse_kinematics' with build type 'ament_python'
[0.928s] Level 1:colcon.colcon_core.shell:create_environment_hook('inverse_kinematics', 'ament_prefix_path')
[0.929s] INFO:colcon.colcon_core.shell:Creating environment hook '/home/swapneel/rbe500/ghw1/groupassignment1/install/inverse_kinematics/share/inverse_kinematics/hook/ament_prefix_path.ps1'
[0.929s] INFO:colcon.colcon_core.shell:Creating environment descriptor '/home/swapneel/rbe500/ghw1/groupassignment1/install/inverse_kinematics/share/inverse_kinematics/hook/ament_prefix_path.dsv'
[0.930s] INFO:colcon.colcon_core.shell:Creating environment hook '/home/swapneel/rbe500/ghw1/groupassignment1/install/inverse_kinematics/share/inverse_kinematics/hook/ament_prefix_path.sh'
[0.932s] INFO:colcon.colcon_core.shell:Skip shell extension 'powershell' for command environment: Not usable outside of PowerShell
[0.932s] DEBUG:colcon.colcon_core.shell:Skip shell extension 'dsv' for command environment
[0.936s] INFO:colcon.colcon_ros.task.ament_python.build:Building ROS package in '/home/swapneel/rbe500/ghw1/groupassignment1/src/proj2' with build type 'ament_python'
[0.936s] Level 1:colcon.colcon_core.shell:create_environment_hook('proj2', 'ament_prefix_path')
[0.937s] INFO:colcon.colcon_core.shell:Creating environment hook '/home/swapneel/rbe500/ghw1/groupassignment1/install/proj2/share/proj2/hook/ament_prefix_path.ps1'
[0.938s] INFO:colcon.colcon_core.shell:Creating environment descriptor '/home/swapneel/rbe500/ghw1/groupassignment1/install/proj2/share/proj2/hook/ament_prefix_path.dsv'
[0.938s] INFO:colcon.colcon_core.shell:Creating environment hook '/home/swapneel/rbe500/ghw1/groupassignment1/install/proj2/share/proj2/hook/ament_prefix_path.sh'
[0.940s] INFO:colcon.colcon_core.shell:Skip shell extension 'powershell' for command environment: Not usable outside of PowerShell
[0.940s] DEBUG:colcon.colcon_core.shell:Skip shell extension 'dsv' for command environment
[1.158s] INFO:colcon.colcon_core.task.python.build:Building Python package in '/home/swapneel/rbe500/ghw1/groupassignment1/src/inverse_kinematics'
[1.159s] INFO:colcon.colcon_core.shell:Skip shell extension 'powershell' for command environment: Not usable outside of PowerShell
[1.159s] DEBUG:colcon.colcon_core.shell:Skip shell extension 'dsv' for command environment
[1.166s] DEBUG:colcon.colcon_core.event_handler.log_command:Invoking command in '/home/swapneel/rbe500/ghw1/groupassignment1/build/proj1': PYTHONPATH=/home/swapneel/rbe500/ghw1/groupassignment1/build/proj1/prefix_override:/home/swapneel/rbe500/ghw1/groupassignment1/install/proj1/lib/python3.10/site-packages:${PYTHONPATH} /usr/bin/python3 setup.py develop --editable --build-directory /home/swapneel/rbe500/ghw1/groupassignment1/build/proj1/build --no-deps install_data
[1.380s] INFO:colcon.colcon_core.task.python.build:Building Python package in '/home/swapneel/rbe500/ghw1/groupassignment1/src/proj2'
[1.382s] INFO:colcon.colcon_core.shell:Skip shell extension 'powershell' for command environment: Not usable outside of PowerShell
[1.382s] DEBUG:colcon.colcon_core.shell:Skip shell extension 'dsv' for command environment
[1.564s] Level 1:colcon.colcon_core.shell:create_environment_hook('proj1', 'pythonpath_develop')
[1.567s] INFO:colcon.colcon_core.shell:Creating environment hook '/home/swapneel/rbe500/ghw1/groupassignment1/build/proj1/share/proj1/hook/pythonpath_develop.ps1'
[1.567s] DEBUG:colcon.colcon_core.event_handler.log_command:Invoked command in '/home/swapneel/rbe500/ghw1/groupassignment1/build/proj1' returned '0': PYTHONPATH=/home/swapneel/rbe500/ghw1/groupassignment1/build/proj1/prefix_override:/home/swapneel/rbe500/ghw1/groupassignment1/install/proj1/lib/python3.10/site-packages:${PYTHONPATH} /usr/bin/python3 setup.py develop --editable --build-directory /home/swapneel/rbe500/ghw1/groupassignment1/build/proj1/build --no-deps install_data
[1.568s] INFO:colcon.colcon_core.shell:Creating environment descriptor '/home/swapneel/rbe500/ghw1/groupassignment1/build/proj1/share/proj1/hook/pythonpath_develop.dsv'
[1.568s] INFO:colcon.colcon_core.shell:Creating environment hook '/home/swapneel/rbe500/ghw1/groupassignment1/build/proj1/share/proj1/hook/pythonpath_develop.sh'
[1.572s] Level 1:colcon.colcon_core.environment:checking '/home/swapneel/rbe500/ghw1/groupassignment1/install/proj1' for CMake module files
[1.572s] Level 1:colcon.colcon_core.environment:checking '/home/swapneel/rbe500/ghw1/groupassignment1/install/proj1' for CMake config files
[1.573s] Level 1:colcon.colcon_core.environment:checking '/home/swapneel/rbe500/ghw1/groupassignment1/install/proj1/lib'
[1.573s] Level 1:colcon.colcon_core.environment:checking '/home/swapneel/rbe500/ghw1/groupassignment1/install/proj1/bin'
[1.573s] Level 1:colcon.colcon_core.environment:checking '/home/swapneel/rbe500/ghw1/groupassignment1/install/proj1/lib/pkgconfig/proj1.pc'
[1.573s] Level 1:colcon.colcon_core.environment:checking '/home/swapneel/rbe500/ghw1/groupassignment1/install/proj1/lib/python3.10/site-packages'
[1.573s] Level 1:colcon.colcon_core.shell:create_environment_hook('proj1', 'pythonpath')
[1.576s] INFO:colcon.colcon_core.shell:Creating environment hook '/home/swapneel/rbe500/ghw1/groupassignment1/install/proj1/share/proj1/hook/pythonpath.ps1'
[1.576s] INFO:colcon.colcon_core.shell:Creating environment descriptor '/home/swapneel/rbe500/ghw1/groupassignment1/install/proj1/share/proj1/hook/pythonpath.dsv'
[1.577s] INFO:colcon.colcon_core.shell:Creating environment hook '/home/swapneel/rbe500/ghw1/groupassignment1/install/proj1/share/proj1/hook/pythonpath.sh'
[1.577s] Level 1:colcon.colcon_core.environment:checking '/home/swapneel/rbe500/ghw1/groupassignment1/install/proj1/bin'
[1.578s] Level 1:colcon.colcon_core.environment:create_environment_scripts_only(proj1)
[1.579s] INFO:colcon.colcon_core.shell:Creating package script '/home/swapneel/rbe500/ghw1/groupassignment1/install/proj1/share/proj1/package.ps1'
[1.580s] INFO:colcon.colcon_core.shell:Creating package descriptor '/home/swapneel/rbe500/ghw1/groupassignment1/install/proj1/share/proj1/package.dsv'
[1.580s] INFO:colcon.colcon_core.shell:Creating package script '/home/swapneel/rbe500/ghw1/groupassignment1/install/proj1/share/proj1/package.sh'
[1.581s] INFO:colcon.colcon_core.shell:Creating package script '/home/swapneel/rbe500/ghw1/groupassignment1/install/proj1/share/proj1/package.bash'
[1.581s] INFO:colcon.colcon_core.shell:Creating package script '/home/swapneel/rbe500/ghw1/groupassignment1/install/proj1/share/proj1/package.zsh'
[1.581s] Level 1:colcon.colcon_core.environment:create_file_with_runtime_dependencies(/home/swapneel/rbe500/ghw1/groupassignment1/install/proj1/share/colcon-core/packages/proj1)
[1.694s] DEBUG:colcon.colcon_core.event_handler.log_command:Invoking command in '/home/swapneel/rbe500/ghw1/groupassignment1/build/inverse_kinematics': LD_LIBRARY_PATH=/home/swapneel/rbe500/ghw1/groupassignment1/install/tutorial_interfaces/lib:/usr/lib/x86_64-linux-gnu/gazebo-11/plugins:/opt/ros/humble/opt/rviz_ogre_vendor/lib:/opt/ros/humble/lib/x86_64-linux-gnu:/opt/ros/humble/lib:/usr/share/gazebo/../../lib/x86_64-linux-gnu/gazebo-11/plugins PYTHONPATH=/home/swapneel/rbe500/ghw1/groupassignment1/build/inverse_kinematics/prefix_override:/home/swapneel/rbe500/ghw1/groupassignment1/install/inverse_kinematics/lib/python3.10/site-packages:${PYTHONPATH} /usr/bin/python3 setup.py develop --editable --build-directory /home/swapneel/rbe500/ghw1/groupassignment1/build/inverse_kinematics/build --no-deps install_data
[1.702s] DEBUG:colcon.colcon_core.event_handler.log_command:Invoking command in '/home/swapneel/rbe500/ghw1/groupassignment1/build/proj2': LD_LIBRARY_PATH=/home/swapneel/rbe500/ghw1/groupassignment1/install/tutorial_interfaces/lib:/usr/lib/x86_64-linux-gnu/gazebo-11/plugins:/opt/ros/humble/opt/rviz_ogre_vendor/lib:/opt/ros/humble/lib/x86_64-linux-gnu:/opt/ros/humble/lib:/usr/share/gazebo/../../lib/x86_64-linux-gnu/gazebo-11/plugins PYTHONPATH=/home/swapneel/rbe500/ghw1/groupassignment1/build/proj2/prefix_override:/home/swapneel/rbe500/ghw1/groupassignment1/install/proj2/lib/python3.10/site-packages:${PYTHONPATH} /usr/bin/python3 setup.py develop --editable --build-directory /home/swapneel/rbe500/ghw1/groupassignment1/build/proj2/build --no-deps install_data
[2.114s] Level 1:colcon.colcon_core.shell:create_environment_hook('inverse_kinematics', 'pythonpath_develop')
[2.116s] INFO:colcon.colcon_core.shell:Creating environment hook '/home/swapneel/rbe500/ghw1/groupassignment1/build/inverse_kinematics/share/inverse_kinematics/hook/pythonpath_develop.ps1'
[2.116s] DEBUG:colcon.colcon_core.event_handler.log_command:Invoked command in '/home/swapneel/rbe500/ghw1/groupassignment1/build/inverse_kinematics' returned '0': LD_LIBRARY_PATH=/home/swapneel/rbe500/ghw1/groupassignment1/install/tutorial_interfaces/lib:/usr/lib/x86_64-linux-gnu/gazebo-11/plugins:/opt/ros/humble/opt/rviz_ogre_vendor/lib:/opt/ros/humble/lib/x86_64-linux-gnu:/opt/ros/humble/lib:/usr/share/gazebo/../../lib/x86_64-linux-gnu/gazebo-11/plugins PYTHONPATH=/home/swapneel/rbe500/ghw1/groupassignment1/build/inverse_kinematics/prefix_override:/home/swapneel/rbe500/ghw1/groupassignment1/install/inverse_kinematics/lib/python3.10/site-packages:${PYTHONPATH} /usr/bin/python3 setup.py develop --editable --build-directory /home/swapneel/rbe500/ghw1/groupassignment1/build/inverse_kinematics/build --no-deps install_data
[2.117s] INFO:colcon.colcon_core.shell:Creating environment descriptor '/home/swapneel/rbe500/ghw1/groupassignment1/build/inverse_kinematics/share/inverse_kinematics/hook/pythonpath_develop.dsv'
[2.117s] INFO:colcon.colcon_core.shell:Creating environment hook '/home/swapneel/rbe500/ghw1/groupassignment1/build/inverse_kinematics/share/inverse_kinematics/hook/pythonpath_develop.sh'
[2.120s] Level 1:colcon.colcon_core.environment:checking '/home/swapneel/rbe500/ghw1/groupassignment1/install/inverse_kinematics' for CMake module files
[2.121s] Level 1:colcon.colcon_core.environment:checking '/home/swapneel/rbe500/ghw1/groupassignment1/install/inverse_kinematics' for CMake config files
[2.121s] Level 1:colcon.colcon_core.environment:checking '/home/swapneel/rbe500/ghw1/groupassignment1/install/inverse_kinematics/lib'
[2.121s] Level 1:colcon.colcon_core.environment:checking '/home/swapneel/rbe500/ghw1/groupassignment1/install/inverse_kinematics/bin'
[2.122s] Level 1:colcon.colcon_core.environment:checking '/home/swapneel/rbe500/ghw1/groupassignment1/install/inverse_kinematics/lib/pkgconfig/inverse_kinematics.pc'
[2.122s] Level 1:colcon.colcon_core.environment:checking '/home/swapneel/rbe500/ghw1/groupassignment1/install/inverse_kinematics/lib/python3.10/site-packages'
[2.122s] Level 1:colcon.colcon_core.shell:create_environment_hook('inverse_kinematics', 'pythonpath')
[2.123s] INFO:colcon.colcon_core.shell:Creating environment hook '/home/swapneel/rbe500/ghw1/groupassignment1/install/inverse_kinematics/share/inverse_kinematics/hook/pythonpath.ps1'
[2.124s] INFO:colcon.colcon_core.shell:Creating environment descriptor '/home/swapneel/rbe500/ghw1/groupassignment1/install/inverse_kinematics/share/inverse_kinematics/hook/pythonpath.dsv'
[2.124s] INFO:colcon.colcon_core.shell:Creating environment hook '/home/swapneel/rbe500/ghw1/groupassignment1/install/inverse_kinematics/share/inverse_kinematics/hook/pythonpath.sh'
[2.125s] Level 1:colcon.colcon_core.environment:checking '/home/swapneel/rbe500/ghw1/groupassignment1/install/inverse_kinematics/bin'
[2.125s] Level 1:colcon.colcon_core.environment:create_environment_scripts_only(inverse_kinematics)
[2.126s] INFO:colcon.colcon_core.shell:Creating package script '/home/swapneel/rbe500/ghw1/groupassignment1/install/inverse_kinematics/share/inverse_kinematics/package.ps1'
[2.126s] INFO:colcon.colcon_core.shell:Creating package descriptor '/home/swapneel/rbe500/ghw1/groupassignment1/install/inverse_kinematics/share/inverse_kinematics/package.dsv'
[2.127s] INFO:colcon.colcon_core.shell:Creating package script '/home/swapneel/rbe500/ghw1/groupassignment1/install/inverse_kinematics/share/inverse_kinematics/package.sh'
[2.127s] INFO:colcon.colcon_core.shell:Creating package script '/home/swapneel/rbe500/ghw1/groupassignment1/install/inverse_kinematics/share/inverse_kinematics/package.bash'
[2.127s] INFO:colcon.colcon_core.shell:Creating package script '/home/swapneel/rbe500/ghw1/groupassignment1/install/inverse_kinematics/share/inverse_kinematics/package.zsh'
[2.127s] Level 1:colcon.colcon_core.environment:create_file_with_runtime_dependencies(/home/swapneel/rbe500/ghw1/groupassignment1/install/inverse_kinematics/share/colcon-core/packages/inverse_kinematics)
[2.128s] Level 1:colcon.colcon_core.shell:create_environment_hook('proj2', 'pythonpath_develop')
[2.129s] INFO:colcon.colcon_core.shell:Creating environment hook '/home/swapneel/rbe500/ghw1/groupassignment1/build/proj2/share/proj2/hook/pythonpath_develop.ps1'
[2.130s] DEBUG:colcon.colcon_core.event_handler.log_command:Invoked command in '/home/swapneel/rbe500/ghw1/groupassignment1/build/proj2' returned '0': LD_LIBRARY_PATH=/home/swapneel/rbe500/ghw1/groupassignment1/install/tutorial_interfaces/lib:/usr/lib/x86_64-linux-gnu/gazebo-11/plugins:/opt/ros/humble/opt/rviz_ogre_vendor/lib:/opt/ros/humble/lib/x86_64-linux-gnu:/opt/ros/humble/lib:/usr/share/gazebo/../../lib/x86_64-linux-gnu/gazebo-11/plugins PYTHONPATH=/home/swapneel/rbe500/ghw1/groupassignment1/build/proj2/prefix_override:/home/swapneel/rbe500/ghw1/groupassignment1/install/proj2/lib/python3.10/site-packages:${PYTHONPATH} /usr/bin/python3 setup.py develop --editable --build-directory /home/swapneel/rbe500/ghw1/groupassignment1/build/proj2/build --no-deps install_data
[2.130s] INFO:colcon.colcon_core.shell:Creating environment descriptor '/home/swapneel/rbe500/ghw1/groupassignment1/build/proj2/share/proj2/hook/pythonpath_develop.dsv'
[2.130s] INFO:colcon.colcon_core.shell:Creating environment hook '/home/swapneel/rbe500/ghw1/groupassignment1/build/proj2/share/proj2/hook/pythonpath_develop.sh'
[2.132s] Level 1:colcon.colcon_core.environment:checking '/home/swapneel/rbe500/ghw1/groupassignment1/install/proj2' for CMake module files
[2.132s] Level 1:colcon.colcon_core.environment:checking '/home/swapneel/rbe500/ghw1/groupassignment1/install/proj2' for CMake config files
[2.133s] Level 1:colcon.colcon_core.environment:checking '/home/swapneel/rbe500/ghw1/groupassignment1/install/proj2/lib'
[2.133s] Level 1:colcon.colcon_core.environment:checking '/home/swapneel/rbe500/ghw1/groupassignment1/install/proj2/bin'
[2.133s] Level 1:colcon.colcon_core.environment:checking '/home/swapneel/rbe500/ghw1/groupassignment1/install/proj2/lib/pkgconfig/proj2.pc'
[2.133s] Level 1:colcon.colcon_core.environment:checking '/home/swapneel/rbe500/ghw1/groupassignment1/install/proj2/lib/python3.10/site-packages'
[2.133s] Level 1:colcon.colcon_core.shell:create_environment_hook('proj2', 'pythonpath')
[2.134s] INFO:colcon.colcon_core.shell:Creating environment hook '/home/swapneel/rbe500/ghw1/groupassignment1/install/proj2/share/proj2/hook/pythonpath.ps1'
[2.134s] INFO:colcon.colcon_core.shell:Creating environment descriptor '/home/swapneel/rbe500/ghw1/groupassignment1/install/proj2/share/proj2/hook/pythonpath.dsv'
[2.135s] INFO:colcon.colcon_core.shell:Creating environment hook '/home/swapneel/rbe500/ghw1/groupassignment1/install/proj2/share/proj2/hook/pythonpath.sh'
[2.135s] Level 1:colcon.colcon_core.environment:checking '/home/swapneel/rbe500/ghw1/groupassignment1/install/proj2/bin'
[2.135s] Level 1:colcon.colcon_core.environment:create_environment_scripts_only(proj2)
[2.137s] INFO:colcon.colcon_core.shell:Creating package script '/home/swapneel/rbe500/ghw1/groupassignment1/install/proj2/share/proj2/package.ps1'
[2.137s] INFO:colcon.colcon_core.shell:Creating package descriptor '/home/swapneel/rbe500/ghw1/groupassignment1/install/proj2/share/proj2/package.dsv'
[2.137s] INFO:colcon.colcon_core.shell:Creating package script '/home/swapneel/rbe500/ghw1/groupassignment1/install/proj2/share/proj2/package.sh'
[2.138s] INFO:colcon.colcon_core.shell:Creating package script '/home/swapneel/rbe500/ghw1/groupassignment1/install/proj2/share/proj2/package.bash'
[2.138s] INFO:colcon.colcon_core.shell:Creating package script '/home/swapneel/rbe500/ghw1/groupassignment1/install/proj2/share/proj2/package.zsh'
[2.138s] Level 1:colcon.colcon_core.environment:create_file_with_runtime_dependencies(/home/swapneel/rbe500/ghw1/groupassignment1/install/proj2/share/colcon-core/packages/proj2)
[2.138s] DEBUG:colcon.colcon_parallel_executor.executor.parallel:closing loop
[2.139s] DEBUG:colcon.colcon_parallel_executor.executor.parallel:loop closed
[2.139s] DEBUG:colcon.colcon_parallel_executor.executor.parallel:run_until_complete finished with '0'
[2.139s] DEBUG:colcon.colcon_core.event_reactor:joining thread
[2.144s] INFO:colcon.colcon_core.plugin_system:Skipping extension 'colcon_notification.desktop_notification.terminal_notifier': Not used on non-Darwin systems
[2.144s] INFO:colcon.colcon_core.plugin_system:Skipping extension 'colcon_notification.desktop_notification.win32': Not used on non-Windows systems
[2.144s] INFO:colcon.colcon_notification.desktop_notification:Sending desktop notification using 'notify2'
[2.154s] DEBUG:colcon.colcon_core.event_reactor:joined thread
[2.155s] INFO:colcon.colcon_core.shell:Creating prefix script '/home/swapneel/rbe500/ghw1/groupassignment1/install/local_setup.ps1'
[2.156s] INFO:colcon.colcon_core.shell:Creating prefix util module '/home/swapneel/rbe500/ghw1/groupassignment1/install/_local_setup_util_ps1.py'
[2.157s] INFO:colcon.colcon_core.shell:Creating prefix chain script '/home/swapneel/rbe500/ghw1/groupassignment1/install/setup.ps1'
[2.158s] INFO:colcon.colcon_core.shell:Creating prefix script '/home/swapneel/rbe500/ghw1/groupassignment1/install/local_setup.sh'
[2.158s] INFO:colcon.colcon_core.shell:Creating prefix util module '/home/swapneel/rbe500/ghw1/groupassignment1/install/_local_setup_util_sh.py'
[2.159s] INFO:colcon.colcon_core.shell:Creating prefix chain script '/home/swapneel/rbe500/ghw1/groupassignment1/install/setup.sh'
[2.160s] INFO:colcon.colcon_core.shell:Creating prefix script '/home/swapneel/rbe500/ghw1/groupassignment1/install/local_setup.bash'
[2.160s] INFO:colcon.colcon_core.shell:Creating prefix chain script '/home/swapneel/rbe500/ghw1/groupassignment1/install/setup.bash'
[2.161s] INFO:colcon.colcon_core.shell:Creating prefix script '/home/swapneel/rbe500/ghw1/groupassignment1/install/local_setup.zsh'
[2.162s] INFO:colcon.colcon_core.shell:Creating prefix chain script '/home/swapneel/rbe500/ghw1/groupassignment1/install/setup.zsh'
