[0.222s] DEBUG:colcon:Command line arguments: ['/usr/bin/colcon', 'build', '--symlink-install']
[0.222s] DEBUG:colcon:Parsed command line arguments: Namespace(log_base=None, log_level=None, verb_name='build', build_base='build', install_base='install', merge_install=False, symlink_install=True, test_result_base=None, continue_on_error=False, executor='parallel', parallel_workers=8, event_handlers=None, ignore_user_meta=False, metas=['./colcon.meta'], base_paths=['.'], packages_ignore=None, packages_ignore_regex=None, paths=None, packages_up_to=None, packages_up_to_regex=None, packages_above=None, packages_above_and_dependencies=None, packages_above_depth=None, packages_select_by_dep=None, packages_skip_by_dep=None, packages_skip_up_to=None, packages_select_build_failed=False, packages_skip_build_finished=False, packages_select_test_failures=False, packages_skip_test_passed=False, packages_select=None, packages_skip=None, packages_select_regex=None, packages_skip_regex=None, packages_start=None, packages_end=None, allow_overriding=[], cmake_args=None, cmake_target=None, cmake_target_skip_unavailable=False, cmake_clean_cache=False, cmake_clean_first=False, cmake_force_configure=False, ament_cmake_args=None, catkin_cmake_args=None, catkin_skip_building_tests=False, verb_parser=<colcon_defaults.argument_parser.defaults.DefaultArgumentsDecorator object at 0x7f62c6c22740>, verb_extension=<colcon_core.verb.build.BuildVerb object at 0x7f62c6f3b550>, main=<bound method BuildVerb.main of <colcon_core.verb.build.BuildVerb object at 0x7f62c6f3b550>>)
[0.238s] Level 1:colcon.colcon_core.package_discovery:discover_packages(colcon_meta) check parameters
[0.238s] Level 1:colcon.colcon_core.package_discovery:discover_packages(recursive) check parameters
[0.238s] Level 1:colcon.colcon_core.package_discovery:discover_packages(ignore) check parameters
[0.238s] Level 1:colcon.colcon_core.package_discovery:discover_packages(path) check parameters
[0.238s] Level 1:colcon.colcon_core.package_discovery:discover_packages(colcon_meta) discover
[0.238s] Level 1:colcon.colcon_core.package_discovery:discover_packages(recursive) discover
[0.238s] INFO:colcon.colcon_core.package_discovery:Crawling recursively for packages in '/home/swapneel/rbe500/ghw1/groupassignment1'
[0.238s] Level 1:colcon.colcon_core.package_identification:_identify(.) by extensions ['ignore', 'ignore_ament_install']
[0.238s] Level 1:colcon.colcon_core.package_identification:_identify(.) by extension 'ignore'
[0.239s] Level 1:colcon.colcon_core.package_identification:_identify(.) by extension 'ignore_ament_install'
[0.239s] Level 1:colcon.colcon_core.package_identification:_identify(.) by extensions ['colcon_pkg']
[0.239s] Level 1:colcon.colcon_core.package_identification:_identify(.) by extension 'colcon_pkg'
[0.239s] Level 1:colcon.colcon_core.package_identification:_identify(.) by extensions ['colcon_meta']
[0.239s] Level 1:colcon.colcon_core.package_identification:_identify(.) by extension 'colcon_meta'
[0.239s] Level 1:colcon.colcon_core.package_identification:_identify(.) by extensions ['ros']
[0.239s] Level 1:colcon.colcon_core.package_identification:_identify(.) by extension 'ros'
[0.255s] Level 1:colcon.colcon_core.package_identification:_identify(.) by extensions ['cmake', 'python']
[0.255s] Level 1:colcon.colcon_core.package_identification:_identify(.) by extension 'cmake'
[0.255s] Level 1:colcon.colcon_core.package_identification:_identify(.) by extension 'python'
[0.255s] Level 1:colcon.colcon_core.package_identification:_identify(.) by extensions ['python_setup_py']
[0.255s] Level 1:colcon.colcon_core.package_identification:_identify(.) by extension 'python_setup_py'
[0.255s] Level 1:colcon.colcon_core.package_identification:_identify(build) by extensions ['ignore', 'ignore_ament_install']
[0.255s] Level 1:colcon.colcon_core.package_identification:_identify(build) by extension 'ignore'
[0.255s] Level 1:colcon.colcon_core.package_identification:_identify(build) ignored
[0.255s] Level 1:colcon.colcon_core.package_identification:_identify(install) by extensions ['ignore', 'ignore_ament_install']
[0.255s] Level 1:colcon.colcon_core.package_identification:_identify(install) by extension 'ignore'
[0.255s] Level 1:colcon.colcon_core.package_identification:_identify(install) ignored
[0.255s] Level 1:colcon.colcon_core.package_identification:_identify(log) by extensions ['ignore', 'ignore_ament_install']
[0.255s] Level 1:colcon.colcon_core.package_identification:_identify(log) by extension 'ignore'
[0.255s] Level 1:colcon.colcon_core.package_identification:_identify(log) ignored
[0.255s] Level 1:colcon.colcon_core.package_identification:_identify(src) by extensions ['ignore', 'ignore_ament_install']
[0.256s] Level 1:colcon.colcon_core.package_identification:_identify(src) by extension 'ignore'
[0.256s] Level 1:colcon.colcon_core.package_identification:_identify(src) by extension 'ignore_ament_install'
[0.256s] Level 1:colcon.colcon_core.package_identification:_identify(src) by extensions ['colcon_pkg']
[0.256s] Level 1:colcon.colcon_core.package_identification:_identify(src) by extension 'colcon_pkg'
[0.256s] Level 1:colcon.colcon_core.package_identification:_identify(src) by extensions ['colcon_meta']
[0.256s] Level 1:colcon.colcon_core.package_identification:_identify(src) by extension 'colcon_meta'
[0.256s] Level 1:colcon.colcon_core.package_identification:_identify(src) by extensions ['ros']
[0.256s] Level 1:colcon.colcon_core.package_identification:_identify(src) by extension 'ros'
[0.256s] Level 1:colcon.colcon_core.package_identification:_identify(src) by extensions ['cmake', 'python']
[0.256s] Level 1:colcon.colcon_core.package_identification:_identify(src) by extension 'cmake'
[0.256s] Level 1:colcon.colcon_core.package_identification:_identify(src) by extension 'python'
[0.256s] Level 1:colcon.colcon_core.package_identification:_identify(src) by extensions ['python_setup_py']
[0.256s] Level 1:colcon.colcon_core.package_identification:_identify(src) by extension 'python_setup_py'
[0.256s] Level 1:colcon.colcon_core.package_identification:_identify(src/inverse_kinematics) by extensions ['ignore', 'ignore_ament_install']
[0.256s] Level 1:colcon.colcon_core.package_identification:_identify(src/inverse_kinematics) by extension 'ignore'
[0.256s] Level 1:colcon.colcon_core.package_identification:_identify(src/inverse_kinematics) by extension 'ignore_ament_install'
[0.256s] Level 1:colcon.colcon_core.package_identification:_identify(src/inverse_kinematics) by extensions ['colcon_pkg']
[0.256s] Level 1:colcon.colcon_core.package_identification:_identify(src/inverse_kinematics) by extension 'colcon_pkg'
[0.256s] Level 1:colcon.colcon_core.package_identification:_identify(src/inverse_kinematics) by extensions ['colcon_meta']
[0.256s] Level 1:colcon.colcon_core.package_identification:_identify(src/inverse_kinematics) by extension 'colcon_meta'
[0.256s] Level 1:colcon.colcon_core.package_identification:_identify(src/inverse_kinematics) by extensions ['ros']
[0.256s] Level 1:colcon.colcon_core.package_identification:_identify(src/inverse_kinematics) by extension 'ros'
[0.258s] DEBUG:colcon.colcon_core.package_identification:Package 'src/inverse_kinematics' with type 'ros.ament_python' and name 'inverse_kinematics'
[0.258s] Level 1:colcon.colcon_core.package_identification:_identify(src/proj1) by extensions ['ignore', 'ignore_ament_install']
[0.258s] Level 1:colcon.colcon_core.package_identification:_identify(src/proj1) by extension 'ignore'
[0.258s] Level 1:colcon.colcon_core.package_identification:_identify(src/proj1) by extension 'ignore_ament_install'
[0.258s] Level 1:colcon.colcon_core.package_identification:_identify(src/proj1) by extensions ['colcon_pkg']
[0.258s] Level 1:colcon.colcon_core.package_identification:_identify(src/proj1) by extension 'colcon_pkg'
[0.258s] Level 1:colcon.colcon_core.package_identification:_identify(src/proj1) by extensions ['colcon_meta']
[0.258s] Level 1:colcon.colcon_core.package_identification:_identify(src/proj1) by extension 'colcon_meta'
[0.258s] Level 1:colcon.colcon_core.package_identification:_identify(src/proj1) by extensions ['ros']
[0.259s] Level 1:colcon.colcon_core.package_identification:_identify(src/proj1) by extension 'ros'
[0.259s] DEBUG:colcon.colcon_core.package_identification:Package 'src/proj1' with type 'ros.ament_python' and name 'proj1'
[0.259s] Level 1:colcon.colcon_core.package_identification:_identify(src/proj2) by extensions ['ignore', 'ignore_ament_install']
[0.259s] Level 1:colcon.colcon_core.package_identification:_identify(src/proj2) by extension 'ignore'
[0.259s] Level 1:colcon.colcon_core.package_identification:_identify(src/proj2) by extension 'ignore_ament_install'
[0.260s] Level 1:colcon.colcon_core.package_identification:_identify(src/proj2) by extensions ['colcon_pkg']
[0.260s] Level 1:colcon.colcon_core.package_identification:_identify(src/proj2) by extension 'colcon_pkg'
[0.260s] Level 1:colcon.colcon_core.package_identification:_identify(src/proj2) by extensions ['colcon_meta']
[0.260s] Level 1:colcon.colcon_core.package_identification:_identify(src/proj2) by extension 'colcon_meta'
[0.260s] Level 1:colcon.colcon_core.package_identification:_identify(src/proj2) by extensions ['ros']
[0.260s] Level 1:colcon.colcon_core.package_identification:_identify(src/proj2) by extension 'ros'
[0.260s] DEBUG:colcon.colcon_core.package_identification:Package 'src/proj2' with type 'ros.ament_python' and name 'proj2'
[0.260s] Level 1:colcon.colcon_core.package_identification:_identify(src/rrbot_simulation_files) by extensions ['ignore', 'ignore_ament_install']
[0.260s] Level 1:colcon.colcon_core.package_identification:_identify(src/rrbot_simulation_files) by extension 'ignore'
[0.261s] Level 1:colcon.colcon_core.package_identification:_identify(src/rrbot_simulation_files) by extension 'ignore_ament_install'
[0.261s] Level 1:colcon.colcon_core.package_identification:_identify(src/rrbot_simulation_files) by extensions ['colcon_pkg']
[0.261s] Level 1:colcon.colcon_core.package_identification:_identify(src/rrbot_simulation_files) by extension 'colcon_pkg'
[0.261s] Level 1:colcon.colcon_core.package_identification:_identify(src/rrbot_simulation_files) by extensions ['colcon_meta']
[0.261s] Level 1:colcon.colcon_core.package_identification:_identify(src/rrbot_simulation_files) by extension 'colcon_meta'
[0.261s] Level 1:colcon.colcon_core.package_identification:_identify(src/rrbot_simulation_files) by extensions ['ros']
[0.261s] Level 1:colcon.colcon_core.package_identification:_identify(src/rrbot_simulation_files) by extension 'ros'
[0.261s] Level 1:colcon.colcon_core.package_identification:_identify(src/rrbot_simulation_files) by extensions ['cmake', 'python']
[0.261s] Level 1:colcon.colcon_core.package_identification:_identify(src/rrbot_simulation_files) by extension 'cmake'
[0.261s] Level 1:colcon.colcon_core.package_identification:_identify(src/rrbot_simulation_files) by extension 'python'
[0.261s] Level 1:colcon.colcon_core.package_identification:_identify(src/rrbot_simulation_files) by extensions ['python_setup_py']
[0.261s] Level 1:colcon.colcon_core.package_identification:_identify(src/rrbot_simulation_files) by extension 'python_setup_py'
[0.261s] Level 1:colcon.colcon_core.package_identification:_identify(src/rrbot_simulation_files/rrbot_description) by extensions ['ignore', 'ignore_ament_install']
[0.261s] Level 1:colcon.colcon_core.package_identification:_identify(src/rrbot_simulation_files/rrbot_description) by extension 'ignore'
[0.261s] Level 1:colcon.colcon_core.package_identification:_identify(src/rrbot_simulation_files/rrbot_description) by extension 'ignore_ament_install'
[0.261s] Level 1:colcon.colcon_core.package_identification:_identify(src/rrbot_simulation_files/rrbot_description) by extensions ['colcon_pkg']
[0.261s] Level 1:colcon.colcon_core.package_identification:_identify(src/rrbot_simulation_files/rrbot_description) by extension 'colcon_pkg'
[0.261s] Level 1:colcon.colcon_core.package_identification:_identify(src/rrbot_simulation_files/rrbot_description) by extensions ['colcon_meta']
[0.261s] Level 1:colcon.colcon_core.package_identification:_identify(src/rrbot_simulation_files/rrbot_description) by extension 'colcon_meta'
[0.261s] Level 1:colcon.colcon_core.package_identification:_identify(src/rrbot_simulation_files/rrbot_description) by extensions ['ros']
[0.261s] Level 1:colcon.colcon_core.package_identification:_identify(src/rrbot_simulation_files/rrbot_description) by extension 'ros'
[0.262s] DEBUG:colcon.colcon_core.package_identification:Package 'src/rrbot_simulation_files/rrbot_description' with type 'ros.ament_cmake' and name 'rrbot_description'
[0.262s] Level 1:colcon.colcon_core.package_identification:_identify(src/rrbot_simulation_files/rrbot_gazebo) by extensions ['ignore', 'ignore_ament_install']
[0.262s] Level 1:colcon.colcon_core.package_identification:_identify(src/rrbot_simulation_files/rrbot_gazebo) by extension 'ignore'
[0.262s] Level 1:colcon.colcon_core.package_identification:_identify(src/rrbot_simulation_files/rrbot_gazebo) by extension 'ignore_ament_install'
[0.262s] Level 1:colcon.colcon_core.package_identification:_identify(src/rrbot_simulation_files/rrbot_gazebo) by extensions ['colcon_pkg']
[0.262s] Level 1:colcon.colcon_core.package_identification:_identify(src/rrbot_simulation_files/rrbot_gazebo) by extension 'colcon_pkg'
[0.262s] Level 1:colcon.colcon_core.package_identification:_identify(src/rrbot_simulation_files/rrbot_gazebo) by extensions ['colcon_meta']
[0.262s] Level 1:colcon.colcon_core.package_identification:_identify(src/rrbot_simulation_files/rrbot_gazebo) by extension 'colcon_meta'
[0.262s] Level 1:colcon.colcon_core.package_identification:_identify(src/rrbot_simulation_files/rrbot_gazebo) by extensions ['ros']
[0.262s] Level 1:colcon.colcon_core.package_identification:_identify(src/rrbot_simulation_files/rrbot_gazebo) by extension 'ros'
[0.262s] DEBUG:colcon.colcon_core.package_identification:Package 'src/rrbot_simulation_files/rrbot_gazebo' with type 'ros.ament_cmake' and name 'rrbot_gazebo'
[0.263s] Level 1:colcon.colcon_core.package_identification:_identify(src/tutorial_interfaces) by extensions ['ignore', 'ignore_ament_install']
[0.263s] Level 1:colcon.colcon_core.package_identification:_identify(src/tutorial_interfaces) by extension 'ignore'
[0.263s] Level 1:colcon.colcon_core.package_identification:_identify(src/tutorial_interfaces) by extension 'ignore_ament_install'
[0.263s] Level 1:colcon.colcon_core.package_identification:_identify(src/tutorial_interfaces) by extensions ['colcon_pkg']
[0.263s] Level 1:colcon.colcon_core.package_identification:_identify(src/tutorial_interfaces) by extension 'colcon_pkg'
[0.263s] Level 1:colcon.colcon_core.package_identification:_identify(src/tutorial_interfaces) by extensions ['colcon_meta']
[0.263s] Level 1:colcon.colcon_core.package_identification:_identify(src/tutorial_interfaces) by extension 'colcon_meta'
[0.263s] Level 1:colcon.colcon_core.package_identification:_identify(src/tutorial_interfaces) by extensions ['ros']
[0.263s] Level 1:colcon.colcon_core.package_identification:_identify(src/tutorial_interfaces) by extension 'ros'
[0.263s] DEBUG:colcon.colcon_core.package_identification:Package 'src/tutorial_interfaces' with type 'ros.ament_cmake' and name 'tutorial_interfaces'
[0.263s] Level 1:colcon.colcon_core.package_discovery:discover_packages(recursive) using defaults
[0.263s] Level 1:colcon.colcon_core.package_discovery:discover_packages(ignore) discover
[0.263s] Level 1:colcon.colcon_core.package_discovery:discover_packages(ignore) using defaults
[0.263s] Level 1:colcon.colcon_core.package_discovery:discover_packages(path) discover
[0.263s] Level 1:colcon.colcon_core.package_discovery:discover_packages(path) using defaults
[0.283s] Level 1:colcon.colcon_core.package_discovery:discover_packages(prefix_path) check parameters
[0.283s] Level 1:colcon.colcon_core.package_discovery:discover_packages(prefix_path) discover
[0.285s] DEBUG:colcon.colcon_installed_package_information.package_discovery:Found 6 installed packages in /home/swapneel/rbe500/ghw1/groupassignment1/install
[0.286s] DEBUG:colcon.colcon_installed_package_information.package_discovery:Found 305 installed packages in /opt/ros/humble
[0.287s] Level 1:colcon.colcon_core.package_discovery:discover_packages(prefix_path) using defaults
[0.333s] Level 5:colcon.colcon_core.verb:set package 'proj1' build argument 'cmake_args' from command line to 'None'
[0.333s] Level 5:colcon.colcon_core.verb:set package 'proj1' build argument 'cmake_target' from command line to 'None'
[0.333s] Level 5:colcon.colcon_core.verb:set package 'proj1' build argument 'cmake_target_skip_unavailable' from command line to 'False'
[0.333s] Level 5:colcon.colcon_core.verb:set package 'proj1' build argument 'cmake_clean_cache' from command line to 'False'
[0.333s] Level 5:colcon.colcon_core.verb:set package 'proj1' build argument 'cmake_clean_first' from command line to 'False'
[0.333s] Level 5:colcon.colcon_core.verb:set package 'proj1' build argument 'cmake_force_configure' from command line to 'False'
[0.333s] Level 5:colcon.colcon_core.verb:set package 'proj1' build argument 'ament_cmake_args' from command line to 'None'
[0.333s] Level 5:colcon.colcon_core.verb:set package 'proj1' build argument 'catkin_cmake_args' from command line to 'None'
[0.333s] Level 5:colcon.colcon_core.verb:set package 'proj1' build argument 'catkin_skip_building_tests' from command line to 'False'
[0.333s] DEBUG:colcon.colcon_core.verb:Building package 'proj1' with the following arguments: {'ament_cmake_args': None, 'build_base': '/home/swapneel/rbe500/ghw1/groupassignment1/build/proj1', 'catkin_cmake_args': None, 'catkin_skip_building_tests': False, 'cmake_args': None, 'cmake_clean_cache': False, 'cmake_clean_first': False, 'cmake_force_configure': False, 'cmake_target': None, 'cmake_target_skip_unavailable': False, 'install_base': '/home/swapneel/rbe500/ghw1/groupassignment1/install/proj1', 'merge_install': False, 'path': '/home/swapneel/rbe500/ghw1/groupassignment1/src/proj1', 'symlink_install': True, 'test_result_base': None}
[0.334s] Level 5:colcon.colcon_core.verb:set package 'rrbot_description' build argument 'cmake_args' from command line to 'None'
[0.334s] Level 5:colcon.colcon_core.verb:set package 'rrbot_description' build argument 'cmake_target' from command line to 'None'
[0.334s] Level 5:colcon.colcon_core.verb:set package 'rrbot_description' build argument 'cmake_target_skip_unavailable' from command line to 'False'
[0.334s] Level 5:colcon.colcon_core.verb:set package 'rrbot_description' build argument 'cmake_clean_cache' from command line to 'False'
[0.334s] Level 5:colcon.colcon_core.verb:set package 'rrbot_description' build argument 'cmake_clean_first' from command line to 'False'
[0.334s] Level 5:colcon.colcon_core.verb:set package 'rrbot_description' build argument 'cmake_force_configure' from command line to 'False'
[0.334s] Level 5:colcon.colcon_core.verb:set package 'rrbot_description' build argument 'ament_cmake_args' from command line to 'None'
[0.334s] Level 5:colcon.colcon_core.verb:set package 'rrbot_description' build argument 'catkin_cmake_args' from command line to 'None'
[0.334s] Level 5:colcon.colcon_core.verb:set package 'rrbot_description' build argument 'catkin_skip_building_tests' from command line to 'False'
[0.334s] DEBUG:colcon.colcon_core.verb:Building package 'rrbot_description' with the following arguments: {'ament_cmake_args': None, 'build_base': '/home/swapneel/rbe500/ghw1/groupassignment1/build/rrbot_description', 'catkin_cmake_args': None, 'catkin_skip_building_tests': False, 'cmake_args': None, 'cmake_clean_cache': False, 'cmake_clean_first': False, 'cmake_force_configure': False, 'cmake_target': None, 'cmake_target_skip_unavailable': False, 'install_base': '/home/swapneel/rbe500/ghw1/groupassignment1/install/rrbot_description', 'merge_install': False, 'path': '/home/swapneel/rbe500/ghw1/groupassignment1/src/rrbot_simulation_files/rrbot_description', 'symlink_install': True, 'test_result_base': None}
[0.335s] Level 5:colcon.colcon_core.verb:set package 'tutorial_interfaces' build argument 'cmake_args' from command line to 'None'
[0.335s] Level 5:colcon.colcon_core.verb:set package 'tutorial_interfaces' build argument 'cmake_target' from command line to 'None'
[0.335s] Level 5:colcon.colcon_core.verb:set package 'tutorial_interfaces' build argument 'cmake_target_skip_unavailable' from command line to 'False'
[0.335s] Level 5:colcon.colcon_core.verb:set package 'tutorial_interfaces' build argument 'cmake_clean_cache' from command line to 'False'
[0.335s] Level 5:colcon.colcon_core.verb:set package 'tutorial_interfaces' build argument 'cmake_clean_first' from command line to 'False'
[0.335s] Level 5:colcon.colcon_core.verb:set package 'tutorial_interfaces' build argument 'cmake_force_configure' from command line to 'False'
[0.335s] Level 5:colcon.colcon_core.verb:set package 'tutorial_interfaces' build argument 'ament_cmake_args' from command line to 'None'
[0.335s] Level 5:colcon.colcon_core.verb:set package 'tutorial_interfaces' build argument 'catkin_cmake_args' from command line to 'None'
[0.335s] Level 5:colcon.colcon_core.verb:set package 'tutorial_interfaces' build argument 'catkin_skip_building_tests' from command line to 'False'
[0.335s] DEBUG:colcon.colcon_core.verb:Building package 'tutorial_interfaces' with the following arguments: {'ament_cmake_args': None, 'build_base': '/home/swapneel/rbe500/ghw1/groupassignment1/build/tutorial_interfaces', 'catkin_cmake_args': None, 'catkin_skip_building_tests': False, 'cmake_args': None, 'cmake_clean_cache': False, 'cmake_clean_first': False, 'cmake_force_configure': False, 'cmake_target': None, 'cmake_target_skip_unavailable': False, 'install_base': '/home/swapneel/rbe500/ghw1/groupassignment1/install/tutorial_interfaces', 'merge_install': False, 'path': '/home/swapneel/rbe500/ghw1/groupassignment1/src/tutorial_interfaces', 'symlink_install': True, 'test_result_base': None}
[0.336s] Level 5:colcon.colcon_core.verb:set package 'inverse_kinematics' build argument 'cmake_args' from command line to 'None'
[0.336s] Level 5:colcon.colcon_core.verb:set package 'inverse_kinematics' build argument 'cmake_target' from command line to 'None'
[0.336s] Level 5:colcon.colcon_core.verb:set package 'inverse_kinematics' build argument 'cmake_target_skip_unavailable' from command line to 'False'
[0.336s] Level 5:colcon.colcon_core.verb:set package 'inverse_kinematics' build argument 'cmake_clean_cache' from command line to 'False'
[0.336s] Level 5:colcon.colcon_core.verb:set package 'inverse_kinematics' build argument 'cmake_clean_first' from command line to 'False'
[0.336s] Level 5:colcon.colcon_core.verb:set package 'inverse_kinematics' build argument 'cmake_force_configure' from command line to 'False'
[0.336s] Level 5:colcon.colcon_core.verb:set package 'inverse_kinematics' build argument 'ament_cmake_args' from command line to 'None'
[0.336s] Level 5:colcon.colcon_core.verb:set package 'inverse_kinematics' build argument 'catkin_cmake_args' from command line to 'None'
[0.336s] Level 5:colcon.colcon_core.verb:set package 'inverse_kinematics' build argument 'catkin_skip_building_tests' from command line to 'False'
[0.336s] DEBUG:colcon.colcon_core.verb:Building package 'inverse_kinematics' with the following arguments: {'ament_cmake_args': None, 'build_base': '/home/swapneel/rbe500/ghw1/groupassignment1/build/inverse_kinematics', 'catkin_cmake_args': None, 'catkin_skip_building_tests': False, 'cmake_args': None, 'cmake_clean_cache': False, 'cmake_clean_first': False, 'cmake_force_configure': False, 'cmake_target': None, 'cmake_target_skip_unavailable': False, 'install_base': '/home/swapneel/rbe500/ghw1/groupassignment1/install/inverse_kinematics', 'merge_install': False, 'path': '/home/swapneel/rbe500/ghw1/groupassignment1/src/inverse_kinematics', 'symlink_install': True, 'test_result_base': None}
[0.336s] Level 5:colcon.colcon_core.verb:set package 'proj2' build argument 'cmake_args' from command line to 'None'
[0.337s] Level 5:colcon.colcon_core.verb:set package 'proj2' build argument 'cmake_target' from command line to 'None'
[0.337s] Level 5:colcon.colcon_core.verb:set package 'proj2' build argument 'cmake_target_skip_unavailable' from command line to 'False'
[0.337s] Level 5:colcon.colcon_core.verb:set package 'proj2' build argument 'cmake_clean_cache' from command line to 'False'
[0.337s] Level 5:colcon.colcon_core.verb:set package 'proj2' build argument 'cmake_clean_first' from command line to 'False'
[0.337s] Level 5:colcon.colcon_core.verb:set package 'proj2' build argument 'cmake_force_configure' from command line to 'False'
[0.337s] Level 5:colcon.colcon_core.verb:set package 'proj2' build argument 'ament_cmake_args' from command line to 'None'
[0.337s] Level 5:colcon.colcon_core.verb:set package 'proj2' build argument 'catkin_cmake_args' from command line to 'None'
[0.337s] Level 5:colcon.colcon_core.verb:set package 'proj2' build argument 'catkin_skip_building_tests' from command line to 'False'
[0.337s] DEBUG:colcon.colcon_core.verb:Building package 'proj2' with the following arguments: {'ament_cmake_args': None, 'build_base': '/home/swapneel/rbe500/ghw1/groupassignment1/build/proj2', 'catkin_cmake_args': None, 'catkin_skip_building_tests': False, 'cmake_args': None, 'cmake_clean_cache': False, 'cmake_clean_first': False, 'cmake_force_configure': False, 'cmake_target': None, 'cmake_target_skip_unavailable': False, 'install_base': '/home/swapneel/rbe500/ghw1/groupassignment1/install/proj2', 'merge_install': False, 'path': '/home/swapneel/rbe500/ghw1/groupassignment1/src/proj2', 'symlink_install': True, 'test_result_base': None}
[0.337s] Level 5:colcon.colcon_core.verb:set package 'rrbot_gazebo' build argument 'cmake_args' from command line to 'None'
[0.337s] Level 5:colcon.colcon_core.verb:set package 'rrbot_gazebo' build argument 'cmake_target' from command line to 'None'
[0.337s] Level 5:colcon.colcon_core.verb:set package 'rrbot_gazebo' build argument 'cmake_target_skip_unavailable' from command line to 'False'
[0.337s] Level 5:colcon.colcon_core.verb:set package 'rrbot_gazebo' build argument 'cmake_clean_cache' from command line to 'False'
[0.337s] Level 5:colcon.colcon_core.verb:set package 'rrbot_gazebo' build argument 'cmake_clean_first' from command line to 'False'
[0.337s] Level 5:colcon.colcon_core.verb:set package 'rrbot_gazebo' build argument 'cmake_force_configure' from command line to 'False'
[0.337s] Level 5:colcon.colcon_core.verb:set package 'rrbot_gazebo' build argument 'ament_cmake_args' from command line to 'None'
[0.337s] Level 5:colcon.colcon_core.verb:set package 'rrbot_gazebo' build argument 'catkin_cmake_args' from command line to 'None'
[0.337s] Level 5:colcon.colcon_core.verb:set package 'rrbot_gazebo' build argument 'catkin_skip_building_tests' from command line to 'False'
[0.337s] DEBUG:colcon.colcon_core.verb:Building package 'rrbot_gazebo' with the following arguments: {'ament_cmake_args': None, 'build_base': '/home/swapneel/rbe500/ghw1/groupassignment1/build/rrbot_gazebo', 'catkin_cmake_args': None, 'catkin_skip_building_tests': False, 'cmake_args': None, 'cmake_clean_cache': False, 'cmake_clean_first': False, 'cmake_force_configure': False, 'cmake_target': None, 'cmake_target_skip_unavailable': False, 'install_base': '/home/swapneel/rbe500/ghw1/groupassignment1/install/rrbot_gazebo', 'merge_install': False, 'path': '/home/swapneel/rbe500/ghw1/groupassignment1/src/rrbot_simulation_files/rrbot_gazebo', 'symlink_install': True, 'test_result_base': None}
[0.338s] INFO:colcon.colcon_core.executor:Executing jobs using 'parallel' executor
[0.341s] DEBUG:colcon.colcon_parallel_executor.executor.parallel:run_until_complete
[0.341s] INFO:colcon.colcon_ros.task.ament_cmake.build:Building ROS package in '/home/swapneel/rbe500/ghw1/groupassignment1/src/tutorial_interfaces' with build type 'ament_cmake'
[0.341s] INFO:colcon.colcon_cmake.task.cmake.build:Building CMake package in '/home/swapneel/rbe500/ghw1/groupassignment1/src/tutorial_interfaces'
[0.345s] INFO:colcon.colcon_core.plugin_system:Skipping extension 'colcon_core.shell.bat': Not used on non-Windows systems
[0.345s] INFO:colcon.colcon_core.shell:Skip shell extension 'powershell' for command environment: Not usable outside of PowerShell
[0.345s] DEBUG:colcon.colcon_core.shell:Skip shell extension 'dsv' for command environment
[0.349s] INFO:colcon.colcon_ros.task.ament_cmake.build:Building ROS package in '/home/swapneel/rbe500/ghw1/groupassignment1/src/rrbot_simulation_files/rrbot_description' with build type 'ament_cmake'
[0.349s] INFO:colcon.colcon_cmake.task.cmake.build:Building CMake package in '/home/swapneel/rbe500/ghw1/groupassignment1/src/rrbot_simulation_files/rrbot_description'
[0.350s] INFO:colcon.colcon_core.shell:Skip shell extension 'powershell' for command environment: Not usable outside of PowerShell
[0.350s] DEBUG:colcon.colcon_core.shell:Skip shell extension 'dsv' for command environment
[0.354s] INFO:colcon.colcon_ros.task.ament_python.build:Building ROS package in '/home/swapneel/rbe500/ghw1/groupassignment1/src/proj1' with build type 'ament_python'
[0.354s] Level 1:colcon.colcon_core.shell:create_environment_hook('proj1', 'ament_prefix_path')
[0.355s] INFO:colcon.colcon_core.shell:Creating environment hook '/home/swapneel/rbe500/ghw1/groupassignment1/install/proj1/share/proj1/hook/ament_prefix_path.ps1'
[0.356s] INFO:colcon.colcon_core.shell:Creating environment descriptor '/home/swapneel/rbe500/ghw1/groupassignment1/install/proj1/share/proj1/hook/ament_prefix_path.dsv'
[0.356s] INFO:colcon.colcon_core.shell:Creating environment hook '/home/swapneel/rbe500/ghw1/groupassignment1/install/proj1/share/proj1/hook/ament_prefix_path.sh'
[0.358s] INFO:colcon.colcon_core.shell:Skip shell extension 'powershell' for command environment: Not usable outside of PowerShell
[0.358s] DEBUG:colcon.colcon_core.shell:Skip shell extension 'dsv' for command environment
[0.366s] DEBUG:colcon.colcon_core.event_handler.log_command:Invoking command in '/home/swapneel/rbe500/ghw1/groupassignment1/build/tutorial_interfaces': CMAKE_PREFIX_PATH=${CMAKE_PREFIX_PATH}:/home/swapneel/rbe500/ghw1/groupassignment1/install/proj2:/home/swapneel/rbe500/ghw1/groupassignment1/install/inverse_kinematics:/home/swapneel/rbe500/ghw1/groupassignment1/install/proj1:/opt/ros/humble /usr/bin/cmake --build /home/swapneel/rbe500/ghw1/groupassignment1/build/tutorial_interfaces -- -j8 -l8
[0.370s] DEBUG:colcon.colcon_core.event_handler.log_command:Invoking command in '/home/swapneel/rbe500/ghw1/groupassignment1/build/rrbot_description': CMAKE_PREFIX_PATH=${CMAKE_PREFIX_PATH}:/home/swapneel/rbe500/ghw1/groupassignment1/install/proj2:/home/swapneel/rbe500/ghw1/groupassignment1/install/inverse_kinematics:/home/swapneel/rbe500/ghw1/groupassignment1/install/proj1:/opt/ros/humble /usr/bin/cmake --build /home/swapneel/rbe500/ghw1/groupassignment1/build/rrbot_description -- -j8 -l8
[0.605s] INFO:colcon.colcon_core.task.python.build:Building Python package in '/home/swapneel/rbe500/ghw1/groupassignment1/src/proj1'
[0.606s] INFO:colcon.colcon_core.shell:Skip shell extension 'powershell' for command environment: Not usable outside of PowerShell
[0.606s] DEBUG:colcon.colcon_core.shell:Skip shell extension 'dsv' for command environment
[0.610s] DEBUG:colcon.colcon_core.event_handler.log_command:Invoked command in '/home/swapneel/rbe500/ghw1/groupassignment1/build/rrbot_description' returned '0': CMAKE_PREFIX_PATH=${CMAKE_PREFIX_PATH}:/home/swapneel/rbe500/ghw1/groupassignment1/install/proj2:/home/swapneel/rbe500/ghw1/groupassignment1/install/inverse_kinematics:/home/swapneel/rbe500/ghw1/groupassignment1/install/proj1:/opt/ros/humble /usr/bin/cmake --build /home/swapneel/rbe500/ghw1/groupassignment1/build/rrbot_description -- -j8 -l8
[0.634s] DEBUG:colcon.colcon_core.event_handler.log_command:Invoking command in '/home/swapneel/rbe500/ghw1/groupassignment1/build/rrbot_description': CMAKE_PREFIX_PATH=${CMAKE_PREFIX_PATH}:/home/swapneel/rbe500/ghw1/groupassignment1/install/proj2:/home/swapneel/rbe500/ghw1/groupassignment1/install/inverse_kinematics:/home/swapneel/rbe500/ghw1/groupassignment1/install/proj1:/opt/ros/humble /usr/bin/cmake --install /home/swapneel/rbe500/ghw1/groupassignment1/build/rrbot_description
[0.653s] Level 1:colcon.colcon_core.environment:create_environment_scripts_only(rrbot_description)
[0.654s] DEBUG:colcon.colcon_core.event_handler.log_command:Invoked command in '/home/swapneel/rbe500/ghw1/groupassignment1/build/rrbot_description' returned '0': CMAKE_PREFIX_PATH=${CMAKE_PREFIX_PATH}:/home/swapneel/rbe500/ghw1/groupassignment1/install/proj2:/home/swapneel/rbe500/ghw1/groupassignment1/install/inverse_kinematics:/home/swapneel/rbe500/ghw1/groupassignment1/install/proj1:/opt/ros/humble /usr/bin/cmake --install /home/swapneel/rbe500/ghw1/groupassignment1/build/rrbot_description
[0.658s] Level 1:colcon.colcon_core.environment:checking '/home/swapneel/rbe500/ghw1/groupassignment1/install/rrbot_description' for CMake module files
[0.658s] Level 1:colcon.colcon_core.environment:checking '/home/swapneel/rbe500/ghw1/groupassignment1/install/rrbot_description' for CMake config files
[0.658s] Level 1:colcon.colcon_core.shell:create_environment_hook('rrbot_description', 'cmake_prefix_path')
[0.660s] INFO:colcon.colcon_core.shell:Creating environment hook '/home/swapneel/rbe500/ghw1/groupassignment1/install/rrbot_description/share/rrbot_description/hook/cmake_prefix_path.ps1'
[0.660s] INFO:colcon.colcon_core.shell:Creating environment descriptor '/home/swapneel/rbe500/ghw1/groupassignment1/install/rrbot_description/share/rrbot_description/hook/cmake_prefix_path.dsv'
[0.660s] INFO:colcon.colcon_core.shell:Creating environment hook '/home/swapneel/rbe500/ghw1/groupassignment1/install/rrbot_description/share/rrbot_description/hook/cmake_prefix_path.sh'
[0.661s] Level 1:colcon.colcon_core.environment:checking '/home/swapneel/rbe500/ghw1/groupassignment1/install/rrbot_description/bin'
[0.661s] Level 1:colcon.colcon_core.environment:checking '/home/swapneel/rbe500/ghw1/groupassignment1/install/rrbot_description/lib/pkgconfig/rrbot_description.pc'
[0.661s] Level 1:colcon.colcon_core.environment:checking '/home/swapneel/rbe500/ghw1/groupassignment1/install/rrbot_description/lib/python3.10/site-packages'
[0.661s] Level 1:colcon.colcon_core.environment:checking '/home/swapneel/rbe500/ghw1/groupassignment1/install/rrbot_description/bin'
[0.663s] INFO:colcon.colcon_core.shell:Creating package script '/home/swapneel/rbe500/ghw1/groupassignment1/install/rrbot_description/share/rrbot_description/package.ps1'
[0.663s] INFO:colcon.colcon_core.shell:Creating package descriptor '/home/swapneel/rbe500/ghw1/groupassignment1/install/rrbot_description/share/rrbot_description/package.dsv'
[0.664s] INFO:colcon.colcon_core.shell:Creating package script '/home/swapneel/rbe500/ghw1/groupassignment1/install/rrbot_description/share/rrbot_description/package.sh'
[0.664s] INFO:colcon.colcon_core.shell:Creating package script '/home/swapneel/rbe500/ghw1/groupassignment1/install/rrbot_description/share/rrbot_description/package.bash'
[0.665s] INFO:colcon.colcon_core.shell:Creating package script '/home/swapneel/rbe500/ghw1/groupassignment1/install/rrbot_description/share/rrbot_description/package.zsh'
[0.666s] Level 1:colcon.colcon_core.environment:create_file_with_runtime_dependencies(/home/swapneel/rbe500/ghw1/groupassignment1/install/rrbot_description/share/colcon-core/packages/rrbot_description)
[0.675s] DEBUG:colcon.colcon_core.event_handler.log_command:Invoked command in '/home/swapneel/rbe500/ghw1/groupassignment1/build/tutorial_interfaces' returned '0': CMAKE_PREFIX_PATH=${CMAKE_PREFIX_PATH}:/home/swapneel/rbe500/ghw1/groupassignment1/install/proj2:/home/swapneel/rbe500/ghw1/groupassignment1/install/inverse_kinematics:/home/swapneel/rbe500/ghw1/groupassignment1/install/proj1:/opt/ros/humble /usr/bin/cmake --build /home/swapneel/rbe500/ghw1/groupassignment1/build/tutorial_interfaces -- -j8 -l8
[0.683s] Level 1:colcon.colcon_core.environment:create_environment_scripts_only(rrbot_description)
[0.685s] Level 1:colcon.colcon_core.environment:checking '/home/swapneel/rbe500/ghw1/groupassignment1/install/rrbot_description' for CMake module files
[0.685s] Level 1:colcon.colcon_core.environment:checking '/home/swapneel/rbe500/ghw1/groupassignment1/install/rrbot_description' for CMake config files
[0.685s] Level 1:colcon.colcon_core.shell:create_environment_hook('rrbot_description', 'cmake_prefix_path')
[0.686s] INFO:colcon.colcon_core.shell:Creating environment hook '/home/swapneel/rbe500/ghw1/groupassignment1/install/rrbot_description/share/rrbot_description/hook/cmake_prefix_path.ps1'
[0.687s] INFO:colcon.colcon_core.shell:Creating environment descriptor '/home/swapneel/rbe500/ghw1/groupassignment1/install/rrbot_description/share/rrbot_description/hook/cmake_prefix_path.dsv'
[0.687s] INFO:colcon.colcon_core.shell:Creating environment hook '/home/swapneel/rbe500/ghw1/groupassignment1/install/rrbot_description/share/rrbot_description/hook/cmake_prefix_path.sh'
[0.688s] Level 1:colcon.colcon_core.environment:checking '/home/swapneel/rbe500/ghw1/groupassignment1/install/rrbot_description/bin'
[0.688s] Level 1:colcon.colcon_core.environment:checking '/home/swapneel/rbe500/ghw1/groupassignment1/install/rrbot_description/lib/pkgconfig/rrbot_description.pc'
[0.688s] Level 1:colcon.colcon_core.environment:checking '/home/swapneel/rbe500/ghw1/groupassignment1/install/rrbot_description/lib/python3.10/site-packages'
[0.688s] Level 1:colcon.colcon_core.environment:checking '/home/swapneel/rbe500/ghw1/groupassignment1/install/rrbot_description/bin'
[0.689s] INFO:colcon.colcon_core.shell:Creating package script '/home/swapneel/rbe500/ghw1/groupassignment1/install/rrbot_description/share/rrbot_description/package.ps1'
[0.690s] INFO:colcon.colcon_core.shell:Creating package descriptor '/home/swapneel/rbe500/ghw1/groupassignment1/install/rrbot_description/share/rrbot_description/package.dsv'
[0.690s] INFO:colcon.colcon_core.shell:Creating package script '/home/swapneel/rbe500/ghw1/groupassignment1/install/rrbot_description/share/rrbot_description/package.sh'
[0.690s] INFO:colcon.colcon_core.shell:Creating package script '/home/swapneel/rbe500/ghw1/groupassignment1/install/rrbot_description/share/rrbot_description/package.bash'
[0.691s] INFO:colcon.colcon_core.shell:Creating package script '/home/swapneel/rbe500/ghw1/groupassignment1/install/rrbot_description/share/rrbot_description/package.zsh'
[0.691s] Level 1:colcon.colcon_core.environment:create_file_with_runtime_dependencies(/home/swapneel/rbe500/ghw1/groupassignment1/install/rrbot_description/share/colcon-core/packages/rrbot_description)
[0.691s] INFO:colcon.colcon_ros.task.ament_cmake.build:Building ROS package in '/home/swapneel/rbe500/ghw1/groupassignment1/src/rrbot_simulation_files/rrbot_gazebo' with build type 'ament_cmake'
[0.692s] INFO:colcon.colcon_cmake.task.cmake.build:Building CMake package in '/home/swapneel/rbe500/ghw1/groupassignment1/src/rrbot_simulation_files/rrbot_gazebo'
[0.693s] INFO:colcon.colcon_core.shell:Skip shell extension 'powershell' for command environment: Not usable outside of PowerShell
[0.693s] DEBUG:colcon.colcon_core.shell:Skip shell extension 'dsv' for command environment
[0.702s] DEBUG:colcon.colcon_core.event_handler.log_command:Invoking command in '/home/swapneel/rbe500/ghw1/groupassignment1/build/rrbot_gazebo': CMAKE_PREFIX_PATH=/home/swapneel/rbe500/ghw1/groupassignment1/install/rrbot_description:/home/swapneel/rbe500/ghw1/groupassignment1/install/tutorial_interfaces:/home/swapneel/rbe500/ghw1/groupassignment1/install/rrbot_gazebo:/home/swapneel/rbe500/ghw1/groupassignment1/install/proj2:/home/swapneel/rbe500/ghw1/groupassignment1/install/inverse_kinematics:/home/swapneel/rbe500/ghw1/groupassignment1/install/proj1:/opt/ros/humble /usr/bin/cmake --build /home/swapneel/rbe500/ghw1/groupassignment1/build/rrbot_gazebo -- -j8 -l8
[0.719s] DEBUG:colcon.colcon_core.event_handler.log_command:Invoking command in '/home/swapneel/rbe500/ghw1/groupassignment1/build/tutorial_interfaces': CMAKE_PREFIX_PATH=${CMAKE_PREFIX_PATH}:/home/swapneel/rbe500/ghw1/groupassignment1/install/proj2:/home/swapneel/rbe500/ghw1/groupassignment1/install/inverse_kinematics:/home/swapneel/rbe500/ghw1/groupassignment1/install/proj1:/opt/ros/humble /usr/bin/cmake --install /home/swapneel/rbe500/ghw1/groupassignment1/build/tutorial_interfaces
[0.754s] DEBUG:colcon.colcon_core.event_handler.log_command:Invoked command in '/home/swapneel/rbe500/ghw1/groupassignment1/build/rrbot_gazebo' returned '0': CMAKE_PREFIX_PATH=/home/swapneel/rbe500/ghw1/groupassignment1/install/rrbot_description:/home/swapneel/rbe500/ghw1/groupassignment1/install/tutorial_interfaces:/home/swapneel/rbe500/ghw1/groupassignment1/install/rrbot_gazebo:/home/swapneel/rbe500/ghw1/groupassignment1/install/proj2:/home/swapneel/rbe500/ghw1/groupassignment1/install/inverse_kinematics:/home/swapneel/rbe500/ghw1/groupassignment1/install/proj1:/opt/ros/humble /usr/bin/cmake --build /home/swapneel/rbe500/ghw1/groupassignment1/build/rrbot_gazebo -- -j8 -l8
[0.778s] DEBUG:colcon.colcon_core.event_handler.log_command:Invoking command in '/home/swapneel/rbe500/ghw1/groupassignment1/build/rrbot_gazebo': CMAKE_PREFIX_PATH=/home/swapneel/rbe500/ghw1/groupassignment1/install/rrbot_description:/home/swapneel/rbe500/ghw1/groupassignment1/install/tutorial_interfaces:/home/swapneel/rbe500/ghw1/groupassignment1/install/rrbot_gazebo:/home/swapneel/rbe500/ghw1/groupassignment1/install/proj2:/home/swapneel/rbe500/ghw1/groupassignment1/install/inverse_kinematics:/home/swapneel/rbe500/ghw1/groupassignment1/install/proj1:/opt/ros/humble /usr/bin/cmake --install /home/swapneel/rbe500/ghw1/groupassignment1/build/rrbot_gazebo
[0.786s] Level 1:colcon.colcon_core.environment:create_environment_scripts_only(tutorial_interfaces)
[0.787s] Level 1:colcon.colcon_core.environment:checking '/home/swapneel/rbe500/ghw1/groupassignment1/install/tutorial_interfaces' for CMake module files
[0.789s] DEBUG:colcon.colcon_core.event_handler.log_command:Invoked command in '/home/swapneel/rbe500/ghw1/groupassignment1/build/tutorial_interfaces' returned '0': CMAKE_PREFIX_PATH=${CMAKE_PREFIX_PATH}:/home/swapneel/rbe500/ghw1/groupassignment1/install/proj2:/home/swapneel/rbe500/ghw1/groupassignment1/install/inverse_kinematics:/home/swapneel/rbe500/ghw1/groupassignment1/install/proj1:/opt/ros/humble /usr/bin/cmake --install /home/swapneel/rbe500/ghw1/groupassignment1/build/tutorial_interfaces
[0.789s] Level 1:colcon.colcon_core.environment:checking '/home/swapneel/rbe500/ghw1/groupassignment1/install/tutorial_interfaces' for CMake config files
[0.791s] Level 1:colcon.colcon_core.shell:create_environment_hook('tutorial_interfaces', 'cmake_prefix_path')
[0.792s] INFO:colcon.colcon_core.shell:Creating environment hook '/home/swapneel/rbe500/ghw1/groupassignment1/install/tutorial_interfaces/share/tutorial_interfaces/hook/cmake_prefix_path.ps1'
[0.793s] INFO:colcon.colcon_core.shell:Creating environment descriptor '/home/swapneel/rbe500/ghw1/groupassignment1/install/tutorial_interfaces/share/tutorial_interfaces/hook/cmake_prefix_path.dsv'
[0.793s] INFO:colcon.colcon_core.shell:Creating environment hook '/home/swapneel/rbe500/ghw1/groupassignment1/install/tutorial_interfaces/share/tutorial_interfaces/hook/cmake_prefix_path.sh'
[0.793s] Level 1:colcon.colcon_core.environment:checking '/home/swapneel/rbe500/ghw1/groupassignment1/install/tutorial_interfaces/lib'
[0.794s] Level 1:colcon.colcon_core.shell:create_environment_hook('tutorial_interfaces', 'ld_library_path_lib')
[0.795s] INFO:colcon.colcon_core.shell:Creating environment hook '/home/swapneel/rbe500/ghw1/groupassignment1/install/tutorial_interfaces/share/tutorial_interfaces/hook/ld_library_path_lib.ps1'
[0.796s] INFO:colcon.colcon_core.shell:Creating environment descriptor '/home/swapneel/rbe500/ghw1/groupassignment1/install/tutorial_interfaces/share/tutorial_interfaces/hook/ld_library_path_lib.dsv'
[0.796s] INFO:colcon.colcon_core.shell:Creating environment hook '/home/swapneel/rbe500/ghw1/groupassignment1/install/tutorial_interfaces/share/tutorial_interfaces/hook/ld_library_path_lib.sh'
[0.796s] Level 1:colcon.colcon_core.environment:checking '/home/swapneel/rbe500/ghw1/groupassignment1/install/tutorial_interfaces/bin'
[0.797s] Level 1:colcon.colcon_core.environment:checking '/home/swapneel/rbe500/ghw1/groupassignment1/install/tutorial_interfaces/lib/pkgconfig/tutorial_interfaces.pc'
[0.797s] Level 1:colcon.colcon_core.environment:checking '/home/swapneel/rbe500/ghw1/groupassignment1/install/tutorial_interfaces/lib/python3.10/site-packages'
[0.797s] Level 1:colcon.colcon_core.environment:checking '/home/swapneel/rbe500/ghw1/groupassignment1/install/tutorial_interfaces/bin'
[0.798s] INFO:colcon.colcon_core.shell:Creating package script '/home/swapneel/rbe500/ghw1/groupassignment1/install/tutorial_interfaces/share/tutorial_interfaces/package.ps1'
[0.798s] INFO:colcon.colcon_core.shell:Creating package descriptor '/home/swapneel/rbe500/ghw1/groupassignment1/install/tutorial_interfaces/share/tutorial_interfaces/package.dsv'
[0.799s] INFO:colcon.colcon_core.shell:Creating package script '/home/swapneel/rbe500/ghw1/groupassignment1/install/tutorial_interfaces/share/tutorial_interfaces/package.sh'
[0.799s] INFO:colcon.colcon_core.shell:Creating package script '/home/swapneel/rbe500/ghw1/groupassignment1/install/tutorial_interfaces/share/tutorial_interfaces/package.bash'
[0.799s] INFO:colcon.colcon_core.shell:Creating package script '/home/swapneel/rbe500/ghw1/groupassignment1/install/tutorial_interfaces/share/tutorial_interfaces/package.zsh'
[0.799s] Level 1:colcon.colcon_core.environment:create_file_with_runtime_dependencies(/home/swapneel/rbe500/ghw1/groupassignment1/install/tutorial_interfaces/share/colcon-core/packages/tutorial_interfaces)
[0.801s] Level 1:colcon.colcon_core.environment:create_environment_scripts_only(rrbot_gazebo)
[0.802s] Level 1:colcon.colcon_core.environment:checking '/home/swapneel/rbe500/ghw1/groupassignment1/install/rrbot_gazebo' for CMake module files
[0.803s] DEBUG:colcon.colcon_core.event_handler.log_command:Invoked command in '/home/swapneel/rbe500/ghw1/groupassignment1/build/rrbot_gazebo' returned '0': CMAKE_PREFIX_PATH=/home/swapneel/rbe500/ghw1/groupassignment1/install/rrbot_description:/home/swapneel/rbe500/ghw1/groupassignment1/install/tutorial_interfaces:/home/swapneel/rbe500/ghw1/groupassignment1/install/rrbot_gazebo:/home/swapneel/rbe500/ghw1/groupassignment1/install/proj2:/home/swapneel/rbe500/ghw1/groupassignment1/install/inverse_kinematics:/home/swapneel/rbe500/ghw1/groupassignment1/install/proj1:/opt/ros/humble /usr/bin/cmake --install /home/swapneel/rbe500/ghw1/groupassignment1/build/rrbot_gazebo
[0.803s] Level 1:colcon.colcon_core.environment:checking '/home/swapneel/rbe500/ghw1/groupassignment1/install/rrbot_gazebo' for CMake config files
[0.804s] Level 1:colcon.colcon_core.shell:create_environment_hook('rrbot_gazebo', 'cmake_prefix_path')
[0.805s] INFO:colcon.colcon_core.shell:Creating environment hook '/home/swapneel/rbe500/ghw1/groupassignment1/install/rrbot_gazebo/share/rrbot_gazebo/hook/cmake_prefix_path.ps1'
[0.805s] INFO:colcon.colcon_core.shell:Creating environment descriptor '/home/swapneel/rbe500/ghw1/groupassignment1/install/rrbot_gazebo/share/rrbot_gazebo/hook/cmake_prefix_path.dsv'
[0.805s] INFO:colcon.colcon_core.shell:Creating environment hook '/home/swapneel/rbe500/ghw1/groupassignment1/install/rrbot_gazebo/share/rrbot_gazebo/hook/cmake_prefix_path.sh'
[0.806s] Level 1:colcon.colcon_core.environment:checking '/home/swapneel/rbe500/ghw1/groupassignment1/install/rrbot_gazebo/lib'
[0.806s] Level 1:colcon.colcon_core.environment:checking '/home/swapneel/rbe500/ghw1/groupassignment1/install/rrbot_gazebo/bin'
[0.806s] Level 1:colcon.colcon_core.environment:checking '/home/swapneel/rbe500/ghw1/groupassignment1/install/rrbot_gazebo/lib/pkgconfig/rrbot_gazebo.pc'
[0.806s] Level 1:colcon.colcon_core.environment:checking '/home/swapneel/rbe500/ghw1/groupassignment1/install/rrbot_gazebo/lib/python3.10/site-packages'
[0.806s] Level 1:colcon.colcon_core.environment:checking '/home/swapneel/rbe500/ghw1/groupassignment1/install/rrbot_gazebo/bin'
[0.807s] INFO:colcon.colcon_core.shell:Creating package script '/home/swapneel/rbe500/ghw1/groupassignment1/install/rrbot_gazebo/share/rrbot_gazebo/package.ps1'
[0.808s] INFO:colcon.colcon_core.shell:Creating package descriptor '/home/swapneel/rbe500/ghw1/groupassignment1/install/rrbot_gazebo/share/rrbot_gazebo/package.dsv'
[0.808s] INFO:colcon.colcon_core.shell:Creating package script '/home/swapneel/rbe500/ghw1/groupassignment1/install/rrbot_gazebo/share/rrbot_gazebo/package.sh'
[0.809s] INFO:colcon.colcon_core.shell:Creating package script '/home/swapneel/rbe500/ghw1/groupassignment1/install/rrbot_gazebo/share/rrbot_gazebo/package.bash'
[0.809s] INFO:colcon.colcon_core.shell:Creating package script '/home/swapneel/rbe500/ghw1/groupassignment1/install/rrbot_gazebo/share/rrbot_gazebo/package.zsh'
[0.809s] Level 1:colcon.colcon_core.environment:create_file_with_runtime_dependencies(/home/swapneel/rbe500/ghw1/groupassignment1/install/rrbot_gazebo/share/colcon-core/packages/rrbot_gazebo)
[0.829s] Level 1:colcon.colcon_core.environment:create_environment_scripts_only(rrbot_gazebo)
[0.831s] Level 1:colcon.colcon_core.environment:checking '/home/swapneel/rbe500/ghw1/groupassignment1/install/rrbot_gazebo' for CMake module files
[0.831s] Level 1:colcon.colcon_core.environment:checking '/home/swapneel/rbe500/ghw1/groupassignment1/install/rrbot_gazebo' for CMake config files
[0.832s] Level 1:colcon.colcon_core.shell:create_environment_hook('rrbot_gazebo', 'cmake_prefix_path')
[0.833s] INFO:colcon.colcon_core.shell:Creating environment hook '/home/swapneel/rbe500/ghw1/groupassignment1/install/rrbot_gazebo/share/rrbot_gazebo/hook/cmake_prefix_path.ps1'
[0.833s] INFO:colcon.colcon_core.shell:Creating environment descriptor '/home/swapneel/rbe500/ghw1/groupassignment1/install/rrbot_gazebo/share/rrbot_gazebo/hook/cmake_prefix_path.dsv'
[0.834s] INFO:colcon.colcon_core.shell:Creating environment hook '/home/swapneel/rbe500/ghw1/groupassignment1/install/rrbot_gazebo/share/rrbot_gazebo/hook/cmake_prefix_path.sh'
[0.834s] Level 1:colcon.colcon_core.environment:checking '/home/swapneel/rbe500/ghw1/groupassignment1/install/rrbot_gazebo/lib'
[0.834s] Level 1:colcon.colcon_core.environment:checking '/home/swapneel/rbe500/ghw1/groupassignment1/install/rrbot_gazebo/bin'
[0.834s] Level 1:colcon.colcon_core.environment:checking '/home/swapneel/rbe500/ghw1/groupassignment1/install/rrbot_gazebo/lib/pkgconfig/rrbot_gazebo.pc'
[0.834s] Level 1:colcon.colcon_core.environment:checking '/home/swapneel/rbe500/ghw1/groupassignment1/install/rrbot_gazebo/lib/python3.10/site-packages'
[0.835s] Level 1:colcon.colcon_core.environment:checking '/home/swapneel/rbe500/ghw1/groupassignment1/install/rrbot_gazebo/bin'
[0.836s] INFO:colcon.colcon_core.shell:Creating package script '/home/swapneel/rbe500/ghw1/groupassignment1/install/rrbot_gazebo/share/rrbot_gazebo/package.ps1'
[0.836s] INFO:colcon.colcon_core.shell:Creating package descriptor '/home/swapneel/rbe500/ghw1/groupassignment1/install/rrbot_gazebo/share/rrbot_gazebo/package.dsv'
[0.837s] INFO:colcon.colcon_core.shell:Creating package script '/home/swapneel/rbe500/ghw1/groupassignment1/install/rrbot_gazebo/share/rrbot_gazebo/package.sh'
[0.837s] INFO:colcon.colcon_core.shell:Creating package script '/home/swapneel/rbe500/ghw1/groupassignment1/install/rrbot_gazebo/share/rrbot_gazebo/package.bash'
[0.838s] INFO:colcon.colcon_core.shell:Creating package script '/home/swapneel/rbe500/ghw1/groupassignment1/install/rrbot_gazebo/share/rrbot_gazebo/package.zsh'
[0.838s] Level 1:colcon.colcon_core.environment:create_file_with_runtime_dependencies(/home/swapneel/rbe500/ghw1/groupassignment1/install/rrbot_gazebo/share/colcon-core/packages/rrbot_gazebo)
[0.842s] Level 1:colcon.colcon_core.environment:create_environment_scripts_only(tutorial_interfaces)
[0.844s] Level 1:colcon.colcon_core.environment:checking '/home/swapneel/rbe500/ghw1/groupassignment1/install/tutorial_interfaces' for CMake module files
[0.844s] Level 1:colcon.colcon_core.environment:checking '/home/swapneel/rbe500/ghw1/groupassignment1/install/tutorial_interfaces' for CMake config files
[0.845s] Level 1:colcon.colcon_core.shell:create_environment_hook('tutorial_interfaces', 'cmake_prefix_path')
[0.846s] INFO:colcon.colcon_core.shell:Creating environment hook '/home/swapneel/rbe500/ghw1/groupassignment1/install/tutorial_interfaces/share/tutorial_interfaces/hook/cmake_prefix_path.ps1'
[0.846s] INFO:colcon.colcon_core.shell:Creating environment descriptor '/home/swapneel/rbe500/ghw1/groupassignment1/install/tutorial_interfaces/share/tutorial_interfaces/hook/cmake_prefix_path.dsv'
[0.847s] INFO:colcon.colcon_core.shell:Creating environment hook '/home/swapneel/rbe500/ghw1/groupassignment1/install/tutorial_interfaces/share/tutorial_interfaces/hook/cmake_prefix_path.sh'
[0.847s] Level 1:colcon.colcon_core.environment:checking '/home/swapneel/rbe500/ghw1/groupassignment1/install/tutorial_interfaces/lib'
[0.847s] Level 1:colcon.colcon_core.shell:create_environment_hook('tutorial_interfaces', 'ld_library_path_lib')
[0.848s] INFO:colcon.colcon_core.shell:Creating environment hook '/home/swapneel/rbe500/ghw1/groupassignment1/install/tutorial_interfaces/share/tutorial_interfaces/hook/ld_library_path_lib.ps1'
[0.849s] INFO:colcon.colcon_core.shell:Creating environment descriptor '/home/swapneel/rbe500/ghw1/groupassignment1/install/tutorial_interfaces/share/tutorial_interfaces/hook/ld_library_path_lib.dsv'
[0.849s] INFO:colcon.colcon_core.shell:Creating environment hook '/home/swapneel/rbe500/ghw1/groupassignment1/install/tutorial_interfaces/share/tutorial_interfaces/hook/ld_library_path_lib.sh'
[0.849s] Level 1:colcon.colcon_core.environment:checking '/home/swapneel/rbe500/ghw1/groupassignment1/install/tutorial_interfaces/bin'
[0.849s] Level 1:colcon.colcon_core.environment:checking '/home/swapneel/rbe500/ghw1/groupassignment1/install/tutorial_interfaces/lib/pkgconfig/tutorial_interfaces.pc'
[0.849s] Level 1:colcon.colcon_core.environment:checking '/home/swapneel/rbe500/ghw1/groupassignment1/install/tutorial_interfaces/lib/python3.10/site-packages'
[0.850s] Level 1:colcon.colcon_core.environment:checking '/home/swapneel/rbe500/ghw1/groupassignment1/install/tutorial_interfaces/bin'
[0.851s] INFO:colcon.colcon_core.shell:Creating package script '/home/swapneel/rbe500/ghw1/groupassignment1/install/tutorial_interfaces/share/tutorial_interfaces/package.ps1'
[0.851s] INFO:colcon.colcon_core.shell:Creating package descriptor '/home/swapneel/rbe500/ghw1/groupassignment1/install/tutorial_interfaces/share/tutorial_interfaces/package.dsv'
[0.852s] INFO:colcon.colcon_core.shell:Creating package script '/home/swapneel/rbe500/ghw1/groupassignment1/install/tutorial_interfaces/share/tutorial_interfaces/package.sh'
[0.852s] INFO:colcon.colcon_core.shell:Creating package script '/home/swapneel/rbe500/ghw1/groupassignment1/install/tutorial_interfaces/share/tutorial_interfaces/package.bash'
[0.853s] INFO:colcon.colcon_core.shell:Creating package script '/home/swapneel/rbe500/ghw1/groupassignment1/install/tutorial_interfaces/share/tutorial_interfaces/package.zsh'
[0.853s] Level 1:colcon.colcon_core.environment:create_file_with_runtime_dependencies(/home/swapneel/rbe500/ghw1/groupassignment1/install/tutorial_interfaces/share/colcon-core/packages/tutorial_interfaces)
[0.853s] INFO:colcon.colcon_ros.task.ament_python.build:Building ROS package in '/home/swapneel/rbe500/ghw1/groupassignment1/src/inverse_kinematics' with build type 'ament_python'
[0.853s] Level 1:colcon.colcon_core.shell:create_environment_hook('inverse_kinematics', 'ament_prefix_path')
[0.855s] INFO:colcon.colcon_core.shell:Creating environment hook '/home/swapneel/rbe500/ghw1/groupassignment1/install/inverse_kinematics/share/inverse_kinematics/hook/ament_prefix_path.ps1'
[0.855s] INFO:colcon.colcon_core.shell:Creating environment descriptor '/home/swapneel/rbe500/ghw1/groupassignment1/install/inverse_kinematics/share/inverse_kinematics/hook/ament_prefix_path.dsv'
[0.855s] INFO:colcon.colcon_core.shell:Creating environment hook '/home/swapneel/rbe500/ghw1/groupassignment1/install/inverse_kinematics/share/inverse_kinematics/hook/ament_prefix_path.sh'
[0.857s] INFO:colcon.colcon_core.shell:Skip shell extension 'powershell' for command environment: Not usable outside of PowerShell
[0.857s] DEBUG:colcon.colcon_core.shell:Skip shell extension 'dsv' for command environment
[0.860s] INFO:colcon.colcon_ros.task.ament_python.build:Building ROS package in '/home/swapneel/rbe500/ghw1/groupassignment1/src/proj2' with build type 'ament_python'
[0.861s] Level 1:colcon.colcon_core.shell:create_environment_hook('proj2', 'ament_prefix_path')
[0.862s] INFO:colcon.colcon_core.shell:Creating environment hook '/home/swapneel/rbe500/ghw1/groupassignment1/install/proj2/share/proj2/hook/ament_prefix_path.ps1'
[0.862s] INFO:colcon.colcon_core.shell:Creating environment descriptor '/home/swapneel/rbe500/ghw1/groupassignment1/install/proj2/share/proj2/hook/ament_prefix_path.dsv'
[0.862s] INFO:colcon.colcon_core.shell:Creating environment hook '/home/swapneel/rbe500/ghw1/groupassignment1/install/proj2/share/proj2/hook/ament_prefix_path.sh'
[0.864s] INFO:colcon.colcon_core.shell:Skip shell extension 'powershell' for command environment: Not usable outside of PowerShell
[0.864s] DEBUG:colcon.colcon_core.shell:Skip shell extension 'dsv' for command environment
[1.069s] INFO:colcon.colcon_core.task.python.build:Building Python package in '/home/swapneel/rbe500/ghw1/groupassignment1/src/inverse_kinematics'
[1.070s] INFO:colcon.colcon_core.shell:Skip shell extension 'powershell' for command environment: Not usable outside of PowerShell
[1.070s] DEBUG:colcon.colcon_core.shell:Skip shell extension 'dsv' for command environment
[1.265s] INFO:colcon.colcon_core.task.python.build:Building Python package in '/home/swapneel/rbe500/ghw1/groupassignment1/src/proj2'
[1.266s] INFO:colcon.colcon_core.shell:Skip shell extension 'powershell' for command environment: Not usable outside of PowerShell
[1.266s] DEBUG:colcon.colcon_core.shell:Skip shell extension 'dsv' for command environment
[1.271s] DEBUG:colcon.colcon_core.event_handler.log_command:Invoking command in '/home/swapneel/rbe500/ghw1/groupassignment1/build/proj1': PYTHONPATH=/home/swapneel/rbe500/ghw1/groupassignment1/build/proj1/prefix_override:/home/swapneel/rbe500/ghw1/groupassignment1/install/proj1/lib/python3.10/site-packages:${PYTHONPATH} /usr/bin/python3 setup.py develop --editable --build-directory /home/swapneel/rbe500/ghw1/groupassignment1/build/proj1/build --no-deps install_data
[1.568s] DEBUG:colcon.colcon_core.event_handler.log_command:Invoking command in '/home/swapneel/rbe500/ghw1/groupassignment1/build/proj2': LD_LIBRARY_PATH=/home/swapneel/rbe500/ghw1/groupassignment1/install/tutorial_interfaces/lib:/usr/lib/x86_64-linux-gnu/gazebo-11/plugins:/opt/ros/humble/opt/rviz_ogre_vendor/lib:/opt/ros/humble/lib/x86_64-linux-gnu:/opt/ros/humble/lib:/usr/share/gazebo/../../lib/x86_64-linux-gnu/gazebo-11/plugins PYTHONPATH=/home/swapneel/rbe500/ghw1/groupassignment1/build/proj2/prefix_override:/home/swapneel/rbe500/ghw1/groupassignment1/install/proj2/lib/python3.10/site-packages:${PYTHONPATH} /usr/bin/python3 setup.py develop --editable --build-directory /home/swapneel/rbe500/ghw1/groupassignment1/build/proj2/build --no-deps install_data
[1.570s] DEBUG:colcon.colcon_core.event_handler.log_command:Invoking command in '/home/swapneel/rbe500/ghw1/groupassignment1/build/inverse_kinematics': LD_LIBRARY_PATH=/home/swapneel/rbe500/ghw1/groupassignment1/install/tutorial_interfaces/lib:/usr/lib/x86_64-linux-gnu/gazebo-11/plugins:/opt/ros/humble/opt/rviz_ogre_vendor/lib:/opt/ros/humble/lib/x86_64-linux-gnu:/opt/ros/humble/lib:/usr/share/gazebo/../../lib/x86_64-linux-gnu/gazebo-11/plugins PYTHONPATH=/home/swapneel/rbe500/ghw1/groupassignment1/build/inverse_kinematics/prefix_override:/home/swapneel/rbe500/ghw1/groupassignment1/install/inverse_kinematics/lib/python3.10/site-packages:${PYTHONPATH} /usr/bin/python3 setup.py develop --editable --build-directory /home/swapneel/rbe500/ghw1/groupassignment1/build/inverse_kinematics/build --no-deps install_data
[1.672s] Level 1:colcon.colcon_core.shell:create_environment_hook('proj1', 'pythonpath_develop')
[1.673s] INFO:colcon.colcon_core.shell:Creating environment hook '/home/swapneel/rbe500/ghw1/groupassignment1/build/proj1/share/proj1/hook/pythonpath_develop.ps1'
[1.673s] DEBUG:colcon.colcon_core.event_handler.log_command:Invoked command in '/home/swapneel/rbe500/ghw1/groupassignment1/build/proj1' returned '0': PYTHONPATH=/home/swapneel/rbe500/ghw1/groupassignment1/build/proj1/prefix_override:/home/swapneel/rbe500/ghw1/groupassignment1/install/proj1/lib/python3.10/site-packages:${PYTHONPATH} /usr/bin/python3 setup.py develop --editable --build-directory /home/swapneel/rbe500/ghw1/groupassignment1/build/proj1/build --no-deps install_data
[1.674s] INFO:colcon.colcon_core.shell:Creating environment descriptor '/home/swapneel/rbe500/ghw1/groupassignment1/build/proj1/share/proj1/hook/pythonpath_develop.dsv'
[1.674s] INFO:colcon.colcon_core.shell:Creating environment hook '/home/swapneel/rbe500/ghw1/groupassignment1/build/proj1/share/proj1/hook/pythonpath_develop.sh'
[1.676s] Level 1:colcon.colcon_core.environment:checking '/home/swapneel/rbe500/ghw1/groupassignment1/install/proj1' for CMake module files
[1.676s] Level 1:colcon.colcon_core.environment:checking '/home/swapneel/rbe500/ghw1/groupassignment1/install/proj1' for CMake config files
[1.676s] Level 1:colcon.colcon_core.environment:checking '/home/swapneel/rbe500/ghw1/groupassignment1/install/proj1/lib'
[1.676s] Level 1:colcon.colcon_core.environment:checking '/home/swapneel/rbe500/ghw1/groupassignment1/install/proj1/bin'
[1.676s] Level 1:colcon.colcon_core.environment:checking '/home/swapneel/rbe500/ghw1/groupassignment1/install/proj1/lib/pkgconfig/proj1.pc'
[1.677s] Level 1:colcon.colcon_core.environment:checking '/home/swapneel/rbe500/ghw1/groupassignment1/install/proj1/lib/python3.10/site-packages'
[1.677s] Level 1:colcon.colcon_core.shell:create_environment_hook('proj1', 'pythonpath')
[1.678s] INFO:colcon.colcon_core.shell:Creating environment hook '/home/swapneel/rbe500/ghw1/groupassignment1/install/proj1/share/proj1/hook/pythonpath.ps1'
[1.678s] INFO:colcon.colcon_core.shell:Creating environment descriptor '/home/swapneel/rbe500/ghw1/groupassignment1/install/proj1/share/proj1/hook/pythonpath.dsv'
[1.678s] INFO:colcon.colcon_core.shell:Creating environment hook '/home/swapneel/rbe500/ghw1/groupassignment1/install/proj1/share/proj1/hook/pythonpath.sh'
[1.679s] Level 1:colcon.colcon_core.environment:checking '/home/swapneel/rbe500/ghw1/groupassignment1/install/proj1/bin'
[1.679s] Level 1:colcon.colcon_core.environment:create_environment_scripts_only(proj1)
[1.680s] INFO:colcon.colcon_core.shell:Creating package script '/home/swapneel/rbe500/ghw1/groupassignment1/install/proj1/share/proj1/package.ps1'
[1.680s] INFO:colcon.colcon_core.shell:Creating package descriptor '/home/swapneel/rbe500/ghw1/groupassignment1/install/proj1/share/proj1/package.dsv'
[1.681s] INFO:colcon.colcon_core.shell:Creating package script '/home/swapneel/rbe500/ghw1/groupassignment1/install/proj1/share/proj1/package.sh'
[1.681s] INFO:colcon.colcon_core.shell:Creating package script '/home/swapneel/rbe500/ghw1/groupassignment1/install/proj1/share/proj1/package.bash'
[1.681s] INFO:colcon.colcon_core.shell:Creating package script '/home/swapneel/rbe500/ghw1/groupassignment1/install/proj1/share/proj1/package.zsh'
[1.682s] Level 1:colcon.colcon_core.environment:create_file_with_runtime_dependencies(/home/swapneel/rbe500/ghw1/groupassignment1/install/proj1/share/colcon-core/packages/proj1)
[1.953s] Level 1:colcon.colcon_core.shell:create_environment_hook('inverse_kinematics', 'pythonpath_develop')
[1.954s] INFO:colcon.colcon_core.shell:Creating environment hook '/home/swapneel/rbe500/ghw1/groupassignment1/build/inverse_kinematics/share/inverse_kinematics/hook/pythonpath_develop.ps1'
[1.955s] DEBUG:colcon.colcon_core.event_handler.log_command:Invoked command in '/home/swapneel/rbe500/ghw1/groupassignment1/build/inverse_kinematics' returned '0': LD_LIBRARY_PATH=/home/swapneel/rbe500/ghw1/groupassignment1/install/tutorial_interfaces/lib:/usr/lib/x86_64-linux-gnu/gazebo-11/plugins:/opt/ros/humble/opt/rviz_ogre_vendor/lib:/opt/ros/humble/lib/x86_64-linux-gnu:/opt/ros/humble/lib:/usr/share/gazebo/../../lib/x86_64-linux-gnu/gazebo-11/plugins PYTHONPATH=/home/swapneel/rbe500/ghw1/groupassignment1/build/inverse_kinematics/prefix_override:/home/swapneel/rbe500/ghw1/groupassignment1/install/inverse_kinematics/lib/python3.10/site-packages:${PYTHONPATH} /usr/bin/python3 setup.py develop --editable --build-directory /home/swapneel/rbe500/ghw1/groupassignment1/build/inverse_kinematics/build --no-deps install_data
[1.955s] INFO:colcon.colcon_core.shell:Creating environment descriptor '/home/swapneel/rbe500/ghw1/groupassignment1/build/inverse_kinematics/share/inverse_kinematics/hook/pythonpath_develop.dsv'
[1.955s] INFO:colcon.colcon_core.shell:Creating environment hook '/home/swapneel/rbe500/ghw1/groupassignment1/build/inverse_kinematics/share/inverse_kinematics/hook/pythonpath_develop.sh'
[1.957s] Level 1:colcon.colcon_core.environment:checking '/home/swapneel/rbe500/ghw1/groupassignment1/install/inverse_kinematics' for CMake module files
[1.957s] Level 1:colcon.colcon_core.environment:checking '/home/swapneel/rbe500/ghw1/groupassignment1/install/inverse_kinematics' for CMake config files
[1.958s] Level 1:colcon.colcon_core.environment:checking '/home/swapneel/rbe500/ghw1/groupassignment1/install/inverse_kinematics/lib'
[1.958s] Level 1:colcon.colcon_core.environment:checking '/home/swapneel/rbe500/ghw1/groupassignment1/install/inverse_kinematics/bin'
[1.958s] Level 1:colcon.colcon_core.environment:checking '/home/swapneel/rbe500/ghw1/groupassignment1/install/inverse_kinematics/lib/pkgconfig/inverse_kinematics.pc'
[1.958s] Level 1:colcon.colcon_core.environment:checking '/home/swapneel/rbe500/ghw1/groupassignment1/install/inverse_kinematics/lib/python3.10/site-packages'
[1.958s] Level 1:colcon.colcon_core.shell:create_environment_hook('inverse_kinematics', 'pythonpath')
[1.959s] INFO:colcon.colcon_core.shell:Creating environment hook '/home/swapneel/rbe500/ghw1/groupassignment1/install/inverse_kinematics/share/inverse_kinematics/hook/pythonpath.ps1'
[1.959s] INFO:colcon.colcon_core.shell:Creating environment descriptor '/home/swapneel/rbe500/ghw1/groupassignment1/install/inverse_kinematics/share/inverse_kinematics/hook/pythonpath.dsv'
[1.959s] INFO:colcon.colcon_core.shell:Creating environment hook '/home/swapneel/rbe500/ghw1/groupassignment1/install/inverse_kinematics/share/inverse_kinematics/hook/pythonpath.sh'
[1.960s] Level 1:colcon.colcon_core.environment:checking '/home/swapneel/rbe500/ghw1/groupassignment1/install/inverse_kinematics/bin'
[1.960s] Level 1:colcon.colcon_core.environment:create_environment_scripts_only(inverse_kinematics)
[1.961s] INFO:colcon.colcon_core.shell:Creating package script '/home/swapneel/rbe500/ghw1/groupassignment1/install/inverse_kinematics/share/inverse_kinematics/package.ps1'
[1.961s] INFO:colcon.colcon_core.shell:Creating package descriptor '/home/swapneel/rbe500/ghw1/groupassignment1/install/inverse_kinematics/share/inverse_kinematics/package.dsv'
[1.961s] INFO:colcon.colcon_core.shell:Creating package script '/home/swapneel/rbe500/ghw1/groupassignment1/install/inverse_kinematics/share/inverse_kinematics/package.sh'
[1.962s] INFO:colcon.colcon_core.shell:Creating package script '/home/swapneel/rbe500/ghw1/groupassignment1/install/inverse_kinematics/share/inverse_kinematics/package.bash'
[1.962s] INFO:colcon.colcon_core.shell:Creating package script '/home/swapneel/rbe500/ghw1/groupassignment1/install/inverse_kinematics/share/inverse_kinematics/package.zsh'
[1.962s] Level 1:colcon.colcon_core.environment:create_file_with_runtime_dependencies(/home/swapneel/rbe500/ghw1/groupassignment1/install/inverse_kinematics/share/colcon-core/packages/inverse_kinematics)
[1.962s] Level 1:colcon.colcon_core.shell:create_environment_hook('proj2', 'pythonpath_develop')
[1.964s] INFO:colcon.colcon_core.shell:Creating environment hook '/home/swapneel/rbe500/ghw1/groupassignment1/build/proj2/share/proj2/hook/pythonpath_develop.ps1'
[1.964s] INFO:colcon.colcon_core.shell:Creating environment descriptor '/home/swapneel/rbe500/ghw1/groupassignment1/build/proj2/share/proj2/hook/pythonpath_develop.dsv'
[1.965s] DEBUG:colcon.colcon_core.event_handler.log_command:Invoked command in '/home/swapneel/rbe500/ghw1/groupassignment1/build/proj2' returned '0': LD_LIBRARY_PATH=/home/swapneel/rbe500/ghw1/groupassignment1/install/tutorial_interfaces/lib:/usr/lib/x86_64-linux-gnu/gazebo-11/plugins:/opt/ros/humble/opt/rviz_ogre_vendor/lib:/opt/ros/humble/lib/x86_64-linux-gnu:/opt/ros/humble/lib:/usr/share/gazebo/../../lib/x86_64-linux-gnu/gazebo-11/plugins PYTHONPATH=/home/swapneel/rbe500/ghw1/groupassignment1/build/proj2/prefix_override:/home/swapneel/rbe500/ghw1/groupassignment1/install/proj2/lib/python3.10/site-packages:${PYTHONPATH} /usr/bin/python3 setup.py develop --editable --build-directory /home/swapneel/rbe500/ghw1/groupassignment1/build/proj2/build --no-deps install_data
[1.965s] INFO:colcon.colcon_core.shell:Creating environment hook '/home/swapneel/rbe500/ghw1/groupassignment1/build/proj2/share/proj2/hook/pythonpath_develop.sh'
[1.966s] Level 1:colcon.colcon_core.environment:checking '/home/swapneel/rbe500/ghw1/groupassignment1/install/proj2' for CMake module files
[1.967s] Level 1:colcon.colcon_core.environment:checking '/home/swapneel/rbe500/ghw1/groupassignment1/install/proj2' for CMake config files
[1.967s] Level 1:colcon.colcon_core.environment:checking '/home/swapneel/rbe500/ghw1/groupassignment1/install/proj2/lib'
[1.967s] Level 1:colcon.colcon_core.environment:checking '/home/swapneel/rbe500/ghw1/groupassignment1/install/proj2/bin'
[1.967s] Level 1:colcon.colcon_core.environment:checking '/home/swapneel/rbe500/ghw1/groupassignment1/install/proj2/lib/pkgconfig/proj2.pc'
[1.967s] Level 1:colcon.colcon_core.environment:checking '/home/swapneel/rbe500/ghw1/groupassignment1/install/proj2/lib/python3.10/site-packages'
[1.967s] Level 1:colcon.colcon_core.shell:create_environment_hook('proj2', 'pythonpath')
[1.968s] INFO:colcon.colcon_core.shell:Creating environment hook '/home/swapneel/rbe500/ghw1/groupassignment1/install/proj2/share/proj2/hook/pythonpath.ps1'
[1.969s] INFO:colcon.colcon_core.shell:Creating environment descriptor '/home/swapneel/rbe500/ghw1/groupassignment1/install/proj2/share/proj2/hook/pythonpath.dsv'
[1.969s] INFO:colcon.colcon_core.shell:Creating environment hook '/home/swapneel/rbe500/ghw1/groupassignment1/install/proj2/share/proj2/hook/pythonpath.sh'
[1.969s] Level 1:colcon.colcon_core.environment:checking '/home/swapneel/rbe500/ghw1/groupassignment1/install/proj2/bin'
[1.969s] Level 1:colcon.colcon_core.environment:create_environment_scripts_only(proj2)
[1.970s] INFO:colcon.colcon_core.shell:Creating package script '/home/swapneel/rbe500/ghw1/groupassignment1/install/proj2/share/proj2/package.ps1'
[1.970s] INFO:colcon.colcon_core.shell:Creating package descriptor '/home/swapneel/rbe500/ghw1/groupassignment1/install/proj2/share/proj2/package.dsv'
[1.971s] INFO:colcon.colcon_core.shell:Creating package script '/home/swapneel/rbe500/ghw1/groupassignment1/install/proj2/share/proj2/package.sh'
[1.971s] INFO:colcon.colcon_core.shell:Creating package script '/home/swapneel/rbe500/ghw1/groupassignment1/install/proj2/share/proj2/package.bash'
[1.971s] INFO:colcon.colcon_core.shell:Creating package script '/home/swapneel/rbe500/ghw1/groupassignment1/install/proj2/share/proj2/package.zsh'
[1.972s] Level 1:colcon.colcon_core.environment:create_file_with_runtime_dependencies(/home/swapneel/rbe500/ghw1/groupassignment1/install/proj2/share/colcon-core/packages/proj2)
[1.972s] DEBUG:colcon.colcon_parallel_executor.executor.parallel:closing loop
[1.972s] DEBUG:colcon.colcon_parallel_executor.executor.parallel:loop closed
[1.972s] DEBUG:colcon.colcon_parallel_executor.executor.parallel:run_until_complete finished with '0'
[1.972s] DEBUG:colcon.colcon_core.event_reactor:joining thread
[1.978s] INFO:colcon.colcon_core.plugin_system:Skipping extension 'colcon_notification.desktop_notification.terminal_notifier': Not used on non-Darwin systems
[1.978s] INFO:colcon.colcon_core.plugin_system:Skipping extension 'colcon_notification.desktop_notification.win32': Not used on non-Windows systems
[1.978s] INFO:colcon.colcon_notification.desktop_notification:Sending desktop notification using 'notify2'
[1.988s] DEBUG:colcon.colcon_core.event_reactor:joined thread
[1.990s] INFO:colcon.colcon_core.shell:Creating prefix script '/home/swapneel/rbe500/ghw1/groupassignment1/install/local_setup.ps1'
[1.990s] INFO:colcon.colcon_core.shell:Creating prefix util module '/home/swapneel/rbe500/ghw1/groupassignment1/install/_local_setup_util_ps1.py'
[1.991s] INFO:colcon.colcon_core.shell:Creating prefix chain script '/home/swapneel/rbe500/ghw1/groupassignment1/install/setup.ps1'
[1.993s] INFO:colcon.colcon_core.shell:Creating prefix script '/home/swapneel/rbe500/ghw1/groupassignment1/install/local_setup.sh'
[1.993s] INFO:colcon.colcon_core.shell:Creating prefix util module '/home/swapneel/rbe500/ghw1/groupassignment1/install/_local_setup_util_sh.py'
[1.994s] INFO:colcon.colcon_core.shell:Creating prefix chain script '/home/swapneel/rbe500/ghw1/groupassignment1/install/setup.sh'
[1.995s] INFO:colcon.colcon_core.shell:Creating prefix script '/home/swapneel/rbe500/ghw1/groupassignment1/install/local_setup.bash'
[1.995s] INFO:colcon.colcon_core.shell:Creating prefix chain script '/home/swapneel/rbe500/ghw1/groupassignment1/install/setup.bash'
[1.997s] INFO:colcon.colcon_core.shell:Creating prefix script '/home/swapneel/rbe500/ghw1/groupassignment1/install/local_setup.zsh'
[1.997s] INFO:colcon.colcon_core.shell:Creating prefix chain script '/home/swapneel/rbe500/ghw1/groupassignment1/install/setup.zsh'
