[0.282s] DEBUG:colcon:Command line arguments: ['/usr/bin/colcon', 'build', '--symlink-install']
[0.282s] DEBUG:colcon:Parsed command line arguments: Namespace(log_base=None, log_level=None, verb_name='build', build_base='build', install_base='install', merge_install=False, symlink_install=True, test_result_base=None, continue_on_error=False, executor='parallel', parallel_workers=8, event_handlers=None, ignore_user_meta=False, metas=['./colcon.meta'], base_paths=['.'], packages_ignore=None, packages_ignore_regex=None, paths=None, packages_up_to=None, packages_up_to_regex=None, packages_above=None, packages_above_and_dependencies=None, packages_above_depth=None, packages_select_by_dep=None, packages_skip_by_dep=None, packages_skip_up_to=None, packages_select_build_failed=False, packages_skip_build_finished=False, packages_select_test_failures=False, packages_skip_test_passed=False, packages_select=None, packages_skip=None, packages_select_regex=None, packages_skip_regex=None, packages_start=None, packages_end=None, allow_overriding=[], cmake_args=None, cmake_target=None, cmake_target_skip_unavailable=False, cmake_clean_cache=False, cmake_clean_first=False, cmake_force_configure=False, ament_cmake_args=None, catkin_cmake_args=None, catkin_skip_building_tests=False, verb_parser=<colcon_defaults.argument_parser.defaults.DefaultArgumentsDecorator object at 0x7f8823f52890>, verb_extension=<colcon_core.verb.build.BuildVerb object at 0x7f8824a5ea40>, main=<bound method BuildVerb.main of <colcon_core.verb.build.BuildVerb object at 0x7f8824a5ea40>>)
[0.302s] Level 1:colcon.colcon_core.package_discovery:discover_packages(colcon_meta) check parameters
[0.303s] Level 1:colcon.colcon_core.package_discovery:discover_packages(recursive) check parameters
[0.303s] Level 1:colcon.colcon_core.package_discovery:discover_packages(ignore) check parameters
[0.303s] Level 1:colcon.colcon_core.package_discovery:discover_packages(path) check parameters
[0.303s] Level 1:colcon.colcon_core.package_discovery:discover_packages(colcon_meta) discover
[0.303s] Level 1:colcon.colcon_core.package_discovery:discover_packages(recursive) discover
[0.303s] INFO:colcon.colcon_core.package_discovery:Crawling recursively for packages in '/home/swapneel/rbe500/ghw1/groupassignment1'
[0.303s] Level 1:colcon.colcon_core.package_identification:_identify(.) by extensions ['ignore', 'ignore_ament_install']
[0.303s] Level 1:colcon.colcon_core.package_identification:_identify(.) by extension 'ignore'
[0.303s] Level 1:colcon.colcon_core.package_identification:_identify(.) by extension 'ignore_ament_install'
[0.303s] Level 1:colcon.colcon_core.package_identification:_identify(.) by extensions ['colcon_pkg']
[0.303s] Level 1:colcon.colcon_core.package_identification:_identify(.) by extension 'colcon_pkg'
[0.303s] Level 1:colcon.colcon_core.package_identification:_identify(.) by extensions ['colcon_meta']
[0.303s] Level 1:colcon.colcon_core.package_identification:_identify(.) by extension 'colcon_meta'
[0.303s] Level 1:colcon.colcon_core.package_identification:_identify(.) by extensions ['ros']
[0.303s] Level 1:colcon.colcon_core.package_identification:_identify(.) by extension 'ros'
[0.321s] Level 1:colcon.colcon_core.package_identification:_identify(.) by extensions ['cmake', 'python']
[0.322s] Level 1:colcon.colcon_core.package_identification:_identify(.) by extension 'cmake'
[0.322s] Level 1:colcon.colcon_core.package_identification:_identify(.) by extension 'python'
[0.322s] Level 1:colcon.colcon_core.package_identification:_identify(.) by extensions ['python_setup_py']
[0.322s] Level 1:colcon.colcon_core.package_identification:_identify(.) by extension 'python_setup_py'
[0.322s] Level 1:colcon.colcon_core.package_identification:_identify(build) by extensions ['ignore', 'ignore_ament_install']
[0.322s] Level 1:colcon.colcon_core.package_identification:_identify(build) by extension 'ignore'
[0.322s] Level 1:colcon.colcon_core.package_identification:_identify(build) ignored
[0.322s] Level 1:colcon.colcon_core.package_identification:_identify(install) by extensions ['ignore', 'ignore_ament_install']
[0.322s] Level 1:colcon.colcon_core.package_identification:_identify(install) by extension 'ignore'
[0.322s] Level 1:colcon.colcon_core.package_identification:_identify(install) ignored
[0.322s] Level 1:colcon.colcon_core.package_identification:_identify(log) by extensions ['ignore', 'ignore_ament_install']
[0.322s] Level 1:colcon.colcon_core.package_identification:_identify(log) by extension 'ignore'
[0.322s] Level 1:colcon.colcon_core.package_identification:_identify(log) ignored
[0.323s] Level 1:colcon.colcon_core.package_identification:_identify(src) by extensions ['ignore', 'ignore_ament_install']
[0.323s] Level 1:colcon.colcon_core.package_identification:_identify(src) by extension 'ignore'
[0.323s] Level 1:colcon.colcon_core.package_identification:_identify(src) by extension 'ignore_ament_install'
[0.323s] Level 1:colcon.colcon_core.package_identification:_identify(src) by extensions ['colcon_pkg']
[0.323s] Level 1:colcon.colcon_core.package_identification:_identify(src) by extension 'colcon_pkg'
[0.323s] Level 1:colcon.colcon_core.package_identification:_identify(src) by extensions ['colcon_meta']
[0.323s] Level 1:colcon.colcon_core.package_identification:_identify(src) by extension 'colcon_meta'
[0.323s] Level 1:colcon.colcon_core.package_identification:_identify(src) by extensions ['ros']
[0.323s] Level 1:colcon.colcon_core.package_identification:_identify(src) by extension 'ros'
[0.323s] Level 1:colcon.colcon_core.package_identification:_identify(src) by extensions ['cmake', 'python']
[0.323s] Level 1:colcon.colcon_core.package_identification:_identify(src) by extension 'cmake'
[0.323s] Level 1:colcon.colcon_core.package_identification:_identify(src) by extension 'python'
[0.323s] Level 1:colcon.colcon_core.package_identification:_identify(src) by extensions ['python_setup_py']
[0.323s] Level 1:colcon.colcon_core.package_identification:_identify(src) by extension 'python_setup_py'
[0.323s] Level 1:colcon.colcon_core.package_identification:_identify(src/inverse_kinematics) by extensions ['ignore', 'ignore_ament_install']
[0.323s] Level 1:colcon.colcon_core.package_identification:_identify(src/inverse_kinematics) by extension 'ignore'
[0.323s] Level 1:colcon.colcon_core.package_identification:_identify(src/inverse_kinematics) by extension 'ignore_ament_install'
[0.323s] Level 1:colcon.colcon_core.package_identification:_identify(src/inverse_kinematics) by extensions ['colcon_pkg']
[0.323s] Level 1:colcon.colcon_core.package_identification:_identify(src/inverse_kinematics) by extension 'colcon_pkg'
[0.323s] Level 1:colcon.colcon_core.package_identification:_identify(src/inverse_kinematics) by extensions ['colcon_meta']
[0.323s] Level 1:colcon.colcon_core.package_identification:_identify(src/inverse_kinematics) by extension 'colcon_meta'
[0.323s] Level 1:colcon.colcon_core.package_identification:_identify(src/inverse_kinematics) by extensions ['ros']
[0.323s] Level 1:colcon.colcon_core.package_identification:_identify(src/inverse_kinematics) by extension 'ros'
[0.326s] DEBUG:colcon.colcon_core.package_identification:Package 'src/inverse_kinematics' with type 'ros.ament_python' and name 'inverse_kinematics'
[0.326s] Level 1:colcon.colcon_core.package_identification:_identify(src/proj1) by extensions ['ignore', 'ignore_ament_install']
[0.326s] Level 1:colcon.colcon_core.package_identification:_identify(src/proj1) by extension 'ignore'
[0.326s] Level 1:colcon.colcon_core.package_identification:_identify(src/proj1) by extension 'ignore_ament_install'
[0.326s] Level 1:colcon.colcon_core.package_identification:_identify(src/proj1) by extensions ['colcon_pkg']
[0.326s] Level 1:colcon.colcon_core.package_identification:_identify(src/proj1) by extension 'colcon_pkg'
[0.326s] Level 1:colcon.colcon_core.package_identification:_identify(src/proj1) by extensions ['colcon_meta']
[0.326s] Level 1:colcon.colcon_core.package_identification:_identify(src/proj1) by extension 'colcon_meta'
[0.326s] Level 1:colcon.colcon_core.package_identification:_identify(src/proj1) by extensions ['ros']
[0.326s] Level 1:colcon.colcon_core.package_identification:_identify(src/proj1) by extension 'ros'
[0.327s] DEBUG:colcon.colcon_core.package_identification:Package 'src/proj1' with type 'ros.ament_python' and name 'proj1'
[0.327s] Level 1:colcon.colcon_core.package_identification:_identify(src/proj2) by extensions ['ignore', 'ignore_ament_install']
[0.327s] Level 1:colcon.colcon_core.package_identification:_identify(src/proj2) by extension 'ignore'
[0.327s] Level 1:colcon.colcon_core.package_identification:_identify(src/proj2) by extension 'ignore_ament_install'
[0.327s] Level 1:colcon.colcon_core.package_identification:_identify(src/proj2) by extensions ['colcon_pkg']
[0.327s] Level 1:colcon.colcon_core.package_identification:_identify(src/proj2) by extension 'colcon_pkg'
[0.327s] Level 1:colcon.colcon_core.package_identification:_identify(src/proj2) by extensions ['colcon_meta']
[0.327s] Level 1:colcon.colcon_core.package_identification:_identify(src/proj2) by extension 'colcon_meta'
[0.327s] Level 1:colcon.colcon_core.package_identification:_identify(src/proj2) by extensions ['ros']
[0.327s] Level 1:colcon.colcon_core.package_identification:_identify(src/proj2) by extension 'ros'
[0.328s] DEBUG:colcon.colcon_core.package_identification:Package 'src/proj2' with type 'ros.ament_python' and name 'proj2'
[0.328s] Level 1:colcon.colcon_core.package_identification:_identify(src/rrbot_simulation_files) by extensions ['ignore', 'ignore_ament_install']
[0.329s] Level 1:colcon.colcon_core.package_identification:_identify(src/rrbot_simulation_files) by extension 'ignore'
[0.329s] Level 1:colcon.colcon_core.package_identification:_identify(src/rrbot_simulation_files) by extension 'ignore_ament_install'
[0.329s] Level 1:colcon.colcon_core.package_identification:_identify(src/rrbot_simulation_files) by extensions ['colcon_pkg']
[0.329s] Level 1:colcon.colcon_core.package_identification:_identify(src/rrbot_simulation_files) by extension 'colcon_pkg'
[0.329s] Level 1:colcon.colcon_core.package_identification:_identify(src/rrbot_simulation_files) by extensions ['colcon_meta']
[0.329s] Level 1:colcon.colcon_core.package_identification:_identify(src/rrbot_simulation_files) by extension 'colcon_meta'
[0.329s] Level 1:colcon.colcon_core.package_identification:_identify(src/rrbot_simulation_files) by extensions ['ros']
[0.329s] Level 1:colcon.colcon_core.package_identification:_identify(src/rrbot_simulation_files) by extension 'ros'
[0.329s] Level 1:colcon.colcon_core.package_identification:_identify(src/rrbot_simulation_files) by extensions ['cmake', 'python']
[0.329s] Level 1:colcon.colcon_core.package_identification:_identify(src/rrbot_simulation_files) by extension 'cmake'
[0.329s] Level 1:colcon.colcon_core.package_identification:_identify(src/rrbot_simulation_files) by extension 'python'
[0.329s] Level 1:colcon.colcon_core.package_identification:_identify(src/rrbot_simulation_files) by extensions ['python_setup_py']
[0.329s] Level 1:colcon.colcon_core.package_identification:_identify(src/rrbot_simulation_files) by extension 'python_setup_py'
[0.329s] Level 1:colcon.colcon_core.package_identification:_identify(src/rrbot_simulation_files/rrbot_description) by extensions ['ignore', 'ignore_ament_install']
[0.329s] Level 1:colcon.colcon_core.package_identification:_identify(src/rrbot_simulation_files/rrbot_description) by extension 'ignore'
[0.329s] Level 1:colcon.colcon_core.package_identification:_identify(src/rrbot_simulation_files/rrbot_description) by extension 'ignore_ament_install'
[0.329s] Level 1:colcon.colcon_core.package_identification:_identify(src/rrbot_simulation_files/rrbot_description) by extensions ['colcon_pkg']
[0.329s] Level 1:colcon.colcon_core.package_identification:_identify(src/rrbot_simulation_files/rrbot_description) by extension 'colcon_pkg'
[0.329s] Level 1:colcon.colcon_core.package_identification:_identify(src/rrbot_simulation_files/rrbot_description) by extensions ['colcon_meta']
[0.329s] Level 1:colcon.colcon_core.package_identification:_identify(src/rrbot_simulation_files/rrbot_description) by extension 'colcon_meta'
[0.329s] Level 1:colcon.colcon_core.package_identification:_identify(src/rrbot_simulation_files/rrbot_description) by extensions ['ros']
[0.329s] Level 1:colcon.colcon_core.package_identification:_identify(src/rrbot_simulation_files/rrbot_description) by extension 'ros'
[0.330s] DEBUG:colcon.colcon_core.package_identification:Package 'src/rrbot_simulation_files/rrbot_description' with type 'ros.ament_cmake' and name 'rrbot_description'
[0.330s] Level 1:colcon.colcon_core.package_identification:_identify(src/rrbot_simulation_files/rrbot_gazebo) by extensions ['ignore', 'ignore_ament_install']
[0.330s] Level 1:colcon.colcon_core.package_identification:_identify(src/rrbot_simulation_files/rrbot_gazebo) by extension 'ignore'
[0.330s] Level 1:colcon.colcon_core.package_identification:_identify(src/rrbot_simulation_files/rrbot_gazebo) by extension 'ignore_ament_install'
[0.330s] Level 1:colcon.colcon_core.package_identification:_identify(src/rrbot_simulation_files/rrbot_gazebo) by extensions ['colcon_pkg']
[0.330s] Level 1:colcon.colcon_core.package_identification:_identify(src/rrbot_simulation_files/rrbot_gazebo) by extension 'colcon_pkg'
[0.330s] Level 1:colcon.colcon_core.package_identification:_identify(src/rrbot_simulation_files/rrbot_gazebo) by extensions ['colcon_meta']
[0.330s] Level 1:colcon.colcon_core.package_identification:_identify(src/rrbot_simulation_files/rrbot_gazebo) by extension 'colcon_meta'
[0.330s] Level 1:colcon.colcon_core.package_identification:_identify(src/rrbot_simulation_files/rrbot_gazebo) by extensions ['ros']
[0.330s] Level 1:colcon.colcon_core.package_identification:_identify(src/rrbot_simulation_files/rrbot_gazebo) by extension 'ros'
[0.331s] DEBUG:colcon.colcon_core.package_identification:Package 'src/rrbot_simulation_files/rrbot_gazebo' with type 'ros.ament_cmake' and name 'rrbot_gazebo'
[0.331s] Level 1:colcon.colcon_core.package_identification:_identify(src/tutorial_interfaces) by extensions ['ignore', 'ignore_ament_install']
[0.331s] Level 1:colcon.colcon_core.package_identification:_identify(src/tutorial_interfaces) by extension 'ignore'
[0.331s] Level 1:colcon.colcon_core.package_identification:_identify(src/tutorial_interfaces) by extension 'ignore_ament_install'
[0.331s] Level 1:colcon.colcon_core.package_identification:_identify(src/tutorial_interfaces) by extensions ['colcon_pkg']
[0.331s] Level 1:colcon.colcon_core.package_identification:_identify(src/tutorial_interfaces) by extension 'colcon_pkg'
[0.331s] Level 1:colcon.colcon_core.package_identification:_identify(src/tutorial_interfaces) by extensions ['colcon_meta']
[0.331s] Level 1:colcon.colcon_core.package_identification:_identify(src/tutorial_interfaces) by extension 'colcon_meta'
[0.331s] Level 1:colcon.colcon_core.package_identification:_identify(src/tutorial_interfaces) by extensions ['ros']
[0.331s] Level 1:colcon.colcon_core.package_identification:_identify(src/tutorial_interfaces) by extension 'ros'
[0.332s] DEBUG:colcon.colcon_core.package_identification:Package 'src/tutorial_interfaces' with type 'ros.ament_cmake' and name 'tutorial_interfaces'
[0.332s] Level 1:colcon.colcon_core.package_discovery:discover_packages(recursive) using defaults
[0.332s] Level 1:colcon.colcon_core.package_discovery:discover_packages(ignore) discover
[0.332s] Level 1:colcon.colcon_core.package_discovery:discover_packages(ignore) using defaults
[0.332s] Level 1:colcon.colcon_core.package_discovery:discover_packages(path) discover
[0.332s] Level 1:colcon.colcon_core.package_discovery:discover_packages(path) using defaults
[0.356s] Level 1:colcon.colcon_core.package_discovery:discover_packages(prefix_path) check parameters
[0.356s] Level 1:colcon.colcon_core.package_discovery:discover_packages(prefix_path) discover
[0.359s] DEBUG:colcon.colcon_installed_package_information.package_discovery:Found 6 installed packages in /home/swapneel/rbe500/ghw1/groupassignment1/install
[0.361s] DEBUG:colcon.colcon_installed_package_information.package_discovery:Found 305 installed packages in /opt/ros/humble
[0.362s] Level 1:colcon.colcon_core.package_discovery:discover_packages(prefix_path) using defaults
[0.422s] Level 5:colcon.colcon_core.verb:set package 'proj1' build argument 'cmake_args' from command line to 'None'
[0.422s] Level 5:colcon.colcon_core.verb:set package 'proj1' build argument 'cmake_target' from command line to 'None'
[0.422s] Level 5:colcon.colcon_core.verb:set package 'proj1' build argument 'cmake_target_skip_unavailable' from command line to 'False'
[0.422s] Level 5:colcon.colcon_core.verb:set package 'proj1' build argument 'cmake_clean_cache' from command line to 'False'
[0.422s] Level 5:colcon.colcon_core.verb:set package 'proj1' build argument 'cmake_clean_first' from command line to 'False'
[0.422s] Level 5:colcon.colcon_core.verb:set package 'proj1' build argument 'cmake_force_configure' from command line to 'False'
[0.422s] Level 5:colcon.colcon_core.verb:set package 'proj1' build argument 'ament_cmake_args' from command line to 'None'
[0.422s] Level 5:colcon.colcon_core.verb:set package 'proj1' build argument 'catkin_cmake_args' from command line to 'None'
[0.422s] Level 5:colcon.colcon_core.verb:set package 'proj1' build argument 'catkin_skip_building_tests' from command line to 'False'
[0.422s] DEBUG:colcon.colcon_core.verb:Building package 'proj1' with the following arguments: {'ament_cmake_args': None, 'build_base': '/home/swapneel/rbe500/ghw1/groupassignment1/build/proj1', 'catkin_cmake_args': None, 'catkin_skip_building_tests': False, 'cmake_args': None, 'cmake_clean_cache': False, 'cmake_clean_first': False, 'cmake_force_configure': False, 'cmake_target': None, 'cmake_target_skip_unavailable': False, 'install_base': '/home/swapneel/rbe500/ghw1/groupassignment1/install/proj1', 'merge_install': False, 'path': '/home/swapneel/rbe500/ghw1/groupassignment1/src/proj1', 'symlink_install': True, 'test_result_base': None}
[0.423s] Level 5:colcon.colcon_core.verb:set package 'rrbot_description' build argument 'cmake_args' from command line to 'None'
[0.423s] Level 5:colcon.colcon_core.verb:set package 'rrbot_description' build argument 'cmake_target' from command line to 'None'
[0.423s] Level 5:colcon.colcon_core.verb:set package 'rrbot_description' build argument 'cmake_target_skip_unavailable' from command line to 'False'
[0.423s] Level 5:colcon.colcon_core.verb:set package 'rrbot_description' build argument 'cmake_clean_cache' from command line to 'False'
[0.423s] Level 5:colcon.colcon_core.verb:set package 'rrbot_description' build argument 'cmake_clean_first' from command line to 'False'
[0.423s] Level 5:colcon.colcon_core.verb:set package 'rrbot_description' build argument 'cmake_force_configure' from command line to 'False'
[0.423s] Level 5:colcon.colcon_core.verb:set package 'rrbot_description' build argument 'ament_cmake_args' from command line to 'None'
[0.423s] Level 5:colcon.colcon_core.verb:set package 'rrbot_description' build argument 'catkin_cmake_args' from command line to 'None'
[0.423s] Level 5:colcon.colcon_core.verb:set package 'rrbot_description' build argument 'catkin_skip_building_tests' from command line to 'False'
[0.423s] DEBUG:colcon.colcon_core.verb:Building package 'rrbot_description' with the following arguments: {'ament_cmake_args': None, 'build_base': '/home/swapneel/rbe500/ghw1/groupassignment1/build/rrbot_description', 'catkin_cmake_args': None, 'catkin_skip_building_tests': False, 'cmake_args': None, 'cmake_clean_cache': False, 'cmake_clean_first': False, 'cmake_force_configure': False, 'cmake_target': None, 'cmake_target_skip_unavailable': False, 'install_base': '/home/swapneel/rbe500/ghw1/groupassignment1/install/rrbot_description', 'merge_install': False, 'path': '/home/swapneel/rbe500/ghw1/groupassignment1/src/rrbot_simulation_files/rrbot_description', 'symlink_install': True, 'test_result_base': None}
[0.424s] Level 5:colcon.colcon_core.verb:set package 'tutorial_interfaces' build argument 'cmake_args' from command line to 'None'
[0.424s] Level 5:colcon.colcon_core.verb:set package 'tutorial_interfaces' build argument 'cmake_target' from command line to 'None'
[0.424s] Level 5:colcon.colcon_core.verb:set package 'tutorial_interfaces' build argument 'cmake_target_skip_unavailable' from command line to 'False'
[0.424s] Level 5:colcon.colcon_core.verb:set package 'tutorial_interfaces' build argument 'cmake_clean_cache' from command line to 'False'
[0.424s] Level 5:colcon.colcon_core.verb:set package 'tutorial_interfaces' build argument 'cmake_clean_first' from command line to 'False'
[0.424s] Level 5:colcon.colcon_core.verb:set package 'tutorial_interfaces' build argument 'cmake_force_configure' from command line to 'False'
[0.424s] Level 5:colcon.colcon_core.verb:set package 'tutorial_interfaces' build argument 'ament_cmake_args' from command line to 'None'
[0.424s] Level 5:colcon.colcon_core.verb:set package 'tutorial_interfaces' build argument 'catkin_cmake_args' from command line to 'None'
[0.424s] Level 5:colcon.colcon_core.verb:set package 'tutorial_interfaces' build argument 'catkin_skip_building_tests' from command line to 'False'
[0.424s] DEBUG:colcon.colcon_core.verb:Building package 'tutorial_interfaces' with the following arguments: {'ament_cmake_args': None, 'build_base': '/home/swapneel/rbe500/ghw1/groupassignment1/build/tutorial_interfaces', 'catkin_cmake_args': None, 'catkin_skip_building_tests': False, 'cmake_args': None, 'cmake_clean_cache': False, 'cmake_clean_first': False, 'cmake_force_configure': False, 'cmake_target': None, 'cmake_target_skip_unavailable': False, 'install_base': '/home/swapneel/rbe500/ghw1/groupassignment1/install/tutorial_interfaces', 'merge_install': False, 'path': '/home/swapneel/rbe500/ghw1/groupassignment1/src/tutorial_interfaces', 'symlink_install': True, 'test_result_base': None}
[0.425s] Level 5:colcon.colcon_core.verb:set package 'inverse_kinematics' build argument 'cmake_args' from command line to 'None'
[0.425s] Level 5:colcon.colcon_core.verb:set package 'inverse_kinematics' build argument 'cmake_target' from command line to 'None'
[0.425s] Level 5:colcon.colcon_core.verb:set package 'inverse_kinematics' build argument 'cmake_target_skip_unavailable' from command line to 'False'
[0.425s] Level 5:colcon.colcon_core.verb:set package 'inverse_kinematics' build argument 'cmake_clean_cache' from command line to 'False'
[0.425s] Level 5:colcon.colcon_core.verb:set package 'inverse_kinematics' build argument 'cmake_clean_first' from command line to 'False'
[0.425s] Level 5:colcon.colcon_core.verb:set package 'inverse_kinematics' build argument 'cmake_force_configure' from command line to 'False'
[0.425s] Level 5:colcon.colcon_core.verb:set package 'inverse_kinematics' build argument 'ament_cmake_args' from command line to 'None'
[0.425s] Level 5:colcon.colcon_core.verb:set package 'inverse_kinematics' build argument 'catkin_cmake_args' from command line to 'None'
[0.425s] Level 5:colcon.colcon_core.verb:set package 'inverse_kinematics' build argument 'catkin_skip_building_tests' from command line to 'False'
[0.425s] DEBUG:colcon.colcon_core.verb:Building package 'inverse_kinematics' with the following arguments: {'ament_cmake_args': None, 'build_base': '/home/swapneel/rbe500/ghw1/groupassignment1/build/inverse_kinematics', 'catkin_cmake_args': None, 'catkin_skip_building_tests': False, 'cmake_args': None, 'cmake_clean_cache': False, 'cmake_clean_first': False, 'cmake_force_configure': False, 'cmake_target': None, 'cmake_target_skip_unavailable': False, 'install_base': '/home/swapneel/rbe500/ghw1/groupassignment1/install/inverse_kinematics', 'merge_install': False, 'path': '/home/swapneel/rbe500/ghw1/groupassignment1/src/inverse_kinematics', 'symlink_install': True, 'test_result_base': None}
[0.426s] Level 5:colcon.colcon_core.verb:set package 'proj2' build argument 'cmake_args' from command line to 'None'
[0.426s] Level 5:colcon.colcon_core.verb:set package 'proj2' build argument 'cmake_target' from command line to 'None'
[0.426s] Level 5:colcon.colcon_core.verb:set package 'proj2' build argument 'cmake_target_skip_unavailable' from command line to 'False'
[0.426s] Level 5:colcon.colcon_core.verb:set package 'proj2' build argument 'cmake_clean_cache' from command line to 'False'
[0.426s] Level 5:colcon.colcon_core.verb:set package 'proj2' build argument 'cmake_clean_first' from command line to 'False'
[0.426s] Level 5:colcon.colcon_core.verb:set package 'proj2' build argument 'cmake_force_configure' from command line to 'False'
[0.426s] Level 5:colcon.colcon_core.verb:set package 'proj2' build argument 'ament_cmake_args' from command line to 'None'
[0.426s] Level 5:colcon.colcon_core.verb:set package 'proj2' build argument 'catkin_cmake_args' from command line to 'None'
[0.426s] Level 5:colcon.colcon_core.verb:set package 'proj2' build argument 'catkin_skip_building_tests' from command line to 'False'
[0.426s] DEBUG:colcon.colcon_core.verb:Building package 'proj2' with the following arguments: {'ament_cmake_args': None, 'build_base': '/home/swapneel/rbe500/ghw1/groupassignment1/build/proj2', 'catkin_cmake_args': None, 'catkin_skip_building_tests': False, 'cmake_args': None, 'cmake_clean_cache': False, 'cmake_clean_first': False, 'cmake_force_configure': False, 'cmake_target': None, 'cmake_target_skip_unavailable': False, 'install_base': '/home/swapneel/rbe500/ghw1/groupassignment1/install/proj2', 'merge_install': False, 'path': '/home/swapneel/rbe500/ghw1/groupassignment1/src/proj2', 'symlink_install': True, 'test_result_base': None}
[0.427s] Level 5:colcon.colcon_core.verb:set package 'rrbot_gazebo' build argument 'cmake_args' from command line to 'None'
[0.427s] Level 5:colcon.colcon_core.verb:set package 'rrbot_gazebo' build argument 'cmake_target' from command line to 'None'
[0.427s] Level 5:colcon.colcon_core.verb:set package 'rrbot_gazebo' build argument 'cmake_target_skip_unavailable' from command line to 'False'
[0.427s] Level 5:colcon.colcon_core.verb:set package 'rrbot_gazebo' build argument 'cmake_clean_cache' from command line to 'False'
[0.427s] Level 5:colcon.colcon_core.verb:set package 'rrbot_gazebo' build argument 'cmake_clean_first' from command line to 'False'
[0.428s] Level 5:colcon.colcon_core.verb:set package 'rrbot_gazebo' build argument 'cmake_force_configure' from command line to 'False'
[0.428s] Level 5:colcon.colcon_core.verb:set package 'rrbot_gazebo' build argument 'ament_cmake_args' from command line to 'None'
[0.428s] Level 5:colcon.colcon_core.verb:set package 'rrbot_gazebo' build argument 'catkin_cmake_args' from command line to 'None'
[0.428s] Level 5:colcon.colcon_core.verb:set package 'rrbot_gazebo' build argument 'catkin_skip_building_tests' from command line to 'False'
[0.428s] DEBUG:colcon.colcon_core.verb:Building package 'rrbot_gazebo' with the following arguments: {'ament_cmake_args': None, 'build_base': '/home/swapneel/rbe500/ghw1/groupassignment1/build/rrbot_gazebo', 'catkin_cmake_args': None, 'catkin_skip_building_tests': False, 'cmake_args': None, 'cmake_clean_cache': False, 'cmake_clean_first': False, 'cmake_force_configure': False, 'cmake_target': None, 'cmake_target_skip_unavailable': False, 'install_base': '/home/swapneel/rbe500/ghw1/groupassignment1/install/rrbot_gazebo', 'merge_install': False, 'path': '/home/swapneel/rbe500/ghw1/groupassignment1/src/rrbot_simulation_files/rrbot_gazebo', 'symlink_install': True, 'test_result_base': None}
[0.428s] INFO:colcon.colcon_core.executor:Executing jobs using 'parallel' executor
[0.432s] DEBUG:colcon.colcon_parallel_executor.executor.parallel:run_until_complete
[0.432s] INFO:colcon.colcon_ros.task.ament_cmake.build:Building ROS package in '/home/swapneel/rbe500/ghw1/groupassignment1/src/tutorial_interfaces' with build type 'ament_cmake'
[0.433s] INFO:colcon.colcon_cmake.task.cmake.build:Building CMake package in '/home/swapneel/rbe500/ghw1/groupassignment1/src/tutorial_interfaces'
[0.437s] INFO:colcon.colcon_core.plugin_system:Skipping extension 'colcon_core.shell.bat': Not used on non-Windows systems
[0.437s] INFO:colcon.colcon_core.shell:Skip shell extension 'powershell' for command environment: Not usable outside of PowerShell
[0.437s] DEBUG:colcon.colcon_core.shell:Skip shell extension 'dsv' for command environment
[0.441s] INFO:colcon.colcon_ros.task.ament_cmake.build:Building ROS package in '/home/swapneel/rbe500/ghw1/groupassignment1/src/rrbot_simulation_files/rrbot_description' with build type 'ament_cmake'
[0.441s] INFO:colcon.colcon_cmake.task.cmake.build:Building CMake package in '/home/swapneel/rbe500/ghw1/groupassignment1/src/rrbot_simulation_files/rrbot_description'
[0.443s] INFO:colcon.colcon_core.shell:Skip shell extension 'powershell' for command environment: Not usable outside of PowerShell
[0.443s] DEBUG:colcon.colcon_core.shell:Skip shell extension 'dsv' for command environment
[0.447s] INFO:colcon.colcon_ros.task.ament_python.build:Building ROS package in '/home/swapneel/rbe500/ghw1/groupassignment1/src/proj1' with build type 'ament_python'
[0.447s] Level 1:colcon.colcon_core.shell:create_environment_hook('proj1', 'ament_prefix_path')
[0.449s] INFO:colcon.colcon_core.shell:Creating environment hook '/home/swapneel/rbe500/ghw1/groupassignment1/install/proj1/share/proj1/hook/ament_prefix_path.ps1'
[0.449s] INFO:colcon.colcon_core.shell:Creating environment descriptor '/home/swapneel/rbe500/ghw1/groupassignment1/install/proj1/share/proj1/hook/ament_prefix_path.dsv'
[0.450s] INFO:colcon.colcon_core.shell:Creating environment hook '/home/swapneel/rbe500/ghw1/groupassignment1/install/proj1/share/proj1/hook/ament_prefix_path.sh'
[0.451s] INFO:colcon.colcon_core.shell:Skip shell extension 'powershell' for command environment: Not usable outside of PowerShell
[0.452s] DEBUG:colcon.colcon_core.shell:Skip shell extension 'dsv' for command environment
[0.461s] DEBUG:colcon.colcon_core.event_handler.log_command:Invoking command in '/home/swapneel/rbe500/ghw1/groupassignment1/build/tutorial_interfaces': CMAKE_PREFIX_PATH=${CMAKE_PREFIX_PATH}:/home/swapneel/rbe500/ghw1/groupassignment1/install/proj2:/home/swapneel/rbe500/ghw1/groupassignment1/install/inverse_kinematics:/home/swapneel/rbe500/ghw1/groupassignment1/install/proj1:/opt/ros/humble /usr/bin/cmake --build /home/swapneel/rbe500/ghw1/groupassignment1/build/tutorial_interfaces -- -j8 -l8
[0.465s] DEBUG:colcon.colcon_core.event_handler.log_command:Invoking command in '/home/swapneel/rbe500/ghw1/groupassignment1/build/rrbot_description': CMAKE_PREFIX_PATH=${CMAKE_PREFIX_PATH}:/home/swapneel/rbe500/ghw1/groupassignment1/install/proj2:/home/swapneel/rbe500/ghw1/groupassignment1/install/inverse_kinematics:/home/swapneel/rbe500/ghw1/groupassignment1/install/proj1:/opt/ros/humble /usr/bin/cmake --build /home/swapneel/rbe500/ghw1/groupassignment1/build/rrbot_description -- -j8 -l8
[0.756s] INFO:colcon.colcon_core.task.python.build:Building Python package in '/home/swapneel/rbe500/ghw1/groupassignment1/src/proj1'
[0.757s] INFO:colcon.colcon_core.shell:Skip shell extension 'powershell' for command environment: Not usable outside of PowerShell
[0.757s] DEBUG:colcon.colcon_core.shell:Skip shell extension 'dsv' for command environment
[0.762s] DEBUG:colcon.colcon_core.event_handler.log_command:Invoked command in '/home/swapneel/rbe500/ghw1/groupassignment1/build/rrbot_description' returned '0': CMAKE_PREFIX_PATH=${CMAKE_PREFIX_PATH}:/home/swapneel/rbe500/ghw1/groupassignment1/install/proj2:/home/swapneel/rbe500/ghw1/groupassignment1/install/inverse_kinematics:/home/swapneel/rbe500/ghw1/groupassignment1/install/proj1:/opt/ros/humble /usr/bin/cmake --build /home/swapneel/rbe500/ghw1/groupassignment1/build/rrbot_description -- -j8 -l8
[0.787s] DEBUG:colcon.colcon_core.event_handler.log_command:Invoking command in '/home/swapneel/rbe500/ghw1/groupassignment1/build/rrbot_description': CMAKE_PREFIX_PATH=${CMAKE_PREFIX_PATH}:/home/swapneel/rbe500/ghw1/groupassignment1/install/proj2:/home/swapneel/rbe500/ghw1/groupassignment1/install/inverse_kinematics:/home/swapneel/rbe500/ghw1/groupassignment1/install/proj1:/opt/ros/humble /usr/bin/cmake --install /home/swapneel/rbe500/ghw1/groupassignment1/build/rrbot_description
[0.808s] Level 1:colcon.colcon_core.environment:create_environment_scripts_only(rrbot_description)
[0.809s] DEBUG:colcon.colcon_core.event_handler.log_command:Invoked command in '/home/swapneel/rbe500/ghw1/groupassignment1/build/rrbot_description' returned '0': CMAKE_PREFIX_PATH=${CMAKE_PREFIX_PATH}:/home/swapneel/rbe500/ghw1/groupassignment1/install/proj2:/home/swapneel/rbe500/ghw1/groupassignment1/install/inverse_kinematics:/home/swapneel/rbe500/ghw1/groupassignment1/install/proj1:/opt/ros/humble /usr/bin/cmake --install /home/swapneel/rbe500/ghw1/groupassignment1/build/rrbot_description
[0.814s] Level 1:colcon.colcon_core.environment:checking '/home/swapneel/rbe500/ghw1/groupassignment1/install/rrbot_description' for CMake module files
[0.814s] Level 1:colcon.colcon_core.environment:checking '/home/swapneel/rbe500/ghw1/groupassignment1/install/rrbot_description' for CMake config files
[0.815s] Level 1:colcon.colcon_core.shell:create_environment_hook('rrbot_description', 'cmake_prefix_path')
[0.816s] INFO:colcon.colcon_core.shell:Creating environment hook '/home/swapneel/rbe500/ghw1/groupassignment1/install/rrbot_description/share/rrbot_description/hook/cmake_prefix_path.ps1'
[0.817s] INFO:colcon.colcon_core.shell:Creating environment descriptor '/home/swapneel/rbe500/ghw1/groupassignment1/install/rrbot_description/share/rrbot_description/hook/cmake_prefix_path.dsv'
[0.817s] INFO:colcon.colcon_core.shell:Creating environment hook '/home/swapneel/rbe500/ghw1/groupassignment1/install/rrbot_description/share/rrbot_description/hook/cmake_prefix_path.sh'
[0.818s] Level 1:colcon.colcon_core.environment:checking '/home/swapneel/rbe500/ghw1/groupassignment1/install/rrbot_description/bin'
[0.818s] Level 1:colcon.colcon_core.environment:checking '/home/swapneel/rbe500/ghw1/groupassignment1/install/rrbot_description/lib/pkgconfig/rrbot_description.pc'
[0.818s] Level 1:colcon.colcon_core.environment:checking '/home/swapneel/rbe500/ghw1/groupassignment1/install/rrbot_description/lib/python3.10/site-packages'
[0.818s] Level 1:colcon.colcon_core.environment:checking '/home/swapneel/rbe500/ghw1/groupassignment1/install/rrbot_description/bin'
[0.820s] INFO:colcon.colcon_core.shell:Creating package script '/home/swapneel/rbe500/ghw1/groupassignment1/install/rrbot_description/share/rrbot_description/package.ps1'
[0.821s] INFO:colcon.colcon_core.shell:Creating package descriptor '/home/swapneel/rbe500/ghw1/groupassignment1/install/rrbot_description/share/rrbot_description/package.dsv'
[0.821s] INFO:colcon.colcon_core.shell:Creating package script '/home/swapneel/rbe500/ghw1/groupassignment1/install/rrbot_description/share/rrbot_description/package.sh'
[0.822s] INFO:colcon.colcon_core.shell:Creating package script '/home/swapneel/rbe500/ghw1/groupassignment1/install/rrbot_description/share/rrbot_description/package.bash'
[0.823s] INFO:colcon.colcon_core.shell:Creating package script '/home/swapneel/rbe500/ghw1/groupassignment1/install/rrbot_description/share/rrbot_description/package.zsh'
[0.823s] Level 1:colcon.colcon_core.environment:create_file_with_runtime_dependencies(/home/swapneel/rbe500/ghw1/groupassignment1/install/rrbot_description/share/colcon-core/packages/rrbot_description)
[0.830s] DEBUG:colcon.colcon_core.event_handler.log_command:Invoked command in '/home/swapneel/rbe500/ghw1/groupassignment1/build/tutorial_interfaces' returned '0': CMAKE_PREFIX_PATH=${CMAKE_PREFIX_PATH}:/home/swapneel/rbe500/ghw1/groupassignment1/install/proj2:/home/swapneel/rbe500/ghw1/groupassignment1/install/inverse_kinematics:/home/swapneel/rbe500/ghw1/groupassignment1/install/proj1:/opt/ros/humble /usr/bin/cmake --build /home/swapneel/rbe500/ghw1/groupassignment1/build/tutorial_interfaces -- -j8 -l8
[0.845s] Level 1:colcon.colcon_core.environment:create_environment_scripts_only(rrbot_description)
[0.847s] Level 1:colcon.colcon_core.environment:checking '/home/swapneel/rbe500/ghw1/groupassignment1/install/rrbot_description' for CMake module files
[0.847s] Level 1:colcon.colcon_core.environment:checking '/home/swapneel/rbe500/ghw1/groupassignment1/install/rrbot_description' for CMake config files
[0.847s] Level 1:colcon.colcon_core.shell:create_environment_hook('rrbot_description', 'cmake_prefix_path')
[0.849s] INFO:colcon.colcon_core.shell:Creating environment hook '/home/swapneel/rbe500/ghw1/groupassignment1/install/rrbot_description/share/rrbot_description/hook/cmake_prefix_path.ps1'
[0.849s] INFO:colcon.colcon_core.shell:Creating environment descriptor '/home/swapneel/rbe500/ghw1/groupassignment1/install/rrbot_description/share/rrbot_description/hook/cmake_prefix_path.dsv'
[0.850s] INFO:colcon.colcon_core.shell:Creating environment hook '/home/swapneel/rbe500/ghw1/groupassignment1/install/rrbot_description/share/rrbot_description/hook/cmake_prefix_path.sh'
[0.850s] Level 1:colcon.colcon_core.environment:checking '/home/swapneel/rbe500/ghw1/groupassignment1/install/rrbot_description/bin'
[0.850s] Level 1:colcon.colcon_core.environment:checking '/home/swapneel/rbe500/ghw1/groupassignment1/install/rrbot_description/lib/pkgconfig/rrbot_description.pc'
[0.850s] Level 1:colcon.colcon_core.environment:checking '/home/swapneel/rbe500/ghw1/groupassignment1/install/rrbot_description/lib/python3.10/site-packages'
[0.851s] Level 1:colcon.colcon_core.environment:checking '/home/swapneel/rbe500/ghw1/groupassignment1/install/rrbot_description/bin'
[0.852s] INFO:colcon.colcon_core.shell:Creating package script '/home/swapneel/rbe500/ghw1/groupassignment1/install/rrbot_description/share/rrbot_description/package.ps1'
[0.853s] INFO:colcon.colcon_core.shell:Creating package descriptor '/home/swapneel/rbe500/ghw1/groupassignment1/install/rrbot_description/share/rrbot_description/package.dsv'
[0.853s] INFO:colcon.colcon_core.shell:Creating package script '/home/swapneel/rbe500/ghw1/groupassignment1/install/rrbot_description/share/rrbot_description/package.sh'
[0.854s] INFO:colcon.colcon_core.shell:Creating package script '/home/swapneel/rbe500/ghw1/groupassignment1/install/rrbot_description/share/rrbot_description/package.bash'
[0.854s] INFO:colcon.colcon_core.shell:Creating package script '/home/swapneel/rbe500/ghw1/groupassignment1/install/rrbot_description/share/rrbot_description/package.zsh'
[0.854s] Level 1:colcon.colcon_core.environment:create_file_with_runtime_dependencies(/home/swapneel/rbe500/ghw1/groupassignment1/install/rrbot_description/share/colcon-core/packages/rrbot_description)
[0.855s] INFO:colcon.colcon_ros.task.ament_cmake.build:Building ROS package in '/home/swapneel/rbe500/ghw1/groupassignment1/src/rrbot_simulation_files/rrbot_gazebo' with build type 'ament_cmake'
[0.855s] INFO:colcon.colcon_cmake.task.cmake.build:Building CMake package in '/home/swapneel/rbe500/ghw1/groupassignment1/src/rrbot_simulation_files/rrbot_gazebo'
[0.857s] INFO:colcon.colcon_core.shell:Skip shell extension 'powershell' for command environment: Not usable outside of PowerShell
[0.857s] DEBUG:colcon.colcon_core.shell:Skip shell extension 'dsv' for command environment
[0.868s] DEBUG:colcon.colcon_core.event_handler.log_command:Invoking command in '/home/swapneel/rbe500/ghw1/groupassignment1/build/rrbot_gazebo': CMAKE_PREFIX_PATH=/home/swapneel/rbe500/ghw1/groupassignment1/install/rrbot_description:/home/swapneel/rbe500/ghw1/groupassignment1/install/tutorial_interfaces:/home/swapneel/rbe500/ghw1/groupassignment1/install/rrbot_gazebo:/home/swapneel/rbe500/ghw1/groupassignment1/install/proj2:/home/swapneel/rbe500/ghw1/groupassignment1/install/inverse_kinematics:/home/swapneel/rbe500/ghw1/groupassignment1/install/proj1:/opt/ros/humble /usr/bin/cmake --build /home/swapneel/rbe500/ghw1/groupassignment1/build/rrbot_gazebo -- -j8 -l8
[0.887s] DEBUG:colcon.colcon_core.event_handler.log_command:Invoking command in '/home/swapneel/rbe500/ghw1/groupassignment1/build/tutorial_interfaces': CMAKE_PREFIX_PATH=${CMAKE_PREFIX_PATH}:/home/swapneel/rbe500/ghw1/groupassignment1/install/proj2:/home/swapneel/rbe500/ghw1/groupassignment1/install/inverse_kinematics:/home/swapneel/rbe500/ghw1/groupassignment1/install/proj1:/opt/ros/humble /usr/bin/cmake --install /home/swapneel/rbe500/ghw1/groupassignment1/build/tutorial_interfaces
[0.933s] DEBUG:colcon.colcon_core.event_handler.log_command:Invoked command in '/home/swapneel/rbe500/ghw1/groupassignment1/build/rrbot_gazebo' returned '0': CMAKE_PREFIX_PATH=/home/swapneel/rbe500/ghw1/groupassignment1/install/rrbot_description:/home/swapneel/rbe500/ghw1/groupassignment1/install/tutorial_interfaces:/home/swapneel/rbe500/ghw1/groupassignment1/install/rrbot_gazebo:/home/swapneel/rbe500/ghw1/groupassignment1/install/proj2:/home/swapneel/rbe500/ghw1/groupassignment1/install/inverse_kinematics:/home/swapneel/rbe500/ghw1/groupassignment1/install/proj1:/opt/ros/humble /usr/bin/cmake --build /home/swapneel/rbe500/ghw1/groupassignment1/build/rrbot_gazebo -- -j8 -l8
[0.962s] DEBUG:colcon.colcon_core.event_handler.log_command:Invoking command in '/home/swapneel/rbe500/ghw1/groupassignment1/build/rrbot_gazebo': CMAKE_PREFIX_PATH=/home/swapneel/rbe500/ghw1/groupassignment1/install/rrbot_description:/home/swapneel/rbe500/ghw1/groupassignment1/install/tutorial_interfaces:/home/swapneel/rbe500/ghw1/groupassignment1/install/rrbot_gazebo:/home/swapneel/rbe500/ghw1/groupassignment1/install/proj2:/home/swapneel/rbe500/ghw1/groupassignment1/install/inverse_kinematics:/home/swapneel/rbe500/ghw1/groupassignment1/install/proj1:/opt/ros/humble /usr/bin/cmake --install /home/swapneel/rbe500/ghw1/groupassignment1/build/rrbot_gazebo
[0.966s] Level 1:colcon.colcon_core.environment:create_environment_scripts_only(tutorial_interfaces)
[0.968s] Level 1:colcon.colcon_core.environment:checking '/home/swapneel/rbe500/ghw1/groupassignment1/install/tutorial_interfaces' for CMake module files
[0.969s] DEBUG:colcon.colcon_core.event_handler.log_command:Invoked command in '/home/swapneel/rbe500/ghw1/groupassignment1/build/tutorial_interfaces' returned '0': CMAKE_PREFIX_PATH=${CMAKE_PREFIX_PATH}:/home/swapneel/rbe500/ghw1/groupassignment1/install/proj2:/home/swapneel/rbe500/ghw1/groupassignment1/install/inverse_kinematics:/home/swapneel/rbe500/ghw1/groupassignment1/install/proj1:/opt/ros/humble /usr/bin/cmake --install /home/swapneel/rbe500/ghw1/groupassignment1/build/tutorial_interfaces
[0.969s] Level 1:colcon.colcon_core.environment:checking '/home/swapneel/rbe500/ghw1/groupassignment1/install/tutorial_interfaces' for CMake config files
[0.970s] Level 1:colcon.colcon_core.shell:create_environment_hook('tutorial_interfaces', 'cmake_prefix_path')
[0.972s] INFO:colcon.colcon_core.shell:Creating environment hook '/home/swapneel/rbe500/ghw1/groupassignment1/install/tutorial_interfaces/share/tutorial_interfaces/hook/cmake_prefix_path.ps1'
[0.973s] INFO:colcon.colcon_core.shell:Creating environment descriptor '/home/swapneel/rbe500/ghw1/groupassignment1/install/tutorial_interfaces/share/tutorial_interfaces/hook/cmake_prefix_path.dsv'
[0.974s] INFO:colcon.colcon_core.shell:Creating environment hook '/home/swapneel/rbe500/ghw1/groupassignment1/install/tutorial_interfaces/share/tutorial_interfaces/hook/cmake_prefix_path.sh'
[0.975s] Level 1:colcon.colcon_core.environment:checking '/home/swapneel/rbe500/ghw1/groupassignment1/install/tutorial_interfaces/lib'
[0.975s] Level 1:colcon.colcon_core.shell:create_environment_hook('tutorial_interfaces', 'ld_library_path_lib')
[0.976s] INFO:colcon.colcon_core.shell:Creating environment hook '/home/swapneel/rbe500/ghw1/groupassignment1/install/tutorial_interfaces/share/tutorial_interfaces/hook/ld_library_path_lib.ps1'
[0.977s] INFO:colcon.colcon_core.shell:Creating environment descriptor '/home/swapneel/rbe500/ghw1/groupassignment1/install/tutorial_interfaces/share/tutorial_interfaces/hook/ld_library_path_lib.dsv'
[0.977s] INFO:colcon.colcon_core.shell:Creating environment hook '/home/swapneel/rbe500/ghw1/groupassignment1/install/tutorial_interfaces/share/tutorial_interfaces/hook/ld_library_path_lib.sh'
[0.978s] Level 1:colcon.colcon_core.environment:checking '/home/swapneel/rbe500/ghw1/groupassignment1/install/tutorial_interfaces/bin'
[0.978s] Level 1:colcon.colcon_core.environment:checking '/home/swapneel/rbe500/ghw1/groupassignment1/install/tutorial_interfaces/lib/pkgconfig/tutorial_interfaces.pc'
[0.978s] Level 1:colcon.colcon_core.environment:checking '/home/swapneel/rbe500/ghw1/groupassignment1/install/tutorial_interfaces/lib/python3.10/site-packages'
[0.978s] Level 1:colcon.colcon_core.environment:checking '/home/swapneel/rbe500/ghw1/groupassignment1/install/tutorial_interfaces/bin'
[0.980s] INFO:colcon.colcon_core.shell:Creating package script '/home/swapneel/rbe500/ghw1/groupassignment1/install/tutorial_interfaces/share/tutorial_interfaces/package.ps1'
[0.981s] INFO:colcon.colcon_core.shell:Creating package descriptor '/home/swapneel/rbe500/ghw1/groupassignment1/install/tutorial_interfaces/share/tutorial_interfaces/package.dsv'
[0.981s] INFO:colcon.colcon_core.shell:Creating package script '/home/swapneel/rbe500/ghw1/groupassignment1/install/tutorial_interfaces/share/tutorial_interfaces/package.sh'
[0.981s] INFO:colcon.colcon_core.shell:Creating package script '/home/swapneel/rbe500/ghw1/groupassignment1/install/tutorial_interfaces/share/tutorial_interfaces/package.bash'
[0.982s] INFO:colcon.colcon_core.shell:Creating package script '/home/swapneel/rbe500/ghw1/groupassignment1/install/tutorial_interfaces/share/tutorial_interfaces/package.zsh'
[0.983s] Level 1:colcon.colcon_core.environment:create_file_with_runtime_dependencies(/home/swapneel/rbe500/ghw1/groupassignment1/install/tutorial_interfaces/share/colcon-core/packages/tutorial_interfaces)
[0.985s] Level 1:colcon.colcon_core.environment:create_environment_scripts_only(rrbot_gazebo)
[0.987s] Level 1:colcon.colcon_core.environment:checking '/home/swapneel/rbe500/ghw1/groupassignment1/install/rrbot_gazebo' for CMake module files
[0.988s] DEBUG:colcon.colcon_core.event_handler.log_command:Invoked command in '/home/swapneel/rbe500/ghw1/groupassignment1/build/rrbot_gazebo' returned '0': CMAKE_PREFIX_PATH=/home/swapneel/rbe500/ghw1/groupassignment1/install/rrbot_description:/home/swapneel/rbe500/ghw1/groupassignment1/install/tutorial_interfaces:/home/swapneel/rbe500/ghw1/groupassignment1/install/rrbot_gazebo:/home/swapneel/rbe500/ghw1/groupassignment1/install/proj2:/home/swapneel/rbe500/ghw1/groupassignment1/install/inverse_kinematics:/home/swapneel/rbe500/ghw1/groupassignment1/install/proj1:/opt/ros/humble /usr/bin/cmake --install /home/swapneel/rbe500/ghw1/groupassignment1/build/rrbot_gazebo
[0.988s] Level 1:colcon.colcon_core.environment:checking '/home/swapneel/rbe500/ghw1/groupassignment1/install/rrbot_gazebo' for CMake config files
[0.988s] Level 1:colcon.colcon_core.shell:create_environment_hook('rrbot_gazebo', 'cmake_prefix_path')
[0.990s] INFO:colcon.colcon_core.shell:Creating environment hook '/home/swapneel/rbe500/ghw1/groupassignment1/install/rrbot_gazebo/share/rrbot_gazebo/hook/cmake_prefix_path.ps1'
[0.990s] INFO:colcon.colcon_core.shell:Creating environment descriptor '/home/swapneel/rbe500/ghw1/groupassignment1/install/rrbot_gazebo/share/rrbot_gazebo/hook/cmake_prefix_path.dsv'
[0.990s] INFO:colcon.colcon_core.shell:Creating environment hook '/home/swapneel/rbe500/ghw1/groupassignment1/install/rrbot_gazebo/share/rrbot_gazebo/hook/cmake_prefix_path.sh'
[0.991s] Level 1:colcon.colcon_core.environment:checking '/home/swapneel/rbe500/ghw1/groupassignment1/install/rrbot_gazebo/lib'
[0.991s] Level 1:colcon.colcon_core.environment:checking '/home/swapneel/rbe500/ghw1/groupassignment1/install/rrbot_gazebo/bin'
[0.991s] Level 1:colcon.colcon_core.environment:checking '/home/swapneel/rbe500/ghw1/groupassignment1/install/rrbot_gazebo/lib/pkgconfig/rrbot_gazebo.pc'
[0.991s] Level 1:colcon.colcon_core.environment:checking '/home/swapneel/rbe500/ghw1/groupassignment1/install/rrbot_gazebo/lib/python3.10/site-packages'
[0.992s] Level 1:colcon.colcon_core.environment:checking '/home/swapneel/rbe500/ghw1/groupassignment1/install/rrbot_gazebo/bin'
[0.993s] INFO:colcon.colcon_core.shell:Creating package script '/home/swapneel/rbe500/ghw1/groupassignment1/install/rrbot_gazebo/share/rrbot_gazebo/package.ps1'
[0.994s] INFO:colcon.colcon_core.shell:Creating package descriptor '/home/swapneel/rbe500/ghw1/groupassignment1/install/rrbot_gazebo/share/rrbot_gazebo/package.dsv'
[0.994s] INFO:colcon.colcon_core.shell:Creating package script '/home/swapneel/rbe500/ghw1/groupassignment1/install/rrbot_gazebo/share/rrbot_gazebo/package.sh'
[0.994s] INFO:colcon.colcon_core.shell:Creating package script '/home/swapneel/rbe500/ghw1/groupassignment1/install/rrbot_gazebo/share/rrbot_gazebo/package.bash'
[0.995s] INFO:colcon.colcon_core.shell:Creating package script '/home/swapneel/rbe500/ghw1/groupassignment1/install/rrbot_gazebo/share/rrbot_gazebo/package.zsh'
[0.995s] Level 1:colcon.colcon_core.environment:create_file_with_runtime_dependencies(/home/swapneel/rbe500/ghw1/groupassignment1/install/rrbot_gazebo/share/colcon-core/packages/rrbot_gazebo)
[1.022s] Level 1:colcon.colcon_core.environment:create_environment_scripts_only(rrbot_gazebo)
[1.024s] Level 1:colcon.colcon_core.environment:checking '/home/swapneel/rbe500/ghw1/groupassignment1/install/rrbot_gazebo' for CMake module files
[1.025s] Level 1:colcon.colcon_core.environment:checking '/home/swapneel/rbe500/ghw1/groupassignment1/install/rrbot_gazebo' for CMake config files
[1.025s] Level 1:colcon.colcon_core.shell:create_environment_hook('rrbot_gazebo', 'cmake_prefix_path')
[1.027s] INFO:colcon.colcon_core.shell:Creating environment hook '/home/swapneel/rbe500/ghw1/groupassignment1/install/rrbot_gazebo/share/rrbot_gazebo/hook/cmake_prefix_path.ps1'
[1.027s] INFO:colcon.colcon_core.shell:Creating environment descriptor '/home/swapneel/rbe500/ghw1/groupassignment1/install/rrbot_gazebo/share/rrbot_gazebo/hook/cmake_prefix_path.dsv'
[1.028s] INFO:colcon.colcon_core.shell:Creating environment hook '/home/swapneel/rbe500/ghw1/groupassignment1/install/rrbot_gazebo/share/rrbot_gazebo/hook/cmake_prefix_path.sh'
[1.028s] Level 1:colcon.colcon_core.environment:checking '/home/swapneel/rbe500/ghw1/groupassignment1/install/rrbot_gazebo/lib'
[1.028s] Level 1:colcon.colcon_core.environment:checking '/home/swapneel/rbe500/ghw1/groupassignment1/install/rrbot_gazebo/bin'
[1.028s] Level 1:colcon.colcon_core.environment:checking '/home/swapneel/rbe500/ghw1/groupassignment1/install/rrbot_gazebo/lib/pkgconfig/rrbot_gazebo.pc'
[1.029s] Level 1:colcon.colcon_core.environment:checking '/home/swapneel/rbe500/ghw1/groupassignment1/install/rrbot_gazebo/lib/python3.10/site-packages'
[1.029s] Level 1:colcon.colcon_core.environment:checking '/home/swapneel/rbe500/ghw1/groupassignment1/install/rrbot_gazebo/bin'
[1.030s] INFO:colcon.colcon_core.shell:Creating package script '/home/swapneel/rbe500/ghw1/groupassignment1/install/rrbot_gazebo/share/rrbot_gazebo/package.ps1'
[1.031s] INFO:colcon.colcon_core.shell:Creating package descriptor '/home/swapneel/rbe500/ghw1/groupassignment1/install/rrbot_gazebo/share/rrbot_gazebo/package.dsv'
[1.032s] INFO:colcon.colcon_core.shell:Creating package script '/home/swapneel/rbe500/ghw1/groupassignment1/install/rrbot_gazebo/share/rrbot_gazebo/package.sh'
[1.032s] INFO:colcon.colcon_core.shell:Creating package script '/home/swapneel/rbe500/ghw1/groupassignment1/install/rrbot_gazebo/share/rrbot_gazebo/package.bash'
[1.032s] INFO:colcon.colcon_core.shell:Creating package script '/home/swapneel/rbe500/ghw1/groupassignment1/install/rrbot_gazebo/share/rrbot_gazebo/package.zsh'
[1.033s] Level 1:colcon.colcon_core.environment:create_file_with_runtime_dependencies(/home/swapneel/rbe500/ghw1/groupassignment1/install/rrbot_gazebo/share/colcon-core/packages/rrbot_gazebo)
[1.040s] Level 1:colcon.colcon_core.environment:create_environment_scripts_only(tutorial_interfaces)
[1.042s] Level 1:colcon.colcon_core.environment:checking '/home/swapneel/rbe500/ghw1/groupassignment1/install/tutorial_interfaces' for CMake module files
[1.043s] Level 1:colcon.colcon_core.environment:checking '/home/swapneel/rbe500/ghw1/groupassignment1/install/tutorial_interfaces' for CMake config files
[1.044s] Level 1:colcon.colcon_core.shell:create_environment_hook('tutorial_interfaces', 'cmake_prefix_path')
[1.045s] INFO:colcon.colcon_core.shell:Creating environment hook '/home/swapneel/rbe500/ghw1/groupassignment1/install/tutorial_interfaces/share/tutorial_interfaces/hook/cmake_prefix_path.ps1'
[1.046s] INFO:colcon.colcon_core.shell:Creating environment descriptor '/home/swapneel/rbe500/ghw1/groupassignment1/install/tutorial_interfaces/share/tutorial_interfaces/hook/cmake_prefix_path.dsv'
[1.046s] INFO:colcon.colcon_core.shell:Creating environment hook '/home/swapneel/rbe500/ghw1/groupassignment1/install/tutorial_interfaces/share/tutorial_interfaces/hook/cmake_prefix_path.sh'
[1.047s] Level 1:colcon.colcon_core.environment:checking '/home/swapneel/rbe500/ghw1/groupassignment1/install/tutorial_interfaces/lib'
[1.047s] Level 1:colcon.colcon_core.shell:create_environment_hook('tutorial_interfaces', 'ld_library_path_lib')
[1.049s] INFO:colcon.colcon_core.shell:Creating environment hook '/home/swapneel/rbe500/ghw1/groupassignment1/install/tutorial_interfaces/share/tutorial_interfaces/hook/ld_library_path_lib.ps1'
[1.049s] INFO:colcon.colcon_core.shell:Creating environment descriptor '/home/swapneel/rbe500/ghw1/groupassignment1/install/tutorial_interfaces/share/tutorial_interfaces/hook/ld_library_path_lib.dsv'
[1.050s] INFO:colcon.colcon_core.shell:Creating environment hook '/home/swapneel/rbe500/ghw1/groupassignment1/install/tutorial_interfaces/share/tutorial_interfaces/hook/ld_library_path_lib.sh'
[1.050s] Level 1:colcon.colcon_core.environment:checking '/home/swapneel/rbe500/ghw1/groupassignment1/install/tutorial_interfaces/bin'
[1.050s] Level 1:colcon.colcon_core.environment:checking '/home/swapneel/rbe500/ghw1/groupassignment1/install/tutorial_interfaces/lib/pkgconfig/tutorial_interfaces.pc'
[1.050s] Level 1:colcon.colcon_core.environment:checking '/home/swapneel/rbe500/ghw1/groupassignment1/install/tutorial_interfaces/lib/python3.10/site-packages'
[1.051s] Level 1:colcon.colcon_core.environment:checking '/home/swapneel/rbe500/ghw1/groupassignment1/install/tutorial_interfaces/bin'
[1.052s] INFO:colcon.colcon_core.shell:Creating package script '/home/swapneel/rbe500/ghw1/groupassignment1/install/tutorial_interfaces/share/tutorial_interfaces/package.ps1'
[1.053s] INFO:colcon.colcon_core.shell:Creating package descriptor '/home/swapneel/rbe500/ghw1/groupassignment1/install/tutorial_interfaces/share/tutorial_interfaces/package.dsv'
[1.053s] INFO:colcon.colcon_core.shell:Creating package script '/home/swapneel/rbe500/ghw1/groupassignment1/install/tutorial_interfaces/share/tutorial_interfaces/package.sh'
[1.054s] INFO:colcon.colcon_core.shell:Creating package script '/home/swapneel/rbe500/ghw1/groupassignment1/install/tutorial_interfaces/share/tutorial_interfaces/package.bash'
[1.054s] INFO:colcon.colcon_core.shell:Creating package script '/home/swapneel/rbe500/ghw1/groupassignment1/install/tutorial_interfaces/share/tutorial_interfaces/package.zsh'
[1.054s] Level 1:colcon.colcon_core.environment:create_file_with_runtime_dependencies(/home/swapneel/rbe500/ghw1/groupassignment1/install/tutorial_interfaces/share/colcon-core/packages/tutorial_interfaces)
[1.055s] INFO:colcon.colcon_ros.task.ament_python.build:Building ROS package in '/home/swapneel/rbe500/ghw1/groupassignment1/src/inverse_kinematics' with build type 'ament_python'
[1.055s] Level 1:colcon.colcon_core.shell:create_environment_hook('inverse_kinematics', 'ament_prefix_path')
[1.056s] INFO:colcon.colcon_core.shell:Creating environment hook '/home/swapneel/rbe500/ghw1/groupassignment1/install/inverse_kinematics/share/inverse_kinematics/hook/ament_prefix_path.ps1'
[1.057s] INFO:colcon.colcon_core.shell:Creating environment descriptor '/home/swapneel/rbe500/ghw1/groupassignment1/install/inverse_kinematics/share/inverse_kinematics/hook/ament_prefix_path.dsv'
[1.058s] INFO:colcon.colcon_core.shell:Creating environment hook '/home/swapneel/rbe500/ghw1/groupassignment1/install/inverse_kinematics/share/inverse_kinematics/hook/ament_prefix_path.sh'
[1.059s] INFO:colcon.colcon_core.shell:Skip shell extension 'powershell' for command environment: Not usable outside of PowerShell
[1.059s] DEBUG:colcon.colcon_core.shell:Skip shell extension 'dsv' for command environment
[1.065s] INFO:colcon.colcon_ros.task.ament_python.build:Building ROS package in '/home/swapneel/rbe500/ghw1/groupassignment1/src/proj2' with build type 'ament_python'
[1.065s] Level 1:colcon.colcon_core.shell:create_environment_hook('proj2', 'ament_prefix_path')
[1.067s] INFO:colcon.colcon_core.shell:Creating environment hook '/home/swapneel/rbe500/ghw1/groupassignment1/install/proj2/share/proj2/hook/ament_prefix_path.ps1'
[1.068s] INFO:colcon.colcon_core.shell:Creating environment descriptor '/home/swapneel/rbe500/ghw1/groupassignment1/install/proj2/share/proj2/hook/ament_prefix_path.dsv'
[1.068s] INFO:colcon.colcon_core.shell:Creating environment hook '/home/swapneel/rbe500/ghw1/groupassignment1/install/proj2/share/proj2/hook/ament_prefix_path.sh'
[1.070s] INFO:colcon.colcon_core.shell:Skip shell extension 'powershell' for command environment: Not usable outside of PowerShell
[1.070s] DEBUG:colcon.colcon_core.shell:Skip shell extension 'dsv' for command environment
[1.309s] INFO:colcon.colcon_core.task.python.build:Building Python package in '/home/swapneel/rbe500/ghw1/groupassignment1/src/inverse_kinematics'
[1.310s] INFO:colcon.colcon_core.shell:Skip shell extension 'powershell' for command environment: Not usable outside of PowerShell
[1.310s] DEBUG:colcon.colcon_core.shell:Skip shell extension 'dsv' for command environment
[1.542s] INFO:colcon.colcon_core.task.python.build:Building Python package in '/home/swapneel/rbe500/ghw1/groupassignment1/src/proj2'
[1.544s] INFO:colcon.colcon_core.shell:Skip shell extension 'powershell' for command environment: Not usable outside of PowerShell
[1.544s] DEBUG:colcon.colcon_core.shell:Skip shell extension 'dsv' for command environment
[1.550s] DEBUG:colcon.colcon_core.event_handler.log_command:Invoking command in '/home/swapneel/rbe500/ghw1/groupassignment1/build/proj1': PYTHONPATH=/home/swapneel/rbe500/ghw1/groupassignment1/build/proj1/prefix_override:/home/swapneel/rbe500/ghw1/groupassignment1/install/proj1/lib/python3.10/site-packages:${PYTHONPATH} /usr/bin/python3 setup.py develop --editable --build-directory /home/swapneel/rbe500/ghw1/groupassignment1/build/proj1/build --no-deps install_data
[1.904s] DEBUG:colcon.colcon_core.event_handler.log_command:Invoking command in '/home/swapneel/rbe500/ghw1/groupassignment1/build/inverse_kinematics': LD_LIBRARY_PATH=/home/swapneel/rbe500/ghw1/groupassignment1/install/tutorial_interfaces/lib:/usr/lib/x86_64-linux-gnu/gazebo-11/plugins:/opt/ros/humble/opt/rviz_ogre_vendor/lib:/opt/ros/humble/lib/x86_64-linux-gnu:/opt/ros/humble/lib:/usr/share/gazebo/../../lib/x86_64-linux-gnu/gazebo-11/plugins PYTHONPATH=/home/swapneel/rbe500/ghw1/groupassignment1/build/inverse_kinematics/prefix_override:/home/swapneel/rbe500/ghw1/groupassignment1/install/inverse_kinematics/lib/python3.10/site-packages:${PYTHONPATH} /usr/bin/python3 setup.py develop --editable --build-directory /home/swapneel/rbe500/ghw1/groupassignment1/build/inverse_kinematics/build --no-deps install_data
[1.908s] DEBUG:colcon.colcon_core.event_handler.log_command:Invoking command in '/home/swapneel/rbe500/ghw1/groupassignment1/build/proj2': LD_LIBRARY_PATH=/home/swapneel/rbe500/ghw1/groupassignment1/install/tutorial_interfaces/lib:/usr/lib/x86_64-linux-gnu/gazebo-11/plugins:/opt/ros/humble/opt/rviz_ogre_vendor/lib:/opt/ros/humble/lib/x86_64-linux-gnu:/opt/ros/humble/lib:/usr/share/gazebo/../../lib/x86_64-linux-gnu/gazebo-11/plugins PYTHONPATH=/home/swapneel/rbe500/ghw1/groupassignment1/build/proj2/prefix_override:/home/swapneel/rbe500/ghw1/groupassignment1/install/proj2/lib/python3.10/site-packages:${PYTHONPATH} /usr/bin/python3 setup.py develop --editable --build-directory /home/swapneel/rbe500/ghw1/groupassignment1/build/proj2/build --no-deps install_data
[2.032s] Level 1:colcon.colcon_core.shell:create_environment_hook('proj1', 'pythonpath_develop')
[2.034s] INFO:colcon.colcon_core.shell:Creating environment hook '/home/swapneel/rbe500/ghw1/groupassignment1/build/proj1/share/proj1/hook/pythonpath_develop.ps1'
[2.034s] DEBUG:colcon.colcon_core.event_handler.log_command:Invoked command in '/home/swapneel/rbe500/ghw1/groupassignment1/build/proj1' returned '0': PYTHONPATH=/home/swapneel/rbe500/ghw1/groupassignment1/build/proj1/prefix_override:/home/swapneel/rbe500/ghw1/groupassignment1/install/proj1/lib/python3.10/site-packages:${PYTHONPATH} /usr/bin/python3 setup.py develop --editable --build-directory /home/swapneel/rbe500/ghw1/groupassignment1/build/proj1/build --no-deps install_data
[2.035s] INFO:colcon.colcon_core.shell:Creating environment descriptor '/home/swapneel/rbe500/ghw1/groupassignment1/build/proj1/share/proj1/hook/pythonpath_develop.dsv'
[2.035s] INFO:colcon.colcon_core.shell:Creating environment hook '/home/swapneel/rbe500/ghw1/groupassignment1/build/proj1/share/proj1/hook/pythonpath_develop.sh'
[2.037s] Level 1:colcon.colcon_core.environment:checking '/home/swapneel/rbe500/ghw1/groupassignment1/install/proj1' for CMake module files
[2.038s] Level 1:colcon.colcon_core.environment:checking '/home/swapneel/rbe500/ghw1/groupassignment1/install/proj1' for CMake config files
[2.038s] Level 1:colcon.colcon_core.environment:checking '/home/swapneel/rbe500/ghw1/groupassignment1/install/proj1/lib'
[2.038s] Level 1:colcon.colcon_core.environment:checking '/home/swapneel/rbe500/ghw1/groupassignment1/install/proj1/bin'
[2.038s] Level 1:colcon.colcon_core.environment:checking '/home/swapneel/rbe500/ghw1/groupassignment1/install/proj1/lib/pkgconfig/proj1.pc'
[2.039s] Level 1:colcon.colcon_core.environment:checking '/home/swapneel/rbe500/ghw1/groupassignment1/install/proj1/lib/python3.10/site-packages'
[2.039s] Level 1:colcon.colcon_core.shell:create_environment_hook('proj1', 'pythonpath')
[2.040s] INFO:colcon.colcon_core.shell:Creating environment hook '/home/swapneel/rbe500/ghw1/groupassignment1/install/proj1/share/proj1/hook/pythonpath.ps1'
[2.040s] INFO:colcon.colcon_core.shell:Creating environment descriptor '/home/swapneel/rbe500/ghw1/groupassignment1/install/proj1/share/proj1/hook/pythonpath.dsv'
[2.041s] INFO:colcon.colcon_core.shell:Creating environment hook '/home/swapneel/rbe500/ghw1/groupassignment1/install/proj1/share/proj1/hook/pythonpath.sh'
[2.041s] Level 1:colcon.colcon_core.environment:checking '/home/swapneel/rbe500/ghw1/groupassignment1/install/proj1/bin'
[2.041s] Level 1:colcon.colcon_core.environment:create_environment_scripts_only(proj1)
[2.043s] INFO:colcon.colcon_core.shell:Creating package script '/home/swapneel/rbe500/ghw1/groupassignment1/install/proj1/share/proj1/package.ps1'
[2.043s] INFO:colcon.colcon_core.shell:Creating package descriptor '/home/swapneel/rbe500/ghw1/groupassignment1/install/proj1/share/proj1/package.dsv'
[2.044s] INFO:colcon.colcon_core.shell:Creating package script '/home/swapneel/rbe500/ghw1/groupassignment1/install/proj1/share/proj1/package.sh'
[2.044s] INFO:colcon.colcon_core.shell:Creating package script '/home/swapneel/rbe500/ghw1/groupassignment1/install/proj1/share/proj1/package.bash'
[2.044s] INFO:colcon.colcon_core.shell:Creating package script '/home/swapneel/rbe500/ghw1/groupassignment1/install/proj1/share/proj1/package.zsh'
[2.045s] Level 1:colcon.colcon_core.environment:create_file_with_runtime_dependencies(/home/swapneel/rbe500/ghw1/groupassignment1/install/proj1/share/colcon-core/packages/proj1)
[2.368s] Level 1:colcon.colcon_core.shell:create_environment_hook('inverse_kinematics', 'pythonpath_develop')
[2.369s] INFO:colcon.colcon_core.shell:Creating environment hook '/home/swapneel/rbe500/ghw1/groupassignment1/build/inverse_kinematics/share/inverse_kinematics/hook/pythonpath_develop.ps1'
[2.370s] DEBUG:colcon.colcon_core.event_handler.log_command:Invoked command in '/home/swapneel/rbe500/ghw1/groupassignment1/build/inverse_kinematics' returned '0': LD_LIBRARY_PATH=/home/swapneel/rbe500/ghw1/groupassignment1/install/tutorial_interfaces/lib:/usr/lib/x86_64-linux-gnu/gazebo-11/plugins:/opt/ros/humble/opt/rviz_ogre_vendor/lib:/opt/ros/humble/lib/x86_64-linux-gnu:/opt/ros/humble/lib:/usr/share/gazebo/../../lib/x86_64-linux-gnu/gazebo-11/plugins PYTHONPATH=/home/swapneel/rbe500/ghw1/groupassignment1/build/inverse_kinematics/prefix_override:/home/swapneel/rbe500/ghw1/groupassignment1/install/inverse_kinematics/lib/python3.10/site-packages:${PYTHONPATH} /usr/bin/python3 setup.py develop --editable --build-directory /home/swapneel/rbe500/ghw1/groupassignment1/build/inverse_kinematics/build --no-deps install_data
[2.370s] INFO:colcon.colcon_core.shell:Creating environment descriptor '/home/swapneel/rbe500/ghw1/groupassignment1/build/inverse_kinematics/share/inverse_kinematics/hook/pythonpath_develop.dsv'
[2.370s] INFO:colcon.colcon_core.shell:Creating environment hook '/home/swapneel/rbe500/ghw1/groupassignment1/build/inverse_kinematics/share/inverse_kinematics/hook/pythonpath_develop.sh'
[2.373s] Level 1:colcon.colcon_core.environment:checking '/home/swapneel/rbe500/ghw1/groupassignment1/install/inverse_kinematics' for CMake module files
[2.373s] Level 1:colcon.colcon_core.environment:checking '/home/swapneel/rbe500/ghw1/groupassignment1/install/inverse_kinematics' for CMake config files
[2.373s] Level 1:colcon.colcon_core.environment:checking '/home/swapneel/rbe500/ghw1/groupassignment1/install/inverse_kinematics/lib'
[2.373s] Level 1:colcon.colcon_core.environment:checking '/home/swapneel/rbe500/ghw1/groupassignment1/install/inverse_kinematics/bin'
[2.374s] Level 1:colcon.colcon_core.environment:checking '/home/swapneel/rbe500/ghw1/groupassignment1/install/inverse_kinematics/lib/pkgconfig/inverse_kinematics.pc'
[2.374s] Level 1:colcon.colcon_core.environment:checking '/home/swapneel/rbe500/ghw1/groupassignment1/install/inverse_kinematics/lib/python3.10/site-packages'
[2.374s] Level 1:colcon.colcon_core.shell:create_environment_hook('inverse_kinematics', 'pythonpath')
[2.375s] INFO:colcon.colcon_core.shell:Creating environment hook '/home/swapneel/rbe500/ghw1/groupassignment1/install/inverse_kinematics/share/inverse_kinematics/hook/pythonpath.ps1'
[2.376s] INFO:colcon.colcon_core.shell:Creating environment descriptor '/home/swapneel/rbe500/ghw1/groupassignment1/install/inverse_kinematics/share/inverse_kinematics/hook/pythonpath.dsv'
[2.376s] INFO:colcon.colcon_core.shell:Creating environment hook '/home/swapneel/rbe500/ghw1/groupassignment1/install/inverse_kinematics/share/inverse_kinematics/hook/pythonpath.sh'
[2.376s] Level 1:colcon.colcon_core.environment:checking '/home/swapneel/rbe500/ghw1/groupassignment1/install/inverse_kinematics/bin'
[2.376s] Level 1:colcon.colcon_core.environment:create_environment_scripts_only(inverse_kinematics)
[2.378s] INFO:colcon.colcon_core.shell:Creating package script '/home/swapneel/rbe500/ghw1/groupassignment1/install/inverse_kinematics/share/inverse_kinematics/package.ps1'
[2.378s] INFO:colcon.colcon_core.shell:Creating package descriptor '/home/swapneel/rbe500/ghw1/groupassignment1/install/inverse_kinematics/share/inverse_kinematics/package.dsv'
[2.379s] INFO:colcon.colcon_core.shell:Creating package script '/home/swapneel/rbe500/ghw1/groupassignment1/install/inverse_kinematics/share/inverse_kinematics/package.sh'
[2.379s] INFO:colcon.colcon_core.shell:Creating package script '/home/swapneel/rbe500/ghw1/groupassignment1/install/inverse_kinematics/share/inverse_kinematics/package.bash'
[2.379s] INFO:colcon.colcon_core.shell:Creating package script '/home/swapneel/rbe500/ghw1/groupassignment1/install/inverse_kinematics/share/inverse_kinematics/package.zsh'
[2.380s] Level 1:colcon.colcon_core.environment:create_file_with_runtime_dependencies(/home/swapneel/rbe500/ghw1/groupassignment1/install/inverse_kinematics/share/colcon-core/packages/inverse_kinematics)
[2.381s] Level 1:colcon.colcon_core.shell:create_environment_hook('proj2', 'pythonpath_develop')
[2.382s] INFO:colcon.colcon_core.shell:Creating environment hook '/home/swapneel/rbe500/ghw1/groupassignment1/build/proj2/share/proj2/hook/pythonpath_develop.ps1'
[2.382s] DEBUG:colcon.colcon_core.event_handler.log_command:Invoked command in '/home/swapneel/rbe500/ghw1/groupassignment1/build/proj2' returned '0': LD_LIBRARY_PATH=/home/swapneel/rbe500/ghw1/groupassignment1/install/tutorial_interfaces/lib:/usr/lib/x86_64-linux-gnu/gazebo-11/plugins:/opt/ros/humble/opt/rviz_ogre_vendor/lib:/opt/ros/humble/lib/x86_64-linux-gnu:/opt/ros/humble/lib:/usr/share/gazebo/../../lib/x86_64-linux-gnu/gazebo-11/plugins PYTHONPATH=/home/swapneel/rbe500/ghw1/groupassignment1/build/proj2/prefix_override:/home/swapneel/rbe500/ghw1/groupassignment1/install/proj2/lib/python3.10/site-packages:${PYTHONPATH} /usr/bin/python3 setup.py develop --editable --build-directory /home/swapneel/rbe500/ghw1/groupassignment1/build/proj2/build --no-deps install_data
[2.383s] INFO:colcon.colcon_core.shell:Creating environment descriptor '/home/swapneel/rbe500/ghw1/groupassignment1/build/proj2/share/proj2/hook/pythonpath_develop.dsv'
[2.383s] INFO:colcon.colcon_core.shell:Creating environment hook '/home/swapneel/rbe500/ghw1/groupassignment1/build/proj2/share/proj2/hook/pythonpath_develop.sh'
[2.385s] Level 1:colcon.colcon_core.environment:checking '/home/swapneel/rbe500/ghw1/groupassignment1/install/proj2' for CMake module files
[2.385s] Level 1:colcon.colcon_core.environment:checking '/home/swapneel/rbe500/ghw1/groupassignment1/install/proj2' for CMake config files
[2.386s] Level 1:colcon.colcon_core.environment:checking '/home/swapneel/rbe500/ghw1/groupassignment1/install/proj2/lib'
[2.386s] Level 1:colcon.colcon_core.environment:checking '/home/swapneel/rbe500/ghw1/groupassignment1/install/proj2/bin'
[2.386s] Level 1:colcon.colcon_core.environment:checking '/home/swapneel/rbe500/ghw1/groupassignment1/install/proj2/lib/pkgconfig/proj2.pc'
[2.386s] Level 1:colcon.colcon_core.environment:checking '/home/swapneel/rbe500/ghw1/groupassignment1/install/proj2/lib/python3.10/site-packages'
[2.386s] Level 1:colcon.colcon_core.shell:create_environment_hook('proj2', 'pythonpath')
[2.387s] INFO:colcon.colcon_core.shell:Creating environment hook '/home/swapneel/rbe500/ghw1/groupassignment1/install/proj2/share/proj2/hook/pythonpath.ps1'
[2.387s] INFO:colcon.colcon_core.shell:Creating environment descriptor '/home/swapneel/rbe500/ghw1/groupassignment1/install/proj2/share/proj2/hook/pythonpath.dsv'
[2.387s] INFO:colcon.colcon_core.shell:Creating environment hook '/home/swapneel/rbe500/ghw1/groupassignment1/install/proj2/share/proj2/hook/pythonpath.sh'
[2.388s] Level 1:colcon.colcon_core.environment:checking '/home/swapneel/rbe500/ghw1/groupassignment1/install/proj2/bin'
[2.388s] Level 1:colcon.colcon_core.environment:create_environment_scripts_only(proj2)
[2.389s] INFO:colcon.colcon_core.shell:Creating package script '/home/swapneel/rbe500/ghw1/groupassignment1/install/proj2/share/proj2/package.ps1'
[2.390s] INFO:colcon.colcon_core.shell:Creating package descriptor '/home/swapneel/rbe500/ghw1/groupassignment1/install/proj2/share/proj2/package.dsv'
[2.390s] INFO:colcon.colcon_core.shell:Creating package script '/home/swapneel/rbe500/ghw1/groupassignment1/install/proj2/share/proj2/package.sh'
[2.390s] INFO:colcon.colcon_core.shell:Creating package script '/home/swapneel/rbe500/ghw1/groupassignment1/install/proj2/share/proj2/package.bash'
[2.391s] INFO:colcon.colcon_core.shell:Creating package script '/home/swapneel/rbe500/ghw1/groupassignment1/install/proj2/share/proj2/package.zsh'
[2.391s] Level 1:colcon.colcon_core.environment:create_file_with_runtime_dependencies(/home/swapneel/rbe500/ghw1/groupassignment1/install/proj2/share/colcon-core/packages/proj2)
[2.391s] DEBUG:colcon.colcon_parallel_executor.executor.parallel:closing loop
[2.391s] DEBUG:colcon.colcon_parallel_executor.executor.parallel:loop closed
[2.392s] DEBUG:colcon.colcon_parallel_executor.executor.parallel:run_until_complete finished with '0'
[2.392s] DEBUG:colcon.colcon_core.event_reactor:joining thread
[2.398s] INFO:colcon.colcon_core.plugin_system:Skipping extension 'colcon_notification.desktop_notification.terminal_notifier': Not used on non-Darwin systems
[2.398s] INFO:colcon.colcon_core.plugin_system:Skipping extension 'colcon_notification.desktop_notification.win32': Not used on non-Windows systems
[2.398s] INFO:colcon.colcon_notification.desktop_notification:Sending desktop notification using 'notify2'
[2.408s] DEBUG:colcon.colcon_core.event_reactor:joined thread
[2.409s] INFO:colcon.colcon_core.shell:Creating prefix script '/home/swapneel/rbe500/ghw1/groupassignment1/install/local_setup.ps1'
[2.410s] INFO:colcon.colcon_core.shell:Creating prefix util module '/home/swapneel/rbe500/ghw1/groupassignment1/install/_local_setup_util_ps1.py'
[2.411s] INFO:colcon.colcon_core.shell:Creating prefix chain script '/home/swapneel/rbe500/ghw1/groupassignment1/install/setup.ps1'
[2.412s] INFO:colcon.colcon_core.shell:Creating prefix script '/home/swapneel/rbe500/ghw1/groupassignment1/install/local_setup.sh'
[2.413s] INFO:colcon.colcon_core.shell:Creating prefix util module '/home/swapneel/rbe500/ghw1/groupassignment1/install/_local_setup_util_sh.py'
[2.413s] INFO:colcon.colcon_core.shell:Creating prefix chain script '/home/swapneel/rbe500/ghw1/groupassignment1/install/setup.sh'
[2.414s] INFO:colcon.colcon_core.shell:Creating prefix script '/home/swapneel/rbe500/ghw1/groupassignment1/install/local_setup.bash'
[2.415s] INFO:colcon.colcon_core.shell:Creating prefix chain script '/home/swapneel/rbe500/ghw1/groupassignment1/install/setup.bash'
[2.416s] INFO:colcon.colcon_core.shell:Creating prefix script '/home/swapneel/rbe500/ghw1/groupassignment1/install/local_setup.zsh'
[2.417s] INFO:colcon.colcon_core.shell:Creating prefix chain script '/home/swapneel/rbe500/ghw1/groupassignment1/install/setup.zsh'
