[0.007s] Invoking command in '/home/swapneel/rbe500/ghw1/groupassignment1/build/rrbot_gazebo': AMENT_PREFIX_PATH=/home/swapneel/rbe500/ghw1/groupassignment1/install/rrbot_description:${AMENT_PREFIX_PATH} CMAKE_PREFIX_PATH=/home/swapneel/rbe500/ghw1/groupassignment1/install/rrbot_description:/opt/ros/humble /usr/bin/cmake --build /home/swapneel/rbe500/ghw1/groupassignment1/build/rrbot_gazebo -- -j8 -l8
[0.056s] [ 50%] Built target switch
[0.057s] [100%] Built target publisher
[0.067s] Invoked command in '/home/swapneel/rbe500/ghw1/groupassignment1/build/rrbot_gazebo' returned '0': AMENT_PREFIX_PATH=/home/swapneel/rbe500/ghw1/groupassignment1/install/rrbot_description:${AMENT_PREFIX_PATH} CMAKE_PREFIX_PATH=/home/swapneel/rbe500/ghw1/groupassignment1/install/rrbot_description:/opt/ros/humble /usr/bin/cmake --build /home/swapneel/rbe500/ghw1/groupassignment1/build/rrbot_gazebo -- -j8 -l8
[0.093s] Invoking command in '/home/swapneel/rbe500/ghw1/groupassignment1/build/rrbot_gazebo': AMENT_PREFIX_PATH=/home/swapneel/rbe500/ghw1/groupassignment1/install/rrbot_description:${AMENT_PREFIX_PATH} CMAKE_PREFIX_PATH=/home/swapneel/rbe500/ghw1/groupassignment1/install/rrbot_description:/opt/ros/humble /usr/bin/cmake --install /home/swapneel/rbe500/ghw1/groupassignment1/build/rrbot_gazebo
[0.103s] -- Install configuration: ""
[0.103s] -- Execute custom install script
[0.103s] -- Up-to-date symlink: /home/swapneel/rbe500/ghw1/groupassignment1/install/rrbot_gazebo/lib/rrbot_gazebo/publisher
[0.103s] -- Up-to-date symlink: /home/swapneel/rbe500/ghw1/groupassignment1/install/rrbot_gazebo/lib/rrbot_gazebo/switch
[0.103s] -- Up-to-date symlink: /home/swapneel/rbe500/ghw1/groupassignment1/install/rrbot_gazebo/share/rrbot_gazebo/launch/rrbot_world.launch.py
[0.103s] -- Up-to-date symlink: /home/swapneel/rbe500/ghw1/groupassignment1/install/rrbot_gazebo/share/rrbot_gazebo/worlds/rrbot.world
[0.104s] -- Up-to-date symlink: /home/swapneel/rbe500/ghw1/groupassignment1/install/rrbot_gazebo/share/rrbot_gazebo/config/controllers.yaml
[0.104s] -- Up-to-date symlink: /home/swapneel/rbe500/ghw1/groupassignment1/install/rrbot_gazebo/share/rrbot_gazebo/config/gazebo_controllers.yaml
[0.104s] -- Up-to-date symlink: /home/swapneel/rbe500/ghw1/groupassignment1/install/rrbot_gazebo/share/ament_index/resource_index/package_run_dependencies/rrbot_gazebo
[0.104s] -- Up-to-date symlink: /home/swapneel/rbe500/ghw1/groupassignment1/install/rrbot_gazebo/share/ament_index/resource_index/parent_prefix_path/rrbot_gazebo
[0.104s] -- Up-to-date symlink: /home/swapneel/rbe500/ghw1/groupassignment1/install/rrbot_gazebo/share/rrbot_gazebo/environment/ament_prefix_path.sh
[0.104s] -- Up-to-date symlink: /home/swapneel/rbe500/ghw1/groupassignment1/install/rrbot_gazebo/share/rrbot_gazebo/environment/ament_prefix_path.dsv
[0.104s] -- Up-to-date symlink: /home/swapneel/rbe500/ghw1/groupassignment1/install/rrbot_gazebo/share/rrbot_gazebo/environment/path.sh
[0.104s] -- Up-to-date symlink: /home/swapneel/rbe500/ghw1/groupassignment1/install/rrbot_gazebo/share/rrbot_gazebo/environment/path.dsv
[0.104s] -- Up-to-date symlink: /home/swapneel/rbe500/ghw1/groupassignment1/install/rrbot_gazebo/share/rrbot_gazebo/local_setup.bash
[0.104s] -- Up-to-date symlink: /home/swapneel/rbe500/ghw1/groupassignment1/install/rrbot_gazebo/share/rrbot_gazebo/local_setup.sh
[0.104s] -- Up-to-date symlink: /home/swapneel/rbe500/ghw1/groupassignment1/install/rrbot_gazebo/share/rrbot_gazebo/local_setup.zsh
[0.104s] -- Up-to-date symlink: /home/swapneel/rbe500/ghw1/groupassignment1/install/rrbot_gazebo/share/rrbot_gazebo/local_setup.dsv
[0.104s] -- Symlinking: /home/swapneel/rbe500/ghw1/groupassignment1/install/rrbot_gazebo/share/rrbot_gazebo/package.dsv
[0.113s] -- Up-to-date symlink: /home/swapneel/rbe500/ghw1/groupassignment1/install/rrbot_gazebo/share/ament_index/resource_index/packages/rrbot_gazebo
[0.113s] -- Up-to-date symlink: /home/swapneel/rbe500/ghw1/groupassignment1/install/rrbot_gazebo/share/rrbot_gazebo/cmake/rrbot_gazeboConfig.cmake
[0.113s] -- Up-to-date symlink: /home/swapneel/rbe500/ghw1/groupassignment1/install/rrbot_gazebo/share/rrbot_gazebo/cmake/rrbot_gazeboConfig-version.cmake
[0.113s] -- Up-to-date symlink: /home/swapneel/rbe500/ghw1/groupassignment1/install/rrbot_gazebo/share/rrbot_gazebo/package.xml
[0.126s] Invoked command in '/home/swapneel/rbe500/ghw1/groupassignment1/build/rrbot_gazebo' returned '0': AMENT_PREFIX_PATH=/home/swapneel/rbe500/ghw1/groupassignment1/install/rrbot_description:${AMENT_PREFIX_PATH} CMAKE_PREFIX_PATH=/home/swapneel/rbe500/ghw1/groupassignment1/install/rrbot_description:/opt/ros/humble /usr/bin/cmake --install /home/swapneel/rbe500/ghw1/groupassignment1/build/rrbot_gazebo
