[0.806s] Invoking command in '/home/swapneel/rbe500/ghw1/groupassignment1/build/proj1': PYTHONPATH=/home/swapneel/rbe500/ghw1/groupassignment1/build/proj1/prefix_override:/home/swapneel/rbe500/ghw1/groupassignment1/install/proj1/lib/python3.10/site-packages:${PYTHONPATH} /usr/bin/python3 setup.py develop --editable --build-directory /home/swapneel/rbe500/ghw1/groupassignment1/build/proj1/build --no-deps install_data
[1.024s] /usr/lib/python3/dist-packages/setuptools/command/easy_install.py:158: EasyInstallDeprecationWarning: easy_install command is deprecated. Use build and pip and other standards-based tools.
[1.024s]   warnings.warn(
[1.025s] running develop
[1.025s] /usr/lib/python3/dist-packages/setuptools/command/install.py:34: SetuptoolsDeprecationWarning: setup.py install is deprecated. Use build and pip and other standards-based tools.
[1.025s]   warnings.warn(
[1.072s] /usr/lib/python3/dist-packages/pkg_resources/__init__.py:116: PkgResourcesDeprecationWarning: 1.1build1 is an invalid version and will not be supported in a future release
[1.072s]   warnings.warn(
[1.072s] /usr/lib/python3/dist-packages/pkg_resources/__init__.py:116: PkgResourcesDeprecationWarning: 0.1.43ubuntu1 is an invalid version and will not be supported in a future release
[1.073s]   warnings.warn(
[1.171s] running egg_info
[1.172s] writing proj1.egg-info/PKG-INFO
[1.172s] writing dependency_links to proj1.egg-info/dependency_links.txt
[1.172s] writing entry points to proj1.egg-info/entry_points.txt
[1.172s] writing requirements to proj1.egg-info/requires.txt
[1.172s] writing top-level names to proj1.egg-info/top_level.txt
[1.174s] reading manifest file 'proj1.egg-info/SOURCES.txt'
[1.175s] writing manifest file 'proj1.egg-info/SOURCES.txt'
[1.176s] running build_ext
[1.176s] Creating /home/swapneel/rbe500/ghw1/groupassignment1/install/proj1/lib/python3.10/site-packages/proj1.egg-link (link to .)
[1.177s] Installing subscriber script to /home/swapneel/rbe500/ghw1/groupassignment1/install/proj1/lib/proj1
[1.178s] 
[1.178s] Installed /home/swapneel/rbe500/ghw1/groupassignment1/build/proj1
[1.178s] running install_data
[1.210s] Invoked command in '/home/swapneel/rbe500/ghw1/groupassignment1/build/proj1' returned '0': PYTHONPATH=/home/swapneel/rbe500/ghw1/groupassignment1/build/proj1/prefix_override:/home/swapneel/rbe500/ghw1/groupassignment1/install/proj1/lib/python3.10/site-packages:${PYTHONPATH} /usr/bin/python3 setup.py develop --editable --build-directory /home/swapneel/rbe500/ghw1/groupassignment1/build/proj1/build --no-deps install_data
