running develop
/usr/lib/python3/dist-packages/setuptools/command/easy_install.py:158: EasyInstallDeprecationWarning: easy_install command is deprecated. Use build and pip and other standards-based tools.
  warnings.warn(
/usr/lib/python3/dist-packages/setuptools/command/install.py:34: SetuptoolsDeprecationWarning: setup.py install is deprecated. Use build and pip and other standards-based tools.
  warnings.warn(
/usr/lib/python3/dist-packages/pkg_resources/__init__.py:116: PkgResourcesDeprecationWarning: 1.1build1 is an invalid version and will not be supported in a future release
  warnings.warn(
/usr/lib/python3/dist-packages/pkg_resources/__init__.py:116: PkgResourcesDeprecationWarning: 0.1.43ubuntu1 is an invalid version and will not be supported in a future release
  warnings.warn(
running egg_info
creating proj2.egg-info
writing proj2.egg-info/PKG-INFO
writing dependency_links to proj2.egg-info/dependency_links.txt
writing entry points to proj2.egg-info/entry_points.txt
writing requirements to proj2.egg-info/requires.txt
writing top-level names to proj2.egg-info/top_level.txt
writing manifest file 'proj2.egg-info/SOURCES.txt'
reading manifest file 'proj2.egg-info/SOURCES.txt'
writing manifest file 'proj2.egg-info/SOURCES.txt'
running build_ext
Creating /home/swapneel/rbe500/ghw1/groupassignment1/install/proj2/lib/python3.10/site-packages/proj2.egg-link (link to .)
Installing subscriber script to /home/swapneel/rbe500/ghw1/groupassignment1/install/proj2/lib/proj2

Installed /home/swapneel/rbe500/ghw1/groupassignment1/build/proj2
running install_data
creating /home/swapneel/rbe500/ghw1/groupassignment1/install/proj2/share/ament_index
creating /home/swapneel/rbe500/ghw1/groupassignment1/install/proj2/share/ament_index/resource_index
creating /home/swapneel/rbe500/ghw1/groupassignment1/install/proj2/share/ament_index/resource_index/packages
copying resource/proj2 -> /home/swapneel/rbe500/ghw1/groupassignment1/install/proj2/share/ament_index/resource_index/packages
copying package.xml -> /home/swapneel/rbe500/ghw1/groupassignment1/install/proj2/share/proj2
