running develop
running egg_info
creating proj2.egg-info
writing proj2.egg-info/PKG-INFO
writing dependency_links to proj2.egg-info/dependency_links.txt
writing entry points to proj2.egg-info/entry_points.txt
writing requirements to proj2.egg-info/requires.txt
writing top-level names to proj2.egg-info/top_level.txt
writing manifest file 'proj2.egg-info/SOURCES.txt'
reading manifest file 'proj2.egg-info/SOURCES.txt'
writing manifest file 'proj2.egg-info/SOURCES.txt'
running build_ext
Creating /home/swapneel/rbe500/ghw1/groupassignment1/install/proj2/lib/python3.10/site-packages/proj2.egg-link (link to .)
Installing subscriber script to /home/swapneel/rbe500/ghw1/groupassignment1/install/proj2/lib/proj2

Installed /home/swapneel/rbe500/ghw1/groupassignment1/build/proj2
running install_data
creating /home/swapneel/rbe500/ghw1/groupassignment1/install/proj2/share/ament_index
creating /home/swapneel/rbe500/ghw1/groupassignment1/install/proj2/share/ament_index/resource_index
creating /home/swapneel/rbe500/ghw1/groupassignment1/install/proj2/share/ament_index/resource_index/packages
copying resource/proj2 -> /home/swapneel/rbe500/ghw1/groupassignment1/install/proj2/share/ament_index/resource_index/packages
copying package.xml -> /home/swapneel/rbe500/ghw1/groupassignment1/install/proj2/share/proj2
