[0.675s] Invoking command in '/home/swapneel/rbe500/ghw1/groupassignment1/build/proj2': AMENT_PREFIX_PATH=/home/swapneel/rbe500/ghw1/groupassignment1/install/tutorial_interfaces:${AMENT_PREFIX_PATH} CMAKE_PREFIX_PATH=/home/swapneel/rbe500/ghw1/groupassignment1/install/tutorial_interfaces LD_LIBRARY_PATH=/home/swapneel/rbe500/ghw1/groupassignment1/install/tutorial_interfaces/lib:/usr/lib/x86_64-linux-gnu/gazebo-11/plugins:/opt/ros/humble/opt/rviz_ogre_vendor/lib:/opt/ros/humble/lib/x86_64-linux-gnu:/opt/ros/humble/lib:/usr/share/gazebo/../../lib/x86_64-linux-gnu/gazebo-11/plugins PYTHONPATH=/home/swapneel/rbe500/ghw1/groupassignment1/build/proj2/prefix_override:/home/swapneel/rbe500/ghw1/groupassignment1/install/proj2/lib/python3.10/site-packages:/home/swapneel/rbe500/ghw1/groupassignment1/install/tutorial_interfaces/local/lib/python3.10/dist-packages:${PYTHONPATH} /usr/bin/python3 setup.py develop --editable --build-directory /home/swapneel/rbe500/ghw1/groupassignment1/build/proj2/build --no-deps install_data
[0.891s] running develop
[0.891s] /usr/lib/python3/dist-packages/setuptools/command/easy_install.py:158: EasyInstallDeprecationWarning: easy_install command is deprecated. Use build and pip and other standards-based tools.
[0.891s]   warnings.warn(
[0.892s] /usr/lib/python3/dist-packages/setuptools/command/install.py:34: SetuptoolsDeprecationWarning: setup.py install is deprecated. Use build and pip and other standards-based tools.
[0.892s]   warnings.warn(
[0.937s] /usr/lib/python3/dist-packages/pkg_resources/__init__.py:116: PkgResourcesDeprecationWarning: 1.1build1 is an invalid version and will not be supported in a future release
[0.937s]   warnings.warn(
[0.937s] /usr/lib/python3/dist-packages/pkg_resources/__init__.py:116: PkgResourcesDeprecationWarning: 0.1.43ubuntu1 is an invalid version and will not be supported in a future release
[0.938s]   warnings.warn(
[1.020s] running egg_info
[1.020s] creating proj2.egg-info
[1.020s] writing proj2.egg-info/PKG-INFO
[1.020s] writing dependency_links to proj2.egg-info/dependency_links.txt
[1.020s] writing entry points to proj2.egg-info/entry_points.txt
[1.020s] writing requirements to proj2.egg-info/requires.txt
[1.021s] writing top-level names to proj2.egg-info/top_level.txt
[1.021s] writing manifest file 'proj2.egg-info/SOURCES.txt'
[1.022s] reading manifest file 'proj2.egg-info/SOURCES.txt'
[1.022s] writing manifest file 'proj2.egg-info/SOURCES.txt'
[1.023s] running build_ext
[1.024s] Creating /home/swapneel/rbe500/ghw1/groupassignment1/install/proj2/lib/python3.10/site-packages/proj2.egg-link (link to .)
[1.024s] Installing subscriber script to /home/swapneel/rbe500/ghw1/groupassignment1/install/proj2/lib/proj2
[1.024s] 
[1.024s] Installed /home/swapneel/rbe500/ghw1/groupassignment1/build/proj2
[1.024s] running install_data
[1.025s] creating /home/swapneel/rbe500/ghw1/groupassignment1/install/proj2/share/ament_index
[1.025s] creating /home/swapneel/rbe500/ghw1/groupassignment1/install/proj2/share/ament_index/resource_index
[1.025s] creating /home/swapneel/rbe500/ghw1/groupassignment1/install/proj2/share/ament_index/resource_index/packages
[1.025s] copying resource/proj2 -> /home/swapneel/rbe500/ghw1/groupassignment1/install/proj2/share/ament_index/resource_index/packages
[1.025s] copying package.xml -> /home/swapneel/rbe500/ghw1/groupassignment1/install/proj2/share/proj2
[1.053s] Invoked command in '/home/swapneel/rbe500/ghw1/groupassignment1/build/proj2' returned '0': AMENT_PREFIX_PATH=/home/swapneel/rbe500/ghw1/groupassignment1/install/tutorial_interfaces:${AMENT_PREFIX_PATH} CMAKE_PREFIX_PATH=/home/swapneel/rbe500/ghw1/groupassignment1/install/tutorial_interfaces LD_LIBRARY_PATH=/home/swapneel/rbe500/ghw1/groupassignment1/install/tutorial_interfaces/lib:/usr/lib/x86_64-linux-gnu/gazebo-11/plugins:/opt/ros/humble/opt/rviz_ogre_vendor/lib:/opt/ros/humble/lib/x86_64-linux-gnu:/opt/ros/humble/lib:/usr/share/gazebo/../../lib/x86_64-linux-gnu/gazebo-11/plugins PYTHONPATH=/home/swapneel/rbe500/ghw1/groupassignment1/build/proj2/prefix_override:/home/swapneel/rbe500/ghw1/groupassignment1/install/proj2/lib/python3.10/site-packages:/home/swapneel/rbe500/ghw1/groupassignment1/install/tutorial_interfaces/local/lib/python3.10/dist-packages:${PYTHONPATH} /usr/bin/python3 setup.py develop --editable --build-directory /home/swapneel/rbe500/ghw1/groupassignment1/build/proj2/build --no-deps install_data
