[2.052s] Invoking command in '/home/swapneel/rbe500/ghw1/groupassignment1/build/proj1': PYTHONPATH=/home/swapneel/rbe500/ghw1/groupassignment1/build/proj1/prefix_override:/home/swapneel/rbe500/ghw1/groupassignment1/install/proj1/lib/python3.10/site-packages:${PYTHONPATH} /usr/bin/python3 setup.py develop --editable --build-directory /home/swapneel/rbe500/ghw1/groupassignment1/build/proj1/build --no-deps install_data
[2.248s] running develop
[2.358s] /usr/lib/python3/dist-packages/setuptools/command/easy_install.py:158: EasyInstallDeprecationWarning: easy_install command is deprecated. Use build and pip and other standards-based tools.
[2.358s]   warnings.warn(
[2.387s] /usr/lib/python3/dist-packages/setuptools/command/install.py:34: SetuptoolsDeprecationWarning: setup.py install is deprecated. Use build and pip and other standards-based tools.
[2.387s]   warnings.warn(
[2.458s] /usr/lib/python3/dist-packages/pkg_resources/__init__.py:116: PkgResourcesDeprecationWarning: 1.1build1 is an invalid version and will not be supported in a future release
[2.459s]   warnings.warn(
[2.459s] /usr/lib/python3/dist-packages/pkg_resources/__init__.py:116: PkgResourcesDeprecationWarning: 0.1.43ubuntu1 is an invalid version and will not be supported in a future release
[2.459s]   warnings.warn(
[2.534s] running egg_info
[2.534s] creating proj1.egg-info
[2.534s] writing proj1.egg-info/PKG-INFO
[2.534s] writing dependency_links to proj1.egg-info/dependency_links.txt
[2.534s] writing entry points to proj1.egg-info/entry_points.txt
[2.535s] writing requirements to proj1.egg-info/requires.txt
[2.535s] writing top-level names to proj1.egg-info/top_level.txt
[2.535s] writing manifest file 'proj1.egg-info/SOURCES.txt'
[2.536s] reading manifest file 'proj1.egg-info/SOURCES.txt'
[2.536s] writing manifest file 'proj1.egg-info/SOURCES.txt'
[2.538s] running build_ext
[2.538s] Creating /home/swapneel/rbe500/ghw1/groupassignment1/install/proj1/lib/python3.10/site-packages/proj1.egg-link (link to .)
[2.538s] Installing subscriber script to /home/swapneel/rbe500/ghw1/groupassignment1/install/proj1/lib/proj1
[2.538s] 
[2.539s] Installed /home/swapneel/rbe500/ghw1/groupassignment1/build/proj1
[2.539s] running install_data
[2.539s] creating /home/swapneel/rbe500/ghw1/groupassignment1/install/proj1/share/ament_index
[2.539s] creating /home/swapneel/rbe500/ghw1/groupassignment1/install/proj1/share/ament_index/resource_index
[2.539s] creating /home/swapneel/rbe500/ghw1/groupassignment1/install/proj1/share/ament_index/resource_index/packages
[2.539s] copying resource/proj1 -> /home/swapneel/rbe500/ghw1/groupassignment1/install/proj1/share/ament_index/resource_index/packages
[2.539s] copying package.xml -> /home/swapneel/rbe500/ghw1/groupassignment1/install/proj1/share/proj1
[2.564s] Invoked command in '/home/swapneel/rbe500/ghw1/groupassignment1/build/proj1' returned '0': PYTHONPATH=/home/swapneel/rbe500/ghw1/groupassignment1/build/proj1/prefix_override:/home/swapneel/rbe500/ghw1/groupassignment1/install/proj1/lib/python3.10/site-packages:${PYTHONPATH} /usr/bin/python3 setup.py develop --editable --build-directory /home/swapneel/rbe500/ghw1/groupassignment1/build/proj1/build --no-deps install_data
