[0.022s] Invoking command in '/home/swapneel/rbe500/ghw1/groupassignment1/build/rrbot_description': CMAKE_PREFIX_PATH=${CMAKE_PREFIX_PATH}:/home/swapneel/rbe500/ghw1/groupassignment1/install/proj2:/home/swapneel/rbe500/ghw1/groupassignment1/install/inverse_kinematics:/home/swapneel/rbe500/ghw1/groupassignment1/install/proj1:/opt/ros/humble /usr/bin/cmake --build /home/swapneel/rbe500/ghw1/groupassignment1/build/rrbot_description -- -j8 -l8
[0.322s] Invoked command in '/home/swapneel/rbe500/ghw1/groupassignment1/build/rrbot_description' returned '0': CMAKE_PREFIX_PATH=${CMAKE_PREFIX_PATH}:/home/swapneel/rbe500/ghw1/groupassignment1/install/proj2:/home/swapneel/rbe500/ghw1/groupassignment1/install/inverse_kinematics:/home/swapneel/rbe500/ghw1/groupassignment1/install/proj1:/opt/ros/humble /usr/bin/cmake --build /home/swapneel/rbe500/ghw1/groupassignment1/build/rrbot_description -- -j8 -l8
[0.350s] Invoking command in '/home/swapneel/rbe500/ghw1/groupassignment1/build/rrbot_description': CMAKE_PREFIX_PATH=${CMAKE_PREFIX_PATH}:/home/swapneel/rbe500/ghw1/groupassignment1/install/proj2:/home/swapneel/rbe500/ghw1/groupassignment1/install/inverse_kinematics:/home/swapneel/rbe500/ghw1/groupassignment1/install/proj1:/opt/ros/humble /usr/bin/cmake --install /home/swapneel/rbe500/ghw1/groupassignment1/build/rrbot_description
[0.357s] -- Install configuration: ""
[0.358s] -- Execute custom install script
[0.358s] -- Up-to-date symlink: /home/swapneel/rbe500/ghw1/groupassignment1/install/rrbot_description/share/rrbot_description/config/rrbot.rviz
[0.359s] -- Up-to-date symlink: /home/swapneel/rbe500/ghw1/groupassignment1/install/rrbot_description/share/rrbot_description/gazebo/rrbot.gazebo.xacro
[0.359s] -- Up-to-date symlink: /home/swapneel/rbe500/ghw1/groupassignment1/install/rrbot_description/share/rrbot_description/gazebo/rrbot.materials.xacro
[0.359s] -- Up-to-date symlink: /home/swapneel/rbe500/ghw1/groupassignment1/install/rrbot_description/share/rrbot_description/meshes/hokuyo.dae
[0.359s] -- Up-to-date symlink: /home/swapneel/rbe500/ghw1/groupassignment1/install/rrbot_description/share/rrbot_description/launch/view_robot.launch.py
[0.360s] -- Up-to-date symlink: /home/swapneel/rbe500/ghw1/groupassignment1/install/rrbot_description/share/rrbot_description/ros2_control/rrbot.ros2_control.xacro
[0.360s] -- Up-to-date symlink: /home/swapneel/rbe500/ghw1/groupassignment1/install/rrbot_description/share/rrbot_description/urdf/rrbot.urdf.xacro
[0.360s] -- Up-to-date symlink: /home/swapneel/rbe500/ghw1/groupassignment1/install/rrbot_description/share/rrbot_description/urdf/rrbot_description.urdf.xacro
[0.360s] -- Up-to-date symlink: /home/swapneel/rbe500/ghw1/groupassignment1/install/rrbot_description/share/rrbot_description/environment/rrbot_description.dsv
[0.360s] -- Up-to-date symlink: /home/swapneel/rbe500/ghw1/groupassignment1/install/rrbot_description/share/ament_index/resource_index/package_run_dependencies/rrbot_description
[0.361s] -- Up-to-date symlink: /home/swapneel/rbe500/ghw1/groupassignment1/install/rrbot_description/share/ament_index/resource_index/parent_prefix_path/rrbot_description
[0.361s] -- Up-to-date symlink: /home/swapneel/rbe500/ghw1/groupassignment1/install/rrbot_description/share/rrbot_description/environment/ament_prefix_path.sh
[0.361s] -- Up-to-date symlink: /home/swapneel/rbe500/ghw1/groupassignment1/install/rrbot_description/share/rrbot_description/environment/ament_prefix_path.dsv
[0.361s] -- Up-to-date symlink: /home/swapneel/rbe500/ghw1/groupassignment1/install/rrbot_description/share/rrbot_description/environment/path.sh
[0.361s] -- Up-to-date symlink: /home/swapneel/rbe500/ghw1/groupassignment1/install/rrbot_description/share/rrbot_description/environment/path.dsv
[0.362s] -- Up-to-date symlink: /home/swapneel/rbe500/ghw1/groupassignment1/install/rrbot_description/share/rrbot_description/local_setup.bash
[0.362s] -- Up-to-date symlink: /home/swapneel/rbe500/ghw1/groupassignment1/install/rrbot_description/share/rrbot_description/local_setup.sh
[0.362s] -- Up-to-date symlink: /home/swapneel/rbe500/ghw1/groupassignment1/install/rrbot_description/share/rrbot_description/local_setup.zsh
[0.363s] -- Up-to-date symlink: /home/swapneel/rbe500/ghw1/groupassignment1/install/rrbot_description/share/rrbot_description/local_setup.dsv
[0.363s] -- Symlinking: /home/swapneel/rbe500/ghw1/groupassignment1/install/rrbot_description/share/rrbot_description/package.dsv
[0.371s] -- Up-to-date symlink: /home/swapneel/rbe500/ghw1/groupassignment1/install/rrbot_description/share/ament_index/resource_index/packages/rrbot_description
[0.372s] -- Up-to-date symlink: /home/swapneel/rbe500/ghw1/groupassignment1/install/rrbot_description/share/rrbot_description/cmake/rrbot_descriptionConfig.cmake
[0.372s] -- Up-to-date symlink: /home/swapneel/rbe500/ghw1/groupassignment1/install/rrbot_description/share/rrbot_description/cmake/rrbot_descriptionConfig-version.cmake
[0.372s] -- Up-to-date symlink: /home/swapneel/rbe500/ghw1/groupassignment1/install/rrbot_description/share/rrbot_description/package.xml
[0.374s] Invoked command in '/home/swapneel/rbe500/ghw1/groupassignment1/build/rrbot_description' returned '0': CMAKE_PREFIX_PATH=${CMAKE_PREFIX_PATH}:/home/swapneel/rbe500/ghw1/groupassignment1/install/proj2:/home/swapneel/rbe500/ghw1/groupassignment1/install/inverse_kinematics:/home/swapneel/rbe500/ghw1/groupassignment1/install/proj1:/opt/ros/humble /usr/bin/cmake --install /home/swapneel/rbe500/ghw1/groupassignment1/build/rrbot_description
