[0.997s] Invoking command in '/home/swapneel/rbe500/ghw1/groupassignment1/build/proj1': PYTHONPATH=/home/swapneel/rbe500/ghw1/groupassignment1/build/proj1/prefix_override:/home/swapneel/rbe500/ghw1/groupassignment1/install/proj1/lib/python3.10/site-packages:${PYTHONPATH} /usr/bin/python3 setup.py develop --editable --build-directory /home/swapneel/rbe500/ghw1/groupassignment1/build/proj1/build --no-deps install_data
[1.245s] running develop
[1.245s] /usr/lib/python3/dist-packages/setuptools/command/easy_install.py:158: EasyInstallDeprecationWarning: easy_install command is deprecated. Use build and pip and other standards-based tools.
[1.245s]   warnings.warn(
[1.247s] /usr/lib/python3/dist-packages/setuptools/command/install.py:34: SetuptoolsDeprecationWarning: setup.py install is deprecated. Use build and pip and other standards-based tools.
[1.247s]   warnings.warn(
[1.302s] /usr/lib/python3/dist-packages/pkg_resources/__init__.py:116: PkgResourcesDeprecationWarning: 1.1build1 is an invalid version and will not be supported in a future release
[1.302s]   warnings.warn(
[1.302s] /usr/lib/python3/dist-packages/pkg_resources/__init__.py:116: PkgResourcesDeprecationWarning: 0.1.43ubuntu1 is an invalid version and will not be supported in a future release
[1.302s]   warnings.warn(
[1.401s] running egg_info
[1.401s] writing proj1.egg-info/PKG-INFO
[1.402s] writing dependency_links to proj1.egg-info/dependency_links.txt
[1.402s] writing entry points to proj1.egg-info/entry_points.txt
[1.402s] writing requirements to proj1.egg-info/requires.txt
[1.402s] writing top-level names to proj1.egg-info/top_level.txt
[1.404s] reading manifest file 'proj1.egg-info/SOURCES.txt'
[1.404s] writing manifest file 'proj1.egg-info/SOURCES.txt'
[1.406s] running build_ext
[1.406s] Creating /home/swapneel/rbe500/ghw1/groupassignment1/install/proj1/lib/python3.10/site-packages/proj1.egg-link (link to .)
[1.407s] Installing subscriber script to /home/swapneel/rbe500/ghw1/groupassignment1/install/proj1/lib/proj1
[1.407s] 
[1.407s] Installed /home/swapneel/rbe500/ghw1/groupassignment1/build/proj1
[1.407s] running install_data
[1.442s] Invoked command in '/home/swapneel/rbe500/ghw1/groupassignment1/build/proj1' returned '0': PYTHONPATH=/home/swapneel/rbe500/ghw1/groupassignment1/build/proj1/prefix_override:/home/swapneel/rbe500/ghw1/groupassignment1/install/proj1/lib/python3.10/site-packages:${PYTHONPATH} /usr/bin/python3 setup.py develop --editable --build-directory /home/swapneel/rbe500/ghw1/groupassignment1/build/proj1/build --no-deps install_data
