[0.018s] Invoking command in '/home/swapneel/rbe500/ghw1/groupassignment1/build/rrbot_description': CMAKE_PREFIX_PATH=/opt/ros/humble /usr/bin/cmake --build /home/swapneel/rbe500/ghw1/groupassignment1/build/rrbot_description -- -j8 -l8
[0.283s] Invoked command in '/home/swapneel/rbe500/ghw1/groupassignment1/build/rrbot_description' returned '0': CMAKE_PREFIX_PATH=/opt/ros/humble /usr/bin/cmake --build /home/swapneel/rbe500/ghw1/groupassignment1/build/rrbot_description -- -j8 -l8
[0.309s] Invoking command in '/home/swapneel/rbe500/ghw1/groupassignment1/build/rrbot_description': CMAKE_PREFIX_PATH=/opt/ros/humble /usr/bin/cmake --install /home/swapneel/rbe500/ghw1/groupassignment1/build/rrbot_description
[0.315s] -- Install configuration: ""
[0.316s] -- Execute custom install script
[0.316s] -- Up-to-date symlink: /home/swapneel/rbe500/ghw1/groupassignment1/install/rrbot_description/share/rrbot_description/config/rrbot.rviz
[0.316s] -- Up-to-date symlink: /home/swapneel/rbe500/ghw1/groupassignment1/install/rrbot_description/share/rrbot_description/gazebo/rrbot.gazebo.xacro
[0.317s] -- Up-to-date symlink: /home/swapneel/rbe500/ghw1/groupassignment1/install/rrbot_description/share/rrbot_description/gazebo/rrbot.materials.xacro
[0.317s] -- Up-to-date symlink: /home/swapneel/rbe500/ghw1/groupassignment1/install/rrbot_description/share/rrbot_description/meshes/hokuyo.dae
[0.317s] -- Up-to-date symlink: /home/swapneel/rbe500/ghw1/groupassignment1/install/rrbot_description/share/rrbot_description/launch/view_robot.launch.py
[0.317s] -- Up-to-date symlink: /home/swapneel/rbe500/ghw1/groupassignment1/install/rrbot_description/share/rrbot_description/ros2_control/rrbot.ros2_control.xacro
[0.317s] -- Up-to-date symlink: /home/swapneel/rbe500/ghw1/groupassignment1/install/rrbot_description/share/rrbot_description/urdf/rrbot.urdf.xacro
[0.318s] -- Up-to-date symlink: /home/swapneel/rbe500/ghw1/groupassignment1/install/rrbot_description/share/rrbot_description/urdf/rrbot_description.urdf.xacro
[0.318s] -- Up-to-date symlink: /home/swapneel/rbe500/ghw1/groupassignment1/install/rrbot_description/share/rrbot_description/environment/rrbot_description.dsv
[0.318s] -- Up-to-date symlink: /home/swapneel/rbe500/ghw1/groupassignment1/install/rrbot_description/share/ament_index/resource_index/package_run_dependencies/rrbot_description
[0.318s] -- Up-to-date symlink: /home/swapneel/rbe500/ghw1/groupassignment1/install/rrbot_description/share/ament_index/resource_index/parent_prefix_path/rrbot_description
[0.318s] -- Up-to-date symlink: /home/swapneel/rbe500/ghw1/groupassignment1/install/rrbot_description/share/rrbot_description/environment/ament_prefix_path.sh
[0.318s] -- Up-to-date symlink: /home/swapneel/rbe500/ghw1/groupassignment1/install/rrbot_description/share/rrbot_description/environment/ament_prefix_path.dsv
[0.318s] -- Up-to-date symlink: /home/swapneel/rbe500/ghw1/groupassignment1/install/rrbot_description/share/rrbot_description/environment/path.sh
[0.319s] -- Up-to-date symlink: /home/swapneel/rbe500/ghw1/groupassignment1/install/rrbot_description/share/rrbot_description/environment/path.dsv
[0.319s] -- Up-to-date symlink: /home/swapneel/rbe500/ghw1/groupassignment1/install/rrbot_description/share/rrbot_description/local_setup.bash
[0.319s] -- Up-to-date symlink: /home/swapneel/rbe500/ghw1/groupassignment1/install/rrbot_description/share/rrbot_description/local_setup.sh
[0.319s] -- Up-to-date symlink: /home/swapneel/rbe500/ghw1/groupassignment1/install/rrbot_description/share/rrbot_description/local_setup.zsh
[0.319s] -- Up-to-date symlink: /home/swapneel/rbe500/ghw1/groupassignment1/install/rrbot_description/share/rrbot_description/local_setup.dsv
[0.319s] -- Symlinking: /home/swapneel/rbe500/ghw1/groupassignment1/install/rrbot_description/share/rrbot_description/package.dsv
[0.328s] -- Up-to-date symlink: /home/swapneel/rbe500/ghw1/groupassignment1/install/rrbot_description/share/ament_index/resource_index/packages/rrbot_description
[0.328s] -- Up-to-date symlink: /home/swapneel/rbe500/ghw1/groupassignment1/install/rrbot_description/share/rrbot_description/cmake/rrbot_descriptionConfig.cmake
[0.328s] -- Up-to-date symlink: /home/swapneel/rbe500/ghw1/groupassignment1/install/rrbot_description/share/rrbot_description/cmake/rrbot_descriptionConfig-version.cmake
[0.328s] -- Up-to-date symlink: /home/swapneel/rbe500/ghw1/groupassignment1/install/rrbot_description/share/rrbot_description/package.xml
[0.331s] Invoked command in '/home/swapneel/rbe500/ghw1/groupassignment1/build/rrbot_description' returned '0': CMAKE_PREFIX_PATH=/opt/ros/humble /usr/bin/cmake --install /home/swapneel/rbe500/ghw1/groupassignment1/build/rrbot_description
