[0.097s] Invoking command in '/home/swapneel/rbe500/ghw1/groupassignment1/build/tutorial_interfaces': CMAKE_PREFIX_PATH=/opt/ros/humble /usr/bin/cmake --build /home/swapneel/rbe500/ghw1/groupassignment1/build/tutorial_interfaces -- -j8 -l8
[0.681s] [  0%] Built target ament_cmake_python_symlink_tutorial_interfaces
[0.729s] [  3%] Built target tutorial_interfaces__cpp
[0.734s] [ 12%] Built target tutorial_interfaces__rosidl_generator_c
[0.947s] [ 22%] Built target tutorial_interfaces__rosidl_typesupport_cpp
[0.960s] [ 38%] Built target tutorial_interfaces__rosidl_typesupport_c
[0.960s] [ 41%] Built target tutorial_interfaces__rosidl_typesupport_introspection_cpp
[0.974s] [ 51%] Built target tutorial_interfaces__rosidl_typesupport_introspection_c
[0.978s] [ 61%] Built target tutorial_interfaces__rosidl_typesupport_fastrtps_cpp
[0.978s] [ 70%] Built target tutorial_interfaces__rosidl_typesupport_fastrtps_c
[1.000s] [ 70%] Built target tutorial_interfaces
[1.048s] running egg_info
[1.049s] writing tutorial_interfaces.egg-info/PKG-INFO
[1.049s] writing dependency_links to tutorial_interfaces.egg-info/dependency_links.txt
[1.049s] writing top-level names to tutorial_interfaces.egg-info/top_level.txt
[1.052s] reading manifest file 'tutorial_interfaces.egg-info/SOURCES.txt'
[1.053s] writing manifest file 'tutorial_interfaces.egg-info/SOURCES.txt'
[1.060s] [ 74%] Built target tutorial_interfaces__py
[1.080s] [ 74%] Built target ament_cmake_python_build_tutorial_interfaces_egg
[1.143s] [ 80%] Built target tutorial_interfaces__rosidl_generator_py
[1.178s] [ 87%] Built target tutorial_interfaces__rosidl_typesupport_c__pyext
[1.179s] [ 93%] Built target tutorial_interfaces__rosidl_typesupport_introspection_c__pyext
[1.223s] [100%] Built target tutorial_interfaces__rosidl_typesupport_fastrtps_c__pyext
[1.232s] Invoked command in '/home/swapneel/rbe500/ghw1/groupassignment1/build/tutorial_interfaces' returned '0': CMAKE_PREFIX_PATH=/opt/ros/humble /usr/bin/cmake --build /home/swapneel/rbe500/ghw1/groupassignment1/build/tutorial_interfaces -- -j8 -l8
[1.280s] Invoking command in '/home/swapneel/rbe500/ghw1/groupassignment1/build/tutorial_interfaces': CMAKE_PREFIX_PATH=/opt/ros/humble /usr/bin/cmake --install /home/swapneel/rbe500/ghw1/groupassignment1/build/tutorial_interfaces
[1.325s] -- Install configuration: ""
[1.341s] -- Execute custom install script
[1.373s] -- Up-to-date symlink: /home/swapneel/rbe500/ghw1/groupassignment1/install/tutorial_interfaces/share/ament_index/resource_index/rosidl_interfaces/tutorial_interfaces
[1.374s] -- Up-to-date symlink: /home/swapneel/rbe500/ghw1/groupassignment1/install/tutorial_interfaces/include/tutorial_interfaces/tutorial_interfaces/msg/rosidl_generator_c__visibility_control.h
[1.375s] -- Up-to-date symlink: /home/swapneel/rbe500/ghw1/groupassignment1/install/tutorial_interfaces/include/tutorial_interfaces/tutorial_interfaces/srv/detail/first_service__functions.h
[1.375s] -- Up-to-date symlink: /home/swapneel/rbe500/ghw1/groupassignment1/install/tutorial_interfaces/include/tutorial_interfaces/tutorial_interfaces/srv/detail/first_service__struct.h
[1.375s] -- Up-to-date symlink: /home/swapneel/rbe500/ghw1/groupassignment1/install/tutorial_interfaces/include/tutorial_interfaces/tutorial_interfaces/srv/detail/first_service__type_support.h
[1.376s] -- Up-to-date symlink: /home/swapneel/rbe500/ghw1/groupassignment1/install/tutorial_interfaces/include/tutorial_interfaces/tutorial_interfaces/srv/first_service.h
[1.433s] -- Up-to-date symlink: /home/swapneel/rbe500/ghw1/groupassignment1/install/tutorial_interfaces/share/tutorial_interfaces/environment/library_path.sh
[1.450s] -- Up-to-date symlink: /home/swapneel/rbe500/ghw1/groupassignment1/install/tutorial_interfaces/share/tutorial_interfaces/environment/library_path.dsv
[1.450s] -- Up-to-date symlink: /home/swapneel/rbe500/ghw1/groupassignment1/install/tutorial_interfaces/include/tutorial_interfaces/tutorial_interfaces/msg/rosidl_typesupport_fastrtps_c__visibility_control.h
[1.450s] -- Up-to-date symlink: /home/swapneel/rbe500/ghw1/groupassignment1/install/tutorial_interfaces/include/tutorial_interfaces/tutorial_interfaces/srv/detail/first_service__rosidl_typesupport_fastrtps_c.h
[1.464s] -- Up-to-date symlink: /home/swapneel/rbe500/ghw1/groupassignment1/install/tutorial_interfaces/include/tutorial_interfaces/tutorial_interfaces/msg/rosidl_typesupport_introspection_c__visibility_control.h
[1.465s] -- Up-to-date symlink: /home/swapneel/rbe500/ghw1/groupassignment1/install/tutorial_interfaces/include/tutorial_interfaces/tutorial_interfaces/srv/detail/first_service__rosidl_typesupport_introspection_c.h
[1.465s] -- Up-to-date symlink: /home/swapneel/rbe500/ghw1/groupassignment1/install/tutorial_interfaces/include/tutorial_interfaces/tutorial_interfaces/srv/detail/first_service__builder.hpp
[1.465s] -- Up-to-date symlink: /home/swapneel/rbe500/ghw1/groupassignment1/install/tutorial_interfaces/include/tutorial_interfaces/tutorial_interfaces/srv/detail/first_service__struct.hpp
[1.491s] -- Up-to-date symlink: /home/swapneel/rbe500/ghw1/groupassignment1/install/tutorial_interfaces/include/tutorial_interfaces/tutorial_interfaces/srv/detail/first_service__traits.hpp
[1.557s] -- Up-to-date symlink: /home/swapneel/rbe500/ghw1/groupassignment1/install/tutorial_interfaces/include/tutorial_interfaces/tutorial_interfaces/srv/first_service.hpp
[1.626s] -- Up-to-date symlink: /home/swapneel/rbe500/ghw1/groupassignment1/install/tutorial_interfaces/include/tutorial_interfaces/tutorial_interfaces/msg/rosidl_typesupport_fastrtps_cpp__visibility_control.h
[1.641s] -- Up-to-date symlink: /home/swapneel/rbe500/ghw1/groupassignment1/install/tutorial_interfaces/include/tutorial_interfaces/tutorial_interfaces/srv/detail/first_service__rosidl_typesupport_fastrtps_cpp.hpp
[1.642s] -- Up-to-date symlink: /home/swapneel/rbe500/ghw1/groupassignment1/install/tutorial_interfaces/include/tutorial_interfaces/tutorial_interfaces/srv/detail/first_service__rosidl_typesupport_introspection_cpp.hpp
[1.643s] -- Up-to-date symlink: /home/swapneel/rbe500/ghw1/groupassignment1/install/tutorial_interfaces/share/tutorial_interfaces/environment/pythonpath.sh
[1.643s] -- Up-to-date symlink: /home/swapneel/rbe500/ghw1/groupassignment1/install/tutorial_interfaces/share/tutorial_interfaces/environment/pythonpath.dsv
[1.645s] -- Up-to-date symlink: /home/swapneel/rbe500/ghw1/groupassignment1/install/tutorial_interfaces/local/lib/python3.10/dist-packages/tutorial_interfaces-0.0.0-py3.10.egg-info/PKG-INFO
[1.645s] -- Up-to-date symlink: /home/swapneel/rbe500/ghw1/groupassignment1/install/tutorial_interfaces/local/lib/python3.10/dist-packages/tutorial_interfaces-0.0.0-py3.10.egg-info/SOURCES.txt
[1.645s] -- Up-to-date symlink: /home/swapneel/rbe500/ghw1/groupassignment1/install/tutorial_interfaces/local/lib/python3.10/dist-packages/tutorial_interfaces-0.0.0-py3.10.egg-info/dependency_links.txt
[1.646s] -- Up-to-date symlink: /home/swapneel/rbe500/ghw1/groupassignment1/install/tutorial_interfaces/local/lib/python3.10/dist-packages/tutorial_interfaces-0.0.0-py3.10.egg-info/top_level.txt
[1.647s] -- Up-to-date symlink: /home/swapneel/rbe500/ghw1/groupassignment1/install/tutorial_interfaces/local/lib/python3.10/dist-packages/tutorial_interfaces/__init__.py
[1.648s] -- Up-to-date symlink: /home/swapneel/rbe500/ghw1/groupassignment1/install/tutorial_interfaces/local/lib/python3.10/dist-packages/tutorial_interfaces/_tutorial_interfaces_s.ep.rosidl_typesupport_c.c
[1.648s] -- Up-to-date symlink: /home/swapneel/rbe500/ghw1/groupassignment1/install/tutorial_interfaces/local/lib/python3.10/dist-packages/tutorial_interfaces/_tutorial_interfaces_s.ep.rosidl_typesupport_fastrtps_c.c
[1.649s] -- Up-to-date symlink: /home/swapneel/rbe500/ghw1/groupassignment1/install/tutorial_interfaces/local/lib/python3.10/dist-packages/tutorial_interfaces/_tutorial_interfaces_s.ep.rosidl_typesupport_introspection_c.c
[1.649s] -- Up-to-date symlink: /home/swapneel/rbe500/ghw1/groupassignment1/install/tutorial_interfaces/local/lib/python3.10/dist-packages/tutorial_interfaces/libtutorial_interfaces__rosidl_generator_py.so
[1.649s] -- Up-to-date symlink: /home/swapneel/rbe500/ghw1/groupassignment1/install/tutorial_interfaces/local/lib/python3.10/dist-packages/tutorial_interfaces/srv/__init__.py
[1.650s] -- Up-to-date symlink: /home/swapneel/rbe500/ghw1/groupassignment1/install/tutorial_interfaces/local/lib/python3.10/dist-packages/tutorial_interfaces/srv/_first_service.py
[1.650s] -- Up-to-date symlink: /home/swapneel/rbe500/ghw1/groupassignment1/install/tutorial_interfaces/local/lib/python3.10/dist-packages/tutorial_interfaces/srv/_first_service_s.c
[1.650s] -- Up-to-date symlink: /home/swapneel/rbe500/ghw1/groupassignment1/install/tutorial_interfaces/local/lib/python3.10/dist-packages/tutorial_interfaces/tutorial_interfaces_s__rosidl_typesupport_c.cpython-310-x86_64-linux-gnu.so
[1.651s] -- Up-to-date symlink: /home/swapneel/rbe500/ghw1/groupassignment1/install/tutorial_interfaces/local/lib/python3.10/dist-packages/tutorial_interfaces/tutorial_interfaces_s__rosidl_typesupport_fastrtps_c.cpython-310-x86_64-linux-gnu.so
[1.662s] -- Up-to-date symlink: /home/swapneel/rbe500/ghw1/groupassignment1/install/tutorial_interfaces/local/lib/python3.10/dist-packages/tutorial_interfaces/tutorial_interfaces_s__rosidl_typesupport_introspection_c.cpython-310-x86_64-linux-gnu.so
[1.662s] -- Up-to-date symlink: /home/swapneel/rbe500/ghw1/groupassignment1/install/tutorial_interfaces/local/lib/python3.10/dist-packages/tutorial_interfaces/tutorial_interfaces_s__rosidl_typesupport_fastrtps_c.cpython-310-x86_64-linux-gnu.so
[1.663s] -- Up-to-date symlink: /home/swapneel/rbe500/ghw1/groupassignment1/install/tutorial_interfaces/local/lib/python3.10/dist-packages/tutorial_interfaces/tutorial_interfaces_s__rosidl_typesupport_introspection_c.cpython-310-x86_64-linux-gnu.so
[1.663s] -- Up-to-date symlink: /home/swapneel/rbe500/ghw1/groupassignment1/install/tutorial_interfaces/local/lib/python3.10/dist-packages/tutorial_interfaces/tutorial_interfaces_s__rosidl_typesupport_c.cpython-310-x86_64-linux-gnu.so
[1.663s] -- Up-to-date symlink: /home/swapneel/rbe500/ghw1/groupassignment1/install/tutorial_interfaces/share/tutorial_interfaces/srv/FirstService.idl
[1.664s] -- Up-to-date symlink: /home/swapneel/rbe500/ghw1/groupassignment1/install/tutorial_interfaces/share/tutorial_interfaces/srv/FirstService.srv
[1.664s] -- Up-to-date symlink: /home/swapneel/rbe500/ghw1/groupassignment1/install/tutorial_interfaces/share/tutorial_interfaces/srv/FirstService_Request.msg
[1.664s] -- Up-to-date symlink: /home/swapneel/rbe500/ghw1/groupassignment1/install/tutorial_interfaces/share/tutorial_interfaces/srv/FirstService_Response.msg
[1.664s] -- Up-to-date symlink: /home/swapneel/rbe500/ghw1/groupassignment1/install/tutorial_interfaces/share/ament_index/resource_index/package_run_dependencies/tutorial_interfaces
[1.665s] -- Up-to-date symlink: /home/swapneel/rbe500/ghw1/groupassignment1/install/tutorial_interfaces/share/ament_index/resource_index/parent_prefix_path/tutorial_interfaces
[1.665s] -- Up-to-date symlink: /home/swapneel/rbe500/ghw1/groupassignment1/install/tutorial_interfaces/share/tutorial_interfaces/environment/ament_prefix_path.sh
[1.665s] -- Up-to-date symlink: /home/swapneel/rbe500/ghw1/groupassignment1/install/tutorial_interfaces/share/tutorial_interfaces/environment/ament_prefix_path.dsv
[1.665s] -- Up-to-date symlink: /home/swapneel/rbe500/ghw1/groupassignment1/install/tutorial_interfaces/share/tutorial_interfaces/environment/path.sh
[1.666s] -- Up-to-date symlink: /home/swapneel/rbe500/ghw1/groupassignment1/install/tutorial_interfaces/share/tutorial_interfaces/environment/path.dsv
[1.666s] -- Up-to-date symlink: /home/swapneel/rbe500/ghw1/groupassignment1/install/tutorial_interfaces/share/tutorial_interfaces/local_setup.bash
[1.666s] -- Up-to-date symlink: /home/swapneel/rbe500/ghw1/groupassignment1/install/tutorial_interfaces/share/tutorial_interfaces/local_setup.sh
[1.667s] -- Up-to-date symlink: /home/swapneel/rbe500/ghw1/groupassignment1/install/tutorial_interfaces/share/tutorial_interfaces/local_setup.zsh
[1.667s] -- Up-to-date symlink: /home/swapneel/rbe500/ghw1/groupassignment1/install/tutorial_interfaces/share/tutorial_interfaces/local_setup.dsv
[1.667s] -- Symlinking: /home/swapneel/rbe500/ghw1/groupassignment1/install/tutorial_interfaces/share/tutorial_interfaces/package.dsv
[1.678s] -- Up-to-date symlink: /home/swapneel/rbe500/ghw1/groupassignment1/install/tutorial_interfaces/share/ament_index/resource_index/packages/tutorial_interfaces
[1.679s] -- Up-to-date symlink: /home/swapneel/rbe500/ghw1/groupassignment1/install/tutorial_interfaces/share/tutorial_interfaces/cmake/rosidl_cmake-extras.cmake
[1.679s] -- Up-to-date symlink: /home/swapneel/rbe500/ghw1/groupassignment1/install/tutorial_interfaces/share/tutorial_interfaces/cmake/ament_cmake_export_include_directories-extras.cmake
[1.679s] -- Up-to-date symlink: /home/swapneel/rbe500/ghw1/groupassignment1/install/tutorial_interfaces/share/tutorial_interfaces/cmake/ament_cmake_export_libraries-extras.cmake
[1.679s] -- Up-to-date symlink: /home/swapneel/rbe500/ghw1/groupassignment1/install/tutorial_interfaces/share/tutorial_interfaces/cmake/ament_cmake_export_targets-extras.cmake
[1.679s] -- Up-to-date symlink: /home/swapneel/rbe500/ghw1/groupassignment1/install/tutorial_interfaces/share/tutorial_interfaces/cmake/rosidl_cmake_export_typesupport_targets-extras.cmake
[1.679s] -- Up-to-date symlink: /home/swapneel/rbe500/ghw1/groupassignment1/install/tutorial_interfaces/share/tutorial_interfaces/cmake/ament_cmake_export_dependencies-extras.cmake
[1.680s] -- Up-to-date symlink: /home/swapneel/rbe500/ghw1/groupassignment1/install/tutorial_interfaces/share/tutorial_interfaces/cmake/rosidl_cmake_export_typesupport_libraries-extras.cmake
[1.680s] -- Up-to-date symlink: /home/swapneel/rbe500/ghw1/groupassignment1/install/tutorial_interfaces/share/tutorial_interfaces/cmake/tutorial_interfacesConfig.cmake
[1.680s] -- Up-to-date symlink: /home/swapneel/rbe500/ghw1/groupassignment1/install/tutorial_interfaces/share/tutorial_interfaces/cmake/tutorial_interfacesConfig-version.cmake
[1.680s] -- Up-to-date symlink: /home/swapneel/rbe500/ghw1/groupassignment1/install/tutorial_interfaces/share/tutorial_interfaces/package.xml
[1.680s] -- Up-to-date: /home/swapneel/rbe500/ghw1/groupassignment1/install/tutorial_interfaces/lib/libtutorial_interfaces__rosidl_generator_c.so
[1.680s] -- Up-to-date: /home/swapneel/rbe500/ghw1/groupassignment1/install/tutorial_interfaces/lib/libtutorial_interfaces__rosidl_typesupport_fastrtps_c.so
[1.690s] -- Up-to-date: /home/swapneel/rbe500/ghw1/groupassignment1/install/tutorial_interfaces/lib/libtutorial_interfaces__rosidl_typesupport_introspection_c.so
[1.690s] -- Up-to-date: /home/swapneel/rbe500/ghw1/groupassignment1/install/tutorial_interfaces/lib/libtutorial_interfaces__rosidl_typesupport_c.so
[1.690s] -- Up-to-date: /home/swapneel/rbe500/ghw1/groupassignment1/install/tutorial_interfaces/lib/libtutorial_interfaces__rosidl_typesupport_fastrtps_cpp.so
[1.692s] -- Up-to-date: /home/swapneel/rbe500/ghw1/groupassignment1/install/tutorial_interfaces/lib/libtutorial_interfaces__rosidl_typesupport_introspection_cpp.so
[1.692s] -- Up-to-date: /home/swapneel/rbe500/ghw1/groupassignment1/install/tutorial_interfaces/lib/libtutorial_interfaces__rosidl_typesupport_cpp.so
[1.731s] Listing '/home/swapneel/rbe500/ghw1/groupassignment1/install/tutorial_interfaces/local/lib/python3.10/dist-packages/tutorial_interfaces'...
[1.731s] Listing '/home/swapneel/rbe500/ghw1/groupassignment1/install/tutorial_interfaces/local/lib/python3.10/dist-packages/tutorial_interfaces/srv'...
[1.736s] -- Up-to-date: /home/swapneel/rbe500/ghw1/groupassignment1/install/tutorial_interfaces/lib/libtutorial_interfaces__rosidl_generator_py.so
[1.736s] -- Up-to-date: /home/swapneel/rbe500/ghw1/groupassignment1/install/tutorial_interfaces/share/tutorial_interfaces/cmake/export_tutorial_interfaces__rosidl_generator_cExport.cmake
[1.736s] -- Up-to-date: /home/swapneel/rbe500/ghw1/groupassignment1/install/tutorial_interfaces/share/tutorial_interfaces/cmake/export_tutorial_interfaces__rosidl_generator_cExport-noconfig.cmake
[1.737s] -- Up-to-date: /home/swapneel/rbe500/ghw1/groupassignment1/install/tutorial_interfaces/share/tutorial_interfaces/cmake/export_tutorial_interfaces__rosidl_typesupport_fastrtps_cExport.cmake
[1.737s] -- Up-to-date: /home/swapneel/rbe500/ghw1/groupassignment1/install/tutorial_interfaces/share/tutorial_interfaces/cmake/export_tutorial_interfaces__rosidl_typesupport_fastrtps_cExport-noconfig.cmake
[1.737s] -- Up-to-date: /home/swapneel/rbe500/ghw1/groupassignment1/install/tutorial_interfaces/share/tutorial_interfaces/cmake/tutorial_interfaces__rosidl_typesupport_introspection_cExport.cmake
[1.737s] -- Up-to-date: /home/swapneel/rbe500/ghw1/groupassignment1/install/tutorial_interfaces/share/tutorial_interfaces/cmake/tutorial_interfaces__rosidl_typesupport_introspection_cExport-noconfig.cmake
[1.737s] -- Up-to-date: /home/swapneel/rbe500/ghw1/groupassignment1/install/tutorial_interfaces/share/tutorial_interfaces/cmake/tutorial_interfaces__rosidl_typesupport_cExport.cmake
[1.737s] -- Up-to-date: /home/swapneel/rbe500/ghw1/groupassignment1/install/tutorial_interfaces/share/tutorial_interfaces/cmake/tutorial_interfaces__rosidl_typesupport_cExport-noconfig.cmake
[1.738s] -- Up-to-date: /home/swapneel/rbe500/ghw1/groupassignment1/install/tutorial_interfaces/share/tutorial_interfaces/cmake/export_tutorial_interfaces__rosidl_generator_cppExport.cmake
[1.738s] -- Up-to-date: /home/swapneel/rbe500/ghw1/groupassignment1/install/tutorial_interfaces/share/tutorial_interfaces/cmake/export_tutorial_interfaces__rosidl_typesupport_fastrtps_cppExport.cmake
[1.738s] -- Up-to-date: /home/swapneel/rbe500/ghw1/groupassignment1/install/tutorial_interfaces/share/tutorial_interfaces/cmake/export_tutorial_interfaces__rosidl_typesupport_fastrtps_cppExport-noconfig.cmake
[1.738s] -- Up-to-date: /home/swapneel/rbe500/ghw1/groupassignment1/install/tutorial_interfaces/share/tutorial_interfaces/cmake/tutorial_interfaces__rosidl_typesupport_introspection_cppExport.cmake
[1.738s] -- Up-to-date: /home/swapneel/rbe500/ghw1/groupassignment1/install/tutorial_interfaces/share/tutorial_interfaces/cmake/tutorial_interfaces__rosidl_typesupport_introspection_cppExport-noconfig.cmake
[1.738s] -- Up-to-date: /home/swapneel/rbe500/ghw1/groupassignment1/install/tutorial_interfaces/share/tutorial_interfaces/cmake/tutorial_interfaces__rosidl_typesupport_cppExport.cmake
[1.738s] -- Up-to-date: /home/swapneel/rbe500/ghw1/groupassignment1/install/tutorial_interfaces/share/tutorial_interfaces/cmake/tutorial_interfaces__rosidl_typesupport_cppExport-noconfig.cmake
[1.739s] -- Up-to-date: /home/swapneel/rbe500/ghw1/groupassignment1/install/tutorial_interfaces/share/tutorial_interfaces/cmake/export_tutorial_interfaces__rosidl_generator_pyExport.cmake
[1.739s] -- Up-to-date: /home/swapneel/rbe500/ghw1/groupassignment1/install/tutorial_interfaces/share/tutorial_interfaces/cmake/export_tutorial_interfaces__rosidl_generator_pyExport-noconfig.cmake
[1.817s] Invoked command in '/home/swapneel/rbe500/ghw1/groupassignment1/build/tutorial_interfaces' returned '0': CMAKE_PREFIX_PATH=/opt/ros/humble /usr/bin/cmake --install /home/swapneel/rbe500/ghw1/groupassignment1/build/tutorial_interfaces
