[0.028s] Invoking command in '/home/swapneel/rbe500/ghw1/groupassignment1/build/tutorial_interfaces': CMAKE_PREFIX_PATH=${CMAKE_PREFIX_PATH}:/home/swapneel/rbe500/ghw1/groupassignment1/install/proj2:/home/swapneel/rbe500/ghw1/groupassignment1/install/inverse_kinematics:/home/swapneel/rbe500/ghw1/groupassignment1/install/proj1:/opt/ros/humble /usr/bin/cmake --build /home/swapneel/rbe500/ghw1/groupassignment1/build/tutorial_interfaces -- -j8 -l8
[0.074s] [  3%] Built target tutorial_interfaces__cpp
[0.081s] [ 12%] Built target tutorial_interfaces__rosidl_generator_c
[0.085s] [ 12%] Built target ament_cmake_python_symlink_tutorial_interfaces
[0.108s] [ 22%] Built target tutorial_interfaces__rosidl_typesupport_cpp
[0.108s] [ 32%] Built target tutorial_interfaces__rosidl_typesupport_fastrtps_cpp
[0.109s] [ 41%] Built target tutorial_interfaces__rosidl_typesupport_introspection_cpp
[0.114s] [ 51%] Built target tutorial_interfaces__rosidl_typesupport_introspection_c
[0.114s] [ 61%] Built target tutorial_interfaces__rosidl_typesupport_c
[0.116s] [ 70%] Built target tutorial_interfaces__rosidl_typesupport_fastrtps_c
[0.138s] [ 70%] Built target tutorial_interfaces
[0.160s] [ 74%] Built target tutorial_interfaces__py
[0.182s] [ 80%] Built target tutorial_interfaces__rosidl_generator_py
[0.205s] [ 87%] Built target tutorial_interfaces__rosidl_typesupport_c__pyext
[0.206s] [ 93%] Built target tutorial_interfaces__rosidl_typesupport_introspection_c__pyext
[0.215s] [100%] Built target tutorial_interfaces__rosidl_typesupport_fastrtps_c__pyext
[0.387s] running egg_info
[0.389s] writing tutorial_interfaces.egg-info/PKG-INFO
[0.389s] writing dependency_links to tutorial_interfaces.egg-info/dependency_links.txt
[0.389s] writing top-level names to tutorial_interfaces.egg-info/top_level.txt
[0.392s] reading manifest file 'tutorial_interfaces.egg-info/SOURCES.txt'
[0.393s] writing manifest file 'tutorial_interfaces.egg-info/SOURCES.txt'
[0.425s] [100%] Built target ament_cmake_python_build_tutorial_interfaces_egg
[0.436s] Invoked command in '/home/swapneel/rbe500/ghw1/groupassignment1/build/tutorial_interfaces' returned '0': CMAKE_PREFIX_PATH=${CMAKE_PREFIX_PATH}:/home/swapneel/rbe500/ghw1/groupassignment1/install/proj2:/home/swapneel/rbe500/ghw1/groupassignment1/install/inverse_kinematics:/home/swapneel/rbe500/ghw1/groupassignment1/install/proj1:/opt/ros/humble /usr/bin/cmake --build /home/swapneel/rbe500/ghw1/groupassignment1/build/tutorial_interfaces -- -j8 -l8
[0.488s] Invoking command in '/home/swapneel/rbe500/ghw1/groupassignment1/build/tutorial_interfaces': CMAKE_PREFIX_PATH=${CMAKE_PREFIX_PATH}:/home/swapneel/rbe500/ghw1/groupassignment1/install/proj2:/home/swapneel/rbe500/ghw1/groupassignment1/install/inverse_kinematics:/home/swapneel/rbe500/ghw1/groupassignment1/install/proj1:/opt/ros/humble /usr/bin/cmake --install /home/swapneel/rbe500/ghw1/groupassignment1/build/tutorial_interfaces
[0.496s] -- Install configuration: ""
[0.497s] -- Execute custom install script
[0.497s] -- Up-to-date symlink: /home/swapneel/rbe500/ghw1/groupassignment1/install/tutorial_interfaces/share/ament_index/resource_index/rosidl_interfaces/tutorial_interfaces
[0.497s] -- Up-to-date symlink: /home/swapneel/rbe500/ghw1/groupassignment1/install/tutorial_interfaces/include/tutorial_interfaces/tutorial_interfaces/msg/rosidl_generator_c__visibility_control.h
[0.498s] -- Up-to-date symlink: /home/swapneel/rbe500/ghw1/groupassignment1/install/tutorial_interfaces/include/tutorial_interfaces/tutorial_interfaces/srv/detail/first_service__functions.h
[0.498s] -- Up-to-date symlink: /home/swapneel/rbe500/ghw1/groupassignment1/install/tutorial_interfaces/include/tutorial_interfaces/tutorial_interfaces/srv/detail/first_service__struct.h
[0.498s] -- Up-to-date symlink: /home/swapneel/rbe500/ghw1/groupassignment1/install/tutorial_interfaces/include/tutorial_interfaces/tutorial_interfaces/srv/detail/first_service__type_support.h
[0.498s] -- Up-to-date symlink: /home/swapneel/rbe500/ghw1/groupassignment1/install/tutorial_interfaces/include/tutorial_interfaces/tutorial_interfaces/srv/first_service.h
[0.498s] -- Up-to-date symlink: /home/swapneel/rbe500/ghw1/groupassignment1/install/tutorial_interfaces/share/tutorial_interfaces/environment/library_path.sh
[0.498s] -- Up-to-date symlink: /home/swapneel/rbe500/ghw1/groupassignment1/install/tutorial_interfaces/share/tutorial_interfaces/environment/library_path.dsv
[0.498s] -- Up-to-date symlink: /home/swapneel/rbe500/ghw1/groupassignment1/install/tutorial_interfaces/include/tutorial_interfaces/tutorial_interfaces/msg/rosidl_typesupport_fastrtps_c__visibility_control.h
[0.499s] -- Up-to-date symlink: /home/swapneel/rbe500/ghw1/groupassignment1/install/tutorial_interfaces/include/tutorial_interfaces/tutorial_interfaces/srv/detail/first_service__rosidl_typesupport_fastrtps_c.h
[0.499s] -- Up-to-date symlink: /home/swapneel/rbe500/ghw1/groupassignment1/install/tutorial_interfaces/include/tutorial_interfaces/tutorial_interfaces/msg/rosidl_typesupport_introspection_c__visibility_control.h
[0.499s] -- Up-to-date symlink: /home/swapneel/rbe500/ghw1/groupassignment1/install/tutorial_interfaces/include/tutorial_interfaces/tutorial_interfaces/srv/detail/first_service__rosidl_typesupport_introspection_c.h
[0.499s] -- Up-to-date symlink: /home/swapneel/rbe500/ghw1/groupassignment1/install/tutorial_interfaces/include/tutorial_interfaces/tutorial_interfaces/srv/detail/first_service__builder.hpp
[0.500s] -- Up-to-date symlink: /home/swapneel/rbe500/ghw1/groupassignment1/install/tutorial_interfaces/include/tutorial_interfaces/tutorial_interfaces/srv/detail/first_service__struct.hpp
[0.500s] -- Up-to-date symlink: /home/swapneel/rbe500/ghw1/groupassignment1/install/tutorial_interfaces/include/tutorial_interfaces/tutorial_interfaces/srv/detail/first_service__traits.hpp
[0.500s] -- Up-to-date symlink: /home/swapneel/rbe500/ghw1/groupassignment1/install/tutorial_interfaces/include/tutorial_interfaces/tutorial_interfaces/srv/first_service.hpp
[0.500s] -- Up-to-date symlink: /home/swapneel/rbe500/ghw1/groupassignment1/install/tutorial_interfaces/include/tutorial_interfaces/tutorial_interfaces/msg/rosidl_typesupport_fastrtps_cpp__visibility_control.h
[0.500s] -- Up-to-date symlink: /home/swapneel/rbe500/ghw1/groupassignment1/install/tutorial_interfaces/include/tutorial_interfaces/tutorial_interfaces/srv/detail/first_service__rosidl_typesupport_fastrtps_cpp.hpp
[0.500s] -- Up-to-date symlink: /home/swapneel/rbe500/ghw1/groupassignment1/install/tutorial_interfaces/include/tutorial_interfaces/tutorial_interfaces/srv/detail/first_service__rosidl_typesupport_introspection_cpp.hpp
[0.501s] -- Up-to-date symlink: /home/swapneel/rbe500/ghw1/groupassignment1/install/tutorial_interfaces/share/tutorial_interfaces/environment/pythonpath.sh
[0.501s] -- Up-to-date symlink: /home/swapneel/rbe500/ghw1/groupassignment1/install/tutorial_interfaces/share/tutorial_interfaces/environment/pythonpath.dsv
[0.501s] -- Up-to-date symlink: /home/swapneel/rbe500/ghw1/groupassignment1/install/tutorial_interfaces/local/lib/python3.10/dist-packages/tutorial_interfaces-0.0.0-py3.10.egg-info/PKG-INFO
[0.502s] -- Up-to-date symlink: /home/swapneel/rbe500/ghw1/groupassignment1/install/tutorial_interfaces/local/lib/python3.10/dist-packages/tutorial_interfaces-0.0.0-py3.10.egg-info/SOURCES.txt
[0.502s] -- Up-to-date symlink: /home/swapneel/rbe500/ghw1/groupassignment1/install/tutorial_interfaces/local/lib/python3.10/dist-packages/tutorial_interfaces-0.0.0-py3.10.egg-info/dependency_links.txt
[0.502s] -- Up-to-date symlink: /home/swapneel/rbe500/ghw1/groupassignment1/install/tutorial_interfaces/local/lib/python3.10/dist-packages/tutorial_interfaces-0.0.0-py3.10.egg-info/top_level.txt
[0.502s] -- Up-to-date symlink: /home/swapneel/rbe500/ghw1/groupassignment1/install/tutorial_interfaces/local/lib/python3.10/dist-packages/tutorial_interfaces/__init__.py
[0.503s] -- Up-to-date symlink: /home/swapneel/rbe500/ghw1/groupassignment1/install/tutorial_interfaces/local/lib/python3.10/dist-packages/tutorial_interfaces/_tutorial_interfaces_s.ep.rosidl_typesupport_c.c
[0.503s] -- Up-to-date symlink: /home/swapneel/rbe500/ghw1/groupassignment1/install/tutorial_interfaces/local/lib/python3.10/dist-packages/tutorial_interfaces/_tutorial_interfaces_s.ep.rosidl_typesupport_fastrtps_c.c
[0.503s] -- Up-to-date symlink: /home/swapneel/rbe500/ghw1/groupassignment1/install/tutorial_interfaces/local/lib/python3.10/dist-packages/tutorial_interfaces/_tutorial_interfaces_s.ep.rosidl_typesupport_introspection_c.c
[0.503s] -- Up-to-date symlink: /home/swapneel/rbe500/ghw1/groupassignment1/install/tutorial_interfaces/local/lib/python3.10/dist-packages/tutorial_interfaces/libtutorial_interfaces__rosidl_generator_py.so
[0.503s] -- Up-to-date symlink: /home/swapneel/rbe500/ghw1/groupassignment1/install/tutorial_interfaces/local/lib/python3.10/dist-packages/tutorial_interfaces/srv/__init__.py
[0.504s] -- Up-to-date symlink: /home/swapneel/rbe500/ghw1/groupassignment1/install/tutorial_interfaces/local/lib/python3.10/dist-packages/tutorial_interfaces/srv/_first_service.py
[0.504s] -- Up-to-date symlink: /home/swapneel/rbe500/ghw1/groupassignment1/install/tutorial_interfaces/local/lib/python3.10/dist-packages/tutorial_interfaces/srv/_first_service_s.c
[0.504s] -- Up-to-date symlink: /home/swapneel/rbe500/ghw1/groupassignment1/install/tutorial_interfaces/local/lib/python3.10/dist-packages/tutorial_interfaces/tutorial_interfaces_s__rosidl_typesupport_c.cpython-310-x86_64-linux-gnu.so
[0.504s] -- Up-to-date symlink: /home/swapneel/rbe500/ghw1/groupassignment1/install/tutorial_interfaces/local/lib/python3.10/dist-packages/tutorial_interfaces/tutorial_interfaces_s__rosidl_typesupport_fastrtps_c.cpython-310-x86_64-linux-gnu.so
[0.504s] -- Up-to-date symlink: /home/swapneel/rbe500/ghw1/groupassignment1/install/tutorial_interfaces/local/lib/python3.10/dist-packages/tutorial_interfaces/tutorial_interfaces_s__rosidl_typesupport_introspection_c.cpython-310-x86_64-linux-gnu.so
[0.505s] -- Up-to-date symlink: /home/swapneel/rbe500/ghw1/groupassignment1/install/tutorial_interfaces/local/lib/python3.10/dist-packages/tutorial_interfaces/tutorial_interfaces_s__rosidl_typesupport_fastrtps_c.cpython-310-x86_64-linux-gnu.so
[0.505s] -- Up-to-date symlink: /home/swapneel/rbe500/ghw1/groupassignment1/install/tutorial_interfaces/local/lib/python3.10/dist-packages/tutorial_interfaces/tutorial_interfaces_s__rosidl_typesupport_introspection_c.cpython-310-x86_64-linux-gnu.so
[0.505s] -- Up-to-date symlink: /home/swapneel/rbe500/ghw1/groupassignment1/install/tutorial_interfaces/local/lib/python3.10/dist-packages/tutorial_interfaces/tutorial_interfaces_s__rosidl_typesupport_c.cpython-310-x86_64-linux-gnu.so
[0.506s] -- Up-to-date symlink: /home/swapneel/rbe500/ghw1/groupassignment1/install/tutorial_interfaces/share/tutorial_interfaces/srv/FirstService.idl
[0.506s] -- Up-to-date symlink: /home/swapneel/rbe500/ghw1/groupassignment1/install/tutorial_interfaces/share/tutorial_interfaces/srv/FirstService.srv
[0.506s] -- Up-to-date symlink: /home/swapneel/rbe500/ghw1/groupassignment1/install/tutorial_interfaces/share/tutorial_interfaces/srv/FirstService_Request.msg
[0.506s] -- Up-to-date symlink: /home/swapneel/rbe500/ghw1/groupassignment1/install/tutorial_interfaces/share/tutorial_interfaces/srv/FirstService_Response.msg
[0.507s] -- Up-to-date symlink: /home/swapneel/rbe500/ghw1/groupassignment1/install/tutorial_interfaces/share/ament_index/resource_index/package_run_dependencies/tutorial_interfaces
[0.507s] -- Up-to-date symlink: /home/swapneel/rbe500/ghw1/groupassignment1/install/tutorial_interfaces/share/ament_index/resource_index/parent_prefix_path/tutorial_interfaces
[0.507s] -- Up-to-date symlink: /home/swapneel/rbe500/ghw1/groupassignment1/install/tutorial_interfaces/share/tutorial_interfaces/environment/ament_prefix_path.sh
[0.507s] -- Up-to-date symlink: /home/swapneel/rbe500/ghw1/groupassignment1/install/tutorial_interfaces/share/tutorial_interfaces/environment/ament_prefix_path.dsv
[0.508s] -- Up-to-date symlink: /home/swapneel/rbe500/ghw1/groupassignment1/install/tutorial_interfaces/share/tutorial_interfaces/environment/path.sh
[0.508s] -- Up-to-date symlink: /home/swapneel/rbe500/ghw1/groupassignment1/install/tutorial_interfaces/share/tutorial_interfaces/environment/path.dsv
[0.508s] -- Up-to-date symlink: /home/swapneel/rbe500/ghw1/groupassignment1/install/tutorial_interfaces/share/tutorial_interfaces/local_setup.bash
[0.508s] -- Up-to-date symlink: /home/swapneel/rbe500/ghw1/groupassignment1/install/tutorial_interfaces/share/tutorial_interfaces/local_setup.sh
[0.508s] -- Up-to-date symlink: /home/swapneel/rbe500/ghw1/groupassignment1/install/tutorial_interfaces/share/tutorial_interfaces/local_setup.zsh
[0.509s] -- Up-to-date symlink: /home/swapneel/rbe500/ghw1/groupassignment1/install/tutorial_interfaces/share/tutorial_interfaces/local_setup.dsv
[0.509s] -- Symlinking: /home/swapneel/rbe500/ghw1/groupassignment1/install/tutorial_interfaces/share/tutorial_interfaces/package.dsv
[0.518s] -- Up-to-date symlink: /home/swapneel/rbe500/ghw1/groupassignment1/install/tutorial_interfaces/share/ament_index/resource_index/packages/tutorial_interfaces
[0.518s] -- Up-to-date symlink: /home/swapneel/rbe500/ghw1/groupassignment1/install/tutorial_interfaces/share/tutorial_interfaces/cmake/rosidl_cmake-extras.cmake
[0.519s] -- Up-to-date symlink: /home/swapneel/rbe500/ghw1/groupassignment1/install/tutorial_interfaces/share/tutorial_interfaces/cmake/ament_cmake_export_include_directories-extras.cmake
[0.519s] -- Up-to-date symlink: /home/swapneel/rbe500/ghw1/groupassignment1/install/tutorial_interfaces/share/tutorial_interfaces/cmake/ament_cmake_export_libraries-extras.cmake
[0.519s] -- Up-to-date symlink: /home/swapneel/rbe500/ghw1/groupassignment1/install/tutorial_interfaces/share/tutorial_interfaces/cmake/ament_cmake_export_targets-extras.cmake
[0.519s] -- Up-to-date symlink: /home/swapneel/rbe500/ghw1/groupassignment1/install/tutorial_interfaces/share/tutorial_interfaces/cmake/rosidl_cmake_export_typesupport_targets-extras.cmake
[0.520s] -- Up-to-date symlink: /home/swapneel/rbe500/ghw1/groupassignment1/install/tutorial_interfaces/share/tutorial_interfaces/cmake/ament_cmake_export_dependencies-extras.cmake
[0.520s] -- Up-to-date symlink: /home/swapneel/rbe500/ghw1/groupassignment1/install/tutorial_interfaces/share/tutorial_interfaces/cmake/rosidl_cmake_export_typesupport_libraries-extras.cmake
[0.520s] -- Up-to-date symlink: /home/swapneel/rbe500/ghw1/groupassignment1/install/tutorial_interfaces/share/tutorial_interfaces/cmake/tutorial_interfacesConfig.cmake
[0.521s] -- Up-to-date symlink: /home/swapneel/rbe500/ghw1/groupassignment1/install/tutorial_interfaces/share/tutorial_interfaces/cmake/tutorial_interfacesConfig-version.cmake
[0.521s] -- Up-to-date symlink: /home/swapneel/rbe500/ghw1/groupassignment1/install/tutorial_interfaces/share/tutorial_interfaces/package.xml
[0.521s] -- Up-to-date: /home/swapneel/rbe500/ghw1/groupassignment1/install/tutorial_interfaces/lib/libtutorial_interfaces__rosidl_generator_c.so
[0.521s] -- Up-to-date: /home/swapneel/rbe500/ghw1/groupassignment1/install/tutorial_interfaces/lib/libtutorial_interfaces__rosidl_typesupport_fastrtps_c.so
[0.521s] -- Up-to-date: /home/swapneel/rbe500/ghw1/groupassignment1/install/tutorial_interfaces/lib/libtutorial_interfaces__rosidl_typesupport_introspection_c.so
[0.522s] -- Up-to-date: /home/swapneel/rbe500/ghw1/groupassignment1/install/tutorial_interfaces/lib/libtutorial_interfaces__rosidl_typesupport_c.so
[0.522s] -- Up-to-date: /home/swapneel/rbe500/ghw1/groupassignment1/install/tutorial_interfaces/lib/libtutorial_interfaces__rosidl_typesupport_fastrtps_cpp.so
[0.522s] -- Up-to-date: /home/swapneel/rbe500/ghw1/groupassignment1/install/tutorial_interfaces/lib/libtutorial_interfaces__rosidl_typesupport_introspection_cpp.so
[0.523s] -- Up-to-date: /home/swapneel/rbe500/ghw1/groupassignment1/install/tutorial_interfaces/lib/libtutorial_interfaces__rosidl_typesupport_cpp.so
[0.565s] Listing '/home/swapneel/rbe500/ghw1/groupassignment1/install/tutorial_interfaces/local/lib/python3.10/dist-packages/tutorial_interfaces'...
[0.566s] Listing '/home/swapneel/rbe500/ghw1/groupassignment1/install/tutorial_interfaces/local/lib/python3.10/dist-packages/tutorial_interfaces/srv'...
[0.572s] -- Up-to-date: /home/swapneel/rbe500/ghw1/groupassignment1/install/tutorial_interfaces/lib/libtutorial_interfaces__rosidl_generator_py.so
[0.572s] -- Up-to-date: /home/swapneel/rbe500/ghw1/groupassignment1/install/tutorial_interfaces/share/tutorial_interfaces/cmake/export_tutorial_interfaces__rosidl_generator_cExport.cmake
[0.572s] -- Up-to-date: /home/swapneel/rbe500/ghw1/groupassignment1/install/tutorial_interfaces/share/tutorial_interfaces/cmake/export_tutorial_interfaces__rosidl_generator_cExport-noconfig.cmake
[0.572s] -- Up-to-date: /home/swapneel/rbe500/ghw1/groupassignment1/install/tutorial_interfaces/share/tutorial_interfaces/cmake/export_tutorial_interfaces__rosidl_typesupport_fastrtps_cExport.cmake
[0.572s] -- Up-to-date: /home/swapneel/rbe500/ghw1/groupassignment1/install/tutorial_interfaces/share/tutorial_interfaces/cmake/export_tutorial_interfaces__rosidl_typesupport_fastrtps_cExport-noconfig.cmake
[0.573s] -- Up-to-date: /home/swapneel/rbe500/ghw1/groupassignment1/install/tutorial_interfaces/share/tutorial_interfaces/cmake/tutorial_interfaces__rosidl_typesupport_introspection_cExport.cmake
[0.573s] -- Up-to-date: /home/swapneel/rbe500/ghw1/groupassignment1/install/tutorial_interfaces/share/tutorial_interfaces/cmake/tutorial_interfaces__rosidl_typesupport_introspection_cExport-noconfig.cmake
[0.573s] -- Up-to-date: /home/swapneel/rbe500/ghw1/groupassignment1/install/tutorial_interfaces/share/tutorial_interfaces/cmake/tutorial_interfaces__rosidl_typesupport_cExport.cmake
[0.573s] -- Up-to-date: /home/swapneel/rbe500/ghw1/groupassignment1/install/tutorial_interfaces/share/tutorial_interfaces/cmake/tutorial_interfaces__rosidl_typesupport_cExport-noconfig.cmake
[0.573s] -- Up-to-date: /home/swapneel/rbe500/ghw1/groupassignment1/install/tutorial_interfaces/share/tutorial_interfaces/cmake/export_tutorial_interfaces__rosidl_generator_cppExport.cmake
[0.573s] -- Up-to-date: /home/swapneel/rbe500/ghw1/groupassignment1/install/tutorial_interfaces/share/tutorial_interfaces/cmake/export_tutorial_interfaces__rosidl_typesupport_fastrtps_cppExport.cmake
[0.574s] -- Up-to-date: /home/swapneel/rbe500/ghw1/groupassignment1/install/tutorial_interfaces/share/tutorial_interfaces/cmake/export_tutorial_interfaces__rosidl_typesupport_fastrtps_cppExport-noconfig.cmake
[0.574s] -- Up-to-date: /home/swapneel/rbe500/ghw1/groupassignment1/install/tutorial_interfaces/share/tutorial_interfaces/cmake/tutorial_interfaces__rosidl_typesupport_introspection_cppExport.cmake
[0.574s] -- Up-to-date: /home/swapneel/rbe500/ghw1/groupassignment1/install/tutorial_interfaces/share/tutorial_interfaces/cmake/tutorial_interfaces__rosidl_typesupport_introspection_cppExport-noconfig.cmake
[0.574s] -- Up-to-date: /home/swapneel/rbe500/ghw1/groupassignment1/install/tutorial_interfaces/share/tutorial_interfaces/cmake/tutorial_interfaces__rosidl_typesupport_cppExport.cmake
[0.574s] -- Up-to-date: /home/swapneel/rbe500/ghw1/groupassignment1/install/tutorial_interfaces/share/tutorial_interfaces/cmake/tutorial_interfaces__rosidl_typesupport_cppExport-noconfig.cmake
[0.574s] -- Up-to-date: /home/swapneel/rbe500/ghw1/groupassignment1/install/tutorial_interfaces/share/tutorial_interfaces/cmake/export_tutorial_interfaces__rosidl_generator_pyExport.cmake
[0.574s] -- Up-to-date: /home/swapneel/rbe500/ghw1/groupassignment1/install/tutorial_interfaces/share/tutorial_interfaces/cmake/export_tutorial_interfaces__rosidl_generator_pyExport-noconfig.cmake
[0.579s] Invoked command in '/home/swapneel/rbe500/ghw1/groupassignment1/build/tutorial_interfaces' returned '0': CMAKE_PREFIX_PATH=${CMAKE_PREFIX_PATH}:/home/swapneel/rbe500/ghw1/groupassignment1/install/proj2:/home/swapneel/rbe500/ghw1/groupassignment1/install/inverse_kinematics:/home/swapneel/rbe500/ghw1/groupassignment1/install/proj1:/opt/ros/humble /usr/bin/cmake --install /home/swapneel/rbe500/ghw1/groupassignment1/build/tutorial_interfaces
