[3.305s] Invoking command in '/home/swapneel/rbe500/ghw1/groupassignment1/build/proj1': PYTHONPATH=/home/swapneel/rbe500/ghw1/groupassignment1/build/proj1/prefix_override:/home/swapneel/rbe500/ghw1/groupassignment1/install/proj1/lib/python3.10/site-packages:${PYTHONPATH} /usr/bin/python3 setup.py develop --editable --build-directory /home/swapneel/rbe500/ghw1/groupassignment1/build/proj1/build --no-deps install_data
[3.511s] running develop
[3.574s] /usr/lib/python3/dist-packages/setuptools/command/easy_install.py:158: EasyInstallDeprecationWarning: easy_install command is deprecated. Use build and pip and other standards-based tools.
[3.574s]   warnings.warn(
[3.613s] /usr/lib/python3/dist-packages/setuptools/command/install.py:34: SetuptoolsDeprecationWarning: setup.py install is deprecated. Use build and pip and other standards-based tools.
[3.613s]   warnings.warn(
[3.840s] /usr/lib/python3/dist-packages/pkg_resources/__init__.py:116: PkgResourcesDeprecationWarning: 1.1build1 is an invalid version and will not be supported in a future release
[3.840s]   warnings.warn(
[3.841s] /usr/lib/python3/dist-packages/pkg_resources/__init__.py:116: PkgResourcesDeprecationWarning: 0.1.43ubuntu1 is an invalid version and will not be supported in a future release
[3.841s]   warnings.warn(
[3.921s] running egg_info
[3.921s] writing proj1.egg-info/PKG-INFO
[3.921s] writing dependency_links to proj1.egg-info/dependency_links.txt
[3.921s] writing entry points to proj1.egg-info/entry_points.txt
[3.921s] writing requirements to proj1.egg-info/requires.txt
[3.921s] writing top-level names to proj1.egg-info/top_level.txt
[3.956s] reading manifest file 'proj1.egg-info/SOURCES.txt'
[3.958s] writing manifest file 'proj1.egg-info/SOURCES.txt'
[3.960s] running build_ext
[3.961s] Creating /home/swapneel/rbe500/ghw1/groupassignment1/install/proj1/lib/python3.10/site-packages/proj1.egg-link (link to .)
[3.963s] Installing subscriber script to /home/swapneel/rbe500/ghw1/groupassignment1/install/proj1/lib/proj1
[3.997s] 
[3.997s] Installed /home/swapneel/rbe500/ghw1/groupassignment1/build/proj1
[3.998s] running install_data
[4.159s] Invoked command in '/home/swapneel/rbe500/ghw1/groupassignment1/build/proj1' returned '0': PYTHONPATH=/home/swapneel/rbe500/ghw1/groupassignment1/build/proj1/prefix_override:/home/swapneel/rbe500/ghw1/groupassignment1/install/proj1/lib/python3.10/site-packages:${PYTHONPATH} /usr/bin/python3 setup.py develop --editable --build-directory /home/swapneel/rbe500/ghw1/groupassignment1/build/proj1/build --no-deps install_data
